Handbrake Version: 20250906052339-dddf75f75-makepkg (2025100401)

(fr.handbrake.ghb:5): GLib-GIO-CRITICAL **: 15:57:02.127: g_bus_watch_name_on_connection: assertion 'G_IS_DBUS_CONNECTION (connection)' failed

(fr.handbrake.ghb:5): GLib-GIO-CRITICAL **: 15:57:02.127: g_dbus_connection_signal_subscribe: assertion 'G_IS_DBUS_CONNECTION (connection)' failed

(fr.handbrake.ghb:5): GLib-GIO-CRITICAL **: 15:57:02.127: g_dbus_connection_call_internal: assertion 'G_IS_DBUS_CONNECTION (connection)' failed
[15:57:02] gtkgui: Custom Preset: /Custom/CPU (With FIlters) (VP9)
[15:57:02] Starting work at: Fri Oct 17 15:57:02 2025

[15:57:02] 1 job(s) to process
[15:57:02] json job:
{
    "Audio": {
        "AudioList": [
            {
                "Bitrate": 160,
                "CompressionLevel": -1.0,
                "DRC": 0.0,
                "DitherMethod": "auto",
                "Encoder": "av_aac",
                "Gain": 0.0,
                "Mixdown": "stereo",
                "Name": "Stereo",
                "NormalizeMixLevel": false,
                "PresetEncoder": "av_aac",
                "Quality": -3.0,
                "Samplerate": 0,
                "Track": 0
            }
        ],
        "CopyMask": [
            "copy:aac"
        ],
        "FallbackEncoder": "av_aac"
    },
    "Destination": {
        "AlignAVStart": false,
        "ChapterList": [
            {
                "Duration": {
                    "Hours": 0,
                    "Minutes": 0,
                    "Seconds": 18,
                    "Ticks": 1683749
                },
                "Name": ""
            }
        ],
        "ChapterMarkers": false,
        "File": "/mnt/iMac/DaVinci Resolve/IICAQM/3987673-hd_1920_1080_24fps.mkv",
        "InlineParameterSets": false,
        "Mux": "mkv",
        "Options": {
            "IpodAtom": false,
            "Optimize": false
        }
    },
    "Filters": {
        "FilterList": [
            {
                "ID": 4,
                "Settings": {
                    "block-height": "16",
                    "block-thresh": "40",
                    "block-width": "16",
                    "filter-mode": "2",
                    "mode": "3",
                    "motion-thresh": "3",
                    "spatial-metric": "2",
                    "spatial-thresh": "3"
                }
            },
            {
                "ID": 6,
                "Settings": {
                    "mode": "15"
                }
            },
            {
                "ID": 11,
                "Settings": {
                    "mode": 0
                }
            },
            {
                "ID": 20,
                "Settings": {
                    "crop-bottom": 0,
                    "crop-left": 0,
                    "crop-right": 0,
                    "crop-top": 0,
                    "height": 1080,
                    "width": 1920
                }
            },
            {
                "ID": 28,
                "Settings": {
                    "bottom": "0",
                    "color": "black",
                    "left": "0",
                    "right": "0",
                    "top": "0"
                }
            }
        ]
    },
    "Metadata": {
        "CreationTime": "2020-03-22T14:25:29.000000Z"
    },
    "PAR": {
        "Den": 1,
        "Num": 1
    },
    "SequenceID": 0,
    "Source": {
        "Angle": 0,
        "HWDecode": 0,
        "KeepDuplicateTitles": false,
        "Path": "/home/sudar/Downloads/3987673-hd_1920_1080_24fps.mp4",
        "Range": {
            "End": 1,
            "Start": 1,
            "Type": "chapter"
        },
        "Title": 1
    },
    "Subtitle": {
        "Search": {
            "Burn": true,
            "Default": false,
            "Enable": false,
            "Forced": false
        },
        "SubtitleList": []
    },
    "Video": {
        "AdapterIndex": -1,
        "AsyncDepth": 0,
        "ChromaLocation": 1,
        "ColorInputFormat": 0,
        "ColorMatrix": 1,
        "ColorOutputFormat": 0,
        "ColorPrimaries": 1,
        "ColorRange": 0,
        "ColorTransfer": 1,
        "Encoder": "VP9",
        "HardwareDecode": 0,
        "Level": "auto",
        "MultiPass": true,
        "Options": "",
        "PasshtruHDRDynamicMetadata": 6,
        "Preset": "medium",
        "Profile": "auto",
        "Quality": 22.0,
        "Tune": "",
        "Turbo": true
    }
}
[15:57:02] CPU: Intel(R) Xeon(R) W-2135 CPU @ 3.70GHz
[15:57:02]  - logical processor count: 12
[15:57:02] Intel Quick Sync Video support: no
[15:57:02] hb_scan: path=/home/sudar/Downloads/3987673-hd_1920_1080_24fps.mp4, title_index=1
Input #0, mov,mp4,m4a,3gp,3g2,mj2, from '/home/sudar/Downloads/3987673-hd_1920_1080_24fps.mp4':
  Metadata:
    major_brand     : mp42
    minor_version   : 0
    compatible_brands: mp42mp41isomavc1
    creation_time   : 2020-03-22T14:25:29.000000Z
  Duration: 00:00:18.71, start: 0.000000, bitrate: 4666 kb/s
  Stream #0:0[0x1](und): Video: h264 (High) (avc1 / 0x31637661), yuv420p(tv, bt709, progressive), 1920x1080, 4408 kb/s, 24 fps, 24 tbr, 24 tbn (default)
      Metadata:
        creation_time   : 2020-03-22T14:25:29.000000Z
        handler_name    : L-SMASH Video Handler
        vendor_id       : [0][0][0][0]
        encoder         : AVC Coding
  Stream #0:1[0x2](und): Audio: aac (LC) (mp4a / 0x6134706D), 48000 Hz, stereo, fltp, 253 kb/s (default)
      Metadata:
        creation_time   : 2020-03-22T14:25:29.000000Z
        handler_name    : L-SMASH Audio Handler
        vendor_id       : [0][0][0][0]
[15:57:02] scan: decoding previews for title 1
[15:57:02] scan: audio 0x1: aac, rate=48000Hz, bitrate=253375 Unknown (AAC LC, 2.0 ch, 253 kbps)
[15:57:02] scan: 10 previews, 1920x1080, 24.000 fps, autocrop = 0/0/0/0, aspect 16:9, PAR 1:1, color profile: 1-1-1, chroma location: left
[15:57:02] libhb: scan thread found 1 valid title(s)
[15:57:02] Starting Task: Analysis Pass
[15:57:02] work: skipping crop/scale filter
[15:57:02] job configuration:
[15:57:02]  * source
[15:57:02]    + /home/sudar/Downloads/3987673-hd_1920_1080_24fps.mp4
[15:57:02]    + title 1, chapter(s) 1 to 1
[15:57:02]    + container: mov,mp4,m4a,3gp,3g2,mj2
[15:57:02]    + data rate: 4666 kbps
[15:57:02]  * destination
[15:57:02]    + /mnt/iMac/DaVinci Resolve/IICAQM/3987673-hd_1920_1080_24fps.mkv
[15:57:02]    + container: Matroska (libavformat)
[15:57:02]  * video track
[15:57:02]    + decoder: h264 8-bit (yuv420p)
[15:57:02]      + bitrate 4408 kbps
[15:57:02]    + filters
[15:57:02]      + Comb Detect (mode=3:spatial-metric=2:motion-thresh=3:spatial-thresh=3:filter-mode=2:block-thresh=40:block-width=16:block-height=16)
[15:57:02]      + Decomb (mode=47)
[15:57:02]      + Framerate Shaper (mode=0)
[15:57:02]        + frame rate: same as source (around 24.000 fps)
[15:57:02]      + Pad (color=black:top=0:bottom=0:left=0:right=0)
[15:57:02]    + Output geometry
[15:57:02]      + storage dimensions: 1920 x 1080
[15:57:02]      + pixel aspect ratio: 1 : 1
[15:57:02]      + display dimensions: 1920 x 1080
[15:57:02]    + encoder: VP9 (libvpx)
[15:57:02]      + preset:  medium
[15:57:02]      + profile: auto
[15:57:02]      + level:   auto
[15:57:02]      + quality: 22.00 (CQ)
[15:57:02]      + color profile: 1-1-1
[15:57:02]      + color range: tv
[15:57:02]      + chroma location: left
[15:57:02]  * audio track 1
[15:57:02]    + name: Stereo
[15:57:02]    + decoder: Unknown (AAC LC, 2.0 ch, 253 kbps) (track 1, id 0x1)
[15:57:02]      + bitrate: 253 kbps, samplerate: 48000 Hz
[15:57:02]    + mixdown: Stereo
[15:57:02]    + encoder: AAC (libavcodec)
[15:57:02]      + bitrate: 160 kbps, samplerate: 48000 Hz
[15:57:02] sync: expecting 448 video frames
[15:57:02] encavcodecInit: VP9 encoder
[15:57:02] encavcodec: encoding at CQ 22.00
[15:57:02] encavcodec: encoding with stored aspect 1/1
[15:57:02] sync: first pts video is 0
[15:57:02] sync: Chapter 1 at frame 1 time 0
[15:57:02] sync: first pts audio 0x1 is 0
[15:57:06] reader: done. 1 scr changes
[15:57:07] work: average encoding speed for job is 98.149887 fps
[15:57:07] comb detect: heavy 0 | light 0 | uncombed 449 | total 449
[15:57:07] decomb: deinterlaced 0 | blended 0 | unfiltered 449 | total 449
[15:57:07] vfr: 449 frames output, 0 dropped
[15:57:07] vfr: lost time: 0 (0 frames)
[15:57:07] vfr: gained time: 0 (0 frames) (0 not accounted for)
[15:57:07] aac-decoder done: 877 frames, 0 decoder errors
[15:57:07] h264-decoder done: 449 frames, 0 decoder errors
[15:57:07] sync: got 449 frames, 448 expected
[15:57:07] sync: framerate min 24.000 fps, max 24.000 fps, avg 24.000 fps
[15:57:08] Starting Task: Encoding Pass
[15:57:08] work: skipping crop/scale filter
[15:57:08] job configuration:
[15:57:08]  * source
[15:57:08]    + /home/sudar/Downloads/3987673-hd_1920_1080_24fps.mp4
[15:57:08]    + title 1, chapter(s) 1 to 1
[15:57:08]    + container: mov,mp4,m4a,3gp,3g2,mj2
[15:57:08]    + data rate: 4666 kbps
[15:57:08]  * destination
[15:57:08]    + /mnt/iMac/DaVinci Resolve/IICAQM/3987673-hd_1920_1080_24fps.mkv
[15:57:08]    + container: Matroska (libavformat)
[15:57:08]  * video track
[15:57:08]    + decoder: h264 8-bit (yuv420p)
[15:57:08]      + bitrate 4408 kbps
[15:57:08]    + filters
[15:57:08]      + Comb Detect (mode=3:spatial-metric=2:motion-thresh=3:spatial-thresh=3:filter-mode=2:block-thresh=40:block-width=16:block-height=16)
[15:57:08]      + Decomb (mode=47)
[15:57:08]      + Framerate Shaper (mode=0)
[15:57:08]        + frame rate: same as source (around 24.000 fps)
[15:57:08]      + Pad (color=black:top=0:bottom=0:left=0:right=0)
[15:57:08]    + Output geometry
[15:57:08]      + storage dimensions: 1920 x 1080
[15:57:08]      + pixel aspect ratio: 1 : 1
[15:57:08]      + display dimensions: 1920 x 1080
[15:57:08]    + encoder: VP9 (libvpx)
[15:57:08]      + preset:  medium
[15:57:08]      + profile: auto
[15:57:08]      + level:   auto
[15:57:08]      + quality: 22.00 (CQ)
[15:57:08]      + color profile: 1-1-1
[15:57:08]      + color range: tv
[15:57:08]      + chroma location: left
[15:57:08]  * audio track 1
[15:57:08]    + name: Stereo
[15:57:08]    + decoder: Unknown (AAC LC, 2.0 ch, 253 kbps) (track 1, id 0x1)
[15:57:08]      + bitrate: 253 kbps, samplerate: 48000 Hz
[15:57:08]    + mixdown: Stereo
[15:57:08]    + encoder: AAC (libavcodec)
[15:57:08]      + bitrate: 160 kbps, samplerate: 48000 Hz
[15:57:08] sync: expecting 449 video frames
[15:57:08] encavcodecInit: VP9 encoder
[15:57:08] encavcodec: encoding at CQ 22.00
[15:57:08] encavcodec: encoding with stored aspect 1/1
[15:57:08] sync: first pts video is 0
[15:57:08] sync: Chapter 1 at frame 1 time 0
[15:57:08] sync: first pts audio 0x1 is 0
[15:58:00] reader: done. 1 scr changes
[15:58:24] work: average encoding speed for job is 6.900488 fps
[15:58:25] comb detect: heavy 0 | light 0 | uncombed 449 | total 449
[15:58:25] decomb: deinterlaced 0 | blended 0 | unfiltered 449 | total 449
[15:58:25] vfr: 449 frames output, 0 dropped
[15:58:25] vfr: lost time: 0 (0 frames)
[15:58:25] vfr: gained time: 0 (0 frames) (0 not accounted for)
[15:58:25] aac-decoder done: 877 frames, 0 decoder errors
[15:58:25] h264-decoder done: 449 frames, 0 decoder errors
[15:58:25] sync: got 449 frames, 449 expected
[15:58:25] sync: framerate min 24.000 fps, max 24.000 fps, avg 24.000 fps
[15:58:25] mux: track 0, 449 frames, 5036259 bytes, 2148.80 kbps, fifo 512
[15:58:25] mux: track 1, 878 frames, 5336 bytes, 2.28 kbps, fifo 1024
[15:58:25] Finished work at: Fri Oct 17 15:58:25 2025

[15:58:25] libhb: work result = 0
