Handbrake Version: 20250906052339-dddf75f75-makepkg (2025100401)
[17:26:19] gtkgui: Modified Custom Preset: /Custom/CPU (With FIlters) (VP9)
[17:26:19] Starting work at: Fri Oct 17 17:26:19 2025

[17:26:19] 1 job(s) to process
[17:26:19] json job:
{
    "Audio": {
        "AudioList": [],
        "CopyMask": [],
        "FallbackEncoder": 0
    },
    "Destination": {
        "AlignAVStart": false,
        "ChapterList": [
            {
                "Duration": {
                    "Hours": 0,
                    "Minutes": 0,
                    "Seconds": 25,
                    "Ticks": 2332800
                },
                "Name": ""
            }
        ],
        "ChapterMarkers": false,
        "File": "/mnt/iMac/DaVinci Resolve/IICAQM/7654689-hd_1920_1080_25fps.mkv",
        "InlineParameterSets": false,
        "Mux": "mkv",
        "Options": {
            "IpodAtom": false,
            "Optimize": false
        }
    },
    "Filters": {
        "FilterList": [
            {
                "ID": 4,
                "Settings": {
                    "block-height": "16",
                    "block-thresh": "40",
                    "block-width": "16",
                    "filter-mode": "2",
                    "mode": "3",
                    "motion-thresh": "3",
                    "spatial-metric": "2",
                    "spatial-thresh": "3"
                }
            },
            {
                "ID": 6,
                "Settings": {
                    "mode": "15"
                }
            },
            {
                "ID": 11,
                "Settings": {
                    "mode": 0
                }
            },
            {
                "ID": 14,
                "Settings": {
                    "cb-frame-count": 2,
                    "cb-origin-tune": 0.8,
                    "cb-patch-size": 7,
                    "cb-prefilter": 0,
                    "cb-range": 3,
                    "cb-strength": 6.0,
                    "y-frame-count": 2,
                    "y-origin-tune": 0.8,
                    "y-patch-size": 7,
                    "y-prefilter": 0,
                    "y-range": 3,
                    "y-strength": 0.0
                }
            },
            {
                "ID": 20,
                "Settings": {
                    "crop-bottom": 0,
                    "crop-left": 0,
                    "crop-right": 0,
                    "crop-top": 0,
                    "height": 1080,
                    "width": 1920
                }
            },
            {
                "ID": 28,
                "Settings": {
                    "bottom": "0",
                    "color": "black",
                    "left": "0",
                    "right": "0",
                    "top": "0"
                }
            }
        ]
    },
    "Metadata": {
        "CreationTime": "2021-04-26T09:32:37.000000Z"
    },
    "PAR": {
        "Den": 1,
        "Num": 1
    },
    "SequenceID": 0,
    "Source": {
        "Angle": 0,
        "HWDecode": 0,
        "KeepDuplicateTitles": false,
        "Path": "/home/sudar/Downloads/7654689-hd_1920_1080_25fps.mp4",
        "Range": {
            "End": 1,
            "Start": 1,
            "Type": "chapter"
        },
        "Title": 1
    },
    "Subtitle": {
        "Search": {
            "Burn": true,
            "Default": false,
            "Enable": false,
            "Forced": false
        },
        "SubtitleList": []
    },
    "Video": {
        "AdapterIndex": -1,
        "AsyncDepth": 0,
        "ChromaLocation": 1,
        "ColorInputFormat": 0,
        "ColorMatrix": 1,
        "ColorOutputFormat": 0,
        "ColorPrimaries": 1,
        "ColorRange": 0,
        "ColorTransfer": 1,
        "Encoder": "VP9",
        "HardwareDecode": 0,
        "Level": "auto",
        "MultiPass": true,
        "Options": "",
        "PasshtruHDRDynamicMetadata": 6,
        "Preset": "medium",
        "Profile": "auto",
        "Quality": 22.0,
        "Tune": "",
        "Turbo": true
    }
}
[17:26:19] CPU: Intel(R) Xeon(R) W-2135 CPU @ 3.70GHz
[17:26:19]  - logical processor count: 12
[17:26:19] Intel Quick Sync Video support: no
[17:26:19] hb_scan: path=/home/sudar/Downloads/7654689-hd_1920_1080_25fps.mp4, title_index=1
Input #0, mov,mp4,m4a,3gp,3g2,mj2, from '/home/sudar/Downloads/7654689-hd_1920_1080_25fps.mp4':
  Metadata:
    major_brand     : mp42
    minor_version   : 0
    compatible_brands: mp42mp41isomavc1
    creation_time   : 2021-04-26T09:32:37.000000Z
  Duration: 00:00:25.92, start: 0.000000, bitrate: 4899 kb/s
  Stream #0:0[0x1](und): Video: h264 (High) (avc1 / 0x31637661), yuv420p(tv, bt709, progressive), 1920x1080, 4896 kb/s, 25 fps, 25 tbr, 25 tbn (default)
      Metadata:
        creation_time   : 2021-04-26T09:32:37.000000Z
        handler_name    : L-SMASH Video Handler
        vendor_id       : [0][0][0][0]
        encoder         : AVC Coding
[17:26:19] scan: decoding previews for title 1
[17:26:20] scan: 10 previews, 1920x1080, 25.000 fps, autocrop = 0/0/0/0, aspect 16:9, PAR 1:1, color profile: 1-1-1, chroma location: left
[17:26:20] libhb: scan thread found 1 valid title(s)
[17:26:20] Starting Task: Analysis Pass
[17:26:20] work: skipping crop/scale filter
[17:26:20] NLMeans using SSE2 optimizations
[17:26:20] NLMeans using 12 threads
[17:26:20] job configuration:
[17:26:20]  * source
[17:26:20]    + /home/sudar/Downloads/7654689-hd_1920_1080_25fps.mp4
[17:26:20]    + title 1, chapter(s) 1 to 1
[17:26:20]    + container: mov,mp4,m4a,3gp,3g2,mj2
[17:26:20]    + data rate: 4899 kbps
[17:26:20]  * destination
[17:26:20]    + /mnt/iMac/DaVinci Resolve/IICAQM/7654689-hd_1920_1080_25fps.mkv
[17:26:20]    + container: Matroska (libavformat)
[17:26:20]  * video track
[17:26:20]    + decoder: h264 8-bit (yuv420p)
[17:26:20]      + bitrate 4896 kbps
[17:26:20]    + filters
[17:26:20]      + Comb Detect (mode=3:spatial-metric=2:motion-thresh=3:spatial-thresh=3:filter-mode=2:block-thresh=40:block-width=16:block-height=16)
[17:26:20]      + Decomb (mode=47)
[17:26:20]      + Framerate Shaper (mode=0)
[17:26:20]        + frame rate: same as source (around 25.000 fps)
[17:26:20]      + Denoise (nlmeans) (y-strength=0:y-origin-tune=0.8:y-patch-size=7:y-range=3:y-frame-count=2:y-prefilter=0:cb-strength=6:cb-origin-tune=0.8:cb-patch-size=7:cb-range=3:cb-frame-count=2:cb-prefilter=0)
[17:26:20]      + Pad (color=black:top=0:bottom=0:left=0:right=0)
[17:26:20]    + Output geometry
[17:26:20]      + storage dimensions: 1920 x 1080
[17:26:20]      + pixel aspect ratio: 1 : 1
[17:26:20]      + display dimensions: 1920 x 1080
[17:26:20]    + encoder: VP9 (libvpx)
[17:26:20]      + preset:  medium
[17:26:20]      + profile: auto
[17:26:20]      + level:   auto
[17:26:20]      + quality: 22.00 (CQ)
[17:26:20]      + color profile: 1-1-1
[17:26:20]      + color range: tv
[17:26:20]      + chroma location: left
[17:26:20] sync: expecting 648 video frames
[17:26:20] encavcodecInit: VP9 encoder
[17:26:20] encavcodec: encoding at CQ 22.00
[17:26:20] encavcodec: encoding with stored aspect 1/1
[17:26:20] sync: first pts video is 0
[17:26:20] sync: Chapter 1 at frame 1 time 0
[17:26:36] reader: done. 1 scr changes
[17:26:40] work: average encoding speed for job is 36.182304 fps
[17:26:40] comb detect: heavy 0 | light 0 | uncombed 648 | total 648
[17:26:40] decomb: deinterlaced 0 | blended 0 | unfiltered 648 | total 648
[17:26:40] vfr: 648 frames output, 0 dropped
[17:26:40] vfr: lost time: 0 (0 frames)
[17:26:40] vfr: gained time: 0 (0 frames) (0 not accounted for)
[17:26:40] h264-decoder done: 648 frames, 0 decoder errors
[17:26:40] sync: got 648 frames, 648 expected
[17:26:40] sync: framerate min 25.000 fps, max 25.000 fps, avg 25.000 fps
[17:26:40] Starting Task: Encoding Pass
[17:26:40] work: skipping crop/scale filter
[17:26:40] NLMeans using SSE2 optimizations
[17:26:40] NLMeans using 12 threads
[17:26:40] job configuration:
[17:26:40]  * source
[17:26:40]    + /home/sudar/Downloads/7654689-hd_1920_1080_25fps.mp4
[17:26:40]    + title 1, chapter(s) 1 to 1
[17:26:40]    + container: mov,mp4,m4a,3gp,3g2,mj2
[17:26:40]    + data rate: 4899 kbps
[17:26:40]  * destination
[17:26:40]    + /mnt/iMac/DaVinci Resolve/IICAQM/7654689-hd_1920_1080_25fps.mkv
[17:26:40]    + container: Matroska (libavformat)
[17:26:40]  * video track
[17:26:40]    + decoder: h264 8-bit (yuv420p)
[17:26:40]      + bitrate 4896 kbps
[17:26:40]    + filters
[17:26:40]      + Comb Detect (mode=3:spatial-metric=2:motion-thresh=3:spatial-thresh=3:filter-mode=2:block-thresh=40:block-width=16:block-height=16)
[17:26:40]      + Decomb (mode=47)
[17:26:40]      + Framerate Shaper (mode=0)
[17:26:40]        + frame rate: same as source (around 25.000 fps)
[17:26:40]      + Denoise (nlmeans) (y-strength=0:y-origin-tune=0.8:y-patch-size=7:y-range=3:y-frame-count=2:y-prefilter=0:cb-strength=6:cb-origin-tune=0.8:cb-patch-size=7:cb-range=3:cb-frame-count=2:cb-prefilter=0)
[17:26:40]      + Pad (color=black:top=0:bottom=0:left=0:right=0)
[17:26:40]    + Output geometry
[17:26:40]      + storage dimensions: 1920 x 1080
[17:26:40]      + pixel aspect ratio: 1 : 1
[17:26:40]      + display dimensions: 1920 x 1080
[17:26:40]    + encoder: VP9 (libvpx)
[17:26:40]      + preset:  medium
[17:26:40]      + profile: auto
[17:26:40]      + level:   auto
[17:26:40]      + quality: 22.00 (CQ)
[17:26:40]      + color profile: 1-1-1
[17:26:40]      + color range: tv
[17:26:40]      + chroma location: left
[17:26:40] sync: expecting 648 video frames
[17:26:40] encavcodecInit: VP9 encoder
[17:26:40] encavcodec: encoding at CQ 22.00
[17:26:40] encavcodec: encoding with stored aspect 1/1
[17:26:40] sync: first pts video is 0
[17:26:40] sync: Chapter 1 at frame 1 time 0
[17:28:39] reader: done. 1 scr changes
[17:29:12] work: average encoding speed for job is 4.841684 fps
[17:29:12] comb detect: heavy 0 | light 0 | uncombed 648 | total 648
[17:29:12] decomb: deinterlaced 0 | blended 0 | unfiltered 648 | total 648
[17:29:12] vfr: 648 frames output, 0 dropped
[17:29:12] vfr: lost time: 0 (0 frames)
[17:29:12] vfr: gained time: 0 (0 frames) (0 not accounted for)
[17:29:12] h264-decoder done: 648 frames, 0 decoder errors
[17:29:12] sync: got 648 frames, 648 expected
[17:29:12] sync: framerate min 25.000 fps, max 25.000 fps, avg 25.000 fps
[17:29:21] mux: track 0, 648 frames, 19374127 bytes, 5970.46 kbps, fifo 512
[17:29:21] Finished work at: Fri Oct 17 17:29:21 2025

[17:29:21] libhb: work result = 0
