Handbrake Version: 20250906052339-dddf75f75-makepkg (2025100401)
[17:14:48] gtkgui: Modified Custom Preset: /Custom/NVENC (No Filters)
[17:14:48] Starting work at: Mon Oct  6 17:14:48 2025

[17:14:48] 1 job(s) to process
[17:14:48] json job:
{
    "Audio": {
        "AudioList": [],
        "CopyMask": [],
        "FallbackEncoder": 0
    },
    "Destination": {
        "AlignAVStart": false,
        "ChapterList": [
            {
                "Duration": {
                    "Hours": 0,
                    "Minutes": 7,
                    "Seconds": 56,
                    "Ticks": 42800760
                },
                "Name": "We Found a Loophole to Survive the End of the Universe"
            },
            {
                "Duration": {
                    "Hours": 0,
                    "Minutes": 0,
                    "Seconds": 1,
                    "Ticks": 90000
                },
                "Name": "[SponsorBlock]: Highlight"
            },
            {
                "Duration": {
                    "Hours": 0,
                    "Minutes": 2,
                    "Seconds": 42,
                    "Ticks": 14608558
                },
                "Name": "We Found a Loophole to Survive the End of the Universe"
            }
        ],
        "ChapterMarkers": true,
        "File": "/home/sudar/Videos/HandBrake/H264 (2).mkv",
        "InlineParameterSets": false,
        "Mux": "mkv",
        "Options": {
            "IpodAtom": false,
            "Optimize": false
        }
    },
    "Filters": {
        "FilterList": [
            {
                "ID": 11,
                "Settings": {
                    "mode": 0
                }
            },
            {
                "ID": 20,
                "Settings": {
                    "crop-bottom": 0,
                    "crop-left": 0,
                    "crop-right": 0,
                    "crop-top": 0,
                    "height": 1080,
                    "width": 1920
                }
            },
            {
                "ID": 28,
                "Settings": {
                    "bottom": "0",
                    "color": "black",
                    "left": "0",
                    "right": "0",
                    "top": "0"
                }
            }
        ]
    },
    "Metadata": {},
    "PAR": {
        "Den": 1,
        "Num": 1
    },
    "SequenceID": 0,
    "Source": {
        "Angle": 0,
        "HWDecode": 0,
        "KeepDuplicateTitles": false,
        "Path": "/home/sudar/Videos/YouTube/H264.mp4",
        "Range": {
            "End": 3,
            "Start": 1,
            "Type": "chapter"
        },
        "Title": 1
    },
    "Subtitle": {
        "Search": {
            "Burn": true,
            "Default": false,
            "Enable": false,
            "Forced": false
        },
        "SubtitleList": []
    },
    "Video": {
        "AdapterIndex": -1,
        "AsyncDepth": 0,
        "ChromaLocation": 1,
        "ColorInputFormat": 0,
        "ColorMatrix": 1,
        "ColorOutputFormat": 0,
        "ColorPrimaries": 1,
        "ColorRange": 0,
        "ColorTransfer": 1,
        "Encoder": "x265",
        "HardwareDecode": 0,
        "Level": "auto",
        "MultiPass": true,
        "Options": "",
        "PasshtruHDRDynamicMetadata": 6,
        "Preset": "placebo",
        "Profile": "auto",
        "Quality": 1.0,
        "Tune": "",
        "Turbo": true
    }
}
[17:14:48] CPU: Intel(R) Xeon(R) W-2135 CPU @ 3.70GHz
[17:14:48]  - logical processor count: 12
[17:14:48] Intel Quick Sync Video support: no
[17:14:48] hb_scan: path=/home/sudar/Videos/YouTube/H264.mp4, title_index=1
Input #0, mov,mp4,m4a,3gp,3g2,mj2, from '/home/sudar/Videos/YouTube/H264.mp4':
  Metadata:
    major_brand     : isom
    minor_version   : 512
    compatible_brands: isomiso2avc1mp41
    encoder         : Lavf61.7.100
  Duration: 00:10:38.88, start: 0.000000, bitrate: 53 kb/s
  Chapters:
    Chapter #0:0: start 0.000000, end 475.564000
      Metadata:
        title           : We Found a Loophole to Survive the End of the Universe
    Chapter #0:1: start 475.564000, end 476.564000
      Metadata:
        title           : [SponsorBlock]: Highlight
    Chapter #0:2: start 476.564000, end 638.834000
      Metadata:
        title           : We Found a Loophole to Survive the End of the Universe
  Stream #0:0[0x1](und): Video: h264 (Main) (avc1 / 0x31637661), yuv420p(tv, bt709, progressive), 256x144 [SAR 1:1 DAR 16:9], 51 kb/s, 30.12 fps, 30 tbr, 15360 tbn (default)
      Metadata:
        handler_name    : ISO Media file produced by Google Inc.
        vendor_id       : [0][0][0][0]
  Stream #0:1[0x2](eng): Data: bin_data (text / 0x74786574), 0 kb/s
      Metadata:
        handler_name    : SubtitleHandler
[17:14:48] scan: decoding previews for title 1
[17:14:48] using container PAR 1:1
[17:14:48] scan: 10 previews, 256x144, 30.115 fps, autocrop = 0/0/0/0, aspect 16:9, PAR 1:1, color profile: 1-1-1, chroma location: left
[17:14:48] libhb: scan thread found 1 valid title(s)
[17:14:48] Starting Task: Encoding Pass
[17:14:48] job configuration:
[17:14:48]  * source
[17:14:48]    + /home/sudar/Videos/YouTube/H264.mp4
[17:14:48]    + title 1, chapter(s) 1 to 3
[17:14:48]    + container: mov,mp4,m4a,3gp,3g2,mj2
[17:14:48]    + data rate: 53 kbps
[17:14:48]  * destination
[17:14:48]    + /home/sudar/Videos/HandBrake/H264 (2).mkv
[17:14:48]    + container: Matroska (libavformat)
[17:14:48]      + chapter markers
[17:14:48]  * video track
[17:14:48]    + decoder: h264 8-bit (yuv420p)
[17:14:48]      + bitrate 51 kbps
[17:14:48]    + filters
[17:14:48]      + Framerate Shaper (mode=0)
[17:14:48]        + frame rate: same as source (around 30.115 fps)
[17:14:48]      + Crop and Scale (width=1920:height=1080:crop-top=0:crop-bottom=0:crop-left=0:crop-right=0)
[17:14:48]        + source: 256 * 144, crop (0/0/0/0): 256 * 144, scale: 1920 * 1080
[17:14:48]      + Pad (color=black:top=0:bottom=0:left=0:right=0)
[17:14:48]    + Output geometry
[17:14:48]      + storage dimensions: 1920 x 1080
[17:14:48]      + pixel aspect ratio: 1 : 1
[17:14:48]      + display dimensions: 1920 x 1080
[17:14:48]    + encoder: H.265 (libx265)
[17:14:48]      + preset:  placebo
[17:14:48]      + profile: auto
[17:14:48]      + level:   auto
[17:14:48]      + quality: 1.00 (RF)
[17:14:48]      + color profile: 1-1-1
[17:14:48]      + color range: tv
[17:14:48]      + chroma location: left
[17:14:48] sync: expecting 19240 video frames
x265 [info]: HEVC encoder version 4.1+190-c8ceb6b
x265 [info]: build info [Linux][GCC 15.2.1][64 bit] 8bit+10bit+12bit
x265 [info]: using cpu capabilities: MMX2 SSE2Fast LZCNT SSSE3 SSE4.2 AVX FMA3 BMI2 AVX2
x265 [info]: Main profile, Level-4 (Main tier)
x265 [info]: Thread pool created using 12 threads
x265 [info]: Slices                              : 1
x265 [info]: frame threads / pool features       : 3 / wpp(17 rows)
set_mempolicy: Operation not permitted
set_mempolicy: Operation not permitted
set_mempolicy: Operation not permitted
set_mempolicy: Operation not permitted
set_mempolicy: Operation not permitted
set_mempolicy: Operation not permitted
set_mempolicy: Operation not permitted
set_mempolicy: Operation not permitted
set_mempolicy: Operation not permitted
set_mempolicy: Operation not permitted
set_mempolicy: Operation not permitted
set_mempolicy: Operation not permitted
set_mempolicy: Operation not permitted
set_mempolicy: Operation not permitted
set_mempolicy: Operation not permitted
set_mempolicy: Operation not permitted
set_mempolicy: Operation not permitted
set_mempolicy: Operation not permitted
set_mempolicy: Operation not permitted
set_mempolicy: Operation not permitted
set_mempolicy: Operation not permitted
set_mempolicy: Operation not permitted
set_mempolicy: Operation not permitted
set_mempolicy: Operation not permitted
set_mempolicy: Operation not permitted
set_mempolicy: Operation not permitted
set_mempolicy: Operation not permitted
set_mempolicy: Operation not permitted
set_mempolicy: Operation not permitted
set_mempolicy: Operation not permitted
x265 [info]: Coding QT: max CU size, min CU size : 64 / 8
x265 [info]: Residual QT: max TU size, max depth : 32 / 4 inter / 4 intra
x265 [info]: ME / range / subpel / merge         : star / 92 / 5 / 5
x265 [info]: Keyframe min / max / scenecut / bias  : 30 / 300 / 40 / 5.00 
x265 [info]: Lookahead / bframes / badapt        : 60 / 8 / 2
x265 [info]: b-pyramid / weightp / weightb       : 1 / 1 / 1
x265 [info]: References / ref-limit  cu / depth  : 5 / off / off
x265 [info]: AQ: mode / str / qg-size / cu-tree  : 2 / 1.0 / 32 / 1
x265 [info]: Rate Control / qCompress            : CRF-1.0 / 0.60
x265 [info]: tools: rect amp rd=6 psy-rd=2.00 rdoq=2 psy-rdoq=1.00 tskip
x265 [info]: tools: signhide tmvp b-intra strong-intra-smoothing deblock sao
[17:14:48] sync: first pts video is 0
[17:14:48] sync: "We Found a Loophole to Survive the End of the Universe" (1) at frame 1 time 0
[17:15:19] work: average encoding speed for job is 3.890168 fps
[17:15:19] vfr: 101 frames output, 0 dropped
[17:15:19] vfr: lost time: 0 (0 frames)
[17:15:19] vfr: gained time: 0 (0 frames) (0 not accounted for)
[17:15:21] h264-decoder done: 175 frames, 0 decoder errors
[17:15:21] sync: got 155 frames, 19240 expected
[17:15:21] sync: framerate min 30.000 fps, max 30.115 fps, avg 30.064 fps
x265 [info]: frame I:      1, Avg QP:0.61  kb/s: 58495.89
x265 [info]: frame P:      4, Avg QP:0.83  kb/s: 49251.99
x265 [info]: frame B:     12, Avg QP:5.99  kb/s: 11672.63
x265 [info]: Weighted P-Frames: Y:0.0% UV:0.0%
x265 [info]: Weighted B-Frames: Y:0.0% UV:0.0%

encoded 17 frames in 35.33s (0.48 fps), 23269.14 kb/s, Avg QP:4.45
[17:15:23] mux: track 0, 16 frames, 1602632 bytes, 21450.44 kbps, fifo 32
[17:15:23] Finished work at: Mon Oct  6 17:15:23 2025

[17:15:23] libhb: work result = 1
