Handbrake Version: 20250906052339-dddf75f75-makepkg (2025100401)
[15:54:27] gtkgui: Custom Preset: /Custom/CPU (With FIlters) (VP9)
[15:54:27] Starting work at: Fri Oct 17 15:54:27 2025

[15:54:27] 1 job(s) to process
[15:54:27] json job:
{
    "Audio": {
        "AudioList": [],
        "CopyMask": [],
        "FallbackEncoder": 0
    },
    "Destination": {
        "AlignAVStart": false,
        "ChapterList": [
            {
                "Duration": {
                    "Hours": 0,
                    "Minutes": 0,
                    "Seconds": 30,
                    "Ticks": 2735732
                },
                "Name": ""
            }
        ],
        "ChapterMarkers": false,
        "File": "/mnt/iMac/DaVinci Resolve/IICAQM/6854091-hd_1920_1080_30fps.mkv",
        "InlineParameterSets": false,
        "Mux": "mkv",
        "Options": {
            "IpodAtom": false,
            "Optimize": false
        }
    },
    "Filters": {
        "FilterList": [
            {
                "ID": 4,
                "Settings": {
                    "block-height": "16",
                    "block-thresh": "40",
                    "block-width": "16",
                    "filter-mode": "2",
                    "mode": "3",
                    "motion-thresh": "3",
                    "spatial-metric": "2",
                    "spatial-thresh": "3"
                }
            },
            {
                "ID": 6,
                "Settings": {
                    "mode": "15"
                }
            },
            {
                "ID": 11,
                "Settings": {
                    "mode": 0
                }
            },
            {
                "ID": 20,
                "Settings": {
                    "crop-bottom": 0,
                    "crop-left": 0,
                    "crop-right": 0,
                    "crop-top": 0,
                    "height": 1080,
                    "width": 1920
                }
            },
            {
                "ID": 28,
                "Settings": {
                    "bottom": "0",
                    "color": "black",
                    "left": "0",
                    "right": "0",
                    "top": "0"
                }
            }
        ]
    },
    "Metadata": {
        "CreationTime": "2021-02-17T14:31:27.000000Z"
    },
    "PAR": {
        "Den": 1,
        "Num": 1
    },
    "SequenceID": 0,
    "Source": {
        "Angle": 0,
        "HWDecode": 0,
        "KeepDuplicateTitles": false,
        "Path": "/home/sudar/Downloads/6854091-hd_1920_1080_30fps.mp4",
        "Range": {
            "End": 1,
            "Start": 1,
            "Type": "chapter"
        },
        "Title": 7
    },
    "Subtitle": {
        "Search": {
            "Burn": true,
            "Default": false,
            "Enable": false,
            "Forced": false
        },
        "SubtitleList": []
    },
    "Video": {
        "AdapterIndex": -1,
        "AsyncDepth": 0,
        "ChromaLocation": 1,
        "ColorInputFormat": 0,
        "ColorMatrix": 1,
        "ColorOutputFormat": 0,
        "ColorPrimaries": 1,
        "ColorRange": 0,
        "ColorTransfer": 1,
        "Encoder": "VP9",
        "HardwareDecode": 0,
        "Level": "auto",
        "MultiPass": true,
        "Options": "",
        "PasshtruHDRDynamicMetadata": 6,
        "Preset": "medium",
        "Profile": "auto",
        "Quality": 22.0,
        "Tune": "",
        "Turbo": true
    }
}
[15:54:27] CPU: Intel(R) Xeon(R) W-2135 CPU @ 3.70GHz
[15:54:27]  - logical processor count: 12
[15:54:27] Intel Quick Sync Video support: no
[15:54:27] hb_scan: path=/home/sudar/Downloads/6854091-hd_1920_1080_30fps.mp4, title_index=7
Input #0, mov,mp4,m4a,3gp,3g2,mj2, from '/home/sudar/Downloads/6854091-hd_1920_1080_30fps.mp4':
  Metadata:
    major_brand     : mp42
    minor_version   : 0
    compatible_brands: mp42mp41isomavc1
    creation_time   : 2021-02-17T14:31:27.000000Z
  Duration: 00:00:30.40, start: 0.000000, bitrate: 2827 kb/s
  Stream #0:0[0x1](und): Video: h264 (High) (avc1 / 0x31637661), yuv420p(tv, bt709, progressive), 1280x720, 2823 kb/s, 29.97 fps, 29.97 tbr, 30k tbn (default)
      Metadata:
        creation_time   : 2021-02-17T14:31:27.000000Z
        handler_name    : L-SMASH Video Handler
        vendor_id       : [0][0][0][0]
        encoder         : AVC Coding
[15:54:27] scan: decoding previews for title 7
[15:54:27] scan: 10 previews, 1280x720, 29.970 fps, autocrop = 0/0/0/0, aspect 16:9, PAR 1:1, color profile: 1-1-1, chroma location: left
[15:54:27] libhb: scan thread found 1 valid title(s)
[15:54:27] Starting Task: Analysis Pass
[15:54:27] job configuration:
[15:54:27]  * source
[15:54:27]    + /home/sudar/Downloads/6854091-hd_1920_1080_30fps.mp4
[15:54:27]    + title 7, chapter(s) 1 to 1
[15:54:27]    + container: mov,mp4,m4a,3gp,3g2,mj2
[15:54:27]    + data rate: 2827 kbps
[15:54:27]  * destination
[15:54:27]    + /mnt/iMac/DaVinci Resolve/IICAQM/6854091-hd_1920_1080_30fps.mkv
[15:54:27]    + container: Matroska (libavformat)
[15:54:27]  * video track
[15:54:27]    + decoder: h264 8-bit (yuv420p)
[15:54:27]      + bitrate 2823 kbps
[15:54:27]    + filters
[15:54:27]      + Comb Detect (mode=3:spatial-metric=2:motion-thresh=3:spatial-thresh=3:filter-mode=2:block-thresh=40:block-width=16:block-height=16)
[15:54:27]      + Decomb (mode=47)
[15:54:27]      + Framerate Shaper (mode=0)
[15:54:27]        + frame rate: same as source (around 29.970 fps)
[15:54:27]      + Crop and Scale (width=1920:height=1080:crop-top=0:crop-bottom=0:crop-left=0:crop-right=0)
[15:54:27]        + source: 1280 * 720, crop (0/0/0/0): 1280 * 720, scale: 1920 * 1080
[15:54:27]      + Pad (color=black:top=0:bottom=0:left=0:right=0)
[15:54:27]    + Output geometry
[15:54:27]      + storage dimensions: 1920 x 1080
[15:54:27]      + pixel aspect ratio: 1 : 1
[15:54:27]      + display dimensions: 1920 x 1080
[15:54:27]    + encoder: VP9 (libvpx)
[15:54:27]      + preset:  medium
[15:54:27]      + profile: auto
[15:54:27]      + level:   auto
[15:54:27]      + quality: 22.00 (CQ)
[15:54:27]      + color profile: 1-1-1
[15:54:27]      + color range: tv
[15:54:27]      + chroma location: left
[15:54:27] sync: expecting 910 video frames
[15:54:27] encavcodecInit: VP9 encoder
[15:54:27] encavcodec: encoding at CQ 22.00
[15:54:27] encavcodec: encoding with stored aspect 1/1
[15:54:27] sync: first pts video is 0
[15:54:27] sync: Chapter 1 at frame 1 time 0
[15:54:36] reader: done. 1 scr changes
[15:54:37] work: average encoding speed for job is 94.039734 fps
[15:54:38] comb detect: heavy 0 | light 1 | uncombed 910 | total 911
[15:54:38] decomb: deinterlaced 0 | blended 1 | unfiltered 910 | total 911
[15:54:38] vfr: 911 frames output, 0 dropped
[15:54:38] vfr: lost time: 0 (0 frames)
[15:54:38] vfr: gained time: 0 (0 frames) (0 not accounted for)
[15:54:38] h264-decoder done: 911 frames, 0 decoder errors
[15:54:38] sync: got 911 frames, 910 expected
[15:54:38] sync: framerate min 29.970 fps, max 29.970 fps, avg 29.970 fps
[15:54:38] Starting Task: Encoding Pass
[15:54:38] job configuration:
[15:54:38]  * source
[15:54:38]    + /home/sudar/Downloads/6854091-hd_1920_1080_30fps.mp4
[15:54:38]    + title 7, chapter(s) 1 to 1
[15:54:38]    + container: mov,mp4,m4a,3gp,3g2,mj2
[15:54:38]    + data rate: 2827 kbps
[15:54:38]  * destination
[15:54:38]    + /mnt/iMac/DaVinci Resolve/IICAQM/6854091-hd_1920_1080_30fps.mkv
[15:54:38]    + container: Matroska (libavformat)
[15:54:38]  * video track
[15:54:38]    + decoder: h264 8-bit (yuv420p)
[15:54:38]      + bitrate 2823 kbps
[15:54:38]    + filters
[15:54:38]      + Comb Detect (mode=3:spatial-metric=2:motion-thresh=3:spatial-thresh=3:filter-mode=2:block-thresh=40:block-width=16:block-height=16)
[15:54:38]      + Decomb (mode=47)
[15:54:38]      + Framerate Shaper (mode=0)
[15:54:38]        + frame rate: same as source (around 29.970 fps)
[15:54:38]      + Crop and Scale (width=1920:height=1080:crop-top=0:crop-bottom=0:crop-left=0:crop-right=0)
[15:54:38]        + source: 1280 * 720, crop (0/0/0/0): 1280 * 720, scale: 1920 * 1080
[15:54:38]      + Pad (color=black:top=0:bottom=0:left=0:right=0)
[15:54:38]    + Output geometry
[15:54:38]      + storage dimensions: 1920 x 1080
[15:54:38]      + pixel aspect ratio: 1 : 1
[15:54:38]      + display dimensions: 1920 x 1080
[15:54:38]    + encoder: VP9 (libvpx)
[15:54:38]      + preset:  medium
[15:54:38]      + profile: auto
[15:54:38]      + level:   auto
[15:54:38]      + quality: 22.00 (CQ)
[15:54:38]      + color profile: 1-1-1
[15:54:38]      + color range: tv
[15:54:38]      + chroma location: left
[15:54:38] sync: expecting 911 video frames
[15:54:38] encavcodecInit: VP9 encoder
[15:54:38] encavcodec: encoding at CQ 22.00
[15:54:38] encavcodec: encoding with stored aspect 1/1
[15:54:38] sync: first pts video is 0
[15:54:38] sync: Chapter 1 at frame 1 time 0
[15:56:41] reader: done. 1 scr changes
[15:56:59] work: average encoding speed for job is 6.902975 fps
[15:56:59] comb detect: heavy 0 | light 1 | uncombed 910 | total 911
[15:56:59] decomb: deinterlaced 0 | blended 1 | unfiltered 910 | total 911
[15:56:59] vfr: 911 frames output, 0 dropped
[15:56:59] vfr: lost time: 0 (0 frames)
[15:56:59] vfr: gained time: 0 (0 frames) (0 not accounted for)
[15:56:59] h264-decoder done: 911 frames, 0 decoder errors
[15:56:59] sync: got 911 frames, 911 expected
[15:56:59] sync: framerate min 29.970 fps, max 29.970 fps, avg 29.970 fps
[15:57:01] mux: track 0, 911 frames, 15073141 bytes, 3962.65 kbps, fifo 1024
[15:57:01] Finished work at: Fri Oct 17 15:57:01 2025

[15:57:01] libhb: work result = 0
