Handbrake Version: 20250906052339-dddf75f75-makepkg (2025100401)

(fr.handbrake.ghb:5): GLib-GIO-CRITICAL **: 16:01:16.155: g_bus_watch_name_on_connection: assertion 'G_IS_DBUS_CONNECTION (connection)' failed

(fr.handbrake.ghb:5): GLib-GIO-CRITICAL **: 16:01:16.155: g_dbus_connection_signal_subscribe: assertion 'G_IS_DBUS_CONNECTION (connection)' failed

(fr.handbrake.ghb:5): GLib-GIO-CRITICAL **: 16:01:16.155: g_dbus_connection_call_internal: assertion 'G_IS_DBUS_CONNECTION (connection)' failed
[16:01:16] gtkgui: Custom Preset: /Custom/CPU (With FIlters) (VP9)
[16:01:16] Starting work at: Fri Oct 17 16:01:16 2025

[16:01:16] 1 job(s) to process
[16:01:16] json job:
{
    "Audio": {
        "AudioList": [
            {
                "Bitrate": 160,
                "CompressionLevel": -1.0,
                "DRC": 0.0,
                "DitherMethod": "auto",
                "Encoder": "av_aac",
                "Gain": 0.0,
                "Mixdown": "stereo",
                "Name": "Stereo",
                "NormalizeMixLevel": false,
                "PresetEncoder": "av_aac",
                "Quality": -3.0,
                "Samplerate": 0,
                "Track": 0
            }
        ],
        "CopyMask": [
            "copy:aac"
        ],
        "FallbackEncoder": "av_aac"
    },
    "Destination": {
        "AlignAVStart": false,
        "ChapterList": [
            {
                "Duration": {
                    "Hours": 0,
                    "Minutes": 0,
                    "Seconds": 8,
                    "Ticks": 723750
                },
                "Name": ""
            }
        ],
        "ChapterMarkers": false,
        "File": "/mnt/iMac/DaVinci Resolve/IICAQM/18733706-uhd_3840_2160_60fps.mkv",
        "InlineParameterSets": false,
        "Mux": "mkv",
        "Options": {
            "IpodAtom": false,
            "Optimize": false
        }
    },
    "Filters": {
        "FilterList": [
            {
                "ID": 4,
                "Settings": {
                    "block-height": "16",
                    "block-thresh": "40",
                    "block-width": "16",
                    "filter-mode": "2",
                    "mode": "3",
                    "motion-thresh": "3",
                    "spatial-metric": "2",
                    "spatial-thresh": "3"
                }
            },
            {
                "ID": 6,
                "Settings": {
                    "mode": "15"
                }
            },
            {
                "ID": 11,
                "Settings": {
                    "mode": 0
                }
            },
            {
                "ID": 20,
                "Settings": {
                    "crop-bottom": 0,
                    "crop-left": 0,
                    "crop-right": 0,
                    "crop-top": 0,
                    "height": 1080,
                    "width": 1920
                }
            },
            {
                "ID": 28,
                "Settings": {
                    "bottom": "0",
                    "color": "black",
                    "left": "0",
                    "right": "0",
                    "top": "0"
                }
            }
        ]
    },
    "Metadata": {
        "CreationTime": "2023-10-13T17:12:51.000000Z"
    },
    "PAR": {
        "Den": 1,
        "Num": 1
    },
    "SequenceID": 0,
    "Source": {
        "Angle": 0,
        "HWDecode": 0,
        "KeepDuplicateTitles": false,
        "Path": "/home/sudar/Downloads/18733706-uhd_3840_2160_60fps.mp4",
        "Range": {
            "End": 1,
            "Start": 1,
            "Type": "chapter"
        },
        "Title": 6
    },
    "Subtitle": {
        "Search": {
            "Burn": true,
            "Default": false,
            "Enable": false,
            "Forced": false
        },
        "SubtitleList": []
    },
    "Video": {
        "AdapterIndex": -1,
        "AsyncDepth": 0,
        "ChromaLocation": 1,
        "ColorInputFormat": 0,
        "ColorMatrix": 1,
        "ColorOutputFormat": 0,
        "ColorPrimaries": 1,
        "ColorRange": 0,
        "ColorTransfer": 1,
        "Encoder": "VP9",
        "HardwareDecode": 0,
        "Level": "auto",
        "MultiPass": true,
        "Options": "",
        "PasshtruHDRDynamicMetadata": 6,
        "Preset": "medium",
        "Profile": "auto",
        "Quality": 22.0,
        "Tune": "",
        "Turbo": true
    }
}
[16:01:16] CPU: Intel(R) Xeon(R) W-2135 CPU @ 3.70GHz
[16:01:16]  - logical processor count: 12
[16:01:16] Intel Quick Sync Video support: no
[16:01:16] hb_scan: path=/home/sudar/Downloads/18733706-uhd_3840_2160_60fps.mp4, title_index=6
Input #0, mov,mp4,m4a,3gp,3g2,mj2, from '/home/sudar/Downloads/18733706-uhd_3840_2160_60fps.mp4':
  Metadata:
    major_brand     : mp42
    minor_version   : 0
    compatible_brands: mp42isomavc1
    creation_time   : 2023-10-13T17:12:51.000000Z
  Duration: 00:00:08.04, start: 0.000000, bitrate: 25845 kb/s
  Stream #0:0[0x1](und): Video: h264 (High) (avc1 / 0x31637661), yuv420p(tv, bt709, progressive), 3840x2160, 25813 kb/s, 59.94 fps, 59.94 tbr, 60k tbn (default)
      Metadata:
        creation_time   : 2023-10-13T17:12:51.000000Z
        handler_name    : Vimeo Artax Video Handler
        vendor_id       : [0][0][0][0]
        encoder         : AVC Coding
  Stream #0:1[0x2](und): Audio: aac (LC) (mp4a / 0x6134706D), 48000 Hz, stereo, fltp, 189 kb/s (default)
      Metadata:
        creation_time   : 2023-10-13T17:12:51.000000Z
        handler_name    : Vimeo Artax Audio Handler
        vendor_id       : [0][0][0][0]
[16:01:16] scan: decoding previews for title 6
[16:01:16] scan: audio 0x1: aac, rate=48000Hz, bitrate=189398 Unknown (AAC LC, 2.0 ch, 189 kbps)
[16:01:18] scan: 10 previews, 3840x2160, 59.940 fps, autocrop = 0/0/0/0, aspect 16:9, PAR 1:1, color profile: 1-1-1, chroma location: left
[16:01:18] libhb: scan thread found 1 valid title(s)
[16:01:18] Starting Task: Analysis Pass
[16:01:18] job configuration:
[16:01:18]  * source
[16:01:18]    + /home/sudar/Downloads/18733706-uhd_3840_2160_60fps.mp4
[16:01:18]    + title 6, chapter(s) 1 to 1
[16:01:18]    + container: mov,mp4,m4a,3gp,3g2,mj2
[16:01:18]    + data rate: 25845 kbps
[16:01:18]  * destination
[16:01:18]    + /mnt/iMac/DaVinci Resolve/IICAQM/18733706-uhd_3840_2160_60fps.mkv
[16:01:18]    + container: Matroska (libavformat)
[16:01:18]  * video track
[16:01:18]    + decoder: h264 8-bit (yuv420p)
[16:01:18]      + bitrate 25813 kbps
[16:01:18]    + filters
[16:01:18]      + Comb Detect (mode=3:spatial-metric=2:motion-thresh=3:spatial-thresh=3:filter-mode=2:block-thresh=40:block-width=16:block-height=16)
[16:01:18]      + Decomb (mode=47)
[16:01:18]      + Framerate Shaper (mode=0)
[16:01:18]        + frame rate: same as source (around 59.940 fps)
[16:01:18]      + Crop and Scale (width=1920:height=1080:crop-top=0:crop-bottom=0:crop-left=0:crop-right=0)
[16:01:18]        + source: 3840 * 2160, crop (0/0/0/0): 3840 * 2160, scale: 1920 * 1080
[16:01:18]      + Pad (color=black:top=0:bottom=0:left=0:right=0)
[16:01:18]    + Output geometry
[16:01:18]      + storage dimensions: 1920 x 1080
[16:01:18]      + pixel aspect ratio: 1 : 1
[16:01:18]      + display dimensions: 1920 x 1080
[16:01:18]    + encoder: VP9 (libvpx)
[16:01:18]      + preset:  medium
[16:01:18]      + profile: auto
[16:01:18]      + level:   auto
[16:01:18]      + quality: 22.00 (CQ)
[16:01:18]      + color profile: 1-1-1
[16:01:18]      + color range: tv
[16:01:18]      + chroma location: left
[16:01:18]  * audio track 1
[16:01:18]    + name: Stereo
[16:01:18]    + decoder: Unknown (AAC LC, 2.0 ch, 189 kbps) (track 1, id 0x1)
[16:01:18]      + bitrate: 189 kbps, samplerate: 48000 Hz
[16:01:18]    + mixdown: Stereo
[16:01:18]    + encoder: AAC (libavcodec)
[16:01:18]      + bitrate: 160 kbps, samplerate: 48000 Hz
[16:01:18] sync: expecting 482 video frames
[16:01:18] encavcodecInit: VP9 encoder
[16:01:18] encavcodec: encoding at CQ 22.00
[16:01:18] encavcodec: encoding with stored aspect 1/1
[16:01:18] sync: first pts video is 0
[16:01:18] sync: Chapter 1 at frame 1 time 0
[16:01:18] sync: first pts audio 0x1 is 0
[16:01:24] reader: done. 1 scr changes
[16:01:25] work: average encoding speed for job is 64.721970 fps
[16:01:25] comb detect: heavy 0 | light 0 | uncombed 479 | total 479
[16:01:26] decomb: deinterlaced 0 | blended 0 | unfiltered 479 | total 479
[16:01:26] vfr: 479 frames output, 0 dropped
[16:01:26] vfr: lost time: 0 (0 frames)
[16:01:26] vfr: gained time: 0 (0 frames) (0 not accounted for)
[16:01:26] aac-decoder done: 375 frames, 0 decoder errors
[16:01:26] h264-decoder done: 479 frames, 0 decoder errors
[16:01:26] sync: got 479 frames, 482 expected
[16:01:26] sync: framerate min 59.940 fps, max 59.950 fps, avg 59.940 fps
[16:01:26] Starting Task: Encoding Pass
[16:01:26] job configuration:
[16:01:26]  * source
[16:01:26]    + /home/sudar/Downloads/18733706-uhd_3840_2160_60fps.mp4
[16:01:26]    + title 6, chapter(s) 1 to 1
[16:01:26]    + container: mov,mp4,m4a,3gp,3g2,mj2
[16:01:26]    + data rate: 25845 kbps
[16:01:26]  * destination
[16:01:26]    + /mnt/iMac/DaVinci Resolve/IICAQM/18733706-uhd_3840_2160_60fps.mkv
[16:01:26]    + container: Matroska (libavformat)
[16:01:26]  * video track
[16:01:26]    + decoder: h264 8-bit (yuv420p)
[16:01:26]      + bitrate 25813 kbps
[16:01:26]    + filters
[16:01:26]      + Comb Detect (mode=3:spatial-metric=2:motion-thresh=3:spatial-thresh=3:filter-mode=2:block-thresh=40:block-width=16:block-height=16)
[16:01:26]      + Decomb (mode=47)
[16:01:26]      + Framerate Shaper (mode=0)
[16:01:26]        + frame rate: same as source (around 59.940 fps)
[16:01:26]      + Crop and Scale (width=1920:height=1080:crop-top=0:crop-bottom=0:crop-left=0:crop-right=0)
[16:01:26]        + source: 3840 * 2160, crop (0/0/0/0): 3840 * 2160, scale: 1920 * 1080
[16:01:26]      + Pad (color=black:top=0:bottom=0:left=0:right=0)
[16:01:26]    + Output geometry
[16:01:26]      + storage dimensions: 1920 x 1080
[16:01:26]      + pixel aspect ratio: 1 : 1
[16:01:26]      + display dimensions: 1920 x 1080
[16:01:26]    + encoder: VP9 (libvpx)
[16:01:26]      + preset:  medium
[16:01:26]      + profile: auto
[16:01:26]      + level:   auto
[16:01:26]      + quality: 22.00 (CQ)
[16:01:26]      + color profile: 1-1-1
[16:01:26]      + color range: tv
[16:01:26]      + chroma location: left
[16:01:26]  * audio track 1
[16:01:26]    + name: Stereo
[16:01:26]    + decoder: Unknown (AAC LC, 2.0 ch, 189 kbps) (track 1, id 0x1)
[16:01:26]      + bitrate: 189 kbps, samplerate: 48000 Hz
[16:01:26]    + mixdown: Stereo
[16:01:26]    + encoder: AAC (libavcodec)
[16:01:26]      + bitrate: 160 kbps, samplerate: 48000 Hz
[16:01:26] sync: expecting 479 video frames
[16:01:26] encavcodecInit: VP9 encoder
[16:01:26] encavcodec: encoding at CQ 22.00
[16:01:26] encavcodec: encoding with stored aspect 1/1
[16:01:26] sync: first pts video is 0
[16:01:26] sync: Chapter 1 at frame 1 time 0
[16:01:26] sync: first pts audio 0x1 is 0
[16:02:30] reader: done. 1 scr changes
[16:02:56] work: average encoding speed for job is 6.178139 fps
[16:02:56] comb detect: heavy 0 | light 0 | uncombed 479 | total 479
[16:02:56] decomb: deinterlaced 0 | blended 0 | unfiltered 479 | total 479
[16:02:56] vfr: 479 frames output, 0 dropped
[16:02:56] vfr: lost time: 0 (0 frames)
[16:02:56] vfr: gained time: 0 (0 frames) (0 not accounted for)
[16:02:56] aac-decoder done: 375 frames, 0 decoder errors
[16:02:56] h264-decoder done: 479 frames, 0 decoder errors
[16:02:56] sync: got 479 frames, 479 expected
[16:02:56] sync: framerate min 59.940 fps, max 59.950 fps, avg 59.940 fps
[16:02:58] mux: track 0, 479 frames, 14395427 bytes, 14381.05 kbps, fifo 512
[16:02:58] mux: track 1, 376 frames, 2290 bytes, 2.29 kbps, fifo 512
[16:02:58] Finished work at: Fri Oct 17 16:02:58 2025

[16:02:58] libhb: work result = 0
