Handbrake Version: 20250906052339-dddf75f75-makepkg (2025100401)

(fr.handbrake.ghb:5): GLib-GIO-CRITICAL **: 17:29:21.997: g_bus_watch_name_on_connection: assertion 'G_IS_DBUS_CONNECTION (connection)' failed

(fr.handbrake.ghb:5): GLib-GIO-CRITICAL **: 17:29:21.997: g_dbus_connection_signal_subscribe: assertion 'G_IS_DBUS_CONNECTION (connection)' failed

(fr.handbrake.ghb:5): GLib-GIO-CRITICAL **: 17:29:21.997: g_dbus_connection_call_internal: assertion 'G_IS_DBUS_CONNECTION (connection)' failed
[17:29:21] gtkgui: Modified Custom Preset: /Custom/CPU (With FIlters) (VP9)
[17:29:21] Starting work at: Fri Oct 17 17:29:21 2025

[17:29:21] 1 job(s) to process
[17:29:21] json job:
{
    "Audio": {
        "AudioList": [],
        "CopyMask": [],
        "FallbackEncoder": 0
    },
    "Destination": {
        "AlignAVStart": false,
        "ChapterList": [
            {
                "Duration": {
                    "Hours": 0,
                    "Minutes": 0,
                    "Seconds": 13,
                    "Ticks": 1252800
                },
                "Name": ""
            }
        ],
        "ChapterMarkers": false,
        "File": "/mnt/iMac/DaVinci Resolve/IICAQM/7844368-hd_1920_1080_25fps.mkv",
        "InlineParameterSets": false,
        "Mux": "mkv",
        "Options": {
            "IpodAtom": false,
            "Optimize": false
        }
    },
    "Filters": {
        "FilterList": [
            {
                "ID": 4,
                "Settings": {
                    "block-height": "16",
                    "block-thresh": "40",
                    "block-width": "16",
                    "filter-mode": "2",
                    "mode": "3",
                    "motion-thresh": "3",
                    "spatial-metric": "2",
                    "spatial-thresh": "3"
                }
            },
            {
                "ID": 6,
                "Settings": {
                    "mode": "15"
                }
            },
            {
                "ID": 11,
                "Settings": {
                    "mode": 0
                }
            },
            {
                "ID": 14,
                "Settings": {
                    "cb-frame-count": 2,
                    "cb-origin-tune": 0.8,
                    "cb-patch-size": 7,
                    "cb-prefilter": 0,
                    "cb-range": 3,
                    "cb-strength": 6.0,
                    "y-frame-count": 2,
                    "y-origin-tune": 0.8,
                    "y-patch-size": 7,
                    "y-prefilter": 0,
                    "y-range": 3,
                    "y-strength": 0.0
                }
            },
            {
                "ID": 20,
                "Settings": {
                    "crop-bottom": 0,
                    "crop-left": 0,
                    "crop-right": 0,
                    "crop-top": 0,
                    "height": 1080,
                    "width": 1920
                }
            },
            {
                "ID": 28,
                "Settings": {
                    "bottom": "0",
                    "color": "black",
                    "left": "0",
                    "right": "0",
                    "top": "0"
                }
            }
        ]
    },
    "Metadata": {
        "CreationTime": "2021-05-10T05:58:25.000000Z"
    },
    "PAR": {
        "Den": 1,
        "Num": 1
    },
    "SequenceID": 0,
    "Source": {
        "Angle": 0,
        "HWDecode": 0,
        "KeepDuplicateTitles": false,
        "Path": "/home/sudar/Downloads/7844368-hd_1920_1080_25fps.mp4",
        "Range": {
            "End": 1,
            "Start": 1,
            "Type": "chapter"
        },
        "Title": 2
    },
    "Subtitle": {
        "Search": {
            "Burn": true,
            "Default": false,
            "Enable": false,
            "Forced": false
        },
        "SubtitleList": []
    },
    "Video": {
        "AdapterIndex": -1,
        "AsyncDepth": 0,
        "ChromaLocation": 1,
        "ColorInputFormat": 0,
        "ColorMatrix": 1,
        "ColorOutputFormat": 0,
        "ColorPrimaries": 1,
        "ColorRange": 0,
        "ColorTransfer": 1,
        "Encoder": "VP9",
        "HardwareDecode": 0,
        "Level": "auto",
        "MultiPass": true,
        "Options": "",
        "PasshtruHDRDynamicMetadata": 6,
        "Preset": "medium",
        "Profile": "auto",
        "Quality": 22.0,
        "Tune": "",
        "Turbo": true
    }
}
[17:29:21] CPU: Intel(R) Xeon(R) W-2135 CPU @ 3.70GHz
[17:29:21]  - logical processor count: 12
[17:29:21] Intel Quick Sync Video support: no
[17:29:21] hb_scan: path=/home/sudar/Downloads/7844368-hd_1920_1080_25fps.mp4, title_index=2
Input #0, mov,mp4,m4a,3gp,3g2,mj2, from '/home/sudar/Downloads/7844368-hd_1920_1080_25fps.mp4':
  Metadata:
    major_brand     : mp42
    minor_version   : 0
    compatible_brands: mp42mp41isomavc1
    creation_time   : 2021-05-10T05:58:25.000000Z
  Duration: 00:00:13.92, start: 0.000000, bitrate: 5345 kb/s
  Stream #0:0[0x1](und): Video: h264 (High) (avc1 / 0x31637661), yuv420p(tv, bt709, progressive), 1920x1080, 5342 kb/s, 25 fps, 25 tbr, 25 tbn (default)
      Metadata:
        creation_time   : 2021-05-10T05:58:25.000000Z
        handler_name    : L-SMASH Video Handler
        vendor_id       : [0][0][0][0]
        encoder         : AVC Coding
[17:29:22] scan: decoding previews for title 2
[17:29:22] scan: 10 previews, 1920x1080, 25.000 fps, autocrop = 0/0/0/0, aspect 16:9, PAR 1:1, color profile: 1-1-1, chroma location: left
[17:29:22] libhb: scan thread found 1 valid title(s)
[17:29:22] Starting Task: Analysis Pass
[17:29:22] work: skipping crop/scale filter
[17:29:22] NLMeans using SSE2 optimizations
[17:29:22] NLMeans using 12 threads
[17:29:22] job configuration:
[17:29:22]  * source
[17:29:22]    + /home/sudar/Downloads/7844368-hd_1920_1080_25fps.mp4
[17:29:22]    + title 2, chapter(s) 1 to 1
[17:29:22]    + container: mov,mp4,m4a,3gp,3g2,mj2
[17:29:22]    + data rate: 5345 kbps
[17:29:22]  * destination
[17:29:22]    + /mnt/iMac/DaVinci Resolve/IICAQM/7844368-hd_1920_1080_25fps.mkv
[17:29:22]    + container: Matroska (libavformat)
[17:29:22]  * video track
[17:29:22]    + decoder: h264 8-bit (yuv420p)
[17:29:22]      + bitrate 5342 kbps
[17:29:22]    + filters
[17:29:22]      + Comb Detect (mode=3:spatial-metric=2:motion-thresh=3:spatial-thresh=3:filter-mode=2:block-thresh=40:block-width=16:block-height=16)
[17:29:22]      + Decomb (mode=47)
[17:29:22]      + Framerate Shaper (mode=0)
[17:29:22]        + frame rate: same as source (around 25.000 fps)
[17:29:22]      + Denoise (nlmeans) (y-strength=0:y-origin-tune=0.8:y-patch-size=7:y-range=3:y-frame-count=2:y-prefilter=0:cb-strength=6:cb-origin-tune=0.8:cb-patch-size=7:cb-range=3:cb-frame-count=2:cb-prefilter=0)
[17:29:22]      + Pad (color=black:top=0:bottom=0:left=0:right=0)
[17:29:22]    + Output geometry
[17:29:22]      + storage dimensions: 1920 x 1080
[17:29:22]      + pixel aspect ratio: 1 : 1
[17:29:22]      + display dimensions: 1920 x 1080
[17:29:22]    + encoder: VP9 (libvpx)
[17:29:22]      + preset:  medium
[17:29:22]      + profile: auto
[17:29:22]      + level:   auto
[17:29:22]      + quality: 22.00 (CQ)
[17:29:22]      + color profile: 1-1-1
[17:29:22]      + color range: tv
[17:29:22]      + chroma location: left
[17:29:22] sync: expecting 348 video frames
[17:29:22] encavcodecInit: VP9 encoder
[17:29:22] encavcodec: encoding at CQ 22.00
[17:29:22] encavcodec: encoding with stored aspect 1/1
[17:29:22] sync: first pts video is 0
[17:29:22] sync: Chapter 1 at frame 1 time 0
[17:29:30] reader: done. 1 scr changes
[17:29:34] work: average encoding speed for job is 35.705925 fps
[17:29:34] comb detect: heavy 0 | light 0 | uncombed 348 | total 348
[17:29:34] decomb: deinterlaced 0 | blended 0 | unfiltered 348 | total 348
[17:29:34] vfr: 348 frames output, 0 dropped
[17:29:34] vfr: lost time: 0 (0 frames)
[17:29:34] vfr: gained time: 0 (0 frames) (0 not accounted for)
[17:29:34] h264-decoder done: 348 frames, 0 decoder errors
[17:29:34] sync: got 348 frames, 348 expected
[17:29:34] sync: framerate min 25.000 fps, max 25.000 fps, avg 25.000 fps
[17:29:34] Starting Task: Encoding Pass
[17:29:34] work: skipping crop/scale filter
[17:29:34] NLMeans using SSE2 optimizations
[17:29:34] NLMeans using 12 threads
[17:29:34] job configuration:
[17:29:34]  * source
[17:29:34]    + /home/sudar/Downloads/7844368-hd_1920_1080_25fps.mp4
[17:29:34]    + title 2, chapter(s) 1 to 1
[17:29:34]    + container: mov,mp4,m4a,3gp,3g2,mj2
[17:29:34]    + data rate: 5345 kbps
[17:29:34]  * destination
[17:29:34]    + /mnt/iMac/DaVinci Resolve/IICAQM/7844368-hd_1920_1080_25fps.mkv
[17:29:34]    + container: Matroska (libavformat)
[17:29:34]  * video track
[17:29:34]    + decoder: h264 8-bit (yuv420p)
[17:29:34]      + bitrate 5342 kbps
[17:29:34]    + filters
[17:29:34]      + Comb Detect (mode=3:spatial-metric=2:motion-thresh=3:spatial-thresh=3:filter-mode=2:block-thresh=40:block-width=16:block-height=16)
[17:29:34]      + Decomb (mode=47)
[17:29:34]      + Framerate Shaper (mode=0)
[17:29:34]        + frame rate: same as source (around 25.000 fps)
[17:29:34]      + Denoise (nlmeans) (y-strength=0:y-origin-tune=0.8:y-patch-size=7:y-range=3:y-frame-count=2:y-prefilter=0:cb-strength=6:cb-origin-tune=0.8:cb-patch-size=7:cb-range=3:cb-frame-count=2:cb-prefilter=0)
[17:29:34]      + Pad (color=black:top=0:bottom=0:left=0:right=0)
[17:29:34]    + Output geometry
[17:29:34]      + storage dimensions: 1920 x 1080
[17:29:34]      + pixel aspect ratio: 1 : 1
[17:29:34]      + display dimensions: 1920 x 1080
[17:29:34]    + encoder: VP9 (libvpx)
[17:29:34]      + preset:  medium
[17:29:34]      + profile: auto
[17:29:34]      + level:   auto
[17:29:34]      + quality: 22.00 (CQ)
[17:29:34]      + color profile: 1-1-1
[17:29:34]      + color range: tv
[17:29:34]      + chroma location: left
[17:29:34] sync: expecting 348 video frames
[17:29:34] encavcodecInit: VP9 encoder
[17:29:34] encavcodec: encoding at CQ 22.00
[17:29:34] encavcodec: encoding with stored aspect 1/1
[17:29:34] sync: first pts video is 0
[17:29:34] sync: Chapter 1 at frame 1 time 0
[17:30:20] reader: done. 1 scr changes
[17:30:52] work: average encoding speed for job is 5.915283 fps
[17:30:52] comb detect: heavy 0 | light 0 | uncombed 348 | total 348
[17:30:52] decomb: deinterlaced 0 | blended 0 | unfiltered 348 | total 348
[17:30:52] vfr: 348 frames output, 0 dropped
[17:30:52] vfr: lost time: 0 (0 frames)
[17:30:52] vfr: gained time: 0 (0 frames) (0 not accounted for)
[17:30:52] h264-decoder done: 348 frames, 0 decoder errors
[17:30:52] sync: got 348 frames, 348 expected
[17:30:52] sync: framerate min 25.000 fps, max 25.000 fps, avg 25.000 fps
[17:30:53] mux: track 0, 348 frames, 12275709 bytes, 7034.79 kbps, fifo 512
[17:30:53] Finished work at: Fri Oct 17 17:30:53 2025

[17:30:53] libhb: work result = 0
