Handbrake Version: 20250906052339-dddf75f75-makepkg (2025100401)

(fr.handbrake.ghb:5): GLib-GIO-CRITICAL **: 17:14:37.880: g_bus_watch_name_on_connection: assertion 'G_IS_DBUS_CONNECTION (connection)' failed

(fr.handbrake.ghb:5): GLib-GIO-CRITICAL **: 17:14:37.880: g_dbus_connection_signal_subscribe: assertion 'G_IS_DBUS_CONNECTION (connection)' failed

(fr.handbrake.ghb:5): GLib-GIO-CRITICAL **: 17:14:37.880: g_dbus_connection_call_internal: assertion 'G_IS_DBUS_CONNECTION (connection)' failed
[17:14:37] gtkgui: Modified Custom Preset: /Custom/CPU (With FIlters) (VP9)
[17:14:37] Starting work at: Fri Oct 17 17:14:37 2025

[17:14:37] 1 job(s) to process
[17:14:37] json job:
{
    "Audio": {
        "AudioList": [
            {
                "Bitrate": 160,
                "CompressionLevel": -1.0,
                "DRC": 0.0,
                "DitherMethod": "auto",
                "Encoder": "av_aac",
                "Gain": 0.0,
                "Mixdown": "stereo",
                "Name": "Stereo",
                "NormalizeMixLevel": false,
                "PresetEncoder": "av_aac",
                "Quality": -3.0,
                "Samplerate": 0,
                "Track": 0
            }
        ],
        "CopyMask": [
            "copy:aac"
        ],
        "FallbackEncoder": "av_aac"
    },
    "Destination": {
        "AlignAVStart": false,
        "ChapterList": [
            {
                "Duration": {
                    "Hours": 0,
                    "Minutes": 0,
                    "Seconds": 4,
                    "Ticks": 435750
                },
                "Name": ""
            }
        ],
        "ChapterMarkers": false,
        "File": "/mnt/iMac/DaVinci Resolve/IICAQM/2887464-hd_1920_1080_25fps.mkv",
        "InlineParameterSets": false,
        "Mux": "mkv",
        "Options": {
            "IpodAtom": false,
            "Optimize": false
        }
    },
    "Filters": {
        "FilterList": [
            {
                "ID": 4,
                "Settings": {
                    "block-height": "16",
                    "block-thresh": "40",
                    "block-width": "16",
                    "filter-mode": "2",
                    "mode": "3",
                    "motion-thresh": "3",
                    "spatial-metric": "2",
                    "spatial-thresh": "3"
                }
            },
            {
                "ID": 6,
                "Settings": {
                    "mode": "15"
                }
            },
            {
                "ID": 11,
                "Settings": {
                    "mode": 0
                }
            },
            {
                "ID": 14,
                "Settings": {
                    "cb-frame-count": 2,
                    "cb-origin-tune": 0.8,
                    "cb-patch-size": 7,
                    "cb-prefilter": 0,
                    "cb-range": 3,
                    "cb-strength": 6.0,
                    "y-frame-count": 2,
                    "y-origin-tune": 0.8,
                    "y-patch-size": 7,
                    "y-prefilter": 0,
                    "y-range": 3,
                    "y-strength": 0.0
                }
            },
            {
                "ID": 20,
                "Settings": {
                    "crop-bottom": 0,
                    "crop-left": 0,
                    "crop-right": 0,
                    "crop-top": 0,
                    "height": 1080,
                    "width": 1920
                }
            },
            {
                "ID": 28,
                "Settings": {
                    "bottom": "0",
                    "color": "black",
                    "left": "0",
                    "right": "0",
                    "top": "0"
                }
            }
        ]
    },
    "Metadata": {
        "CreationTime": "2019-09-03T13:16:53.000000Z"
    },
    "PAR": {
        "Den": 1,
        "Num": 1
    },
    "SequenceID": 0,
    "Source": {
        "Angle": 0,
        "HWDecode": 0,
        "KeepDuplicateTitles": false,
        "Path": "/home/sudar/Downloads/2887464-hd_1920_1080_25fps.mp4",
        "Range": {
            "End": 1,
            "Start": 1,
            "Type": "chapter"
        },
        "Title": 2
    },
    "Subtitle": {
        "Search": {
            "Burn": true,
            "Default": false,
            "Enable": false,
            "Forced": false
        },
        "SubtitleList": []
    },
    "Video": {
        "AdapterIndex": -1,
        "AsyncDepth": 0,
        "ChromaLocation": 1,
        "ColorInputFormat": 0,
        "ColorMatrix": 1,
        "ColorOutputFormat": 0,
        "ColorPrimaries": 1,
        "ColorRange": 0,
        "ColorTransfer": 1,
        "Encoder": "VP9",
        "HardwareDecode": 0,
        "Level": "auto",
        "MultiPass": true,
        "Options": "",
        "PasshtruHDRDynamicMetadata": 6,
        "Preset": "medium",
        "Profile": "auto",
        "Quality": 22.0,
        "Tune": "",
        "Turbo": true
    }
}
[17:14:37] CPU: Intel(R) Xeon(R) W-2135 CPU @ 3.70GHz
[17:14:37]  - logical processor count: 12
[17:14:37] Intel Quick Sync Video support: no
[17:14:37] hb_scan: path=/home/sudar/Downloads/2887464-hd_1920_1080_25fps.mp4, title_index=2
Input #0, mov,mp4,m4a,3gp,3g2,mj2, from '/home/sudar/Downloads/2887464-hd_1920_1080_25fps.mp4':
  Metadata:
    major_brand     : mp42
    minor_version   : 0
    compatible_brands: mp42mp41isomavc1
    creation_time   : 2019-09-03T13:16:53.000000Z
  Duration: 00:00:04.84, start: 0.000000, bitrate: 4933 kb/s
  Stream #0:0[0x1](und): Video: h264 (High) (avc1 / 0x31637661), yuv420p(tv, bt709, progressive), 1920x1080, 4675 kb/s, 25 fps, 25 tbr, 25 tbn (default)
      Metadata:
        creation_time   : 2019-09-03T13:16:53.000000Z
        handler_name    : L-SMASH Video Handler
        vendor_id       : [0][0][0][0]
        encoder         : AVC Coding
  Stream #0:1[0x2](und): Audio: aac (LC) (mp4a / 0x6134706D), 48000 Hz, stereo, fltp, 253 kb/s (default)
      Metadata:
        creation_time   : 2019-09-03T13:16:53.000000Z
        handler_name    : L-SMASH Audio Handler
        vendor_id       : [0][0][0][0]
[17:14:37] scan: decoding previews for title 2
[17:14:38] scan: audio 0x1: aac, rate=48000Hz, bitrate=253374 Unknown (AAC LC, 2.0 ch, 253 kbps)
[17:14:38] scan: 10 previews, 1920x1080, 25.000 fps, autocrop = 0/0/0/0, aspect 16:9, PAR 1:1, color profile: 1-1-1, chroma location: left
[17:14:38] libhb: scan thread found 1 valid title(s)
[17:14:38] Starting Task: Analysis Pass
[17:14:38] work: skipping crop/scale filter
[17:14:38] NLMeans using SSE2 optimizations
[17:14:38] NLMeans using 12 threads
[17:14:38] job configuration:
[17:14:38]  * source
[17:14:38]    + /home/sudar/Downloads/2887464-hd_1920_1080_25fps.mp4
[17:14:38]    + title 2, chapter(s) 1 to 1
[17:14:38]    + container: mov,mp4,m4a,3gp,3g2,mj2
[17:14:38]    + data rate: 4933 kbps
[17:14:38]  * destination
[17:14:38]    + /mnt/iMac/DaVinci Resolve/IICAQM/2887464-hd_1920_1080_25fps.mkv
[17:14:38]    + container: Matroska (libavformat)
[17:14:38]  * video track
[17:14:38]    + decoder: h264 8-bit (yuv420p)
[17:14:38]      + bitrate 4675 kbps
[17:14:38]    + filters
[17:14:38]      + Comb Detect (mode=3:spatial-metric=2:motion-thresh=3:spatial-thresh=3:filter-mode=2:block-thresh=40:block-width=16:block-height=16)
[17:14:38]      + Decomb (mode=47)
[17:14:38]      + Framerate Shaper (mode=0)
[17:14:38]        + frame rate: same as source (around 25.000 fps)
[17:14:38]      + Denoise (nlmeans) (y-strength=0:y-origin-tune=0.8:y-patch-size=7:y-range=3:y-frame-count=2:y-prefilter=0:cb-strength=6:cb-origin-tune=0.8:cb-patch-size=7:cb-range=3:cb-frame-count=2:cb-prefilter=0)
[17:14:38]      + Pad (color=black:top=0:bottom=0:left=0:right=0)
[17:14:38]    + Output geometry
[17:14:38]      + storage dimensions: 1920 x 1080
[17:14:38]      + pixel aspect ratio: 1 : 1
[17:14:38]      + display dimensions: 1920 x 1080
[17:14:38]    + encoder: VP9 (libvpx)
[17:14:38]      + preset:  medium
[17:14:38]      + profile: auto
[17:14:38]      + level:   auto
[17:14:38]      + quality: 22.00 (CQ)
[17:14:38]      + color profile: 1-1-1
[17:14:38]      + color range: tv
[17:14:38]      + chroma location: left
[17:14:38]  * audio track 1
[17:14:38]    + name: Stereo
[17:14:38]    + decoder: Unknown (AAC LC, 2.0 ch, 253 kbps) (track 1, id 0x1)
[17:14:38]      + bitrate: 253 kbps, samplerate: 48000 Hz
[17:14:38]    + mixdown: Stereo
[17:14:38]    + encoder: AAC (libavcodec)
[17:14:38]      + bitrate: 160 kbps, samplerate: 48000 Hz
[17:14:38] sync: expecting 121 video frames
[17:14:38] encavcodecInit: VP9 encoder
[17:14:38] encavcodec: encoding at CQ 22.00
[17:14:38] encavcodec: encoding with stored aspect 1/1
[17:14:38] sync: first pts video is 0
[17:14:38] sync: Chapter 1 at frame 1 time 0
[17:14:38] sync: first pts audio 0x1 is 0
[17:14:39] reader: done. 1 scr changes
[17:14:43] work: average encoding speed for job is 0.000000 fps
[17:14:43] comb detect: heavy 0 | light 0 | uncombed 121 | total 121
[17:14:43] decomb: deinterlaced 0 | blended 0 | unfiltered 121 | total 121
[17:14:43] vfr: 121 frames output, 0 dropped
[17:14:43] vfr: lost time: 0 (0 frames)
[17:14:43] vfr: gained time: 0 (0 frames) (0 not accounted for)
[17:14:43] aac-decoder done: 227 frames, 0 decoder errors
[17:14:43] h264-decoder done: 121 frames, 0 decoder errors
[17:14:43] sync: got 121 frames, 121 expected
[17:14:43] sync: framerate min 25.000 fps, max 25.000 fps, avg 25.000 fps
[17:14:43] Starting Task: Encoding Pass
[17:14:43] work: skipping crop/scale filter
[17:14:43] NLMeans using SSE2 optimizations
[17:14:43] NLMeans using 12 threads
[17:14:43] job configuration:
[17:14:43]  * source
[17:14:43]    + /home/sudar/Downloads/2887464-hd_1920_1080_25fps.mp4
[17:14:43]    + title 2, chapter(s) 1 to 1
[17:14:43]    + container: mov,mp4,m4a,3gp,3g2,mj2
[17:14:43]    + data rate: 4933 kbps
[17:14:43]  * destination
[17:14:43]    + /mnt/iMac/DaVinci Resolve/IICAQM/2887464-hd_1920_1080_25fps.mkv
[17:14:43]    + container: Matroska (libavformat)
[17:14:43]  * video track
[17:14:43]    + decoder: h264 8-bit (yuv420p)
[17:14:43]      + bitrate 4675 kbps
[17:14:43]    + filters
[17:14:43]      + Comb Detect (mode=3:spatial-metric=2:motion-thresh=3:spatial-thresh=3:filter-mode=2:block-thresh=40:block-width=16:block-height=16)
[17:14:43]      + Decomb (mode=47)
[17:14:43]      + Framerate Shaper (mode=0)
[17:14:43]        + frame rate: same as source (around 25.000 fps)
[17:14:43]      + Denoise (nlmeans) (y-strength=0:y-origin-tune=0.8:y-patch-size=7:y-range=3:y-frame-count=2:y-prefilter=0:cb-strength=6:cb-origin-tune=0.8:cb-patch-size=7:cb-range=3:cb-frame-count=2:cb-prefilter=0)
[17:14:43]      + Pad (color=black:top=0:bottom=0:left=0:right=0)
[17:14:43]    + Output geometry
[17:14:43]      + storage dimensions: 1920 x 1080
[17:14:43]      + pixel aspect ratio: 1 : 1
[17:14:43]      + display dimensions: 1920 x 1080
[17:14:43]    + encoder: VP9 (libvpx)
[17:14:43]      + preset:  medium
[17:14:43]      + profile: auto
[17:14:43]      + level:   auto
[17:14:43]      + quality: 22.00 (CQ)
[17:14:43]      + color profile: 1-1-1
[17:14:43]      + color range: tv
[17:14:43]      + chroma location: left
[17:14:43]  * audio track 1
[17:14:43]    + name: Stereo
[17:14:43]    + decoder: Unknown (AAC LC, 2.0 ch, 253 kbps) (track 1, id 0x1)
[17:14:43]      + bitrate: 253 kbps, samplerate: 48000 Hz
[17:14:43]    + mixdown: Stereo
[17:14:43]    + encoder: AAC (libavcodec)
[17:14:43]      + bitrate: 160 kbps, samplerate: 48000 Hz
[17:14:43] sync: expecting 121 video frames
[17:14:43] encavcodecInit: VP9 encoder
[17:14:43] encavcodec: encoding at CQ 22.00
[17:14:43] encavcodec: encoding with stored aspect 1/1
[17:14:43] sync: first pts video is 0
[17:14:43] sync: Chapter 1 at frame 1 time 0
[17:14:43] sync: first pts audio 0x1 is 0
[17:14:44] reader: done. 1 scr changes
[17:15:15] work: average encoding speed for job is 0.000000 fps
[17:15:15] comb detect: heavy 0 | light 0 | uncombed 121 | total 121
[17:15:15] decomb: deinterlaced 0 | blended 0 | unfiltered 121 | total 121
[17:15:15] vfr: 121 frames output, 0 dropped
[17:15:15] vfr: lost time: 0 (0 frames)
[17:15:15] vfr: gained time: 0 (0 frames) (0 not accounted for)
[17:15:15] aac-decoder done: 227 frames, 0 decoder errors
[17:15:15] h264-decoder done: 121 frames, 0 decoder errors
[17:15:15] sync: got 121 frames, 121 expected
[17:15:15] sync: framerate min 25.000 fps, max 25.000 fps, avg 25.000 fps
[17:15:15] mux: track 0, 121 frames, 4685382 bytes, 7680.95 kbps, fifo 128
[17:15:15] mux: track 1, 228 frames, 1385 bytes, 2.27 kbps, fifo 256
[17:15:15] Finished work at: Fri Oct 17 17:15:15 2025

[17:15:15] libhb: work result = 0
