Handbrake Version: 20250906052339-dddf75f75-makepkg (2025100401)

(fr.handbrake.ghb:5): GLib-GIO-CRITICAL **: 17:35:02.813: g_bus_watch_name_on_connection: assertion 'G_IS_DBUS_CONNECTION (connection)' failed

(fr.handbrake.ghb:5): GLib-GIO-CRITICAL **: 17:35:02.813: g_dbus_connection_signal_subscribe: assertion 'G_IS_DBUS_CONNECTION (connection)' failed

(fr.handbrake.ghb:5): GLib-GIO-CRITICAL **: 17:35:02.813: g_dbus_connection_call_internal: assertion 'G_IS_DBUS_CONNECTION (connection)' failed
[17:35:02] gtkgui: Custom Preset: /Custom/CPU (With FIlters) (VP9)
[17:35:02] Starting work at: Fri Oct 17 17:35:02 2025

[17:35:02] 1 job(s) to process
[17:35:02] json job:
{
    "Audio": {
        "AudioList": [
            {
                "Bitrate": 160,
                "CompressionLevel": -1.0,
                "DRC": 0.0,
                "DitherMethod": "auto",
                "Encoder": "av_aac",
                "Gain": 0.0,
                "Mixdown": "stereo",
                "Name": "Stereo",
                "NormalizeMixLevel": false,
                "PresetEncoder": "av_aac",
                "Quality": -3.0,
                "Samplerate": 0,
                "Track": 0
            }
        ],
        "CopyMask": [
            "copy:aac"
        ],
        "FallbackEncoder": "av_aac"
    },
    "Destination": {
        "AlignAVStart": false,
        "ChapterList": [
            {
                "Duration": {
                    "Hours": 0,
                    "Minutes": 0,
                    "Seconds": 10,
                    "Ticks": 972000
                },
                "Name": ""
            }
        ],
        "ChapterMarkers": false,
        "File": "/mnt/iMac/DaVinci Resolve/IICAQM/6014809_Flower_Garden_1920x1080.mkv",
        "InlineParameterSets": false,
        "Mux": "mkv",
        "Options": {
            "IpodAtom": false,
            "Optimize": false
        }
    },
    "Filters": {
        "FilterList": [
            {
                "ID": 4,
                "Settings": {
                    "block-height": "16",
                    "block-thresh": "40",
                    "block-width": "16",
                    "filter-mode": "2",
                    "mode": "3",
                    "motion-thresh": "3",
                    "spatial-metric": "2",
                    "spatial-thresh": "3"
                }
            },
            {
                "ID": 6,
                "Settings": {
                    "mode": "15"
                }
            },
            {
                "ID": 11,
                "Settings": {
                    "mode": 0
                }
            },
            {
                "ID": 20,
                "Settings": {
                    "crop-bottom": 0,
                    "crop-left": 0,
                    "crop-right": 0,
                    "crop-top": 0,
                    "height": 1080,
                    "width": 1920
                }
            },
            {
                "ID": 28,
                "Settings": {
                    "bottom": "0",
                    "color": "black",
                    "left": "0",
                    "right": "0",
                    "top": "0"
                }
            }
        ]
    },
    "Metadata": {},
    "PAR": {
        "Den": 1,
        "Num": 1
    },
    "SequenceID": 0,
    "Source": {
        "Angle": 0,
        "HWDecode": 0,
        "KeepDuplicateTitles": false,
        "Path": "/home/sudar/Downloads/6014809_Flower_Garden_1920x1080.mp4",
        "Range": {
            "End": 1,
            "Start": 1,
            "Type": "chapter"
        },
        "Title": 2
    },
    "Subtitle": {
        "Search": {
            "Burn": true,
            "Default": false,
            "Enable": false,
            "Forced": false
        },
        "SubtitleList": []
    },
    "Video": {
        "AdapterIndex": -1,
        "AsyncDepth": 0,
        "ChromaLocation": 1,
        "ColorInputFormat": 0,
        "ColorMatrix": 1,
        "ColorOutputFormat": 0,
        "ColorPrimaries": 1,
        "ColorRange": 0,
        "ColorTransfer": 1,
        "Encoder": "VP9",
        "HardwareDecode": 0,
        "Level": "auto",
        "MultiPass": true,
        "Options": "",
        "PasshtruHDRDynamicMetadata": 6,
        "Preset": "medium",
        "Profile": "auto",
        "Quality": 22.0,
        "Tune": "",
        "Turbo": true
    }
}
[17:35:02] CPU: Intel(R) Xeon(R) W-2135 CPU @ 3.70GHz
[17:35:02]  - logical processor count: 12
[17:35:02] Intel Quick Sync Video support: no
[17:35:02] hb_scan: path=/home/sudar/Downloads/6014809_Flower_Garden_1920x1080.mp4, title_index=2
Input #0, mov,mp4,m4a,3gp,3g2,mj2, from '/home/sudar/Downloads/6014809_Flower_Garden_1920x1080.mp4':
  Metadata:
    major_brand     : isom
    minor_version   : 512
    compatible_brands: isomiso2avc1mp41
    encoder         : Lavf58.76.100
  Duration: 00:00:10.80, start: 0.000000, bitrate: 12018 kb/s
  Stream #0:0[0x1](eng): Video: h264 (High) (avc1 / 0x31637661), yuv420p(tv, bt709, progressive), 1920x1080 [SAR 1:1 DAR 16:9], 11883 kb/s, 25 fps, 25 tbr, 12800 tbn (default)
      Metadata:
        handler_name    : Apple Video Media Handler
        vendor_id       : [0][0][0][0]
        timecode        : 00:20:11:01
  Stream #0:1[0x2](eng): Audio: mp3 (mp3float) (mp4a / 0x6134706D), 48000 Hz, stereo, fltp, 128 kb/s (default)
      Metadata:
        handler_name    : Apple Sound Media Handler
        vendor_id       : [0][0][0][0]
  Stream #0:2[0x3](eng): Data: none (tmcd / 0x64636D74), 0 kb/s
      Metadata:
        handler_name    : Apple Video Media Handler
        timecode        : 00:20:11:01
[17:35:02] scan: decoding previews for title 2
[17:35:02] scan: audio 0x1: mp3float, rate=48000Hz, bitrate=128284 English (MP3, 2.0 ch, 128 kbps)
[17:35:03] using container PAR 1:1
[17:35:03] scan: 10 previews, 1920x1080, 25.000 fps, autocrop = 0/0/0/0, aspect 16:9, PAR 1:1, color profile: 1-1-1, chroma location: left
[17:35:03] libhb: scan thread found 1 valid title(s)
[17:35:03] Starting Task: Analysis Pass
[17:35:03] work: skipping crop/scale filter
[17:35:03] job configuration:
[17:35:03]  * source
[17:35:03]    + /home/sudar/Downloads/6014809_Flower_Garden_1920x1080.mp4
[17:35:03]    + title 2, chapter(s) 1 to 1
[17:35:03]    + container: mov,mp4,m4a,3gp,3g2,mj2
[17:35:03]    + data rate: 12018 kbps
[17:35:03]  * destination
[17:35:03]    + /mnt/iMac/DaVinci Resolve/IICAQM/6014809_Flower_Garden_1920x1080.mkv
[17:35:03]    + container: Matroska (libavformat)
[17:35:03]  * video track
[17:35:03]    + decoder: h264 8-bit (yuv420p)
[17:35:03]      + bitrate 11883 kbps
[17:35:03]    + filters
[17:35:03]      + Comb Detect (mode=3:spatial-metric=2:motion-thresh=3:spatial-thresh=3:filter-mode=2:block-thresh=40:block-width=16:block-height=16)
[17:35:03]      + Decomb (mode=47)
[17:35:03]      + Framerate Shaper (mode=0)
[17:35:03]        + frame rate: same as source (around 25.000 fps)
[17:35:03]      + Pad (color=black:top=0:bottom=0:left=0:right=0)
[17:35:03]    + Output geometry
[17:35:03]      + storage dimensions: 1920 x 1080
[17:35:03]      + pixel aspect ratio: 1 : 1
[17:35:03]      + display dimensions: 1920 x 1080
[17:35:03]    + encoder: VP9 (libvpx)
[17:35:03]      + preset:  medium
[17:35:03]      + profile: auto
[17:35:03]      + level:   auto
[17:35:03]      + quality: 22.00 (CQ)
[17:35:03]      + color profile: 1-1-1
[17:35:03]      + color range: tv
[17:35:03]      + chroma location: left
[17:35:03]  * audio track 1
[17:35:03]    + name: Stereo
[17:35:03]    + decoder: English (MP3, 2.0 ch, 128 kbps) (track 1, id 0x1)
[17:35:03]      + bitrate: 128 kbps, samplerate: 48000 Hz
[17:35:03]    + mixdown: Stereo
[17:35:03]    + encoder: AAC (libavcodec)
[17:35:03]      + bitrate: 160 kbps, samplerate: 48000 Hz
[17:35:03] sync: expecting 270 video frames
[17:35:03] encavcodecInit: VP9 encoder
[17:35:03] encavcodec: encoding at CQ 22.00
[17:35:03] encavcodec: encoding with stored aspect 1/1
[17:35:03] sync: first pts audio 0x1 is 0
[17:35:03] sync: first pts video is 2071
[17:35:03] sync: Chapter 1 at frame 1 time 2071
[17:35:06] reader: done. 1 scr changes
[17:35:08] work: average encoding speed for job is 0.000000 fps
[17:35:08] comb detect: heavy 0 | light 0 | uncombed 270 | total 270
[17:35:08] decomb: deinterlaced 0 | blended 0 | unfiltered 270 | total 270
[17:35:08] vfr: 270 frames output, 0 dropped
[17:35:08] vfr: lost time: 0 (0 frames)
[17:35:08] vfr: gained time: 0 (0 frames) (0 not accounted for)
[17:35:08] mp3float-decoder done: 451 frames, 0 decoder errors
[17:35:08] h264-decoder done: 270 frames, 0 decoder errors
[17:35:08] sync: got 270 frames, 270 expected
[17:35:08] sync: framerate min 25.000 fps, max 25.000 fps, avg 25.000 fps
[17:35:08] Starting Task: Encoding Pass
[17:35:08] work: skipping crop/scale filter
[17:35:08] job configuration:
[17:35:08]  * source
[17:35:08]    + /home/sudar/Downloads/6014809_Flower_Garden_1920x1080.mp4
[17:35:08]    + title 2, chapter(s) 1 to 1
[17:35:08]    + container: mov,mp4,m4a,3gp,3g2,mj2
[17:35:08]    + data rate: 12018 kbps
[17:35:08]  * destination
[17:35:08]    + /mnt/iMac/DaVinci Resolve/IICAQM/6014809_Flower_Garden_1920x1080.mkv
[17:35:08]    + container: Matroska (libavformat)
[17:35:08]  * video track
[17:35:08]    + decoder: h264 8-bit (yuv420p)
[17:35:08]      + bitrate 11883 kbps
[17:35:08]    + filters
[17:35:08]      + Comb Detect (mode=3:spatial-metric=2:motion-thresh=3:spatial-thresh=3:filter-mode=2:block-thresh=40:block-width=16:block-height=16)
[17:35:08]      + Decomb (mode=47)
[17:35:08]      + Framerate Shaper (mode=0)
[17:35:08]        + frame rate: same as source (around 25.000 fps)
[17:35:08]      + Pad (color=black:top=0:bottom=0:left=0:right=0)
[17:35:08]    + Output geometry
[17:35:08]      + storage dimensions: 1920 x 1080
[17:35:08]      + pixel aspect ratio: 1 : 1
[17:35:08]      + display dimensions: 1920 x 1080
[17:35:08]    + encoder: VP9 (libvpx)
[17:35:08]      + preset:  medium
[17:35:08]      + profile: auto
[17:35:08]      + level:   auto
[17:35:08]      + quality: 22.00 (CQ)
[17:35:08]      + color profile: 1-1-1
[17:35:08]      + color range: tv
[17:35:08]      + chroma location: left
[17:35:08]  * audio track 1
[17:35:08]    + name: Stereo
[17:35:08]    + decoder: English (MP3, 2.0 ch, 128 kbps) (track 1, id 0x1)
[17:35:08]      + bitrate: 128 kbps, samplerate: 48000 Hz
[17:35:08]    + mixdown: Stereo
[17:35:08]    + encoder: AAC (libavcodec)
[17:35:08]      + bitrate: 160 kbps, samplerate: 48000 Hz
[17:35:08] sync: expecting 270 video frames
[17:35:08] encavcodecInit: VP9 encoder
[17:35:08] encavcodec: encoding at CQ 22.00
[17:35:08] encavcodec: encoding with stored aspect 1/1
[17:35:09] sync: first pts audio 0x1 is 0
[17:35:09] sync: first pts video is 2071
[17:35:09] sync: Chapter 1 at frame 1 time 2071
[17:35:36] reader: done. 1 scr changes
[17:35:58] work: average encoding speed for job is 7.311911 fps
[17:35:58] comb detect: heavy 0 | light 0 | uncombed 270 | total 270
[17:35:58] decomb: deinterlaced 0 | blended 0 | unfiltered 270 | total 270
[17:35:58] vfr: 270 frames output, 0 dropped
[17:35:58] vfr: lost time: 0 (0 frames)
[17:35:58] vfr: gained time: 0 (0 frames) (0 not accounted for)
[17:35:58] mp3float-decoder done: 451 frames, 0 decoder errors
[17:35:58] h264-decoder done: 270 frames, 0 decoder errors
[17:35:58] sync: got 270 frames, 270 expected
[17:35:58] sync: framerate min 25.000 fps, max 25.000 fps, avg 25.000 fps
[17:35:58] mux: track 0, 270 frames, 4521779 bytes, 3337.11 kbps, fifo 512
[17:35:58] mux: track 1, 508 frames, 3082 bytes, 2.27 kbps, fifo 512
[17:35:58] Finished work at: Fri Oct 17 17:35:58 2025

[17:35:58] libhb: work result = 0
