Handbrake Version: 20250906052339-dddf75f75-makepkg (2025100401)
[17:19:03] gtkgui: Modified Custom Preset: /Custom/NVENC (No Filters)
[17:19:03] Starting work at: Mon Oct  6 17:19:03 2025

[17:19:03] 1 job(s) to process
[17:19:03] json job:
{
    "Audio": {
        "AudioList": [],
        "CopyMask": [],
        "FallbackEncoder": 0
    },
    "Destination": {
        "AlignAVStart": false,
        "ChapterList": [
            {
                "Duration": {
                    "Hours": 0,
                    "Minutes": 7,
                    "Seconds": 56,
                    "Ticks": 42800760
                },
                "Name": "We Found a Loophole to Survive the End of the Universe"
            },
            {
                "Duration": {
                    "Hours": 0,
                    "Minutes": 0,
                    "Seconds": 1,
                    "Ticks": 90000
                },
                "Name": "[SponsorBlock]: Highlight"
            },
            {
                "Duration": {
                    "Hours": 0,
                    "Minutes": 2,
                    "Seconds": 42,
                    "Ticks": 14608558
                },
                "Name": "We Found a Loophole to Survive the End of the Universe"
            }
        ],
        "ChapterMarkers": true,
        "File": "/home/sudar/Videos/HandBrake/H264 (2).mkv",
        "InlineParameterSets": false,
        "Mux": "mkv",
        "Options": {
            "IpodAtom": false,
            "Optimize": false
        }
    },
    "Filters": {
        "FilterList": [
            {
                "ID": 11,
                "Settings": {
                    "mode": 0
                }
            },
            {
                "ID": 20,
                "Settings": {
                    "crop-bottom": 0,
                    "crop-left": 0,
                    "crop-right": 0,
                    "crop-top": 0,
                    "height": 1080,
                    "width": 1920
                }
            },
            {
                "ID": 28,
                "Settings": {
                    "bottom": "0",
                    "color": "black",
                    "left": "0",
                    "right": "0",
                    "top": "0"
                }
            }
        ]
    },
    "Metadata": {},
    "PAR": {
        "Den": 1,
        "Num": 1
    },
    "SequenceID": 0,
    "Source": {
        "Angle": 0,
        "HWDecode": 0,
        "KeepDuplicateTitles": false,
        "Path": "/home/sudar/Videos/YouTube/H264.mp4",
        "Range": {
            "End": 3,
            "Start": 1,
            "Type": "chapter"
        },
        "Title": 1
    },
    "Subtitle": {
        "Search": {
            "Burn": true,
            "Default": false,
            "Enable": false,
            "Forced": false
        },
        "SubtitleList": []
    },
    "Video": {
        "AdapterIndex": -1,
        "AsyncDepth": 0,
        "ChromaLocation": 1,
        "ColorInputFormat": 0,
        "ColorMatrix": 1,
        "ColorOutputFormat": 0,
        "ColorPrimaries": 1,
        "ColorRange": 0,
        "ColorTransfer": 1,
        "Encoder": "theora",
        "HardwareDecode": 0,
        "Level": "auto",
        "MultiPass": true,
        "Options": "",
        "PasshtruHDRDynamicMetadata": 6,
        "Preset": "auto",
        "Profile": "auto",
        "Quality": 62.0,
        "Tune": "",
        "Turbo": true
    }
}
[17:19:03] CPU: Intel(R) Xeon(R) W-2135 CPU @ 3.70GHz
[17:19:03]  - logical processor count: 12
[17:19:03] Intel Quick Sync Video support: no
[17:19:03] hb_scan: path=/home/sudar/Videos/YouTube/H264.mp4, title_index=1
Input #0, mov,mp4,m4a,3gp,3g2,mj2, from '/home/sudar/Videos/YouTube/H264.mp4':
  Metadata:
    major_brand     : isom
    minor_version   : 512
    compatible_brands: isomiso2avc1mp41
    encoder         : Lavf61.7.100
  Duration: 00:10:38.88, start: 0.000000, bitrate: 53 kb/s
  Chapters:
    Chapter #0:0: start 0.000000, end 475.564000
      Metadata:
        title           : We Found a Loophole to Survive the End of the Universe
    Chapter #0:1: start 475.564000, end 476.564000
      Metadata:
        title           : [SponsorBlock]: Highlight
    Chapter #0:2: start 476.564000, end 638.834000
      Metadata:
        title           : We Found a Loophole to Survive the End of the Universe
  Stream #0:0[0x1](und): Video: h264 (Main) (avc1 / 0x31637661), yuv420p(tv, bt709, progressive), 256x144 [SAR 1:1 DAR 16:9], 51 kb/s, 30.12 fps, 30 tbr, 15360 tbn (default)
      Metadata:
        handler_name    : ISO Media file produced by Google Inc.
        vendor_id       : [0][0][0][0]
  Stream #0:1[0x2](eng): Data: bin_data (text / 0x74786574), 0 kb/s
      Metadata:
        handler_name    : SubtitleHandler
[17:19:03] scan: decoding previews for title 1
[17:19:03] using container PAR 1:1
[17:19:03] scan: 10 previews, 256x144, 30.115 fps, autocrop = 0/0/0/0, aspect 16:9, PAR 1:1, color profile: 1-1-1, chroma location: left
[17:19:03] libhb: scan thread found 1 valid title(s)
[17:19:03] Starting Task: Encoding Pass
[17:19:03] job configuration:
[17:19:03]  * source
[17:19:03]    + /home/sudar/Videos/YouTube/H264.mp4
[17:19:03]    + title 1, chapter(s) 1 to 3
[17:19:03]    + container: mov,mp4,m4a,3gp,3g2,mj2
[17:19:03]    + data rate: 53 kbps
[17:19:03]  * destination
[17:19:03]    + /home/sudar/Videos/HandBrake/H264 (2).mkv
[17:19:03]    + container: Matroska (libavformat)
[17:19:03]      + chapter markers
[17:19:03]  * video track
[17:19:03]    + decoder: h264 8-bit (yuv420p)
[17:19:03]      + bitrate 51 kbps
[17:19:03]    + filters
[17:19:03]      + Framerate Shaper (mode=0)
[17:19:03]        + frame rate: same as source (around 30.115 fps)
[17:19:03]      + Crop and Scale (width=1920:height=1080:crop-top=0:crop-bottom=0:crop-left=0:crop-right=0)
[17:19:03]        + source: 256 * 144, crop (0/0/0/0): 256 * 144, scale: 1920 * 1080
[17:19:03]      + Pad (color=black:top=0:bottom=0:left=0:right=0)
[17:19:03]    + Output geometry
[17:19:03]      + storage dimensions: 1920 x 1080
[17:19:03]      + pixel aspect ratio: 1 : 1
[17:19:03]      + display dimensions: 1920 x 1080
[17:19:03]    + encoder: Theora (libtheora)
[17:19:03]      + preset:  auto
[17:19:03]      + profile: auto
[17:19:03]      + level:   auto
[17:19:03]      + quality: 62.00 (QP)
[17:19:03]      + color profile: 1-1-1
[17:19:03]      + color range: tv
[17:19:03]      + chroma location: left
[17:19:03] sync: expecting 19240 video frames
[17:19:03] theora: keyint: 306
[17:19:03] theora: Could not set soft ratecontrol
[17:19:03] sync: first pts video is 0
[17:19:03] sync: "We Found a Loophole to Survive the End of the Universe" (1) at frame 1 time 0
[17:19:27] work: average encoding speed for job is 15.073231 fps
[17:19:27] vfr: 349 frames output, 0 dropped
[17:19:27] vfr: lost time: 0 (0 frames)
[17:19:27] vfr: gained time: 0 (0 frames) (0 not accounted for)
[17:19:27] h264-decoder done: 414 frames, 0 decoder errors
[17:19:27] sync: got 394 frames, 19240 expected
[17:19:27] sync: framerate min 30.000 fps, max 30.115 fps, avg 30.025 fps
[17:19:27] mux: track 0, 339 frames, 8659649 bytes, 6136.15 kbps, fifo 512
[17:19:27] Finished work at: Mon Oct  6 17:19:27 2025

[17:19:27] libhb: work result = 1
