Handbrake Version: 20250906052339-dddf75f75-makepkg (2025100401)
[14:57:50] gtkgui: Modified Preset: /Hardware/H.265 NVENC 1080p
[14:57:50] Starting work at: Sat Oct 25 14:57:50 2025

[14:57:50] 1 job(s) to process
[14:57:50] json job:
{
    "Audio": {
        "AudioList": [
            {
                "Bitrate": 160,
                "DRC": 0.0,
                "Encoder": "av_aac",
                "Gain": 0.0,
                "Mixdown": "mono",
                "Name": "Mono",
                "Quality": -3.0,
                "Samplerate": 0,
                "Track": 0
            },
            {
                "Bitrate": 160,
                "DRC": 0.0,
                "Encoder": "av_aac",
                "Gain": 0.0,
                "Mixdown": "mono",
                "Name": "Mono",
                "Quality": -3.0,
                "Samplerate": 0,
                "Track": 1
            },
            {
                "Bitrate": 160,
                "DRC": 0.0,
                "Encoder": "av_aac",
                "Gain": 0.0,
                "Mixdown": "stereo",
                "Name": "Stereo",
                "Quality": -3.0,
                "Samplerate": 0,
                "Track": 2
            }
        ],
        "CopyMask": [
            "copy:aac"
        ],
        "FallbackEncoder": "none"
    },
    "Destination": {
        "AlignAVStart": false,
        "ChapterList": [
            {
                "Duration": {
                    "Hours": 0,
                    "Minutes": 1,
                    "Seconds": 0,
                    "Ticks": 5478750
                },
                "Name": ""
            }
        ],
        "ChapterMarkers": false,
        "File": "/mnt/iMac/Backed Up/School/IGCSE/General/IICAQMFinalVersion3.mp4",
        "InlineParameterSets": false,
        "Mux": "m4v",
        "Options": {
            "IpodAtom": false,
            "Optimize": true
        }
    },
    "Filters": {
        "FilterList": [
            {
                "ID": 11,
                "Settings": {
                    "mode": 0
                }
            },
            {
                "ID": 20,
                "Settings": {
                    "crop-bottom": 0,
                    "crop-left": 0,
                    "crop-right": 0,
                    "crop-top": 0,
                    "height": 1080,
                    "width": 1920
                }
            }
        ]
    },
    "Metadata": {
        "CreationTime": "2025-10-25T09:23:52.000000Z"
    },
    "PAR": {
        "Den": 1,
        "Num": 1
    },
    "SequenceID": 0,
    "Source": {
        "Angle": 0,
        "HWDecode": 0,
        "KeepDuplicateTitles": false,
        "Path": "/mnt/iMac/DaVinci Resolve/IICAQM/Exports/IICAQMFinalVersion3.mkv",
        "Range": {
            "End": 1,
            "Start": 1,
            "Type": "chapter"
        },
        "Title": 1
    },
    "Subtitle": {
        "Search": {
            "Burn": true,
            "Default": false,
            "Enable": false,
            "Forced": false
        },
        "SubtitleList": []
    },
    "Video": {
        "AdapterIndex": -1,
        "AsyncDepth": 0,
        "ChromaLocation": 0,
        "ColorInputFormat": 0,
        "ColorMatrix": 1,
        "ColorOutputFormat": 0,
        "ColorPrimaries": 1,
        "ColorRange": 1,
        "ColorTransfer": 1,
        "Encoder": "nvenc_h264",
        "HardwareDecode": 0,
        "Level": "auto",
        "MultiPass": false,
        "Options": "",
        "PasshtruHDRDynamicMetadata": 6,
        "Preset": "medium",
        "Profile": "auto",
        "Quality": 16.0,
        "Tune": "",
        "Turbo": false
    }
}
[14:57:50] CPU: Intel(R) Xeon(R) W-2135 CPU @ 3.70GHz
[14:57:50]  - logical processor count: 12
[14:57:50] Intel Quick Sync Video support: no
[14:57:50] hb_scan: path=/mnt/iMac/DaVinci Resolve/IICAQM/Exports/IICAQMFinalVersion3.mkv, title_index=1
Input #0, matroska,webm, from '/mnt/iMac/DaVinci Resolve/IICAQM/Exports/IICAQMFinalVersion3.mkv':
  Metadata:
    TIMECODE        : 01:00:00:00
    creation_time   : 2025-10-25T09:23:52.000000Z
    ENCODER         : Lavf60.3.100
  Duration: 00:01:00.88, start: 0.000000, bitrate: 103111 kb/s
  Stream #0:0: Video: prores (Standard) (apcn / 0x6E637061), yuv422p10le(tv, bt709, progressive), 1920x1080, 24 fps, 24 tbr, 1k tbn
      Metadata:
        ENCODER         : Apple ProRes 422
        DURATION        : 00:01:00.875000000
  Stream #0:1: Audio: flac, 48000 Hz, mono, s32 (24 bit) (default)
      Metadata:
        DURATION        : 00:01:00.875000000
  Stream #0:2: Audio: flac, 48000 Hz, mono, s32 (24 bit) (default)
      Metadata:
        DURATION        : 00:01:00.875000000
  Stream #0:3: Audio: flac, 48000 Hz, stereo, s32 (24 bit) (default)
      Metadata:
        DURATION        : 00:01:00.875000000
[14:57:52] scan: decoding previews for title 1
[14:57:53] scan: audio 0x1: flac, rate=48000Hz, bitrate=1 Unknown (FLAC, 1.0 ch)
[14:57:53] scan: audio 0x2: flac, rate=48000Hz, bitrate=1 Unknown (FLAC, 1.0 ch)
[14:57:53] scan: audio 0x3: flac, rate=48000Hz, bitrate=1 Unknown (FLAC, 2.0 ch)
[14:58:02] scan: 10 previews, 1920x1080, 24.000 fps, autocrop = 0/0/0/0, aspect 16:9, PAR 1:1, color profile: 1-1-1, chroma location: unspecified
[14:58:02] libhb: scan thread found 1 valid title(s)
[14:58:02] Starting Task: Encoding Pass
[14:58:02] work: skipping crop/scale filter
[14:58:02] job configuration:
[14:58:02]  * source
[14:58:02]    + /mnt/iMac/DaVinci Resolve/IICAQM/Exports/IICAQMFinalVersion3.mkv
[14:58:02]    + title 1, chapter(s) 1 to 1
[14:58:02]    + container: matroska,webm
[14:58:02]    + data rate: 103111 kbps
[14:58:02]  * destination
[14:58:02]    + /mnt/iMac/Backed Up/School/IGCSE/General/IICAQMFinalVersion3.mp4
[14:58:02]    + container: MPEG-4 (libavformat)
[14:58:02]      + optimized for HTTP streaming (fast start)
[14:58:02]  * video track
[14:58:02]    + decoder: prores 10-bit (yuv422p10le)
[14:58:02]    + filters
[14:58:02]      + Framerate Shaper (mode=0)
[14:58:02]        + frame rate: same as source (around 24.000 fps)
[14:58:02]      + Format (format=yuv420p)
[14:58:02]    + Output geometry
[14:58:02]      + storage dimensions: 1920 x 1080
[14:58:02]      + pixel aspect ratio: 1 : 1
[14:58:02]      + display dimensions: 1920 x 1080
[14:58:02]    + encoder: H.264 (NVEnc)
[14:58:02]      + preset:  medium
[14:58:02]      + profile: auto
[14:58:02]      + level:   auto
[14:58:02]      + quality: 16.00 (CQ)
[14:58:02]      + color profile: 1-1-1
[14:58:02]      + color range: tv
[14:58:02]      + chroma location: unspecified
[14:58:02]  * audio track 1
[14:58:02]    + name: Mono
[14:58:02]    + decoder: Unknown (FLAC, 1.0 ch) (track 1, id 0x1)
[14:58:02]      + samplerate: 48000 Hz
[14:58:02]    + mixdown: Mono
[14:58:02]    + encoder: AAC (libavcodec)
[14:58:02]      + bitrate: 160 kbps, samplerate: 48000 Hz
[14:58:02]  * audio track 2
[14:58:02]    + name: Mono
[14:58:02]    + decoder: Unknown (FLAC, 1.0 ch) (track 2, id 0x2)
[14:58:02]      + samplerate: 48000 Hz
[14:58:02]    + mixdown: Mono
[14:58:02]    + encoder: AAC (libavcodec)
[14:58:02]      + bitrate: 160 kbps, samplerate: 48000 Hz
[14:58:02]  * audio track 3
[14:58:02]    + name: Stereo
[14:58:02]    + decoder: Unknown (FLAC, 2.0 ch) (track 3, id 0x3)
[14:58:02]      + samplerate: 48000 Hz
[14:58:02]    + mixdown: Stereo
[14:58:02]    + encoder: AAC (libavcodec)
[14:58:02]      + bitrate: 160 kbps, samplerate: 48000 Hz
[14:58:02] sync: expecting 1461 video frames
[14:58:02] encavcodecInit: H.264 (Nvidia NVENC)
[14:58:02] encavcodec: encoding at rc=vbr, 16.00
[14:58:02] encavcodec: encoding with stored aspect 1/1
[14:58:03] encavcodecInit: Unknown avcodec option s12m_tc
[14:58:04] sync: first pts video is 0
[14:58:04] sync: Chapter 1 at frame 1 time 0
[14:58:07] sync: first pts audio 0x2 is 0
[14:58:07] sync: first pts audio 0x3 is 0
[14:58:07] sync: first pts audio 0x1 is 0
[15:00:56] reader: done. 1 scr changes
[15:00:56] work: average encoding speed for job is 8.134357 fps
[15:00:56] vfr: 1461 frames output, 0 dropped
[15:00:56] vfr: lost time: 0 (0 frames)
[15:00:56] vfr: gained time: 0 (0 frames) (0 not accounted for)
[15:00:56] flac-decoder done: 635 frames, 0 decoder errors
[15:00:56] flac-decoder done: 635 frames, 0 decoder errors
[15:00:56] flac-decoder done: 635 frames, 0 decoder errors
[15:00:56] prores-decoder done: 1461 frames, 0 decoder errors
[15:00:56] sync: got 1461 frames, 1461 expected
[15:00:56] sync: framerate min 24.000 fps, max 24.000 fps, avg 24.000 fps
[15:01:13] mux: track 0, 1461 frames, 110982034 bytes, 14574.93 kbps, fifo 256
[15:01:13] mux: track 1, 2854 frames, 822660 bytes, 108.04 kbps, fifo 512
[15:01:13] mux: track 2, 2854 frames, 1021846 bytes, 134.20 kbps, fifo 512
[15:01:13] mux: track 3, 2854 frames, 114550 bytes, 15.04 kbps, fifo 512
[15:01:13] Finished work at: Sat Oct 25 15:01:13 2025

[15:01:13] libhb: work result = 0
