Handbrake Version: 20250906052339-dddf75f75-makepkg (2025100401)
[21:04:52] gtkgui: Custom Preset: /Custom/CPU (With FIlters) (VP9)
[21:04:52] Starting work at: Thu Oct 16 21:04:52 2025

[21:04:52] 1 job(s) to process
[21:04:52] json job:
{
    "Audio": {
        "AudioList": [
            {
                "Bitrate": 160,
                "CompressionLevel": -1.0,
                "DRC": 0.0,
                "DitherMethod": "auto",
                "Encoder": "av_aac",
                "Gain": 0.0,
                "Mixdown": "stereo",
                "Name": "Stereo",
                "NormalizeMixLevel": false,
                "PresetEncoder": "av_aac",
                "Quality": -3.0,
                "Samplerate": 0,
                "Track": 0
            }
        ],
        "CopyMask": [
            "copy:aac"
        ],
        "FallbackEncoder": "av_aac"
    },
    "Destination": {
        "AlignAVStart": false,
        "ChapterList": [
            {
                "Duration": {
                    "Hours": 0,
                    "Minutes": 0,
                    "Seconds": 29,
                    "Ticks": 2647649
                },
                "Name": ""
            }
        ],
        "ChapterMarkers": false,
        "File": "/mnt/iMac/DaVinci Resolve/IICAQM/4404141-uhd_3840_2160_24fps.mkv",
        "InlineParameterSets": false,
        "Mux": "mkv",
        "Options": {
            "IpodAtom": false,
            "Optimize": false
        }
    },
    "Filters": {
        "FilterList": [
            {
                "ID": 4,
                "Settings": {
                    "block-height": "16",
                    "block-thresh": "40",
                    "block-width": "16",
                    "filter-mode": "2",
                    "mode": "3",
                    "motion-thresh": "3",
                    "spatial-metric": "2",
                    "spatial-thresh": "3"
                }
            },
            {
                "ID": 6,
                "Settings": {
                    "mode": "15"
                }
            },
            {
                "ID": 11,
                "Settings": {
                    "mode": 0
                }
            },
            {
                "ID": 20,
                "Settings": {
                    "crop-bottom": 0,
                    "crop-left": 0,
                    "crop-right": 0,
                    "crop-top": 0,
                    "height": 1080,
                    "width": 1920
                }
            },
            {
                "ID": 28,
                "Settings": {
                    "bottom": "0",
                    "color": "black",
                    "left": "0",
                    "right": "0",
                    "top": "0"
                }
            }
        ]
    },
    "Metadata": {
        "CreationTime": "2020-05-15T10:00:10.000000Z"
    },
    "PAR": {
        "Den": 1,
        "Num": 1
    },
    "SequenceID": 0,
    "Source": {
        "Angle": 0,
        "HWDecode": 0,
        "KeepDuplicateTitles": false,
        "Path": "/mnt/iMac/DaVinci Resolve/Project Backups/Chemistry PBL for CT3 2025.dra/MediaFiles/Chem PBL CT3 2025/4404141-uhd_3840_2160_24fps.mp4",
        "Range": {
            "End": 1,
            "Start": 1,
            "Type": "chapter"
        },
        "Title": 1
    },
    "Subtitle": {
        "Search": {
            "Burn": true,
            "Default": false,
            "Enable": false,
            "Forced": false
        },
        "SubtitleList": []
    },
    "Video": {
        "AdapterIndex": -1,
        "AsyncDepth": 0,
        "ChromaLocation": 1,
        "ColorInputFormat": 0,
        "ColorMatrix": 1,
        "ColorOutputFormat": 0,
        "ColorPrimaries": 1,
        "ColorRange": 0,
        "ColorTransfer": 1,
        "Encoder": "VP9",
        "HardwareDecode": 0,
        "Level": "auto",
        "MultiPass": true,
        "Options": "",
        "PasshtruHDRDynamicMetadata": 6,
        "Preset": "medium",
        "Profile": "auto",
        "Quality": 22.0,
        "Tune": "",
        "Turbo": true
    }
}
[21:04:52] CPU: Intel(R) Xeon(R) W-2135 CPU @ 3.70GHz
[21:04:52]  - logical processor count: 12
[21:04:52] Intel Quick Sync Video support: no
[21:04:52] hb_scan: path=/mnt/iMac/DaVinci Resolve/Project Backups/Chemistry PBL for CT3 2025.dra/MediaFiles/Chem PBL CT3 2025/4404141-uhd_3840_2160_24fps.mp4, title_index=1
Input #0, mov,mp4,m4a,3gp,3g2,mj2, from '/mnt/iMac/DaVinci Resolve/Project Backups/Chemistry PBL for CT3 2025.dra/MediaFiles/Chem PBL CT3 2025/4404141-uhd_3840_2160_24fps.mp4':
  Metadata:
    major_brand     : mp42
    minor_version   : 0
    compatible_brands: mp42mp41isomavc1
    creation_time   : 2020-05-15T10:00:10.000000Z
  Duration: 00:00:29.42, start: 0.000000, bitrate: 6291 kb/s
  Stream #0:0[0x1](und): Video: h264 (High) (avc1 / 0x31637661), yuv420p(tv, bt709, progressive), 2560x1440, 6034 kb/s, 24 fps, 24 tbr, 24 tbn (default)
      Metadata:
        creation_time   : 2020-05-15T10:00:10.000000Z
        handler_name    : L-SMASH Video Handler
        vendor_id       : [0][0][0][0]
        encoder         : AVC Coding
  Stream #0:1[0x2](und): Audio: aac (LC) (mp4a / 0x6134706D), 48000 Hz, stereo, fltp, 253 kb/s (default)
      Metadata:
        creation_time   : 2020-05-15T10:00:10.000000Z
        handler_name    : L-SMASH Audio Handler
        vendor_id       : [0][0][0][0]
[21:04:52] scan: decoding previews for title 1
[21:04:52] scan: audio 0x1: aac, rate=48000Hz, bitrate=253374 Unknown (AAC LC, 2.0 ch, 253 kbps)
[21:04:53] scan: 10 previews, 2560x1440, 24.000 fps, autocrop = 0/0/0/0, aspect 16:9, PAR 1:1, color profile: 1-1-1, chroma location: left
[21:04:53] libhb: scan thread found 1 valid title(s)
[21:04:53] Starting Task: Analysis Pass
[21:04:53] job configuration:
[21:04:53]  * source
[21:04:53]    + /mnt/iMac/DaVinci Resolve/Project Backups/Chemistry PBL for CT3 2025.dra/MediaFiles/Chem PBL CT3 2025/4404141-uhd_3840_2160_24fps.mp4
[21:04:53]    + title 1, chapter(s) 1 to 1
[21:04:53]    + container: mov,mp4,m4a,3gp,3g2,mj2
[21:04:53]    + data rate: 6291 kbps
[21:04:53]  * destination
[21:04:53]    + /mnt/iMac/DaVinci Resolve/IICAQM/4404141-uhd_3840_2160_24fps.mkv
[21:04:53]    + container: Matroska (libavformat)
[21:04:53]  * video track
[21:04:53]    + decoder: h264 8-bit (yuv420p)
[21:04:53]      + bitrate 6034 kbps
[21:04:53]    + filters
[21:04:53]      + Comb Detect (mode=3:spatial-metric=2:motion-thresh=3:spatial-thresh=3:filter-mode=2:block-thresh=40:block-width=16:block-height=16)
[21:04:53]      + Decomb (mode=47)
[21:04:53]      + Framerate Shaper (mode=0)
[21:04:53]        + frame rate: same as source (around 24.000 fps)
[21:04:53]      + Crop and Scale (width=1920:height=1080:crop-top=0:crop-bottom=0:crop-left=0:crop-right=0)
[21:04:53]        + source: 2560 * 1440, crop (0/0/0/0): 2560 * 1440, scale: 1920 * 1080
[21:04:53]      + Pad (color=black:top=0:bottom=0:left=0:right=0)
[21:04:53]    + Output geometry
[21:04:53]      + storage dimensions: 1920 x 1080
[21:04:53]      + pixel aspect ratio: 1 : 1
[21:04:53]      + display dimensions: 1920 x 1080
[21:04:53]    + encoder: VP9 (libvpx)
[21:04:53]      + preset:  medium
[21:04:53]      + profile: auto
[21:04:53]      + level:   auto
[21:04:53]      + quality: 22.00 (CQ)
[21:04:53]      + color profile: 1-1-1
[21:04:53]      + color range: tv
[21:04:53]      + chroma location: left
[21:04:53]  * audio track 1
[21:04:53]    + name: Stereo
[21:04:53]    + decoder: Unknown (AAC LC, 2.0 ch, 253 kbps) (track 1, id 0x1)
[21:04:53]      + bitrate: 253 kbps, samplerate: 48000 Hz
[21:04:53]    + mixdown: Stereo
[21:04:53]    + encoder: AAC (libavcodec)
[21:04:53]      + bitrate: 160 kbps, samplerate: 48000 Hz
[21:04:53] sync: expecting 706 video frames
[21:04:53] encavcodecInit: VP9 encoder
[21:04:53] encavcodec: encoding at CQ 22.00
[21:04:53] encavcodec: encoding with stored aspect 1/1
[21:04:53] sync: first pts video is 0
[21:04:53] sync: Chapter 1 at frame 1 time 0
[21:04:53] sync: first pts audio 0x1 is 0
[21:05:01] reader: done. 1 scr changes
[21:05:02] work: average encoding speed for job is 79.272339 fps
[21:05:02] comb detect: heavy 0 | light 0 | uncombed 706 | total 706
[21:05:02] decomb: deinterlaced 0 | blended 0 | unfiltered 706 | total 706
[21:05:02] vfr: 706 frames output, 0 dropped
[21:05:02] vfr: lost time: 0 (0 frames)
[21:05:02] vfr: gained time: 0 (0 frames) (0 not accounted for)
[21:05:02] aac-decoder done: 1379 frames, 0 decoder errors
[21:05:02] h264-decoder done: 706 frames, 0 decoder errors
[21:05:02] sync: got 706 frames, 706 expected
[21:05:02] sync: framerate min 24.000 fps, max 24.000 fps, avg 24.000 fps
[21:05:02] Starting Task: Encoding Pass
[21:05:02] job configuration:
[21:05:02]  * source
[21:05:02]    + /mnt/iMac/DaVinci Resolve/Project Backups/Chemistry PBL for CT3 2025.dra/MediaFiles/Chem PBL CT3 2025/4404141-uhd_3840_2160_24fps.mp4
[21:05:02]    + title 1, chapter(s) 1 to 1
[21:05:02]    + container: mov,mp4,m4a,3gp,3g2,mj2
[21:05:02]    + data rate: 6291 kbps
[21:05:02]  * destination
[21:05:02]    + /mnt/iMac/DaVinci Resolve/IICAQM/4404141-uhd_3840_2160_24fps.mkv
[21:05:02]    + container: Matroska (libavformat)
[21:05:02]  * video track
[21:05:02]    + decoder: h264 8-bit (yuv420p)
[21:05:02]      + bitrate 6034 kbps
[21:05:02]    + filters
[21:05:02]      + Comb Detect (mode=3:spatial-metric=2:motion-thresh=3:spatial-thresh=3:filter-mode=2:block-thresh=40:block-width=16:block-height=16)
[21:05:02]      + Decomb (mode=47)
[21:05:02]      + Framerate Shaper (mode=0)
[21:05:02]        + frame rate: same as source (around 24.000 fps)
[21:05:02]      + Crop and Scale (width=1920:height=1080:crop-top=0:crop-bottom=0:crop-left=0:crop-right=0)
[21:05:02]        + source: 2560 * 1440, crop (0/0/0/0): 2560 * 1440, scale: 1920 * 1080
[21:05:02]      + Pad (color=black:top=0:bottom=0:left=0:right=0)
[21:05:02]    + Output geometry
[21:05:02]      + storage dimensions: 1920 x 1080
[21:05:02]      + pixel aspect ratio: 1 : 1
[21:05:02]      + display dimensions: 1920 x 1080
[21:05:02]    + encoder: VP9 (libvpx)
[21:05:02]      + preset:  medium
[21:05:02]      + profile: auto
[21:05:02]      + level:   auto
[21:05:02]      + quality: 22.00 (CQ)
[21:05:02]      + color profile: 1-1-1
[21:05:02]      + color range: tv
[21:05:02]      + chroma location: left
[21:05:02]  * audio track 1
[21:05:02]    + name: Stereo
[21:05:02]    + decoder: Unknown (AAC LC, 2.0 ch, 253 kbps) (track 1, id 0x1)
[21:05:02]      + bitrate: 253 kbps, samplerate: 48000 Hz
[21:05:02]    + mixdown: Stereo
[21:05:02]    + encoder: AAC (libavcodec)
[21:05:02]      + bitrate: 160 kbps, samplerate: 48000 Hz
[21:05:02] sync: expecting 706 video frames
[21:05:02] encavcodecInit: VP9 encoder
[21:05:02] encavcodec: encoding at CQ 22.00
[21:05:02] encavcodec: encoding with stored aspect 1/1
[21:05:02] sync: first pts video is 0
[21:05:02] sync: Chapter 1 at frame 1 time 0
[21:05:02] sync: first pts audio 0x1 is 0
[21:06:29] reader: done. 1 scr changes
[21:06:48] work: average encoding speed for job is 7.279749 fps
[21:06:48] comb detect: heavy 0 | light 0 | uncombed 706 | total 706
[21:06:48] decomb: deinterlaced 0 | blended 0 | unfiltered 706 | total 706
[21:06:48] vfr: 706 frames output, 0 dropped
[21:06:48] vfr: lost time: 0 (0 frames)
[21:06:48] vfr: gained time: 0 (0 frames) (0 not accounted for)
[21:06:48] aac-decoder done: 1379 frames, 0 decoder errors
[21:06:48] h264-decoder done: 706 frames, 0 decoder errors
[21:06:48] sync: got 706 frames, 706 expected
[21:06:48] sync: framerate min 24.000 fps, max 24.000 fps, avg 24.000 fps
[21:06:50] mux: track 0, 706 frames, 6901721 bytes, 1874.30 kbps, fifo 1024
[21:06:50] mux: track 1, 1380 frames, 8382 bytes, 2.28 kbps, fifo 2048
[21:06:50] Finished work at: Thu Oct 16 21:06:50 2025

[21:06:50] libhb: work result = 0
