Handbrake Version: 20250906052339-dddf75f75-makepkg (2025100401)

(fr.handbrake.ghb:5): GLib-GIO-CRITICAL **: 11:46:14.683: g_bus_watch_name_on_connection: assertion 'G_IS_DBUS_CONNECTION (connection)' failed

(fr.handbrake.ghb:5): GLib-GIO-CRITICAL **: 11:46:14.683: g_dbus_connection_signal_subscribe: assertion 'G_IS_DBUS_CONNECTION (connection)' failed

(fr.handbrake.ghb:5): GLib-GIO-CRITICAL **: 11:46:14.683: g_dbus_connection_call_internal: assertion 'G_IS_DBUS_CONNECTION (connection)' failed
[11:46:14] gtkgui: Custom Preset: /Custom/CPU (With FIlters) (VP9)
[11:46:14] Starting work at: Fri Oct 17 11:46:14 2025

[11:46:14] 1 job(s) to process
[11:46:14] json job:
{
    "Audio": {
        "AudioList": [],
        "CopyMask": [],
        "FallbackEncoder": 0
    },
    "Destination": {
        "AlignAVStart": false,
        "ChapterList": [
            {
                "Duration": {
                    "Hours": 0,
                    "Minutes": 0,
                    "Seconds": 5,
                    "Ticks": 536400
                },
                "Name": ""
            }
        ],
        "ChapterMarkers": false,
        "File": "/mnt/iMac/DaVinci Resolve/IICAQM/188016-881538698_small.mkv",
        "InlineParameterSets": false,
        "Mux": "mkv",
        "Options": {
            "IpodAtom": false,
            "Optimize": false
        }
    },
    "Filters": {
        "FilterList": [
            {
                "ID": 4,
                "Settings": {
                    "block-height": "16",
                    "block-thresh": "40",
                    "block-width": "16",
                    "filter-mode": "2",
                    "mode": "3",
                    "motion-thresh": "3",
                    "spatial-metric": "2",
                    "spatial-thresh": "3"
                }
            },
            {
                "ID": 6,
                "Settings": {
                    "mode": "15"
                }
            },
            {
                "ID": 11,
                "Settings": {
                    "mode": 0
                }
            },
            {
                "ID": 20,
                "Settings": {
                    "crop-bottom": 0,
                    "crop-left": 0,
                    "crop-right": 0,
                    "crop-top": 0,
                    "height": 1080,
                    "width": 1920
                }
            },
            {
                "ID": 28,
                "Settings": {
                    "bottom": "0",
                    "color": "black",
                    "left": "0",
                    "right": "0",
                    "top": "0"
                }
            }
        ]
    },
    "Metadata": {
        "CreationTime": "2023-11-06T03:43:18.000000Z"
    },
    "PAR": {
        "Den": 1,
        "Num": 1
    },
    "SequenceID": 0,
    "Source": {
        "Angle": 0,
        "HWDecode": 0,
        "KeepDuplicateTitles": false,
        "Path": "/home/sudar/Downloads/188016-881538698_small.mp4",
        "Range": {
            "End": 1,
            "Start": 1,
            "Type": "chapter"
        },
        "Title": 5
    },
    "Subtitle": {
        "Search": {
            "Burn": true,
            "Default": false,
            "Enable": false,
            "Forced": false
        },
        "SubtitleList": []
    },
    "Video": {
        "AdapterIndex": -1,
        "AsyncDepth": 0,
        "ChromaLocation": 1,
        "ColorInputFormat": 0,
        "ColorMatrix": 1,
        "ColorOutputFormat": 0,
        "ColorPrimaries": 1,
        "ColorRange": 0,
        "ColorTransfer": 1,
        "Encoder": "VP9",
        "HardwareDecode": 0,
        "Level": "auto",
        "MultiPass": true,
        "Options": "",
        "PasshtruHDRDynamicMetadata": 6,
        "Preset": "medium",
        "Profile": "auto",
        "Quality": 22.0,
        "Tune": "",
        "Turbo": true
    }
}
[11:46:14] CPU: Intel(R) Xeon(R) W-2135 CPU @ 3.70GHz
[11:46:14]  - logical processor count: 12
[11:46:14] Intel Quick Sync Video support: no
[11:46:14] hb_scan: path=/home/sudar/Downloads/188016-881538698_small.mp4, title_index=5
Input #0, mov,mp4,m4a,3gp,3g2,mj2, from '/home/sudar/Downloads/188016-881538698_small.mp4':
  Metadata:
    major_brand     : mp42
    minor_version   : 0
    compatible_brands: mp42isomavc1
    creation_time   : 2023-11-06T03:43:18.000000Z
  Duration: 00:00:05.96, start: 0.000000, bitrate: 6447 kb/s
  Stream #0:0[0x1](und): Video: h264 (High) (avc1 / 0x31637661), yuv420p(tv, bt709, progressive), 1920x1080, 6444 kb/s, 25 fps, 25 tbr, 25 tbn (default)
      Metadata:
        creation_time   : 2023-11-06T03:43:18.000000Z
        handler_name    : Vimeo Artax Video Handler
        vendor_id       : [0][0][0][0]
        encoder         : AVC Coding
[11:46:14] scan: decoding previews for title 5
[11:46:15] scan: 10 previews, 1920x1080, 25.000 fps, autocrop = 0/0/0/0, aspect 16:9, PAR 1:1, color profile: 1-1-1, chroma location: left
[11:46:15] libhb: scan thread found 1 valid title(s)
[11:46:15] Starting Task: Analysis Pass
[11:46:15] work: skipping crop/scale filter
[11:46:15] job configuration:
[11:46:15]  * source
[11:46:15]    + /home/sudar/Downloads/188016-881538698_small.mp4
[11:46:15]    + title 5, chapter(s) 1 to 1
[11:46:15]    + container: mov,mp4,m4a,3gp,3g2,mj2
[11:46:15]    + data rate: 6447 kbps
[11:46:15]  * destination
[11:46:15]    + /mnt/iMac/DaVinci Resolve/IICAQM/188016-881538698_small.mkv
[11:46:15]    + container: Matroska (libavformat)
[11:46:15]  * video track
[11:46:15]    + decoder: h264 8-bit (yuv420p)
[11:46:15]      + bitrate 6444 kbps
[11:46:15]    + filters
[11:46:15]      + Comb Detect (mode=3:spatial-metric=2:motion-thresh=3:spatial-thresh=3:filter-mode=2:block-thresh=40:block-width=16:block-height=16)
[11:46:15]      + Decomb (mode=47)
[11:46:15]      + Framerate Shaper (mode=0)
[11:46:15]        + frame rate: same as source (around 25.000 fps)
[11:46:15]      + Pad (color=black:top=0:bottom=0:left=0:right=0)
[11:46:15]    + Output geometry
[11:46:15]      + storage dimensions: 1920 x 1080
[11:46:15]      + pixel aspect ratio: 1 : 1
[11:46:15]      + display dimensions: 1920 x 1080
[11:46:15]    + encoder: VP9 (libvpx)
[11:46:15]      + preset:  medium
[11:46:15]      + profile: auto
[11:46:15]      + level:   auto
[11:46:15]      + quality: 22.00 (CQ)
[11:46:15]      + color profile: 1-1-1
[11:46:15]      + color range: tv
[11:46:15]      + chroma location: left
[11:46:15] sync: expecting 149 video frames
[11:46:15] encavcodecInit: VP9 encoder
[11:46:15] encavcodec: encoding at CQ 22.00
[11:46:15] encavcodec: encoding with stored aspect 1/1
[11:46:15] sync: first pts video is 0
[11:46:15] sync: Chapter 1 at frame 1 time 0
[11:46:16] reader: done. 1 scr changes
[11:46:17] work: average encoding speed for job is 0.000000 fps
[11:46:18] comb detect: heavy 5 | light 12 | uncombed 132 | total 149
[11:46:18] decomb: deinterlaced 5 | blended 12 | unfiltered 132 | total 149
[11:46:18] vfr: 149 frames output, 0 dropped
[11:46:18] vfr: lost time: 0 (0 frames)
[11:46:18] vfr: gained time: 0 (0 frames) (0 not accounted for)
[11:46:18] h264-decoder done: 149 frames, 0 decoder errors
[11:46:18] sync: got 149 frames, 149 expected
[11:46:18] sync: framerate min 25.000 fps, max 25.000 fps, avg 25.000 fps
[11:46:18] Starting Task: Encoding Pass
[11:46:18] work: skipping crop/scale filter
[11:46:18] job configuration:
[11:46:18]  * source
[11:46:18]    + /home/sudar/Downloads/188016-881538698_small.mp4
[11:46:18]    + title 5, chapter(s) 1 to 1
[11:46:18]    + container: mov,mp4,m4a,3gp,3g2,mj2
[11:46:18]    + data rate: 6447 kbps
[11:46:18]  * destination
[11:46:18]    + /mnt/iMac/DaVinci Resolve/IICAQM/188016-881538698_small.mkv
[11:46:18]    + container: Matroska (libavformat)
[11:46:18]  * video track
[11:46:18]    + decoder: h264 8-bit (yuv420p)
[11:46:18]      + bitrate 6444 kbps
[11:46:18]    + filters
[11:46:18]      + Comb Detect (mode=3:spatial-metric=2:motion-thresh=3:spatial-thresh=3:filter-mode=2:block-thresh=40:block-width=16:block-height=16)
[11:46:18]      + Decomb (mode=47)
[11:46:18]      + Framerate Shaper (mode=0)
[11:46:18]        + frame rate: same as source (around 25.000 fps)
[11:46:18]      + Pad (color=black:top=0:bottom=0:left=0:right=0)
[11:46:18]    + Output geometry
[11:46:18]      + storage dimensions: 1920 x 1080
[11:46:18]      + pixel aspect ratio: 1 : 1
[11:46:18]      + display dimensions: 1920 x 1080
[11:46:18]    + encoder: VP9 (libvpx)
[11:46:18]      + preset:  medium
[11:46:18]      + profile: auto
[11:46:18]      + level:   auto
[11:46:18]      + quality: 22.00 (CQ)
[11:46:18]      + color profile: 1-1-1
[11:46:18]      + color range: tv
[11:46:18]      + chroma location: left
[11:46:18] sync: expecting 149 video frames
[11:46:18] encavcodecInit: VP9 encoder
[11:46:18] encavcodec: encoding at CQ 22.00
[11:46:18] encavcodec: encoding with stored aspect 1/1
[11:46:18] sync: first pts video is 0
[11:46:18] sync: Chapter 1 at frame 1 time 0
[11:46:23] reader: done. 1 scr changes
[11:46:46] work: average encoding speed for job is 10.168907 fps
[11:46:47] comb detect: heavy 5 | light 12 | uncombed 132 | total 149
[11:46:47] decomb: deinterlaced 5 | blended 12 | unfiltered 132 | total 149
[11:46:47] vfr: 149 frames output, 0 dropped
[11:46:47] vfr: lost time: 0 (0 frames)
[11:46:47] vfr: gained time: 0 (0 frames) (0 not accounted for)
[11:46:47] h264-decoder done: 149 frames, 0 decoder errors
[11:46:47] sync: got 149 frames, 149 expected
[11:46:47] sync: framerate min 25.000 fps, max 25.000 fps, avg 25.000 fps
[11:46:49] mux: track 0, 149 frames, 5553389 bytes, 7404.52 kbps, fifo 256
[11:46:49] Finished work at: Fri Oct 17 11:46:49 2025

[11:46:49] libhb: work result = 0
