Handbrake Version: 20250906052339-dddf75f75-makepkg (2025100401)
[20:47:28] gtkgui: Modified Custom Preset: /Custom/CPU (With FIlters)
[20:47:28] Starting work at: Thu Oct 16 20:47:28 2025

[20:47:28] 1 job(s) to process
[20:47:28] json job:
{
    "Audio": {
        "AudioList": [],
        "CopyMask": [],
        "FallbackEncoder": 0
    },
    "Destination": {
        "AlignAVStart": false,
        "ChapterList": [
            {
                "Duration": {
                    "Hours": 0,
                    "Minutes": 0,
                    "Seconds": 9,
                    "Ticks": 881250
                },
                "Name": ""
            }
        ],
        "ChapterMarkers": false,
        "File": "/mnt/iMac/DaVinci Resolve/IICAQM/14294208_1080_1920_24fps.mkv",
        "InlineParameterSets": false,
        "Mux": "mkv",
        "Options": {
            "IpodAtom": false,
            "Optimize": false
        }
    },
    "Filters": {
        "FilterList": [
            {
                "ID": 4,
                "Settings": {
                    "block-height": "16",
                    "block-thresh": "40",
                    "block-width": "16",
                    "filter-mode": "2",
                    "mode": "3",
                    "motion-thresh": "3",
                    "spatial-metric": "2",
                    "spatial-thresh": "3"
                }
            },
            {
                "ID": 6,
                "Settings": {
                    "mode": "15"
                }
            },
            {
                "ID": 11,
                "Settings": {
                    "mode": 0
                }
            },
            {
                "ID": 20,
                "Settings": {
                    "crop-bottom": 0,
                    "crop-left": 0,
                    "crop-right": 0,
                    "crop-top": 0,
                    "height": 1080,
                    "width": 1920
                }
            },
            {
                "ID": 28,
                "Settings": {
                    "bottom": "0",
                    "color": "black",
                    "left": "0",
                    "right": "0",
                    "top": "0"
                }
            }
        ]
    },
    "Metadata": {},
    "PAR": {
        "Den": 256,
        "Num": 81
    },
    "SequenceID": 0,
    "Source": {
        "Angle": 0,
        "HWDecode": 0,
        "KeepDuplicateTitles": false,
        "Path": "/home/sudar/Downloads/14294208_1080_1920_24fps.mp4",
        "Range": {
            "End": 1,
            "Start": 1,
            "Type": "chapter"
        },
        "Title": 1
    },
    "Subtitle": {
        "Search": {
            "Burn": true,
            "Default": false,
            "Enable": false,
            "Forced": false
        },
        "SubtitleList": []
    },
    "Video": {
        "AdapterIndex": -1,
        "AsyncDepth": 0,
        "ChromaLocation": 1,
        "ColorInputFormat": 0,
        "ColorMatrix": 1,
        "ColorOutputFormat": 0,
        "ColorPrimaries": 1,
        "ColorRange": 0,
        "ColorTransfer": 1,
        "Encoder": "VP9",
        "HardwareDecode": 0,
        "Level": "auto",
        "MultiPass": true,
        "Options": "",
        "PasshtruHDRDynamicMetadata": 6,
        "Preset": "medium",
        "Profile": "auto",
        "Quality": 22.0,
        "Tune": "",
        "Turbo": true
    }
}
[20:47:28] CPU: Intel(R) Xeon(R) W-2135 CPU @ 3.70GHz
[20:47:28]  - logical processor count: 12
[20:47:28] Intel Quick Sync Video support: no
[20:47:28] hb_scan: path=/home/sudar/Downloads/14294208_1080_1920_24fps.mp4, title_index=1
Input #0, mov,mp4,m4a,3gp,3g2,mj2, from '/home/sudar/Downloads/14294208_1080_1920_24fps.mp4':
  Metadata:
    major_brand     : iso5
    minor_version   : 512
    compatible_brands: iso5iso6mp41
    encoder         : Lavf60.16.100
  Duration: 00:00:09.79, start: 0.000000, bitrate: 3895 kb/s
  Stream #0:0[0x1](eng): Video: h264 (High) (avc1 / 0x31637661), yuv420p(tv, bt709, progressive), 1080x1920, 3893 kb/s, 24 fps, 24 tbr, 12288 tbn (default)
      Metadata:
        handler_name    : ?Mainconcept Video Media Handler
        vendor_id       : [0][0][0][0]
        encoder         : Lavc60.31.102 libx264
[20:47:28] scan: decoding previews for title 1
[20:47:29] scan: 10 previews, 1080x1920, 24.000 fps, autocrop = 0/0/0/0, aspect 1:1.78, PAR 1:1, color profile: 1-1-1, chroma location: left
[20:47:29] libhb: scan thread found 1 valid title(s)
[20:47:29] Starting Task: Analysis Pass
[20:47:29] job configuration:
[20:47:29]  * source
[20:47:29]    + /home/sudar/Downloads/14294208_1080_1920_24fps.mp4
[20:47:29]    + title 1, chapter(s) 1 to 1
[20:47:29]    + container: mov,mp4,m4a,3gp,3g2,mj2
[20:47:29]    + data rate: 3895 kbps
[20:47:29]  * destination
[20:47:29]    + /mnt/iMac/DaVinci Resolve/IICAQM/14294208_1080_1920_24fps.mkv
[20:47:29]    + container: Matroska (libavformat)
[20:47:29]  * video track
[20:47:29]    + decoder: h264 8-bit (yuv420p)
[20:47:29]      + bitrate 3893 kbps
[20:47:29]    + filters
[20:47:29]      + Comb Detect (mode=3:spatial-metric=2:motion-thresh=3:spatial-thresh=3:filter-mode=2:block-thresh=40:block-width=16:block-height=16)
[20:47:29]      + Decomb (mode=47)
[20:47:29]      + Framerate Shaper (mode=0)
[20:47:29]        + frame rate: same as source (around 24.000 fps)
[20:47:29]      + Crop and Scale (width=1920:height=1080:crop-top=0:crop-bottom=0:crop-left=0:crop-right=0)
[20:47:29]        + source: 1080 * 1920, crop (0/0/0/0): 1080 * 1920, scale: 1920 * 1080
[20:47:29]      + Pad (color=black:top=0:bottom=0:left=0:right=0)
[20:47:29]    + Output geometry
[20:47:29]      + storage dimensions: 1920 x 1080
[20:47:29]      + pixel aspect ratio: 81 : 256
[20:47:29]      + display dimensions: 607 x 1080
[20:47:29]    + encoder: VP9 (libvpx)
[20:47:29]      + preset:  medium
[20:47:29]      + profile: auto
[20:47:29]      + level:   auto
[20:47:29]      + quality: 22.00 (CQ)
[20:47:29]      + color profile: 1-1-1
[20:47:29]      + color range: tv
[20:47:29]      + chroma location: left
[20:47:29] sync: expecting 235 video frames
[20:47:29] encavcodecInit: VP9 encoder
[20:47:29] encavcodec: encoding at CQ 22.00
[20:47:29] encavcodec: encoding with stored aspect 81/256
[20:47:29] sync: first pts video is 0
[20:47:29] sync: Chapter 1 at frame 1 time 0
[20:47:31] reader: done. 1 scr changes
[20:47:32] work: average encoding speed for job is 0.000000 fps
[20:47:32] comb detect: heavy 2 | light 1 | uncombed 232 | total 235
[20:47:32] decomb: deinterlaced 2 | blended 1 | unfiltered 232 | total 235
[20:47:32] vfr: 235 frames output, 0 dropped
[20:47:32] vfr: lost time: 0 (0 frames)
[20:47:32] vfr: gained time: 0 (0 frames) (0 not accounted for)
[20:47:32] h264-decoder done: 235 frames, 0 decoder errors
[20:47:32] sync: got 235 frames, 235 expected
[20:47:32] sync: framerate min 24.000 fps, max 24.000 fps, avg 24.000 fps
[20:47:32] Starting Task: Encoding Pass
[20:47:32] job configuration:
[20:47:32]  * source
[20:47:32]    + /home/sudar/Downloads/14294208_1080_1920_24fps.mp4
[20:47:32]    + title 1, chapter(s) 1 to 1
[20:47:32]    + container: mov,mp4,m4a,3gp,3g2,mj2
[20:47:32]    + data rate: 3895 kbps
[20:47:32]  * destination
[20:47:32]    + /mnt/iMac/DaVinci Resolve/IICAQM/14294208_1080_1920_24fps.mkv
[20:47:32]    + container: Matroska (libavformat)
[20:47:32]  * video track
[20:47:32]    + decoder: h264 8-bit (yuv420p)
[20:47:32]      + bitrate 3893 kbps
[20:47:32]    + filters
[20:47:32]      + Comb Detect (mode=3:spatial-metric=2:motion-thresh=3:spatial-thresh=3:filter-mode=2:block-thresh=40:block-width=16:block-height=16)
[20:47:32]      + Decomb (mode=47)
[20:47:32]      + Framerate Shaper (mode=0)
[20:47:32]        + frame rate: same as source (around 24.000 fps)
[20:47:32]      + Crop and Scale (width=1920:height=1080:crop-top=0:crop-bottom=0:crop-left=0:crop-right=0)
[20:47:32]        + source: 1080 * 1920, crop (0/0/0/0): 1080 * 1920, scale: 1920 * 1080
[20:47:32]      + Pad (color=black:top=0:bottom=0:left=0:right=0)
[20:47:32]    + Output geometry
[20:47:32]      + storage dimensions: 1920 x 1080
[20:47:32]      + pixel aspect ratio: 81 : 256
[20:47:32]      + display dimensions: 607 x 1080
[20:47:32]    + encoder: VP9 (libvpx)
[20:47:32]      + preset:  medium
[20:47:32]      + profile: auto
[20:47:32]      + level:   auto
[20:47:32]      + quality: 22.00 (CQ)
[20:47:32]      + color profile: 1-1-1
[20:47:32]      + color range: tv
[20:47:32]      + chroma location: left
[20:47:32] sync: expecting 235 video frames
[20:47:32] encavcodecInit: VP9 encoder
[20:47:32] encavcodec: encoding at CQ 22.00
[20:47:32] encavcodec: encoding with stored aspect 81/256
[20:47:32] sync: first pts video is 0
[20:47:32] sync: Chapter 1 at frame 1 time 0
[20:47:50] reader: done. 1 scr changes
[20:48:09] work: average encoding speed for job is 8.833485 fps
[20:48:09] comb detect: heavy 2 | light 1 | uncombed 232 | total 235
[20:48:09] decomb: deinterlaced 2 | blended 1 | unfiltered 232 | total 235
[20:48:09] vfr: 235 frames output, 0 dropped
[20:48:09] vfr: lost time: 0 (0 frames)
[20:48:09] vfr: gained time: 0 (0 frames) (0 not accounted for)
[20:48:09] h264-decoder done: 235 frames, 0 decoder errors
[20:48:09] sync: got 235 frames, 235 expected
[20:48:09] sync: framerate min 24.000 fps, max 24.000 fps, avg 24.000 fps
[20:48:10] mux: track 0, 235 frames, 3723557 bytes, 3029.33 kbps, fifo 256
[20:48:10] Finished work at: Thu Oct 16 20:48:10 2025

[20:48:10] libhb: work result = 0
