Handbrake Version: 20250906052339-dddf75f75-makepkg (2025100401)

(fr.handbrake.ghb:5): GLib-GIO-CRITICAL **: 17:18:23.433: g_bus_watch_name_on_connection: assertion 'G_IS_DBUS_CONNECTION (connection)' failed

(fr.handbrake.ghb:5): GLib-GIO-CRITICAL **: 17:18:23.433: g_dbus_connection_signal_subscribe: assertion 'G_IS_DBUS_CONNECTION (connection)' failed

(fr.handbrake.ghb:5): GLib-GIO-CRITICAL **: 17:18:23.433: g_dbus_connection_call_internal: assertion 'G_IS_DBUS_CONNECTION (connection)' failed
[17:18:23] gtkgui: Modified Custom Preset: /Custom/CPU (With FIlters) (VP9)
[17:18:23] Starting work at: Fri Oct 17 17:18:23 2025

[17:18:23] 1 job(s) to process
[17:18:23] json job:
{
    "Audio": {
        "AudioList": [],
        "CopyMask": [],
        "FallbackEncoder": 0
    },
    "Destination": {
        "AlignAVStart": false,
        "ChapterList": [
            {
                "Duration": {
                    "Hours": 0,
                    "Minutes": 0,
                    "Seconds": 20,
                    "Ticks": 1800000
                },
                "Name": ""
            }
        ],
        "ChapterMarkers": false,
        "File": "/mnt/iMac/DaVinci Resolve/IICAQM/7441821-hd_1920_1080_25fps.mkv",
        "InlineParameterSets": false,
        "Mux": "mkv",
        "Options": {
            "IpodAtom": false,
            "Optimize": false
        }
    },
    "Filters": {
        "FilterList": [
            {
                "ID": 4,
                "Settings": {
                    "block-height": "16",
                    "block-thresh": "40",
                    "block-width": "16",
                    "filter-mode": "2",
                    "mode": "3",
                    "motion-thresh": "3",
                    "spatial-metric": "2",
                    "spatial-thresh": "3"
                }
            },
            {
                "ID": 6,
                "Settings": {
                    "mode": "15"
                }
            },
            {
                "ID": 11,
                "Settings": {
                    "mode": 0
                }
            },
            {
                "ID": 14,
                "Settings": {
                    "cb-frame-count": 2,
                    "cb-origin-tune": 0.8,
                    "cb-patch-size": 7,
                    "cb-prefilter": 0,
                    "cb-range": 3,
                    "cb-strength": 6.0,
                    "y-frame-count": 2,
                    "y-origin-tune": 0.8,
                    "y-patch-size": 7,
                    "y-prefilter": 0,
                    "y-range": 3,
                    "y-strength": 0.0
                }
            },
            {
                "ID": 20,
                "Settings": {
                    "crop-bottom": 0,
                    "crop-left": 0,
                    "crop-right": 0,
                    "crop-top": 0,
                    "height": 1080,
                    "width": 1920
                }
            },
            {
                "ID": 28,
                "Settings": {
                    "bottom": "0",
                    "color": "black",
                    "left": "0",
                    "right": "0",
                    "top": "0"
                }
            }
        ]
    },
    "Metadata": {
        "CreationTime": "2021-04-08T15:14:58.000000Z"
    },
    "PAR": {
        "Den": 1,
        "Num": 1
    },
    "SequenceID": 0,
    "Source": {
        "Angle": 0,
        "HWDecode": 0,
        "KeepDuplicateTitles": false,
        "Path": "/home/sudar/Downloads/7441821-hd_1920_1080_25fps.mp4",
        "Range": {
            "End": 1,
            "Start": 1,
            "Type": "chapter"
        },
        "Title": 5
    },
    "Subtitle": {
        "Search": {
            "Burn": true,
            "Default": false,
            "Enable": false,
            "Forced": false
        },
        "SubtitleList": []
    },
    "Video": {
        "AdapterIndex": -1,
        "AsyncDepth": 0,
        "ChromaLocation": 1,
        "ColorInputFormat": 0,
        "ColorMatrix": 1,
        "ColorOutputFormat": 0,
        "ColorPrimaries": 1,
        "ColorRange": 0,
        "ColorTransfer": 1,
        "Encoder": "VP9",
        "HardwareDecode": 0,
        "Level": "auto",
        "MultiPass": true,
        "Options": "",
        "PasshtruHDRDynamicMetadata": 6,
        "Preset": "medium",
        "Profile": "auto",
        "Quality": 22.0,
        "Tune": "",
        "Turbo": true
    }
}
[17:18:23] CPU: Intel(R) Xeon(R) W-2135 CPU @ 3.70GHz
[17:18:23]  - logical processor count: 12
[17:18:23] Intel Quick Sync Video support: no
[17:18:23] hb_scan: path=/home/sudar/Downloads/7441821-hd_1920_1080_25fps.mp4, title_index=5
Input #0, mov,mp4,m4a,3gp,3g2,mj2, from '/home/sudar/Downloads/7441821-hd_1920_1080_25fps.mp4':
  Metadata:
    major_brand     : mp42
    minor_version   : 0
    compatible_brands: mp42mp41isomavc1
    creation_time   : 2021-04-08T15:14:58.000000Z
  Duration: 00:00:20.00, start: 0.000000, bitrate: 2787 kb/s
  Stream #0:0[0x1](und): Video: h264 (High) (avc1 / 0x31637661), yuv420p(tv, bt709, progressive), 1280x720, 2784 kb/s, 25 fps, 25 tbr, 25 tbn (default)
      Metadata:
        creation_time   : 2021-04-08T15:14:58.000000Z
        handler_name    : L-SMASH Video Handler
        vendor_id       : [0][0][0][0]
        encoder         : AVC Coding
[17:18:23] scan: decoding previews for title 5
[17:18:23] scan: 10 previews, 1280x720, 25.000 fps, autocrop = 0/0/0/0, aspect 16:9, PAR 1:1, color profile: 1-1-1, chroma location: left
[17:18:23] libhb: scan thread found 1 valid title(s)
[17:18:23] Starting Task: Analysis Pass
[17:18:23] NLMeans using SSE2 optimizations
[17:18:23] NLMeans using 12 threads
[17:18:23] job configuration:
[17:18:23]  * source
[17:18:23]    + /home/sudar/Downloads/7441821-hd_1920_1080_25fps.mp4
[17:18:23]    + title 5, chapter(s) 1 to 1
[17:18:23]    + container: mov,mp4,m4a,3gp,3g2,mj2
[17:18:23]    + data rate: 2787 kbps
[17:18:23]  * destination
[17:18:23]    + /mnt/iMac/DaVinci Resolve/IICAQM/7441821-hd_1920_1080_25fps.mkv
[17:18:23]    + container: Matroska (libavformat)
[17:18:23]  * video track
[17:18:23]    + decoder: h264 8-bit (yuv420p)
[17:18:23]      + bitrate 2784 kbps
[17:18:23]    + filters
[17:18:23]      + Comb Detect (mode=3:spatial-metric=2:motion-thresh=3:spatial-thresh=3:filter-mode=2:block-thresh=40:block-width=16:block-height=16)
[17:18:23]      + Decomb (mode=47)
[17:18:23]      + Framerate Shaper (mode=0)
[17:18:23]        + frame rate: same as source (around 25.000 fps)
[17:18:23]      + Denoise (nlmeans) (y-strength=0:y-origin-tune=0.8:y-patch-size=7:y-range=3:y-frame-count=2:y-prefilter=0:cb-strength=6:cb-origin-tune=0.8:cb-patch-size=7:cb-range=3:cb-frame-count=2:cb-prefilter=0)
[17:18:23]      + Crop and Scale (width=1920:height=1080:crop-top=0:crop-bottom=0:crop-left=0:crop-right=0)
[17:18:23]        + source: 1280 * 720, crop (0/0/0/0): 1280 * 720, scale: 1920 * 1080
[17:18:23]      + Pad (color=black:top=0:bottom=0:left=0:right=0)
[17:18:23]    + Output geometry
[17:18:23]      + storage dimensions: 1920 x 1080
[17:18:23]      + pixel aspect ratio: 1 : 1
[17:18:23]      + display dimensions: 1920 x 1080
[17:18:23]    + encoder: VP9 (libvpx)
[17:18:23]      + preset:  medium
[17:18:23]      + profile: auto
[17:18:23]      + level:   auto
[17:18:23]      + quality: 22.00 (CQ)
[17:18:23]      + color profile: 1-1-1
[17:18:23]      + color range: tv
[17:18:23]      + chroma location: left
[17:18:23] sync: expecting 500 video frames
[17:18:23] encavcodecInit: VP9 encoder
[17:18:23] encavcodec: encoding at CQ 22.00
[17:18:23] encavcodec: encoding with stored aspect 1/1
[17:18:23] sync: first pts video is 0
[17:18:23] sync: Chapter 1 at frame 1 time 0
[17:18:31] reader: done. 1 scr changes
[17:18:33] work: average encoding speed for job is 60.798916 fps
[17:18:33] comb detect: heavy 0 | light 28 | uncombed 472 | total 500
[17:18:33] decomb: deinterlaced 0 | blended 28 | unfiltered 472 | total 500
[17:18:33] vfr: 500 frames output, 0 dropped
[17:18:33] vfr: lost time: 0 (0 frames)
[17:18:33] vfr: gained time: 0 (0 frames) (0 not accounted for)
[17:18:33] h264-decoder done: 500 frames, 0 decoder errors
[17:18:33] sync: got 500 frames, 500 expected
[17:18:33] sync: framerate min 25.000 fps, max 25.000 fps, avg 25.000 fps
[17:18:33] Starting Task: Encoding Pass
[17:18:33] NLMeans using SSE2 optimizations
[17:18:33] NLMeans using 12 threads
[17:18:33] job configuration:
[17:18:33]  * source
[17:18:33]    + /home/sudar/Downloads/7441821-hd_1920_1080_25fps.mp4
[17:18:33]    + title 5, chapter(s) 1 to 1
[17:18:33]    + container: mov,mp4,m4a,3gp,3g2,mj2
[17:18:33]    + data rate: 2787 kbps
[17:18:33]  * destination
[17:18:33]    + /mnt/iMac/DaVinci Resolve/IICAQM/7441821-hd_1920_1080_25fps.mkv
[17:18:33]    + container: Matroska (libavformat)
[17:18:33]  * video track
[17:18:33]    + decoder: h264 8-bit (yuv420p)
[17:18:33]      + bitrate 2784 kbps
[17:18:33]    + filters
[17:18:33]      + Comb Detect (mode=3:spatial-metric=2:motion-thresh=3:spatial-thresh=3:filter-mode=2:block-thresh=40:block-width=16:block-height=16)
[17:18:33]      + Decomb (mode=47)
[17:18:33]      + Framerate Shaper (mode=0)
[17:18:33]        + frame rate: same as source (around 25.000 fps)
[17:18:33]      + Denoise (nlmeans) (y-strength=0:y-origin-tune=0.8:y-patch-size=7:y-range=3:y-frame-count=2:y-prefilter=0:cb-strength=6:cb-origin-tune=0.8:cb-patch-size=7:cb-range=3:cb-frame-count=2:cb-prefilter=0)
[17:18:33]      + Crop and Scale (width=1920:height=1080:crop-top=0:crop-bottom=0:crop-left=0:crop-right=0)
[17:18:33]        + source: 1280 * 720, crop (0/0/0/0): 1280 * 720, scale: 1920 * 1080
[17:18:33]      + Pad (color=black:top=0:bottom=0:left=0:right=0)
[17:18:33]    + Output geometry
[17:18:33]      + storage dimensions: 1920 x 1080
[17:18:33]      + pixel aspect ratio: 1 : 1
[17:18:33]      + display dimensions: 1920 x 1080
[17:18:33]    + encoder: VP9 (libvpx)
[17:18:33]      + preset:  medium
[17:18:33]      + profile: auto
[17:18:33]      + level:   auto
[17:18:33]      + quality: 22.00 (CQ)
[17:18:33]      + color profile: 1-1-1
[17:18:33]      + color range: tv
[17:18:33]      + chroma location: left
[17:18:33] sync: expecting 500 video frames
[17:18:33] encavcodecInit: VP9 encoder
[17:18:33] encavcodec: encoding at CQ 22.00
[17:18:33] encavcodec: encoding with stored aspect 1/1
[17:18:33] sync: first pts video is 0
[17:18:33] sync: Chapter 1 at frame 1 time 0
[17:20:03] reader: done. 1 scr changes
[17:20:42] work: average encoding speed for job is 4.750952 fps
[17:20:43] comb detect: heavy 0 | light 28 | uncombed 472 | total 500
[17:20:43] decomb: deinterlaced 0 | blended 28 | unfiltered 472 | total 500
[17:20:43] vfr: 500 frames output, 0 dropped
[17:20:43] vfr: lost time: 0 (0 frames)
[17:20:43] vfr: gained time: 0 (0 frames) (0 not accounted for)
[17:20:43] h264-decoder done: 500 frames, 0 decoder errors
[17:20:43] sync: got 500 frames, 500 expected
[17:20:43] sync: framerate min 25.000 fps, max 25.000 fps, avg 25.000 fps
[17:20:44] mux: track 0, 500 frames, 17770895 bytes, 7094.17 kbps, fifo 512
[17:20:44] Finished work at: Fri Oct 17 17:20:44 2025

[17:20:44] libhb: work result = 0
