Handbrake Version: 20250906052339-dddf75f75-makepkg (2025100401)

(fr.handbrake.ghb:5): GLib-GIO-CRITICAL **: 17:15:16.131: g_bus_watch_name_on_connection: assertion 'G_IS_DBUS_CONNECTION (connection)' failed

(fr.handbrake.ghb:5): GLib-GIO-CRITICAL **: 17:15:16.131: g_dbus_connection_signal_subscribe: assertion 'G_IS_DBUS_CONNECTION (connection)' failed

(fr.handbrake.ghb:5): GLib-GIO-CRITICAL **: 17:15:16.131: g_dbus_connection_call_internal: assertion 'G_IS_DBUS_CONNECTION (connection)' failed
[17:15:16] gtkgui: Modified Custom Preset: /Custom/CPU (With FIlters) (VP9)
[17:15:16] Starting work at: Fri Oct 17 17:15:16 2025

[17:15:16] 1 job(s) to process
[17:15:16] json job:
{
    "Audio": {
        "AudioList": [
            {
                "Bitrate": 160,
                "CompressionLevel": -1.0,
                "DRC": 0.0,
                "DitherMethod": "auto",
                "Encoder": "av_aac",
                "Gain": 0.0,
                "Mixdown": "stereo",
                "Name": "Stereo",
                "NormalizeMixLevel": false,
                "PresetEncoder": "av_aac",
                "Quality": -3.0,
                "Samplerate": 0,
                "Track": 0
            }
        ],
        "CopyMask": [
            "copy:aac"
        ],
        "FallbackEncoder": "av_aac"
    },
    "Destination": {
        "AlignAVStart": false,
        "ChapterList": [
            {
                "Duration": {
                    "Hours": 0,
                    "Minutes": 0,
                    "Seconds": 8,
                    "Ticks": 733349
                },
                "Name": ""
            }
        ],
        "ChapterMarkers": false,
        "File": "/mnt/iMac/DaVinci Resolve/IICAQM/3931628-hd_1920_1080_30fps.mkv",
        "InlineParameterSets": false,
        "Mux": "mkv",
        "Options": {
            "IpodAtom": false,
            "Optimize": false
        }
    },
    "Filters": {
        "FilterList": [
            {
                "ID": 4,
                "Settings": {
                    "block-height": "16",
                    "block-thresh": "40",
                    "block-width": "16",
                    "filter-mode": "2",
                    "mode": "3",
                    "motion-thresh": "3",
                    "spatial-metric": "2",
                    "spatial-thresh": "3"
                }
            },
            {
                "ID": 6,
                "Settings": {
                    "mode": "15"
                }
            },
            {
                "ID": 11,
                "Settings": {
                    "mode": 0
                }
            },
            {
                "ID": 14,
                "Settings": {
                    "cb-frame-count": 2,
                    "cb-origin-tune": 0.8,
                    "cb-patch-size": 7,
                    "cb-prefilter": 0,
                    "cb-range": 3,
                    "cb-strength": 6.0,
                    "y-frame-count": 2,
                    "y-origin-tune": 0.8,
                    "y-patch-size": 7,
                    "y-prefilter": 0,
                    "y-range": 3,
                    "y-strength": 0.0
                }
            },
            {
                "ID": 20,
                "Settings": {
                    "crop-bottom": 0,
                    "crop-left": 0,
                    "crop-right": 0,
                    "crop-top": 0,
                    "height": 1080,
                    "width": 1920
                }
            },
            {
                "ID": 28,
                "Settings": {
                    "bottom": "0",
                    "color": "black",
                    "left": "0",
                    "right": "0",
                    "top": "0"
                }
            }
        ]
    },
    "Metadata": {
        "CreationTime": "2020-03-14T12:37:33.000000Z"
    },
    "PAR": {
        "Den": 1,
        "Num": 1
    },
    "SequenceID": 0,
    "Source": {
        "Angle": 0,
        "HWDecode": 0,
        "KeepDuplicateTitles": false,
        "Path": "/home/sudar/Downloads/3931628-hd_1920_1080_30fps.mp4",
        "Range": {
            "End": 1,
            "Start": 1,
            "Type": "chapter"
        },
        "Title": 3
    },
    "Subtitle": {
        "Search": {
            "Burn": true,
            "Default": false,
            "Enable": false,
            "Forced": false
        },
        "SubtitleList": []
    },
    "Video": {
        "AdapterIndex": -1,
        "AsyncDepth": 0,
        "ChromaLocation": 1,
        "ColorInputFormat": 0,
        "ColorMatrix": 1,
        "ColorOutputFormat": 0,
        "ColorPrimaries": 1,
        "ColorRange": 0,
        "ColorTransfer": 1,
        "Encoder": "VP9",
        "HardwareDecode": 0,
        "Level": "auto",
        "MultiPass": true,
        "Options": "",
        "PasshtruHDRDynamicMetadata": 6,
        "Preset": "medium",
        "Profile": "auto",
        "Quality": 22.0,
        "Tune": "",
        "Turbo": true
    }
}
[17:15:16] CPU: Intel(R) Xeon(R) W-2135 CPU @ 3.70GHz
[17:15:16]  - logical processor count: 12
[17:15:16] Intel Quick Sync Video support: no
[17:15:16] hb_scan: path=/home/sudar/Downloads/3931628-hd_1920_1080_30fps.mp4, title_index=3
Input #0, mov,mp4,m4a,3gp,3g2,mj2, from '/home/sudar/Downloads/3931628-hd_1920_1080_30fps.mp4':
  Metadata:
    major_brand     : mp42
    minor_version   : 0
    compatible_brands: mp42mp41isomavc1
    creation_time   : 2020-03-14T12:37:33.000000Z
  Duration: 00:00:08.15, start: 0.000000, bitrate: 5035 kb/s
  Stream #0:0[0x1](und): Video: h264 (High) (avc1 / 0x31637661), yuv420p(tv, bt709, progressive), 1920x1080, 4779 kb/s, 29.97 fps, 29.97 tbr, 30k tbn (default)
      Metadata:
        creation_time   : 2020-03-14T12:37:33.000000Z
        handler_name    : L-SMASH Video Handler
        vendor_id       : [0][0][0][0]
        encoder         : AVC Coding
  Stream #0:1[0x2](und): Audio: aac (LC) (mp4a / 0x6134706D), 48000 Hz, stereo, fltp, 253 kb/s (default)
      Metadata:
        creation_time   : 2020-03-14T12:37:33.000000Z
        handler_name    : L-SMASH Audio Handler
        vendor_id       : [0][0][0][0]
[17:15:16] scan: decoding previews for title 3
[17:15:16] scan: audio 0x1: aac, rate=48000Hz, bitrate=253375 Unknown (AAC LC, 2.0 ch, 253 kbps)
[17:15:16] scan: 10 previews, 1920x1080, 29.975 fps, autocrop = 0/0/0/0, aspect 16:9, PAR 1:1, color profile: 1-1-1, chroma location: left
[17:15:16] libhb: scan thread found 1 valid title(s)
[17:15:16] Starting Task: Analysis Pass
[17:15:16] work: skipping crop/scale filter
[17:15:16] NLMeans using SSE2 optimizations
[17:15:16] NLMeans using 12 threads
[17:15:16] job configuration:
[17:15:16]  * source
[17:15:16]    + /home/sudar/Downloads/3931628-hd_1920_1080_30fps.mp4
[17:15:16]    + title 3, chapter(s) 1 to 1
[17:15:16]    + container: mov,mp4,m4a,3gp,3g2,mj2
[17:15:16]    + data rate: 5035 kbps
[17:15:16]  * destination
[17:15:16]    + /mnt/iMac/DaVinci Resolve/IICAQM/3931628-hd_1920_1080_30fps.mkv
[17:15:16]    + container: Matroska (libavformat)
[17:15:16]  * video track
[17:15:16]    + decoder: h264 8-bit (yuv420p)
[17:15:16]      + bitrate 4779 kbps
[17:15:16]    + filters
[17:15:16]      + Comb Detect (mode=3:spatial-metric=2:motion-thresh=3:spatial-thresh=3:filter-mode=2:block-thresh=40:block-width=16:block-height=16)
[17:15:16]      + Decomb (mode=47)
[17:15:16]      + Framerate Shaper (mode=0)
[17:15:16]        + frame rate: same as source (around 29.975 fps)
[17:15:16]      + Denoise (nlmeans) (y-strength=0:y-origin-tune=0.8:y-patch-size=7:y-range=3:y-frame-count=2:y-prefilter=0:cb-strength=6:cb-origin-tune=0.8:cb-patch-size=7:cb-range=3:cb-frame-count=2:cb-prefilter=0)
[17:15:16]      + Pad (color=black:top=0:bottom=0:left=0:right=0)
[17:15:16]    + Output geometry
[17:15:16]      + storage dimensions: 1920 x 1080
[17:15:16]      + pixel aspect ratio: 1 : 1
[17:15:16]      + display dimensions: 1920 x 1080
[17:15:16]    + encoder: VP9 (libvpx)
[17:15:16]      + preset:  medium
[17:15:16]      + profile: auto
[17:15:16]      + level:   auto
[17:15:16]      + quality: 22.00 (CQ)
[17:15:16]      + color profile: 1-1-1
[17:15:16]      + color range: tv
[17:15:16]      + chroma location: left
[17:15:16]  * audio track 1
[17:15:16]    + name: Stereo
[17:15:16]    + decoder: Unknown (AAC LC, 2.0 ch, 253 kbps) (track 1, id 0x1)
[17:15:16]      + bitrate: 253 kbps, samplerate: 48000 Hz
[17:15:16]    + mixdown: Stereo
[17:15:16]    + encoder: AAC (libavcodec)
[17:15:16]      + bitrate: 160 kbps, samplerate: 48000 Hz
[17:15:16] sync: expecting 244 video frames
[17:15:16] encavcodecInit: VP9 encoder
[17:15:16] encavcodec: truncating framerate 27000000 / 900737
[17:15:16] encavcodec: encoding at CQ 22.00
[17:15:16] encavcodec: encoding with stored aspect 1/1
[17:15:17] sync: first pts video is 0
[17:15:17] sync: Chapter 1 at frame 1 time 0
[17:15:17] sync: first pts audio 0x1 is 0
[17:15:20] reader: done. 1 scr changes
[17:15:24] work: average encoding speed for job is 44.817928 fps
[17:15:24] comb detect: heavy 0 | light 0 | uncombed 244 | total 244
[17:15:24] decomb: deinterlaced 0 | blended 0 | unfiltered 244 | total 244
[17:15:24] vfr: 244 frames output, 0 dropped
[17:15:24] vfr: lost time: 0 (0 frames)
[17:15:24] vfr: gained time: 0 (0 frames) (0 not accounted for)
[17:15:24] aac-decoder done: 382 frames, 0 decoder errors
[17:15:24] h264-decoder done: 244 frames, 0 decoder errors
[17:15:24] sync: got 244 frames, 244 expected
[17:15:24] sync: framerate min 29.975 fps, max 29.975 fps, avg 29.975 fps
[17:15:24] Starting Task: Encoding Pass
[17:15:24] work: skipping crop/scale filter
[17:15:24] NLMeans using SSE2 optimizations
[17:15:24] NLMeans using 12 threads
[17:15:24] job configuration:
[17:15:24]  * source
[17:15:24]    + /home/sudar/Downloads/3931628-hd_1920_1080_30fps.mp4
[17:15:24]    + title 3, chapter(s) 1 to 1
[17:15:24]    + container: mov,mp4,m4a,3gp,3g2,mj2
[17:15:24]    + data rate: 5035 kbps
[17:15:24]  * destination
[17:15:24]    + /mnt/iMac/DaVinci Resolve/IICAQM/3931628-hd_1920_1080_30fps.mkv
[17:15:24]    + container: Matroska (libavformat)
[17:15:24]  * video track
[17:15:24]    + decoder: h264 8-bit (yuv420p)
[17:15:24]      + bitrate 4779 kbps
[17:15:24]    + filters
[17:15:24]      + Comb Detect (mode=3:spatial-metric=2:motion-thresh=3:spatial-thresh=3:filter-mode=2:block-thresh=40:block-width=16:block-height=16)
[17:15:24]      + Decomb (mode=47)
[17:15:24]      + Framerate Shaper (mode=0)
[17:15:24]        + frame rate: same as source (around 29.975 fps)
[17:15:24]      + Denoise (nlmeans) (y-strength=0:y-origin-tune=0.8:y-patch-size=7:y-range=3:y-frame-count=2:y-prefilter=0:cb-strength=6:cb-origin-tune=0.8:cb-patch-size=7:cb-range=3:cb-frame-count=2:cb-prefilter=0)
[17:15:24]      + Pad (color=black:top=0:bottom=0:left=0:right=0)
[17:15:24]    + Output geometry
[17:15:24]      + storage dimensions: 1920 x 1080
[17:15:24]      + pixel aspect ratio: 1 : 1
[17:15:24]      + display dimensions: 1920 x 1080
[17:15:24]    + encoder: VP9 (libvpx)
[17:15:24]      + preset:  medium
[17:15:24]      + profile: auto
[17:15:24]      + level:   auto
[17:15:24]      + quality: 22.00 (CQ)
[17:15:24]      + color profile: 1-1-1
[17:15:24]      + color range: tv
[17:15:24]      + chroma location: left
[17:15:24]  * audio track 1
[17:15:24]    + name: Stereo
[17:15:24]    + decoder: Unknown (AAC LC, 2.0 ch, 253 kbps) (track 1, id 0x1)
[17:15:24]      + bitrate: 253 kbps, samplerate: 48000 Hz
[17:15:24]    + mixdown: Stereo
[17:15:24]    + encoder: AAC (libavcodec)
[17:15:24]      + bitrate: 160 kbps, samplerate: 48000 Hz
[17:15:24] sync: expecting 244 video frames
[17:15:24] encavcodecInit: VP9 encoder
[17:15:24] encavcodec: encoding at CQ 22.00
[17:15:24] encavcodec: encoding with stored aspect 1/1
[17:15:24] sync: first pts video is 0
[17:15:24] sync: Chapter 1 at frame 1 time 0
[17:15:24] sync: first pts audio 0x1 is 0
[17:15:45] reader: done. 1 scr changes
[17:16:15] work: average encoding speed for job is 7.629153 fps
[17:16:15] comb detect: heavy 0 | light 0 | uncombed 244 | total 244
[17:16:15] decomb: deinterlaced 0 | blended 0 | unfiltered 244 | total 244
[17:16:15] vfr: 244 frames output, 0 dropped
[17:16:15] vfr: lost time: 0 (0 frames)
[17:16:15] vfr: gained time: 0 (0 frames) (0 not accounted for)
[17:16:15] aac-decoder done: 382 frames, 0 decoder errors
[17:16:15] h264-decoder done: 244 frames, 0 decoder errors
[17:16:15] sync: got 244 frames, 244 expected
[17:16:15] sync: framerate min 29.975 fps, max 29.975 fps, avg 29.975 fps
[17:16:16] mux: track 0, 244 frames, 6611787 bytes, 6470.38 kbps, fifo 256
[17:16:16] mux: track 1, 383 frames, 2332 bytes, 2.28 kbps, fifo 512
[17:16:16] Finished work at: Fri Oct 17 17:16:16 2025

[17:16:16] libhb: work result = 0
