Handbrake Version: 20250906052339-dddf75f75-makepkg (2025100401)
[18:47:48] gtkgui: Modified Custom Preset: /Custom/NVENC (No Filters)
[18:47:48] Starting work at: Mon Oct  6 18:47:48 2025

[18:47:48] 1 job(s) to process
[18:47:48] json job:
{
    "Audio": {
        "AudioList": [],
        "CopyMask": [],
        "FallbackEncoder": 0
    },
    "Destination": {
        "AlignAVStart": true,
        "ChapterList": [
            {
                "Duration": {
                    "Hours": 0,
                    "Minutes": 7,
                    "Seconds": 56,
                    "Ticks": 42800760
                },
                "Name": "We Found a Loophole to Survive the End of the Universe"
            },
            {
                "Duration": {
                    "Hours": 0,
                    "Minutes": 0,
                    "Seconds": 1,
                    "Ticks": 90000
                },
                "Name": "[SponsorBlock]: Highlight"
            },
            {
                "Duration": {
                    "Hours": 0,
                    "Minutes": 2,
                    "Seconds": 42,
                    "Ticks": 14605558
                },
                "Name": "We Found a Loophole to Survive the End of the Universe"
            }
        ],
        "ChapterMarkers": true,
        "File": "/home/sudar/Videos/HandBrake/AV1.mp4",
        "InlineParameterSets": false,
        "Mux": "m4v",
        "Options": {
            "IpodAtom": false,
            "Optimize": true
        }
    },
    "Filters": {
        "FilterList": [
            {
                "ID": 11,
                "Settings": {
                    "mode": 0
                }
            },
            {
                "ID": 20,
                "Settings": {
                    "crop-bottom": 0,
                    "crop-left": 0,
                    "crop-right": 0,
                    "crop-top": 0,
                    "height": 1080,
                    "width": 1920
                }
            },
            {
                "ID": 28,
                "Settings": {
                    "bottom": "0",
                    "color": "black",
                    "left": "0",
                    "right": "0",
                    "top": "0"
                }
            }
        ]
    },
    "Metadata": {},
    "PAR": {
        "Den": 1,
        "Num": 1
    },
    "SequenceID": 0,
    "Source": {
        "Angle": 0,
        "HWDecode": 0,
        "KeepDuplicateTitles": false,
        "Path": "/home/sudar/Videos/YouTube/AV1.mp4",
        "Range": {
            "End": 3,
            "Start": 1,
            "Type": "chapter"
        },
        "Title": 1
    },
    "Subtitle": {
        "Search": {
            "Burn": true,
            "Default": false,
            "Enable": false,
            "Forced": false
        },
        "SubtitleList": []
    },
    "Video": {
        "AdapterIndex": -1,
        "AsyncDepth": 0,
        "ChromaLocation": 0,
        "ColorInputFormat": 0,
        "ColorMatrix": 1,
        "ColorOutputFormat": 0,
        "ColorPrimaries": 1,
        "ColorRange": 0,
        "ColorTransfer": 1,
        "Encoder": "mpeg4",
        "HardwareDecode": 0,
        "Level": "auto",
        "MultiPass": false,
        "Options": "",
        "PasshtruHDRDynamicMetadata": 6,
        "Preset": "auto",
        "Profile": "auto",
        "Quality": 31.0,
        "Tune": "",
        "Turbo": false
    }
}
[18:47:48] CPU: Intel(R) Xeon(R) W-2135 CPU @ 3.70GHz
[18:47:48]  - logical processor count: 12
[18:47:48] Intel Quick Sync Video support: no
[18:47:48] hb_scan: path=/home/sudar/Videos/YouTube/AV1.mp4, title_index=1
Input #0, mov,mp4,m4a,3gp,3g2,mj2, from '/home/sudar/Videos/YouTube/AV1.mp4':
  Metadata:
    major_brand     : isom
    minor_version   : 512
    compatible_brands: isomav01iso2mp41
    encoder         : Lavf61.7.100
  Duration: 00:10:38.85, start: 0.000000, bitrate: 56 kb/s
  Chapters:
    Chapter #0:0: start 0.000000, end 475.564000
      Metadata:
        title           : We Found a Loophole to Survive the End of the Universe
    Chapter #0:1: start 475.564000, end 476.564000
      Metadata:
        title           : [SponsorBlock]: Highlight
    Chapter #0:2: start 476.564000, end 638.834000
      Metadata:
        title           : We Found a Loophole to Survive the End of the Universe
  Stream #0:0[0x1](und): Video: av1 (libdav1d) (Main) (av01 / 0x31307661), yuv420p(tv, bt709), 256x144, 55 kb/s, 30 fps, 30 tbr, 15360 tbn (default)
      Metadata:
        handler_name    : ISO Media file produced by Google Inc.
        vendor_id       : [0][0][0][0]
  Stream #0:1[0x2](eng): Data: bin_data (text / 0x74786574), 0 kb/s
      Metadata:
        handler_name    : SubtitleHandler
[18:47:48] scan: decoding previews for title 1
[18:47:48] using bitstream PAR 1:1
[18:47:48] scan: 10 previews, 256x144, 30.000 fps, autocrop = 0/0/0/0, aspect 16:9, PAR 1:1, color profile: 1-1-1, chroma location: unspecified
[18:47:48] libhb: scan thread found 1 valid title(s)
[18:47:48] Starting Task: Encoding Pass
[18:47:48] job configuration:
[18:47:48]  * source
[18:47:48]    + /home/sudar/Videos/YouTube/AV1.mp4
[18:47:48]    + title 1, chapter(s) 1 to 3
[18:47:48]    + container: mov,mp4,m4a,3gp,3g2,mj2
[18:47:48]    + data rate: 56 kbps
[18:47:48]  * destination
[18:47:48]    + /home/sudar/Videos/HandBrake/AV1.mp4
[18:47:48]    + container: MPEG-4 (libavformat)
[18:47:48]      + optimized for HTTP streaming (fast start)
[18:47:48]      + align initial A/V stream timestamps
[18:47:48]      + chapter markers
[18:47:48]  * video track
[18:47:48]    + decoder: av1 8-bit (yuv420p)
[18:47:48]      + bitrate 55 kbps
[18:47:48]    + filters
[18:47:48]      + Framerate Shaper (mode=0)
[18:47:48]        + frame rate: same as source (around 30.000 fps)
[18:47:48]      + Crop and Scale (width=1920:height=1080:crop-top=0:crop-bottom=0:crop-left=0:crop-right=0)
[18:47:48]        + source: 256 * 144, crop (0/0/0/0): 256 * 144, scale: 1920 * 1080
[18:47:48]      + Pad (color=black:top=0:bottom=0:left=0:right=0)
[18:47:48]    + Output geometry
[18:47:48]      + storage dimensions: 1920 x 1080
[18:47:48]      + pixel aspect ratio: 1 : 1
[18:47:48]      + display dimensions: 1920 x 1080
[18:47:48]    + encoder: MPEG-4 (libavcodec)
[18:47:48]      + preset:  auto
[18:47:48]      + profile: auto
[18:47:48]      + level:   auto
[18:47:48]      + quality: 31.00 (QP)
[18:47:48]      + color profile: 1-1-1
[18:47:48]      + color range: tv
[18:47:48]      + chroma location: unspecified
[18:47:48] sync: expecting 19165 video frames
[18:47:48] encavcodecInit: MPEG-4 ASP encoder
[18:47:48] encavcodec: encoding at constant quantizer 3658
[18:47:48] encavcodec: encoding with stored aspect 1/1
[18:47:48] sync: first pts video is 0
[18:47:48] sync: "We Found a Loophole to Survive the End of the Universe" (1) at frame 1 time 0
[18:47:54] work: average encoding speed for job is 463.474426 fps
[18:47:55] vfr: 2994 frames output, 0 dropped
[18:47:55] vfr: lost time: 0 (0 frames)
[18:47:55] vfr: gained time: 0 (0 frames) (0 not accounted for)
[18:47:55] libdav1d-decoder done: 3040 frames, 0 decoder errors
[18:47:55] sync: got 3002 frames, 19165 expected
[18:47:55] sync: framerate min 30.000 fps, max 30.000 fps, avg 30.000 fps
[18:47:55] mux: track 0, 2984 frames, 32328609 bytes, 2599.29 kbps, fifo 2048
[18:47:55] Finished work at: Mon Oct  6 18:47:55 2025

[18:47:55] libhb: work result = 1
