Handbrake Version: 20250906052339-dddf75f75-makepkg (2025100401)

(fr.handbrake.ghb:5): GLib-GIO-CRITICAL **: 18:07:55.459: g_bus_watch_name_on_connection: assertion 'G_IS_DBUS_CONNECTION (connection)' failed

(fr.handbrake.ghb:5): GLib-GIO-CRITICAL **: 18:07:55.459: g_dbus_connection_signal_subscribe: assertion 'G_IS_DBUS_CONNECTION (connection)' failed

(fr.handbrake.ghb:5): GLib-GIO-CRITICAL **: 18:07:55.459: g_dbus_connection_call_internal: assertion 'G_IS_DBUS_CONNECTION (connection)' failed
[18:07:55] gtkgui: Modified Custom Preset: /Custom/CPU (With FIlters) (VP9)
[18:07:55] Starting work at: Fri Oct 17 18:07:55 2025

[18:07:55] 1 job(s) to process
[18:07:55] json job:
{
    "Audio": {
        "AudioList": [],
        "CopyMask": [],
        "FallbackEncoder": 0
    },
    "Destination": {
        "AlignAVStart": false,
        "ChapterList": [
            {
                "Duration": {
                    "Hours": 0,
                    "Minutes": 0,
                    "Seconds": 32,
                    "Ticks": 2912400
                },
                "Name": ""
            }
        ],
        "ChapterMarkers": false,
        "File": "/mnt/iMac/DaVinci Resolve/IICAQM/856478-hd_2048_1080_25fps (1).mkv",
        "InlineParameterSets": false,
        "Mux": "mkv",
        "Options": {
            "IpodAtom": false,
            "Optimize": false
        }
    },
    "Filters": {
        "FilterList": [
            {
                "ID": 4,
                "Settings": {
                    "block-height": "16",
                    "block-thresh": "40",
                    "block-width": "16",
                    "filter-mode": "2",
                    "mode": "3",
                    "motion-thresh": "3",
                    "spatial-metric": "2",
                    "spatial-thresh": "3"
                }
            },
            {
                "ID": 6,
                "Settings": {
                    "mode": "15"
                }
            },
            {
                "ID": 11,
                "Settings": {
                    "mode": 0
                }
            },
            {
                "ID": 20,
                "Settings": {
                    "crop-bottom": 0,
                    "crop-left": 0,
                    "crop-right": 0,
                    "crop-top": 0,
                    "height": 1080,
                    "width": 1920
                }
            },
            {
                "ID": 28,
                "Settings": {
                    "bottom": "0",
                    "color": "black",
                    "left": "0",
                    "right": "0",
                    "top": "0"
                }
            }
        ]
    },
    "Metadata": {
        "CreationTime": "2017-06-12T04:12:27.000000Z"
    },
    "PAR": {
        "Den": 15,
        "Num": 16
    },
    "SequenceID": 0,
    "Source": {
        "Angle": 0,
        "HWDecode": 0,
        "KeepDuplicateTitles": false,
        "Path": "/home/sudar/Downloads/856478-hd_2048_1080_25fps.mp4",
        "Range": {
            "End": 1,
            "Start": 1,
            "Type": "chapter"
        },
        "Title": 3
    },
    "Subtitle": {
        "Search": {
            "Burn": true,
            "Default": false,
            "Enable": false,
            "Forced": false
        },
        "SubtitleList": []
    },
    "Video": {
        "AdapterIndex": -1,
        "AsyncDepth": 0,
        "ChromaLocation": 1,
        "ColorInputFormat": 0,
        "ColorMatrix": 1,
        "ColorOutputFormat": 0,
        "ColorPrimaries": 1,
        "ColorRange": 0,
        "ColorTransfer": 1,
        "Encoder": "VP9",
        "HardwareDecode": 0,
        "Level": "auto",
        "MultiPass": true,
        "Options": "",
        "PasshtruHDRDynamicMetadata": 6,
        "Preset": "medium",
        "Profile": "auto",
        "Quality": 22.0,
        "Tune": "",
        "Turbo": true
    }
}
[18:07:55] CPU: Intel(R) Xeon(R) W-2135 CPU @ 3.70GHz
[18:07:55]  - logical processor count: 12
[18:07:55] Intel Quick Sync Video support: no
[18:07:55] hb_scan: path=/home/sudar/Downloads/856478-hd_2048_1080_25fps.mp4, title_index=3
Input #0, mov,mp4,m4a,3gp,3g2,mj2, from '/home/sudar/Downloads/856478-hd_2048_1080_25fps.mp4':
  Metadata:
    major_brand     : mp42
    minor_version   : 0
    compatible_brands: mp42mp41isomavc1
    creation_time   : 2017-06-12T04:12:27.000000Z
  Duration: 00:00:32.36, start: 0.000000, bitrate: 4473 kb/s
  Stream #0:0[0x1](und): Video: h264 (High) (avc1 / 0x31637661), yuv420p(tv, bt709, progressive), 2048x1080 [SAR 1:1 DAR 256:135], 4470 kb/s, 25 fps, 25 tbr, 25 tbn (default)
      Metadata:
        creation_time   : 2017-06-12T04:12:27.000000Z
        handler_name    : L-SMASH Video Handler
        vendor_id       : [0][0][0][0]
        encoder         : AVC Coding
[18:07:55] scan: decoding previews for title 3
[18:07:56] using container PAR 1:1
[18:07:56] scan: 10 previews, 2048x1080, 25.000 fps, autocrop = 0/0/0/0, aspect 1.90:1, PAR 1:1, color profile: 1-1-1, chroma location: left
[18:07:56] libhb: scan thread found 1 valid title(s)
[18:07:56] Starting Task: Analysis Pass
[18:07:56] job configuration:
[18:07:56]  * source
[18:07:56]    + /home/sudar/Downloads/856478-hd_2048_1080_25fps.mp4
[18:07:56]    + title 3, chapter(s) 1 to 1
[18:07:56]    + container: mov,mp4,m4a,3gp,3g2,mj2
[18:07:56]    + data rate: 4473 kbps
[18:07:56]  * destination
[18:07:56]    + /mnt/iMac/DaVinci Resolve/IICAQM/856478-hd_2048_1080_25fps (1).mkv
[18:07:56]    + container: Matroska (libavformat)
[18:07:56]  * video track
[18:07:56]    + decoder: h264 8-bit (yuv420p)
[18:07:56]      + bitrate 4470 kbps
[18:07:56]    + filters
[18:07:56]      + Comb Detect (mode=3:spatial-metric=2:motion-thresh=3:spatial-thresh=3:filter-mode=2:block-thresh=40:block-width=16:block-height=16)
[18:07:56]      + Decomb (mode=47)
[18:07:56]      + Framerate Shaper (mode=0)
[18:07:56]        + frame rate: same as source (around 25.000 fps)
[18:07:56]      + Crop and Scale (width=1920:height=1080:crop-top=0:crop-bottom=0:crop-left=0:crop-right=0)
[18:07:56]        + source: 2048 * 1080, crop (0/0/0/0): 2048 * 1080, scale: 1920 * 1080
[18:07:56]      + Pad (color=black:top=0:bottom=0:left=0:right=0)
[18:07:56]    + Output geometry
[18:07:56]      + storage dimensions: 1920 x 1080
[18:07:56]      + pixel aspect ratio: 16 : 15
[18:07:56]      + display dimensions: 2048 x 1080
[18:07:56]    + encoder: VP9 (libvpx)
[18:07:56]      + preset:  medium
[18:07:56]      + profile: auto
[18:07:56]      + level:   auto
[18:07:56]      + quality: 22.00 (CQ)
[18:07:56]      + color profile: 1-1-1
[18:07:56]      + color range: tv
[18:07:56]      + chroma location: left
[18:07:56] sync: expecting 809 video frames
[18:07:56] encavcodecInit: VP9 encoder
[18:07:56] encavcodec: encoding at CQ 22.00
[18:07:56] encavcodec: encoding with stored aspect 16/15
[18:07:56] sync: first pts video is 0
[18:07:56] sync: Chapter 1 at frame 1 time 0
[18:08:04] reader: done. 1 scr changes
[18:08:05] work: average encoding speed for job is 92.990715 fps
[18:08:05] comb detect: heavy 0 | light 0 | uncombed 809 | total 809
[18:08:05] decomb: deinterlaced 0 | blended 0 | unfiltered 809 | total 809
[18:08:05] vfr: 809 frames output, 0 dropped
[18:08:05] vfr: lost time: 0 (0 frames)
[18:08:05] vfr: gained time: 0 (0 frames) (0 not accounted for)
[18:08:05] h264-decoder done: 809 frames, 0 decoder errors
[18:08:05] sync: got 809 frames, 809 expected
[18:08:05] sync: framerate min 25.000 fps, max 25.000 fps, avg 25.000 fps
[18:08:05] Starting Task: Encoding Pass
[18:08:05] job configuration:
[18:08:05]  * source
[18:08:05]    + /home/sudar/Downloads/856478-hd_2048_1080_25fps.mp4
[18:08:05]    + title 3, chapter(s) 1 to 1
[18:08:05]    + container: mov,mp4,m4a,3gp,3g2,mj2
[18:08:05]    + data rate: 4473 kbps
[18:08:05]  * destination
[18:08:05]    + /mnt/iMac/DaVinci Resolve/IICAQM/856478-hd_2048_1080_25fps (1).mkv
[18:08:05]    + container: Matroska (libavformat)
[18:08:05]  * video track
[18:08:05]    + decoder: h264 8-bit (yuv420p)
[18:08:05]      + bitrate 4470 kbps
[18:08:05]    + filters
[18:08:05]      + Comb Detect (mode=3:spatial-metric=2:motion-thresh=3:spatial-thresh=3:filter-mode=2:block-thresh=40:block-width=16:block-height=16)
[18:08:05]      + Decomb (mode=47)
[18:08:05]      + Framerate Shaper (mode=0)
[18:08:05]        + frame rate: same as source (around 25.000 fps)
[18:08:05]      + Crop and Scale (width=1920:height=1080:crop-top=0:crop-bottom=0:crop-left=0:crop-right=0)
[18:08:05]        + source: 2048 * 1080, crop (0/0/0/0): 2048 * 1080, scale: 1920 * 1080
[18:08:05]      + Pad (color=black:top=0:bottom=0:left=0:right=0)
[18:08:05]    + Output geometry
[18:08:05]      + storage dimensions: 1920 x 1080
[18:08:05]      + pixel aspect ratio: 16 : 15
[18:08:05]      + display dimensions: 2048 x 1080
[18:08:05]    + encoder: VP9 (libvpx)
[18:08:05]      + preset:  medium
[18:08:05]      + profile: auto
[18:08:05]      + level:   auto
[18:08:05]      + quality: 22.00 (CQ)
[18:08:05]      + color profile: 1-1-1
[18:08:05]      + color range: tv
[18:08:05]      + chroma location: left
[18:08:05] sync: expecting 809 video frames
[18:08:05] encavcodecInit: VP9 encoder
[18:08:05] encavcodec: encoding at CQ 22.00
[18:08:05] encavcodec: encoding with stored aspect 16/15
[18:08:05] sync: first pts video is 0
[18:08:05] sync: Chapter 1 at frame 1 time 0
[18:10:48] reader: done. 1 scr changes
[18:11:18] work: average encoding speed for job is 4.574816 fps
[18:11:18] comb detect: heavy 0 | light 0 | uncombed 809 | total 809
[18:11:18] decomb: deinterlaced 0 | blended 0 | unfiltered 809 | total 809
[18:11:18] vfr: 809 frames output, 0 dropped
[18:11:18] vfr: lost time: 0 (0 frames)
[18:11:18] vfr: gained time: 0 (0 frames) (0 not accounted for)
[18:11:18] h264-decoder done: 809 frames, 0 decoder errors
[18:11:18] sync: got 809 frames, 809 expected
[18:11:18] sync: framerate min 25.000 fps, max 25.000 fps, avg 25.000 fps
[18:11:20] mux: track 0, 809 frames, 37820637 bytes, 9338.43 kbps, fifo 256
[18:11:20] Finished work at: Fri Oct 17 18:11:20 2025

[18:11:20] libhb: work result = 0
