Handbrake Version: 20250906052339-dddf75f75-makepkg (2025100401)

(fr.handbrake.ghb:5): GLib-GIO-CRITICAL **: 15:58:26.002: g_bus_watch_name_on_connection: assertion 'G_IS_DBUS_CONNECTION (connection)' failed

(fr.handbrake.ghb:5): GLib-GIO-CRITICAL **: 15:58:26.002: g_dbus_connection_signal_subscribe: assertion 'G_IS_DBUS_CONNECTION (connection)' failed

(fr.handbrake.ghb:5): GLib-GIO-CRITICAL **: 15:58:26.002: g_dbus_connection_call_internal: assertion 'G_IS_DBUS_CONNECTION (connection)' failed
[15:58:26] gtkgui: Custom Preset: /Custom/CPU (With FIlters) (VP9)
[15:58:26] Starting work at: Fri Oct 17 15:58:26 2025

[15:58:26] 1 job(s) to process
[15:58:26] json job:
{
    "Audio": {
        "AudioList": [
            {
                "Bitrate": 160,
                "CompressionLevel": -1.0,
                "DRC": 0.0,
                "DitherMethod": "auto",
                "Encoder": "av_aac",
                "Gain": 0.0,
                "Mixdown": "stereo",
                "Name": "Stereo",
                "NormalizeMixLevel": false,
                "PresetEncoder": "av_aac",
                "Quality": -3.0,
                "Samplerate": 0,
                "Track": 0
            }
        ],
        "CopyMask": [
            "copy:aac"
        ],
        "FallbackEncoder": "av_aac"
    },
    "Destination": {
        "AlignAVStart": false,
        "ChapterList": [
            {
                "Duration": {
                    "Hours": 0,
                    "Minutes": 0,
                    "Seconds": 9,
                    "Ticks": 898499
                },
                "Name": ""
            }
        ],
        "ChapterMarkers": false,
        "File": "/mnt/iMac/DaVinci Resolve/IICAQM/5903334-hd_1920_1080_30fps.mkv",
        "InlineParameterSets": false,
        "Mux": "mkv",
        "Options": {
            "IpodAtom": false,
            "Optimize": false
        }
    },
    "Filters": {
        "FilterList": [
            {
                "ID": 4,
                "Settings": {
                    "block-height": "16",
                    "block-thresh": "40",
                    "block-width": "16",
                    "filter-mode": "2",
                    "mode": "3",
                    "motion-thresh": "3",
                    "spatial-metric": "2",
                    "spatial-thresh": "3"
                }
            },
            {
                "ID": 6,
                "Settings": {
                    "mode": "15"
                }
            },
            {
                "ID": 11,
                "Settings": {
                    "mode": 0
                }
            },
            {
                "ID": 20,
                "Settings": {
                    "crop-bottom": 0,
                    "crop-left": 0,
                    "crop-right": 0,
                    "crop-top": 0,
                    "height": 1080,
                    "width": 1920
                }
            },
            {
                "ID": 28,
                "Settings": {
                    "bottom": "0",
                    "color": "black",
                    "left": "0",
                    "right": "0",
                    "top": "0"
                }
            }
        ]
    },
    "Metadata": {
        "CreationTime": "2020-11-16T21:01:40.000000Z"
    },
    "PAR": {
        "Den": 1,
        "Num": 1
    },
    "SequenceID": 0,
    "Source": {
        "Angle": 0,
        "HWDecode": 0,
        "KeepDuplicateTitles": false,
        "Path": "/home/sudar/Downloads/5903334-hd_1920_1080_30fps.mp4",
        "Range": {
            "End": 1,
            "Start": 1,
            "Type": "chapter"
        },
        "Title": 2
    },
    "Subtitle": {
        "Search": {
            "Burn": true,
            "Default": false,
            "Enable": false,
            "Forced": false
        },
        "SubtitleList": []
    },
    "Video": {
        "AdapterIndex": -1,
        "AsyncDepth": 0,
        "ChromaLocation": 1,
        "ColorInputFormat": 0,
        "ColorMatrix": 1,
        "ColorOutputFormat": 0,
        "ColorPrimaries": 1,
        "ColorRange": 0,
        "ColorTransfer": 1,
        "Encoder": "VP9",
        "HardwareDecode": 0,
        "Level": "auto",
        "MultiPass": true,
        "Options": "",
        "PasshtruHDRDynamicMetadata": 6,
        "Preset": "medium",
        "Profile": "auto",
        "Quality": 22.0,
        "Tune": "",
        "Turbo": true
    }
}
[15:58:26] CPU: Intel(R) Xeon(R) W-2135 CPU @ 3.70GHz
[15:58:26]  - logical processor count: 12
[15:58:26] Intel Quick Sync Video support: no
[15:58:26] hb_scan: path=/home/sudar/Downloads/5903334-hd_1920_1080_30fps.mp4, title_index=2
Input #0, mov,mp4,m4a,3gp,3g2,mj2, from '/home/sudar/Downloads/5903334-hd_1920_1080_30fps.mp4':
  Metadata:
    major_brand     : mp42
    minor_version   : 0
    compatible_brands: mp42mp41isomavc1
    creation_time   : 2020-11-16T21:01:40.000000Z
  Duration: 00:00:09.98, start: 0.000000, bitrate: 5266 kb/s
  Stream #0:0[0x1](und): Video: h264 (High) (avc1 / 0x31637661), yuv420p(tv, bt709, progressive), 1920x1080, 5015 kb/s, 30 fps, 30 tbr, 30 tbn (default)
      Metadata:
        creation_time   : 2020-11-16T21:01:40.000000Z
        handler_name    : L-SMASH Video Handler
        vendor_id       : [0][0][0][0]
        encoder         : AVC Coding
  Stream #0:1[0x2](und): Audio: aac (LC) (mp4a / 0x6134706D), 48000 Hz, stereo, fltp, 253 kb/s (default)
      Metadata:
        creation_time   : 2020-11-16T21:01:40.000000Z
        handler_name    : L-SMASH Audio Handler
        vendor_id       : [0][0][0][0]
[15:58:26] scan: decoding previews for title 2
[15:58:26] scan: audio 0x1: aac, rate=48000Hz, bitrate=253375 Unknown (AAC LC, 2.0 ch, 253 kbps)
[15:58:26] scan: 10 previews, 1920x1080, 30.000 fps, autocrop = 0/0/0/0, aspect 16:9, PAR 1:1, color profile: 1-1-1, chroma location: left
[15:58:26] libhb: scan thread found 1 valid title(s)
[15:58:26] Starting Task: Analysis Pass
[15:58:26] work: skipping crop/scale filter
[15:58:26] job configuration:
[15:58:26]  * source
[15:58:26]    + /home/sudar/Downloads/5903334-hd_1920_1080_30fps.mp4
[15:58:26]    + title 2, chapter(s) 1 to 1
[15:58:26]    + container: mov,mp4,m4a,3gp,3g2,mj2
[15:58:26]    + data rate: 5266 kbps
[15:58:26]  * destination
[15:58:26]    + /mnt/iMac/DaVinci Resolve/IICAQM/5903334-hd_1920_1080_30fps.mkv
[15:58:26]    + container: Matroska (libavformat)
[15:58:26]  * video track
[15:58:26]    + decoder: h264 8-bit (yuv420p)
[15:58:26]      + bitrate 5015 kbps
[15:58:26]    + filters
[15:58:26]      + Comb Detect (mode=3:spatial-metric=2:motion-thresh=3:spatial-thresh=3:filter-mode=2:block-thresh=40:block-width=16:block-height=16)
[15:58:26]      + Decomb (mode=47)
[15:58:26]      + Framerate Shaper (mode=0)
[15:58:26]        + frame rate: same as source (around 30.000 fps)
[15:58:26]      + Pad (color=black:top=0:bottom=0:left=0:right=0)
[15:58:26]    + Output geometry
[15:58:26]      + storage dimensions: 1920 x 1080
[15:58:26]      + pixel aspect ratio: 1 : 1
[15:58:26]      + display dimensions: 1920 x 1080
[15:58:26]    + encoder: VP9 (libvpx)
[15:58:26]      + preset:  medium
[15:58:26]      + profile: auto
[15:58:26]      + level:   auto
[15:58:26]      + quality: 22.00 (CQ)
[15:58:26]      + color profile: 1-1-1
[15:58:26]      + color range: tv
[15:58:26]      + chroma location: left
[15:58:26]  * audio track 1
[15:58:26]    + name: Stereo
[15:58:26]    + decoder: Unknown (AAC LC, 2.0 ch, 253 kbps) (track 1, id 0x1)
[15:58:26]      + bitrate: 253 kbps, samplerate: 48000 Hz
[15:58:26]    + mixdown: Stereo
[15:58:26]    + encoder: AAC (libavcodec)
[15:58:26]      + bitrate: 160 kbps, samplerate: 48000 Hz
[15:58:26] sync: expecting 299 video frames
[15:58:26] encavcodecInit: VP9 encoder
[15:58:26] encavcodec: encoding at CQ 22.00
[15:58:26] encavcodec: encoding with stored aspect 1/1
[15:58:26] sync: first pts video is 0
[15:58:26] sync: Chapter 1 at frame 1 time 0
[15:58:26] sync: first pts audio 0x1 is 0
[15:58:28] reader: done. 1 scr changes
[15:58:29] work: average encoding speed for job is 0.000000 fps
[15:58:30] comb detect: heavy 0 | light 1 | uncombed 298 | total 299
[15:58:30] decomb: deinterlaced 0 | blended 1 | unfiltered 298 | total 299
[15:58:30] vfr: 299 frames output, 0 dropped
[15:58:30] vfr: lost time: 0 (0 frames)
[15:58:30] vfr: gained time: 0 (0 frames) (0 not accounted for)
[15:58:30] aac-decoder done: 468 frames, 0 decoder errors
[15:58:30] h264-decoder done: 299 frames, 0 decoder errors
[15:58:30] sync: got 299 frames, 299 expected
[15:58:30] sync: framerate min 30.000 fps, max 30.000 fps, avg 30.000 fps
[15:58:30] Starting Task: Encoding Pass
[15:58:30] work: skipping crop/scale filter
[15:58:30] job configuration:
[15:58:30]  * source
[15:58:30]    + /home/sudar/Downloads/5903334-hd_1920_1080_30fps.mp4
[15:58:30]    + title 2, chapter(s) 1 to 1
[15:58:30]    + container: mov,mp4,m4a,3gp,3g2,mj2
[15:58:30]    + data rate: 5266 kbps
[15:58:30]  * destination
[15:58:30]    + /mnt/iMac/DaVinci Resolve/IICAQM/5903334-hd_1920_1080_30fps.mkv
[15:58:30]    + container: Matroska (libavformat)
[15:58:30]  * video track
[15:58:30]    + decoder: h264 8-bit (yuv420p)
[15:58:30]      + bitrate 5015 kbps
[15:58:30]    + filters
[15:58:30]      + Comb Detect (mode=3:spatial-metric=2:motion-thresh=3:spatial-thresh=3:filter-mode=2:block-thresh=40:block-width=16:block-height=16)
[15:58:30]      + Decomb (mode=47)
[15:58:30]      + Framerate Shaper (mode=0)
[15:58:30]        + frame rate: same as source (around 30.000 fps)
[15:58:30]      + Pad (color=black:top=0:bottom=0:left=0:right=0)
[15:58:30]    + Output geometry
[15:58:30]      + storage dimensions: 1920 x 1080
[15:58:30]      + pixel aspect ratio: 1 : 1
[15:58:30]      + display dimensions: 1920 x 1080
[15:58:30]    + encoder: VP9 (libvpx)
[15:58:30]      + preset:  medium
[15:58:30]      + profile: auto
[15:58:30]      + level:   auto
[15:58:30]      + quality: 22.00 (CQ)
[15:58:30]      + color profile: 1-1-1
[15:58:30]      + color range: tv
[15:58:30]      + chroma location: left
[15:58:30]  * audio track 1
[15:58:30]    + name: Stereo
[15:58:30]    + decoder: Unknown (AAC LC, 2.0 ch, 253 kbps) (track 1, id 0x1)
[15:58:30]      + bitrate: 253 kbps, samplerate: 48000 Hz
[15:58:30]    + mixdown: Stereo
[15:58:30]    + encoder: AAC (libavcodec)
[15:58:30]      + bitrate: 160 kbps, samplerate: 48000 Hz
[15:58:30] sync: expecting 299 video frames
[15:58:30] encavcodecInit: VP9 encoder
[15:58:30] encavcodec: encoding at CQ 22.00
[15:58:30] encavcodec: encoding with stored aspect 1/1
[15:58:30] sync: first pts video is 0
[15:58:30] sync: Chapter 1 at frame 1 time 0
[15:58:30] sync: first pts audio 0x1 is 0
[15:58:55] reader: done. 1 scr changes
[15:59:16] work: average encoding speed for job is 8.538240 fps
[15:59:17] comb detect: heavy 0 | light 1 | uncombed 298 | total 299
[15:59:17] decomb: deinterlaced 0 | blended 1 | unfiltered 298 | total 299
[15:59:17] vfr: 299 frames output, 0 dropped
[15:59:17] vfr: lost time: 0 (0 frames)
[15:59:17] vfr: gained time: 0 (0 frames) (0 not accounted for)
[15:59:17] aac-decoder done: 468 frames, 0 decoder errors
[15:59:17] h264-decoder done: 299 frames, 0 decoder errors
[15:59:17] sync: got 299 frames, 299 expected
[15:59:17] sync: framerate min 30.000 fps, max 30.000 fps, avg 30.000 fps
[15:59:18] mux: track 0, 299 frames, 3706431 bytes, 2965.14 kbps, fifo 512
[15:59:18] mux: track 1, 469 frames, 2848 bytes, 2.28 kbps, fifo 512
[15:59:18] Finished work at: Fri Oct 17 15:59:18 2025

[15:59:18] libhb: work result = 0
