Handbrake Version: 20250906052339-dddf75f75-makepkg (2025100401)
[17:19:59] gtkgui: Modified Custom Preset: /Custom/NVENC (No Filters)
[17:19:59] Starting work at: Mon Oct  6 17:19:59 2025

[17:19:59] 1 job(s) to process
[17:19:59] json job:
{
    "Audio": {
        "AudioList": [],
        "CopyMask": [],
        "FallbackEncoder": 0
    },
    "Destination": {
        "AlignAVStart": false,
        "ChapterList": [
            {
                "Duration": {
                    "Hours": 0,
                    "Minutes": 7,
                    "Seconds": 56,
                    "Ticks": 42800760
                },
                "Name": "We Found a Loophole to Survive the End of the Universe"
            },
            {
                "Duration": {
                    "Hours": 0,
                    "Minutes": 0,
                    "Seconds": 1,
                    "Ticks": 90000
                },
                "Name": "[SponsorBlock]: Highlight"
            },
            {
                "Duration": {
                    "Hours": 0,
                    "Minutes": 2,
                    "Seconds": 42,
                    "Ticks": 14608558
                },
                "Name": "We Found a Loophole to Survive the End of the Universe"
            }
        ],
        "ChapterMarkers": true,
        "File": "/home/sudar/Videos/HandBrake/H264 (2).mkv",
        "InlineParameterSets": false,
        "Mux": "mkv",
        "Options": {
            "IpodAtom": false,
            "Optimize": false
        }
    },
    "Filters": {
        "FilterList": [
            {
                "ID": 11,
                "Settings": {
                    "mode": 0
                }
            },
            {
                "ID": 20,
                "Settings": {
                    "crop-bottom": 0,
                    "crop-left": 0,
                    "crop-right": 0,
                    "crop-top": 0,
                    "height": 1080,
                    "width": 1920
                }
            },
            {
                "ID": 28,
                "Settings": {
                    "bottom": "0",
                    "color": "black",
                    "left": "0",
                    "right": "0",
                    "top": "0"
                }
            }
        ]
    },
    "Metadata": {},
    "PAR": {
        "Den": 1,
        "Num": 1
    },
    "SequenceID": 0,
    "Source": {
        "Angle": 0,
        "HWDecode": 0,
        "KeepDuplicateTitles": false,
        "Path": "/home/sudar/Videos/YouTube/H264.mp4",
        "Range": {
            "End": 3,
            "Start": 1,
            "Type": "chapter"
        },
        "Title": 1
    },
    "Subtitle": {
        "Search": {
            "Burn": true,
            "Default": false,
            "Enable": false,
            "Forced": false
        },
        "SubtitleList": []
    },
    "Video": {
        "AdapterIndex": -1,
        "AsyncDepth": 0,
        "ChromaLocation": 1,
        "ColorInputFormat": 0,
        "ColorMatrix": 1,
        "ColorOutputFormat": 0,
        "ColorPrimaries": 1,
        "ColorRange": 0,
        "ColorTransfer": 1,
        "Encoder": "svt_av1",
        "HardwareDecode": 0,
        "Level": "auto",
        "MultiPass": true,
        "Options": "",
        "PasshtruHDRDynamicMetadata": 6,
        "Preset": "-1",
        "Profile": "auto",
        "Quality": 1.0,
        "Tune": "vq,fastdecode",
        "Turbo": true
    }
}
[17:19:59] CPU: Intel(R) Xeon(R) W-2135 CPU @ 3.70GHz
[17:19:59]  - logical processor count: 12
[17:19:59] Intel Quick Sync Video support: no
[17:19:59] hb_scan: path=/home/sudar/Videos/YouTube/H264.mp4, title_index=1
Input #0, mov,mp4,m4a,3gp,3g2,mj2, from '/home/sudar/Videos/YouTube/H264.mp4':
  Metadata:
    major_brand     : isom
    minor_version   : 512
    compatible_brands: isomiso2avc1mp41
    encoder         : Lavf61.7.100
  Duration: 00:10:38.88, start: 0.000000, bitrate: 53 kb/s
  Chapters:
    Chapter #0:0: start 0.000000, end 475.564000
      Metadata:
        title           : We Found a Loophole to Survive the End of the Universe
    Chapter #0:1: start 475.564000, end 476.564000
      Metadata:
        title           : [SponsorBlock]: Highlight
    Chapter #0:2: start 476.564000, end 638.834000
      Metadata:
        title           : We Found a Loophole to Survive the End of the Universe
  Stream #0:0[0x1](und): Video: h264 (Main) (avc1 / 0x31637661), yuv420p(tv, bt709, progressive), 256x144 [SAR 1:1 DAR 16:9], 51 kb/s, 30.12 fps, 30 tbr, 15360 tbn (default)
      Metadata:
        handler_name    : ISO Media file produced by Google Inc.
        vendor_id       : [0][0][0][0]
  Stream #0:1[0x2](eng): Data: bin_data (text / 0x74786574), 0 kb/s
      Metadata:
        handler_name    : SubtitleHandler
[17:19:59] scan: decoding previews for title 1
[17:19:59] using container PAR 1:1
[17:19:59] scan: 10 previews, 256x144, 30.115 fps, autocrop = 0/0/0/0, aspect 16:9, PAR 1:1, color profile: 1-1-1, chroma location: left
[17:19:59] libhb: scan thread found 1 valid title(s)
[17:19:59] Starting Task: Encoding Pass
[17:19:59] job configuration:
[17:19:59]  * source
[17:19:59]    + /home/sudar/Videos/YouTube/H264.mp4
[17:19:59]    + title 1, chapter(s) 1 to 3
[17:19:59]    + container: mov,mp4,m4a,3gp,3g2,mj2
[17:19:59]    + data rate: 53 kbps
[17:19:59]  * destination
[17:19:59]    + /home/sudar/Videos/HandBrake/H264 (2).mkv
[17:19:59]    + container: Matroska (libavformat)
[17:19:59]      + chapter markers
[17:19:59]  * video track
[17:19:59]    + decoder: h264 8-bit (yuv420p)
[17:19:59]      + bitrate 51 kbps
[17:19:59]    + filters
[17:19:59]      + Framerate Shaper (mode=0)
[17:19:59]        + frame rate: same as source (around 30.115 fps)
[17:19:59]      + Crop and Scale (width=1920:height=1080:crop-top=0:crop-bottom=0:crop-left=0:crop-right=0)
[17:19:59]        + source: 256 * 144, crop (0/0/0/0): 256 * 144, scale: 1920 * 1080
[17:19:59]      + Pad (color=black:top=0:bottom=0:left=0:right=0)
[17:19:59]    + Output geometry
[17:19:59]      + storage dimensions: 1920 x 1080
[17:19:59]      + pixel aspect ratio: 1 : 1
[17:19:59]      + display dimensions: 1920 x 1080
[17:19:59]    + encoder: AV1 (SVT)
[17:19:59]      + preset:  -1
[17:19:59]      + tune:    vq,fastdecode
[17:19:59]      + profile: auto
[17:19:59]      + level:   auto
[17:19:59]      + quality: 1.00 (RF)
[17:19:59]      + color profile: 1-1-1
[17:19:59]      + color range: tv
[17:19:59]      + chroma location: left
[17:19:59] sync: expecting 19240 video frames
Svt[info]: -------------------------------------------
Svt[info]: SVT [version]:	SVT-AV1 Encoder Lib v3.1.2
Svt[info]: SVT [build]  :	GCC 15.2.1 20250813	 64 bit
Svt[info]: -------------------------------------------
Svt[info]: Level of Parallelism: 5
Svt[info]: Number of PPCS 140
Svt[info]: [asm level on system : up to avx512]
Svt[info]: [asm level selected : up to avx512]
Svt[info]: -------------------------------------------
Svt[info]: SVT [config]: main profile	tier (auto)	level (auto)
Svt[info]: SVT [config]: width / height / fps numerator / fps denominator 		: 1920 / 1080 / 9000000 / 298853
Svt[info]: SVT [config]: bit-depth / color format 					: 8 / YUV420
Svt[info]: SVT [config]: preset / tune / pred struct 					: -1 / VQ / random access
Svt[info]: SVT [config]: gop size / mini-gop size / key-frame type 			: 307 / 32 / key frame
Svt[info]: SVT [config]: BRC mode / rate factor 					: CRF / 1 
Svt[info]: SVT [config]: AQ mode / Variance Boost 					: 2 / 0
Svt[info]: SVT [config]: sharpness / luminance-based QP bias 				: 0 / 0
Svt[info]: -------------------------------------------
[17:20:00] sync: first pts video is 0
[17:20:00] sync: "We Found a Loophole to Survive the End of the Universe" (1) at frame 1 time 0
[17:20:52] work: average encoding speed for job is 3.629727 fps
[17:20:52] vfr: 161 frames output, 0 dropped
[17:20:52] vfr: lost time: 0 (0 frames)
[17:20:52] vfr: gained time: 0 (0 frames) (0 not accounted for)
[17:20:53] h264-decoder done: 218 frames, 0 decoder errors
[17:20:53] sync: got 181 frames, 19240 expected
[17:20:53] sync: framerate min 30.000 fps, max 30.115 fps, avg 30.055 fps
Svt[error]: deinit called without sending EOS!
