Handbrake Version: 20250906052339-dddf75f75-makepkg (2025100401)

(fr.handbrake.ghb:5): GLib-GIO-CRITICAL **: 11:36:53.369: g_bus_watch_name_on_connection: assertion 'G_IS_DBUS_CONNECTION (connection)' failed

(fr.handbrake.ghb:5): GLib-GIO-CRITICAL **: 11:36:53.369: g_dbus_connection_signal_subscribe: assertion 'G_IS_DBUS_CONNECTION (connection)' failed

(fr.handbrake.ghb:5): GLib-GIO-CRITICAL **: 11:36:53.369: g_dbus_connection_call_internal: assertion 'G_IS_DBUS_CONNECTION (connection)' failed
[11:36:53] gtkgui: Custom Preset: /Custom/CPU (With FIlters) (VP9)
[11:36:53] Starting work at: Fri Oct 17 11:36:53 2025

[11:36:53] 1 job(s) to process
[11:36:53] json job:
{
    "Audio": {
        "AudioList": [
            {
                "Bitrate": 160,
                "CompressionLevel": -1.0,
                "DRC": 0.0,
                "DitherMethod": "auto",
                "Encoder": "av_aac",
                "Gain": 0.0,
                "Mixdown": "stereo",
                "Name": "Stereo",
                "NormalizeMixLevel": false,
                "PresetEncoder": "av_aac",
                "Quality": -3.0,
                "Samplerate": 0,
                "Track": 0
            }
        ],
        "CopyMask": [
            "copy:aac"
        ],
        "FallbackEncoder": "av_aac"
    },
    "Destination": {
        "AlignAVStart": false,
        "ChapterList": [
            {
                "Duration": {
                    "Hours": 0,
                    "Minutes": 0,
                    "Seconds": 36,
                    "Ticks": 3250800
                },
                "Name": ""
            }
        ],
        "ChapterMarkers": false,
        "File": "/mnt/iMac/DaVinci Resolve/IICAQM/29507-375947255.mkv",
        "InlineParameterSets": false,
        "Mux": "mkv",
        "Options": {
            "IpodAtom": false,
            "Optimize": false
        }
    },
    "Filters": {
        "FilterList": [
            {
                "ID": 4,
                "Settings": {
                    "block-height": "16",
                    "block-thresh": "40",
                    "block-width": "16",
                    "filter-mode": "2",
                    "mode": "3",
                    "motion-thresh": "3",
                    "spatial-metric": "2",
                    "spatial-thresh": "3"
                }
            },
            {
                "ID": 6,
                "Settings": {
                    "mode": "15"
                }
            },
            {
                "ID": 11,
                "Settings": {
                    "mode": 0
                }
            },
            {
                "ID": 20,
                "Settings": {
                    "crop-bottom": 0,
                    "crop-left": 0,
                    "crop-right": 0,
                    "crop-top": 26,
                    "height": 1080,
                    "width": 1920
                }
            },
            {
                "ID": 28,
                "Settings": {
                    "bottom": "0",
                    "color": "black",
                    "left": "0",
                    "right": "0",
                    "top": "0"
                }
            }
        ]
    },
    "Metadata": {},
    "PAR": {
        "Den": 527,
        "Num": 540
    },
    "SequenceID": 0,
    "Source": {
        "Angle": 0,
        "HWDecode": 0,
        "KeepDuplicateTitles": false,
        "Path": "/home/sudar/Downloads/29507-375947255.mp4",
        "Range": {
            "End": 1,
            "Start": 1,
            "Type": "chapter"
        },
        "Title": 3
    },
    "Subtitle": {
        "Search": {
            "Burn": true,
            "Default": false,
            "Enable": false,
            "Forced": false
        },
        "SubtitleList": []
    },
    "Video": {
        "AdapterIndex": -1,
        "AsyncDepth": 0,
        "ChromaLocation": 1,
        "ColorInputFormat": 0,
        "ColorMatrix": 1,
        "ColorOutputFormat": 0,
        "ColorPrimaries": 1,
        "ColorRange": 0,
        "ColorTransfer": 1,
        "Encoder": "VP9",
        "HardwareDecode": 0,
        "Level": "auto",
        "MultiPass": true,
        "Options": "",
        "PasshtruHDRDynamicMetadata": 6,
        "Preset": "medium",
        "Profile": "auto",
        "Quality": 22.0,
        "Tune": "",
        "Turbo": true
    }
}
[11:36:53] CPU: Intel(R) Xeon(R) W-2135 CPU @ 3.70GHz
[11:36:53]  - logical processor count: 12
[11:36:53] Intel Quick Sync Video support: no
[11:36:53] hb_scan: path=/home/sudar/Downloads/29507-375947255.mp4, title_index=3
Input #0, mov,mp4,m4a,3gp,3g2,mj2, from '/home/sudar/Downloads/29507-375947255.mp4':
  Metadata:
    major_brand     : isom
    minor_version   : 512
    compatible_brands: isomiso2avc1mp41
    encoder         : Lavf58.20.100
  Duration: 00:00:36.12, start: 0.000000, bitrate: 13820 kb/s
  Stream #0:0[0x1](eng): Video: h264 (High) (avc1 / 0x31637661), yuvj420p(pc, progressive), 1920x1080, 13808 kb/s, 50 fps, 50 tbr, 12800 tbn (default)
      Metadata:
        handler_name    : VideoHandler
        vendor_id       : [0][0][0][0]
  Stream #0:1[0x2](eng): Audio: aac (LC) (mp4a / 0x6134706D), 48000 Hz, stereo, fltp, 2 kb/s (default)
      Metadata:
        handler_name    : SoundHandler
        vendor_id       : [0][0][0][0]
[11:36:53] scan: decoding previews for title 3
[11:36:53] scan: audio 0x1: aac, rate=48000Hz, bitrate=2276 English (AAC LC, 2.0 ch, 2 kbps)
[11:36:54] scan: 10 previews, 1920x1080, 50.000 fps, autocrop = 26/0/0/0, aspect 16:9, PAR 1:1, color profile: 1-1-1, chroma location: left
[11:36:54] libhb: scan thread found 1 valid title(s)
[11:36:54] Starting Task: Analysis Pass
[11:36:54] job configuration:
[11:36:54]  * source
[11:36:54]    + /home/sudar/Downloads/29507-375947255.mp4
[11:36:54]    + title 3, chapter(s) 1 to 1
[11:36:54]    + container: mov,mp4,m4a,3gp,3g2,mj2
[11:36:54]    + data rate: 13820 kbps
[11:36:54]  * destination
[11:36:54]    + /mnt/iMac/DaVinci Resolve/IICAQM/29507-375947255.mkv
[11:36:54]    + container: Matroska (libavformat)
[11:36:54]  * video track
[11:36:54]    + decoder: h264 8-bit (yuv420p)
[11:36:54]      + bitrate 13808 kbps
[11:36:54]    + filters
[11:36:54]      + Comb Detect (mode=3:spatial-metric=2:motion-thresh=3:spatial-thresh=3:filter-mode=2:block-thresh=40:block-width=16:block-height=16)
[11:36:54]      + Decomb (mode=47)
[11:36:54]      + Framerate Shaper (mode=0)
[11:36:54]        + frame rate: same as source (around 50.000 fps)
[11:36:54]      + Crop and Scale (width=1920:height=1080:crop-top=26:crop-bottom=0:crop-left=0:crop-right=0)
[11:36:54]        + source: 1920 * 1080, crop (26/0/0/0): 1920 * 1054, scale: 1920 * 1080
[11:36:54]      + Pad (color=black:top=0:bottom=0:left=0:right=0)
[11:36:54]    + Output geometry
[11:36:54]      + storage dimensions: 1920 x 1080
[11:36:54]      + pixel aspect ratio: 540 : 527
[11:36:54]      + display dimensions: 1967 x 1080
[11:36:54]    + encoder: VP9 (libvpx)
[11:36:54]      + preset:  medium
[11:36:54]      + profile: auto
[11:36:54]      + level:   auto
[11:36:54]      + quality: 22.00 (CQ)
[11:36:54]      + color profile: 1-1-1
[11:36:54]      + color range: pc
[11:36:54]      + chroma location: left
[11:36:54]  * audio track 1
[11:36:54]    + name: Stereo
[11:36:54]    + decoder: English (AAC LC, 2.0 ch, 2 kbps) (track 1, id 0x1)
[11:36:54]      + bitrate: 2 kbps, samplerate: 48000 Hz
[11:36:54]    + mixdown: Stereo
[11:36:54]    + encoder: AAC (libavcodec)
[11:36:54]      + bitrate: 160 kbps, samplerate: 48000 Hz
[11:36:54] sync: expecting 1806 video frames
[11:36:54] encavcodecInit: VP9 encoder
[11:36:54] encavcodec: encoding at CQ 22.00
[11:36:54] encavcodec: encoding with stored aspect 540/527
[11:36:54] sync: first pts video is 0
[11:36:54] sync: Chapter 1 at frame 1 time 0
[11:36:54] sync: first pts audio 0x1 is 0
[11:37:17] reader: done. 1 scr changes
[11:37:18] work: average encoding speed for job is 76.228554 fps
[11:37:18] comb detect: heavy 0 | light 0 | uncombed 1806 | total 1806
[11:37:18] decomb: deinterlaced 0 | blended 0 | unfiltered 1806 | total 1806
[11:37:18] vfr: 1806 frames output, 0 dropped
[11:37:18] vfr: lost time: 0 (0 frames)
[11:37:18] vfr: gained time: 0 (0 frames) (0 not accounted for)
[11:37:18] aac-decoder done: 1693 frames, 0 decoder errors
[11:37:18] h264-decoder done: 1806 frames, 0 decoder errors
[11:37:18] sync: got 1806 frames, 1806 expected
[11:37:18] sync: framerate min 50.000 fps, max 50.000 fps, avg 50.000 fps
[11:37:18] Starting Task: Encoding Pass
[11:37:18] job configuration:
[11:37:18]  * source
[11:37:18]    + /home/sudar/Downloads/29507-375947255.mp4
[11:37:18]    + title 3, chapter(s) 1 to 1
[11:37:18]    + container: mov,mp4,m4a,3gp,3g2,mj2
[11:37:18]    + data rate: 13820 kbps
[11:37:18]  * destination
[11:37:18]    + /mnt/iMac/DaVinci Resolve/IICAQM/29507-375947255.mkv
[11:37:18]    + container: Matroska (libavformat)
[11:37:18]  * video track
[11:37:18]    + decoder: h264 8-bit (yuv420p)
[11:37:18]      + bitrate 13808 kbps
[11:37:18]    + filters
[11:37:18]      + Comb Detect (mode=3:spatial-metric=2:motion-thresh=3:spatial-thresh=3:filter-mode=2:block-thresh=40:block-width=16:block-height=16)
[11:37:18]      + Decomb (mode=47)
[11:37:18]      + Framerate Shaper (mode=0)
[11:37:18]        + frame rate: same as source (around 50.000 fps)
[11:37:18]      + Crop and Scale (width=1920:height=1080:crop-top=26:crop-bottom=0:crop-left=0:crop-right=0)
[11:37:18]        + source: 1920 * 1080, crop (26/0/0/0): 1920 * 1054, scale: 1920 * 1080
[11:37:18]      + Pad (color=black:top=0:bottom=0:left=0:right=0)
[11:37:18]    + Output geometry
[11:37:18]      + storage dimensions: 1920 x 1080
[11:37:18]      + pixel aspect ratio: 540 : 527
[11:37:18]      + display dimensions: 1967 x 1080
[11:37:18]    + encoder: VP9 (libvpx)
[11:37:18]      + preset:  medium
[11:37:18]      + profile: auto
[11:37:18]      + level:   auto
[11:37:18]      + quality: 22.00 (CQ)
[11:37:18]      + color profile: 1-1-1
[11:37:18]      + color range: pc
[11:37:18]      + chroma location: left
[11:37:18]  * audio track 1
[11:37:18]    + name: Stereo
[11:37:18]    + decoder: English (AAC LC, 2.0 ch, 2 kbps) (track 1, id 0x1)
[11:37:18]      + bitrate: 2 kbps, samplerate: 48000 Hz
[11:37:18]    + mixdown: Stereo
[11:37:18]    + encoder: AAC (libavcodec)
[11:37:18]      + bitrate: 160 kbps, samplerate: 48000 Hz
[11:37:18] sync: expecting 1806 video frames
[11:37:18] encavcodecInit: VP9 encoder
[11:37:18] encavcodec: encoding at CQ 22.00
[11:37:18] encavcodec: encoding with stored aspect 540/527
[11:37:19] sync: first pts video is 0
[11:37:19] sync: Chapter 1 at frame 1 time 0
[11:37:19] sync: first pts audio 0x1 is 0
[11:43:41] reader: done. 1 scr changes
[11:44:08] work: average encoding speed for job is 4.568680 fps
[11:44:08] comb detect: heavy 0 | light 0 | uncombed 1806 | total 1806
[11:44:08] decomb: deinterlaced 0 | blended 0 | unfiltered 1806 | total 1806
[11:44:08] vfr: 1806 frames output, 0 dropped
[11:44:08] vfr: lost time: 0 (0 frames)
[11:44:08] vfr: gained time: 0 (0 frames) (0 not accounted for)
[11:44:08] aac-decoder done: 1693 frames, 0 decoder errors
[11:44:08] h264-decoder done: 1806 frames, 0 decoder errors
[11:44:08] sync: got 1806 frames, 1806 expected
[11:44:08] sync: framerate min 50.000 fps, max 50.000 fps, avg 50.000 fps
[11:44:12] mux: track 0, 1806 frames, 63247203 bytes, 14000.49 kbps, fifo 512
[11:44:12] mux: track 1, 1694 frames, 10283 bytes, 2.28 kbps, fifo 512
[11:44:12] Finished work at: Fri Oct 17 11:44:12 2025

[11:44:12] libhb: work result = 0
