Handbrake Version: 20250906052339-dddf75f75-makepkg (2025100401)
[21:50:25] gtkgui: Custom Preset: /Custom/CPU (With FIlters) (VP9)
[21:50:25] Starting work at: Wed Oct 22 21:50:25 2025

[21:50:25] 1 job(s) to process
[21:50:25] json job:
{
    "Audio": {
        "AudioList": [
            {
                "Bitrate": -1,
                "CompressionLevel": -1.0,
                "DRC": 0.0,
                "DitherMethod": "auto",
                "Encoder": "flac24",
                "Gain": 0.0,
                "Mixdown": "stereo",
                "Name": "Stereo",
                "NormalizeMixLevel": false,
                "PresetEncoder": "av_aac",
                "Quality": -3.0,
                "Samplerate": 0,
                "Track": 0
            }
        ],
        "CopyMask": [
            "copy:aac"
        ],
        "FallbackEncoder": "av_aac"
    },
    "Destination": {
        "AlignAVStart": false,
        "ChapterList": [
            {
                "Duration": {
                    "Hours": 0,
                    "Minutes": 0,
                    "Seconds": 7,
                    "Ticks": 660816
                },
                "Name": ""
            }
        ],
        "ChapterMarkers": false,
        "File": "/mnt/iMac/DaVinci Resolve/IICAQM/video_20251017_210046.mkv",
        "InlineParameterSets": false,
        "Mux": "mkv",
        "Options": {
            "IpodAtom": false,
            "Optimize": false
        }
    },
    "Filters": {
        "FilterList": [
            {
                "ID": 4,
                "Settings": {
                    "block-height": "16",
                    "block-thresh": "40",
                    "block-width": "16",
                    "filter-mode": "2",
                    "mode": "3",
                    "motion-thresh": "3",
                    "spatial-metric": "2",
                    "spatial-thresh": "3"
                }
            },
            {
                "ID": 6,
                "Settings": {
                    "mode": "15"
                }
            },
            {
                "ID": 11,
                "Settings": {
                    "mode": 0
                }
            },
            {
                "ID": 20,
                "Settings": {
                    "crop-bottom": 0,
                    "crop-left": 0,
                    "crop-right": 0,
                    "crop-top": 0,
                    "height": 1080,
                    "width": 1920
                }
            },
            {
                "ID": 28,
                "Settings": {
                    "bottom": "0",
                    "color": "black",
                    "left": "0",
                    "right": "0",
                    "top": "0"
                }
            }
        ]
    },
    "Metadata": {
        "CreationTime": "2025-10-17T15:30:53.000000Z",
        "Location": "+13.0224+080.2649/",
        "ReleaseDate": "2025-10-17T15:30:53+0000"
    },
    "PAR": {
        "Den": 1,
        "Num": 1
    },
    "SequenceID": 0,
    "Source": {
        "Angle": 0,
        "HWDecode": 0,
        "KeepDuplicateTitles": false,
        "Path": "/home/sudar/Downloads/video_20251017_210046.mp4",
        "Range": {
            "End": 1,
            "Start": 1,
            "Type": "chapter"
        },
        "Title": 3
    },
    "Subtitle": {
        "Search": {
            "Burn": true,
            "Default": false,
            "Enable": false,
            "Forced": false
        },
        "SubtitleList": []
    },
    "Video": {
        "AdapterIndex": -1,
        "AsyncDepth": 0,
        "ChromaLocation": 1,
        "ColorInputFormat": 0,
        "ColorMatrix": 1,
        "ColorOutputFormat": 0,
        "ColorPrimaries": 1,
        "ColorRange": 0,
        "ColorTransfer": 1,
        "Encoder": "VP9",
        "HardwareDecode": 0,
        "Level": "auto",
        "MultiPass": true,
        "Options": "",
        "PasshtruHDRDynamicMetadata": 6,
        "Preset": "medium",
        "Profile": "auto",
        "Quality": 22.0,
        "Tune": "",
        "Turbo": true
    }
}
[21:50:25] CPU: Intel(R) Xeon(R) W-2135 CPU @ 3.70GHz
[21:50:25]  - logical processor count: 12
[21:50:25] Intel Quick Sync Video support: no
[21:50:25] hb_scan: path=/home/sudar/Downloads/video_20251017_210046.mp4, title_index=3
Input #0, mov,mp4,m4a,3gp,3g2,mj2, from '/home/sudar/Downloads/video_20251017_210046.mp4':
  Metadata:
    major_brand     : mp42
    minor_version   : 0
    compatible_brands: isommp42
    creation_time   : 2025-10-17T15:30:53.000000Z
    location        : +13.0224+080.2649/
    location-eng    : +13.0224+080.2649/
    com.android.version: 15
  Duration: 00:00:07.34, start: 0.000000, bitrate: 9286 kb/s
  Stream #0:0[0x1](eng): Video: hevc (Main) (hvc1 / 0x31637668), yuv420p(tv, bt709), 1920x1080, 8615 kb/s, 30.05 fps, 30 tbr, 90k tbn (default)
      Metadata:
        creation_time   : 2025-10-17T15:30:53.000000Z
        handler_name    : VideoHandle
        vendor_id       : [0][0][0][0]
  Stream #0:1[0x2](eng): Audio: aac (LC) (mp4a / 0x6134706D), 48000 Hz, stereo, fltp, 256 kb/s (default)
      Metadata:
        creation_time   : 2025-10-17T15:30:53.000000Z
        handler_name    : SoundHandle
        vendor_id       : [0][0][0][0]
[21:50:25] scan: decoding previews for title 3
[21:50:25] scan: audio 0x1: aac, rate=48000Hz, bitrate=256067 English (AAC LC, 2.0 ch, 256 kbps)
[21:50:26] scan: 10 previews, 1920x1080, 30.053 fps, autocrop = 0/0/0/0, aspect 16:9, PAR 1:1, color profile: 1-1-1, chroma location: left
[21:50:26] libhb: scan thread found 1 valid title(s)
[21:50:26] Starting Task: Analysis Pass
[21:50:26] work: skipping crop/scale filter
[21:50:26] work: compression level not specified, track 1 setting compression level 5.00
[21:50:26] job configuration:
[21:50:26]  * source
[21:50:26]    + /home/sudar/Downloads/video_20251017_210046.mp4
[21:50:26]    + title 3, chapter(s) 1 to 1
[21:50:26]    + container: mov,mp4,m4a,3gp,3g2,mj2
[21:50:26]    + data rate: 9286 kbps
[21:50:26]  * destination
[21:50:26]    + /mnt/iMac/DaVinci Resolve/IICAQM/video_20251017_210046.mkv
[21:50:26]    + container: Matroska (libavformat)
[21:50:26]  * video track
[21:50:26]    + decoder: hevc 8-bit (yuv420p)
[21:50:26]      + bitrate 8615 kbps
[21:50:26]    + filters
[21:50:26]      + Comb Detect (mode=3:spatial-metric=2:motion-thresh=3:spatial-thresh=3:filter-mode=2:block-thresh=40:block-width=16:block-height=16)
[21:50:26]      + Decomb (mode=47)
[21:50:26]      + Framerate Shaper (mode=0)
[21:50:26]        + frame rate: same as source (around 30.053 fps)
[21:50:26]      + Pad (color=black:top=0:bottom=0:left=0:right=0)
[21:50:26]    + Output geometry
[21:50:26]      + storage dimensions: 1920 x 1080
[21:50:26]      + pixel aspect ratio: 1 : 1
[21:50:26]      + display dimensions: 1920 x 1080
[21:50:26]    + encoder: VP9 (libvpx)
[21:50:26]      + preset:  medium
[21:50:26]      + profile: auto
[21:50:26]      + level:   auto
[21:50:26]      + quality: 22.00 (CQ)
[21:50:26]      + color profile: 1-1-1
[21:50:26]      + color range: tv
[21:50:26]      + chroma location: left
[21:50:26]  * audio track 1
[21:50:26]    + name: Stereo
[21:50:26]    + decoder: English (AAC LC, 2.0 ch, 256 kbps) (track 1, id 0x1)
[21:50:26]      + bitrate: 256 kbps, samplerate: 48000 Hz
[21:50:26]    + mixdown: Stereo
[21:50:26]    + encoder: FLAC 24-bit (libavcodec)
[21:50:26]      + samplerate: 48000 Hz
[21:50:26]      + compression level: 5.00
[21:50:26] sync: expecting 220 video frames
[21:50:26] encavcodecInit: VP9 encoder
[21:50:26] encavcodec: truncating framerate 13500000 / 449207
[21:50:26] encavcodec: encoding at CQ 22.00
[21:50:26] encavcodec: encoding with stored aspect 1/1
[21:50:26] sync: first pts audio 0x1 is 0
[21:50:26] sync: first pts video is 1980
[21:50:26] sync: Chapter 1 at frame 1 time 1980
[21:50:27] reader: done. 1 scr changes
[21:50:29] work: average encoding speed for job is 0.000000 fps
[21:50:29] comb detect: heavy 0 | light 1 | uncombed 219 | total 220
[21:50:29] decomb: deinterlaced 0 | blended 1 | unfiltered 219 | total 220
[21:50:29] vfr: 220 frames output, 0 dropped
[21:50:29] vfr: lost time: 0 (0 frames)
[21:50:29] vfr: gained time: 0 (0 frames) (0 not accounted for)
[21:50:29] aac-decoder done: 343 frames, 0 decoder errors
[21:50:29] hevc-decoder done: 220 frames, 0 decoder errors
[21:50:29] sync: got 220 frames, 220 expected
[21:50:29] sync: framerate min 30.053 fps, max 30.053 fps, avg 30.053 fps
[21:50:29] Starting Task: Encoding Pass
[21:50:29] work: skipping crop/scale filter
[21:50:29] work: correcting framerate, 27000000/898414 -> 27000000/900900
[21:50:29] work: compression level not specified, track 1 setting compression level 5.00
[21:50:29] job configuration:
[21:50:29]  * source
[21:50:29]    + /home/sudar/Downloads/video_20251017_210046.mp4
[21:50:29]    + title 3, chapter(s) 1 to 1
[21:50:29]    + container: mov,mp4,m4a,3gp,3g2,mj2
[21:50:29]    + data rate: 9286 kbps
[21:50:29]  * destination
[21:50:29]    + /mnt/iMac/DaVinci Resolve/IICAQM/video_20251017_210046.mkv
[21:50:29]    + container: Matroska (libavformat)
[21:50:29]  * video track
[21:50:29]    + decoder: hevc 8-bit (yuv420p)
[21:50:29]      + bitrate 8615 kbps
[21:50:29]    + filters
[21:50:29]      + Comb Detect (mode=3:spatial-metric=2:motion-thresh=3:spatial-thresh=3:filter-mode=2:block-thresh=40:block-width=16:block-height=16)
[21:50:29]      + Decomb (mode=47)
[21:50:29]      + Framerate Shaper (mode=0)
[21:50:29]        + frame rate: same as source (around 30.053 fps)
[21:50:29]      + Pad (color=black:top=0:bottom=0:left=0:right=0)
[21:50:29]    + Output geometry
[21:50:29]      + storage dimensions: 1920 x 1080
[21:50:29]      + pixel aspect ratio: 1 : 1
[21:50:29]      + display dimensions: 1920 x 1080
[21:50:29]    + encoder: VP9 (libvpx)
[21:50:29]      + preset:  medium
[21:50:29]      + profile: auto
[21:50:29]      + level:   auto
[21:50:29]      + quality: 22.00 (CQ)
[21:50:29]      + color profile: 1-1-1
[21:50:29]      + color range: tv
[21:50:29]      + chroma location: left
[21:50:29]  * audio track 1
[21:50:29]    + name: Stereo
[21:50:29]    + decoder: English (AAC LC, 2.0 ch, 256 kbps) (track 1, id 0x1)
[21:50:29]      + bitrate: 256 kbps, samplerate: 48000 Hz
[21:50:29]    + mixdown: Stereo
[21:50:29]    + encoder: FLAC 24-bit (libavcodec)
[21:50:29]      + samplerate: 48000 Hz
[21:50:29]      + compression level: 5.00
[21:50:29] sync: expecting 220 video frames
[21:50:29] encavcodecInit: VP9 encoder
[21:50:29] encavcodec: encoding at CQ 22.00
[21:50:29] encavcodec: encoding with stored aspect 1/1
[21:50:29] sync: first pts audio 0x1 is 0
[21:50:29] sync: first pts video is 1980
[21:50:29] sync: Chapter 1 at frame 1 time 1980
[21:50:44] reader: done. 1 scr changes
[21:51:08] work: average encoding speed for job is 8.454049 fps
[21:51:09] comb detect: heavy 0 | light 1 | uncombed 219 | total 220
[21:51:09] decomb: deinterlaced 0 | blended 1 | unfiltered 219 | total 220
[21:51:09] vfr: 220 frames output, 0 dropped
[21:51:09] vfr: lost time: 0 (0 frames)
[21:51:09] vfr: gained time: 0 (0 frames) (0 not accounted for)
[21:51:09] aac-decoder done: 343 frames, 0 decoder errors
[21:51:09] hevc-decoder done: 220 frames, 0 decoder errors
[21:51:09] sync: got 220 frames, 220 expected
[21:51:09] sync: framerate min 30.053 fps, max 30.053 fps, avg 30.053 fps
[21:51:10] mux: track 0, 220 frames, 4369917 bytes, 4740.87 kbps, fifo 256
[21:51:10] mux: track 1, 77 frames, 1123782 bytes, 1219.18 kbps, fifo 128
[21:51:10] Finished work at: Wed Oct 22 21:51:10 2025

[21:51:10] libhb: work result = 0
