Handbrake Version: 20250906052339-dddf75f75-makepkg (2025100401)
[10:43:24] gtkgui: Custom Preset: /Custom/CPU (With FIlters) (VP9)
[10:43:24] Starting work at: Fri Oct 17 10:43:24 2025

[10:43:24] 1 job(s) to process
[10:43:24] json job:
{
    "Audio": {
        "AudioList": [],
        "CopyMask": [],
        "FallbackEncoder": 0
    },
    "Destination": {
        "AlignAVStart": false,
        "ChapterList": [
            {
                "Duration": {
                    "Hours": 0,
                    "Minutes": 0,
                    "Seconds": 26,
                    "Ticks": 2401200
                },
                "Name": ""
            }
        ],
        "ChapterMarkers": false,
        "File": "/mnt/iMac/DaVinci Resolve/IICAQM/262186_small.mkv",
        "InlineParameterSets": false,
        "Mux": "mkv",
        "Options": {
            "IpodAtom": false,
            "Optimize": false
        }
    },
    "Filters": {
        "FilterList": [
            {
                "ID": 4,
                "Settings": {
                    "block-height": "16",
                    "block-thresh": "40",
                    "block-width": "16",
                    "filter-mode": "2",
                    "mode": "3",
                    "motion-thresh": "3",
                    "spatial-metric": "2",
                    "spatial-thresh": "3"
                }
            },
            {
                "ID": 6,
                "Settings": {
                    "mode": "15"
                }
            },
            {
                "ID": 11,
                "Settings": {
                    "mode": 0
                }
            },
            {
                "ID": 20,
                "Settings": {
                    "crop-bottom": 0,
                    "crop-left": 0,
                    "crop-right": 0,
                    "crop-top": 0,
                    "height": 1080,
                    "width": 1920
                }
            },
            {
                "ID": 28,
                "Settings": {
                    "bottom": "0",
                    "color": "black",
                    "left": "0",
                    "right": "0",
                    "top": "0"
                }
            }
        ]
    },
    "Metadata": {},
    "PAR": {
        "Den": 15,
        "Num": 16
    },
    "SequenceID": 0,
    "Source": {
        "Angle": 0,
        "HWDecode": 0,
        "KeepDuplicateTitles": false,
        "Path": "/home/sudar/Downloads/262186_small.mp4",
        "Range": {
            "End": 1,
            "Start": 1,
            "Type": "chapter"
        },
        "Title": 1
    },
    "Subtitle": {
        "Search": {
            "Burn": true,
            "Default": false,
            "Enable": false,
            "Forced": false
        },
        "SubtitleList": []
    },
    "Video": {
        "AdapterIndex": -1,
        "AsyncDepth": 0,
        "ChromaLocation": 1,
        "ColorInputFormat": 0,
        "ColorMatrix": 1,
        "ColorOutputFormat": 0,
        "ColorPrimaries": 1,
        "ColorRange": 0,
        "ColorTransfer": 1,
        "Encoder": "VP9",
        "HardwareDecode": 0,
        "Level": "auto",
        "MultiPass": true,
        "Options": "",
        "PasshtruHDRDynamicMetadata": 6,
        "Preset": "medium",
        "Profile": "auto",
        "Quality": 22.0,
        "Tune": "",
        "Turbo": true
    }
}
[10:43:24] CPU: Intel(R) Xeon(R) W-2135 CPU @ 3.70GHz
[10:43:24]  - logical processor count: 12
[10:43:24] Intel Quick Sync Video support: no
[10:43:24] hb_scan: path=/home/sudar/Downloads/262186_small.mp4, title_index=1
Input #0, mov,mp4,m4a,3gp,3g2,mj2, from '/home/sudar/Downloads/262186_small.mp4':
  Metadata:
    major_brand     : iso5
    minor_version   : 512
    compatible_brands: iso5iso6mp41
    encoder         : Lavf59.27.100
  Duration: 00:00:26.68, start: 0.000000, bitrate: 1455 kb/s
  Stream #0:0[0x1](und): Video: h264 (High) (avc1 / 0x31637661), yuv420p(tv, bt709, progressive), 2048x1080 [SAR 1:1 DAR 256:135], 1453 kb/s, 25 fps, 25 tbr, 12800 tbn (default)
      Metadata:
        handler_name    : VideoHandler
        vendor_id       : [0][0][0][0]
        encoder         : Lavc59.37.100 libx264
        timecode        : 00:00:02:03
  Stream #0:1[0x2](eng): Data: none (tmcd / 0x64636D74), 0 kb/s
      Metadata:
        handler_name    : VideoHandler
        timecode        : 00:00:02:03
[10:43:24] scan: decoding previews for title 1
[10:43:24] using container PAR 1:1
[10:43:24] scan: 10 previews, 2048x1080, 25.000 fps, autocrop = 0/0/0/0, aspect 1.90:1, PAR 1:1, color profile: 1-1-1, chroma location: left
[10:43:24] libhb: scan thread found 1 valid title(s)
[10:43:24] Starting Task: Analysis Pass
[10:43:24] job configuration:
[10:43:24]  * source
[10:43:24]    + /home/sudar/Downloads/262186_small.mp4
[10:43:24]    + title 1, chapter(s) 1 to 1
[10:43:24]    + container: mov,mp4,m4a,3gp,3g2,mj2
[10:43:24]    + data rate: 1455 kbps
[10:43:24]  * destination
[10:43:24]    + /mnt/iMac/DaVinci Resolve/IICAQM/262186_small.mkv
[10:43:24]    + container: Matroska (libavformat)
[10:43:24]  * video track
[10:43:24]    + decoder: h264 8-bit (yuv420p)
[10:43:24]      + bitrate 1453 kbps
[10:43:24]    + filters
[10:43:24]      + Comb Detect (mode=3:spatial-metric=2:motion-thresh=3:spatial-thresh=3:filter-mode=2:block-thresh=40:block-width=16:block-height=16)
[10:43:24]      + Decomb (mode=47)
[10:43:24]      + Framerate Shaper (mode=0)
[10:43:24]        + frame rate: same as source (around 25.000 fps)
[10:43:24]      + Crop and Scale (width=1920:height=1080:crop-top=0:crop-bottom=0:crop-left=0:crop-right=0)
[10:43:24]        + source: 2048 * 1080, crop (0/0/0/0): 2048 * 1080, scale: 1920 * 1080
[10:43:24]      + Pad (color=black:top=0:bottom=0:left=0:right=0)
[10:43:24]    + Output geometry
[10:43:24]      + storage dimensions: 1920 x 1080
[10:43:24]      + pixel aspect ratio: 16 : 15
[10:43:24]      + display dimensions: 2048 x 1080
[10:43:24]    + encoder: VP9 (libvpx)
[10:43:24]      + preset:  medium
[10:43:24]      + profile: auto
[10:43:24]      + level:   auto
[10:43:24]      + quality: 22.00 (CQ)
[10:43:24]      + color profile: 1-1-1
[10:43:24]      + color range: tv
[10:43:24]      + chroma location: left
[10:43:24] sync: expecting 667 video frames
[10:43:24] encavcodecInit: VP9 encoder
[10:43:24] encavcodec: encoding at CQ 22.00
[10:43:24] encavcodec: encoding with stored aspect 16/15
[10:43:24] sync: first pts video is 0
[10:43:24] sync: Chapter 1 at frame 1 time 0
[10:43:30] reader: done. 1 scr changes
[10:43:30] work: average encoding speed for job is 114.806465 fps
[10:43:30] comb detect: heavy 0 | light 0 | uncombed 667 | total 667
[10:43:30] decomb: deinterlaced 0 | blended 0 | unfiltered 667 | total 667
[10:43:30] vfr: 667 frames output, 0 dropped
[10:43:30] vfr: lost time: 0 (0 frames)
[10:43:30] vfr: gained time: 0 (0 frames) (0 not accounted for)
[10:43:30] h264-decoder done: 667 frames, 0 decoder errors
[10:43:30] sync: got 667 frames, 667 expected
[10:43:30] sync: framerate min 25.000 fps, max 25.000 fps, avg 25.000 fps
[10:43:30] Starting Task: Encoding Pass
[10:43:30] job configuration:
[10:43:30]  * source
[10:43:30]    + /home/sudar/Downloads/262186_small.mp4
[10:43:30]    + title 1, chapter(s) 1 to 1
[10:43:30]    + container: mov,mp4,m4a,3gp,3g2,mj2
[10:43:30]    + data rate: 1455 kbps
[10:43:30]  * destination
[10:43:30]    + /mnt/iMac/DaVinci Resolve/IICAQM/262186_small.mkv
[10:43:30]    + container: Matroska (libavformat)
[10:43:30]  * video track
[10:43:30]    + decoder: h264 8-bit (yuv420p)
[10:43:30]      + bitrate 1453 kbps
[10:43:30]    + filters
[10:43:30]      + Comb Detect (mode=3:spatial-metric=2:motion-thresh=3:spatial-thresh=3:filter-mode=2:block-thresh=40:block-width=16:block-height=16)
[10:43:30]      + Decomb (mode=47)
[10:43:30]      + Framerate Shaper (mode=0)
[10:43:30]        + frame rate: same as source (around 25.000 fps)
[10:43:30]      + Crop and Scale (width=1920:height=1080:crop-top=0:crop-bottom=0:crop-left=0:crop-right=0)
[10:43:30]        + source: 2048 * 1080, crop (0/0/0/0): 2048 * 1080, scale: 1920 * 1080
[10:43:30]      + Pad (color=black:top=0:bottom=0:left=0:right=0)
[10:43:30]    + Output geometry
[10:43:30]      + storage dimensions: 1920 x 1080
[10:43:30]      + pixel aspect ratio: 16 : 15
[10:43:30]      + display dimensions: 2048 x 1080
[10:43:30]    + encoder: VP9 (libvpx)
[10:43:30]      + preset:  medium
[10:43:30]      + profile: auto
[10:43:30]      + level:   auto
[10:43:30]      + quality: 22.00 (CQ)
[10:43:30]      + color profile: 1-1-1
[10:43:30]      + color range: tv
[10:43:30]      + chroma location: left
[10:43:30] sync: expecting 667 video frames
[10:43:30] encavcodecInit: VP9 encoder
[10:43:30] encavcodec: encoding at CQ 22.00
[10:43:30] encavcodec: encoding with stored aspect 16/15
[10:43:31] sync: first pts video is 0
[10:43:31] sync: Chapter 1 at frame 1 time 0
[10:44:31] reader: done. 1 scr changes
[10:44:46] work: average encoding speed for job is 9.900071 fps
[10:44:46] comb detect: heavy 0 | light 0 | uncombed 667 | total 667
[10:44:46] decomb: deinterlaced 0 | blended 0 | unfiltered 667 | total 667
[10:44:46] vfr: 667 frames output, 0 dropped
[10:44:46] vfr: lost time: 0 (0 frames)
[10:44:46] vfr: gained time: 0 (0 frames) (0 not accounted for)
[10:44:46] h264-decoder done: 667 frames, 0 decoder errors
[10:44:46] sync: got 667 frames, 667 expected
[10:44:46] sync: framerate min 25.000 fps, max 25.000 fps, avg 25.000 fps
[10:44:46] mux: track 0, 667 frames, 1798379 bytes, 538.44 kbps, fifo 1024
[10:44:46] Finished work at: Fri Oct 17 10:44:46 2025

[10:44:46] libhb: work result = 0
