Handbrake Version: 20250906052339-dddf75f75-makepkg (2025100401)
[21:10:13] gtkgui: Custom Preset: /Custom/CPU (With FIlters) (VP9)
[21:10:13] Starting work at: Thu Oct 16 21:10:13 2025

[21:10:13] 1 job(s) to process
[21:10:13] json job:
{
    "Audio": {
        "AudioList": [
            {
                "Bitrate": 160,
                "CompressionLevel": -1.0,
                "DRC": 0.0,
                "DitherMethod": "auto",
                "Encoder": "av_aac",
                "Gain": 0.0,
                "Mixdown": "stereo",
                "Name": "Stereo",
                "NormalizeMixLevel": false,
                "PresetEncoder": "av_aac",
                "Quality": -3.0,
                "Samplerate": 0,
                "Track": 0
            }
        ],
        "CopyMask": [
            "copy:aac"
        ],
        "FallbackEncoder": "av_aac"
    },
    "Destination": {
        "AlignAVStart": false,
        "ChapterList": [
            {
                "Duration": {
                    "Hours": 0,
                    "Minutes": 0,
                    "Seconds": 35,
                    "Ticks": 3150600
                },
                "Name": ""
            }
        ],
        "ChapterMarkers": false,
        "File": "/mnt/iMac/DaVinci Resolve/IICAQM/10020440-uhd_3840_2160_30fps.mkv",
        "InlineParameterSets": false,
        "Mux": "mkv",
        "Options": {
            "IpodAtom": false,
            "Optimize": false
        }
    },
    "Filters": {
        "FilterList": [
            {
                "ID": 4,
                "Settings": {
                    "block-height": "16",
                    "block-thresh": "40",
                    "block-width": "16",
                    "filter-mode": "2",
                    "mode": "3",
                    "motion-thresh": "3",
                    "spatial-metric": "2",
                    "spatial-thresh": "3"
                }
            },
            {
                "ID": 6,
                "Settings": {
                    "mode": "15"
                }
            },
            {
                "ID": 11,
                "Settings": {
                    "mode": 0
                }
            },
            {
                "ID": 20,
                "Settings": {
                    "crop-bottom": 0,
                    "crop-left": 0,
                    "crop-right": 0,
                    "crop-top": 0,
                    "height": 1080,
                    "width": 1920
                }
            },
            {
                "ID": 28,
                "Settings": {
                    "bottom": "0",
                    "color": "black",
                    "left": "0",
                    "right": "0",
                    "top": "0"
                }
            }
        ]
    },
    "Metadata": {
        "CreationTime": "2021-10-25T10:44:24.000000Z"
    },
    "PAR": {
        "Den": 1,
        "Num": 1
    },
    "SequenceID": 0,
    "Source": {
        "Angle": 0,
        "HWDecode": 0,
        "KeepDuplicateTitles": false,
        "Path": "/mnt/iMac/DaVinci Resolve/Project Backups/Chemistry PBL for CT3 2025.dra/MediaFiles/Chem PBL CT3 2025/10020440-uhd_3840_2160_30fps.mp4",
        "Range": {
            "End": 1,
            "Start": 1,
            "Type": "chapter"
        },
        "Title": 1
    },
    "Subtitle": {
        "Search": {
            "Burn": true,
            "Default": false,
            "Enable": false,
            "Forced": false
        },
        "SubtitleList": []
    },
    "Video": {
        "AdapterIndex": -1,
        "AsyncDepth": 0,
        "ChromaLocation": 1,
        "ColorInputFormat": 0,
        "ColorMatrix": 1,
        "ColorOutputFormat": 0,
        "ColorPrimaries": 1,
        "ColorRange": 0,
        "ColorTransfer": 1,
        "Encoder": "VP9",
        "HardwareDecode": 0,
        "Level": "auto",
        "MultiPass": true,
        "Options": "",
        "PasshtruHDRDynamicMetadata": 6,
        "Preset": "medium",
        "Profile": "auto",
        "Quality": 22.0,
        "Tune": "",
        "Turbo": true
    }
}
[21:10:13] CPU: Intel(R) Xeon(R) W-2135 CPU @ 3.70GHz
[21:10:13]  - logical processor count: 12
[21:10:13] Intel Quick Sync Video support: no
[21:10:13] hb_scan: path=/mnt/iMac/DaVinci Resolve/Project Backups/Chemistry PBL for CT3 2025.dra/MediaFiles/Chem PBL CT3 2025/10020440-uhd_3840_2160_30fps.mp4, title_index=1
Input #0, mov,mp4,m4a,3gp,3g2,mj2, from '/mnt/iMac/DaVinci Resolve/Project Backups/Chemistry PBL for CT3 2025.dra/MediaFiles/Chem PBL CT3 2025/10020440-uhd_3840_2160_30fps.mp4':
  Metadata:
    major_brand     : mp42
    minor_version   : 0
    compatible_brands: mp42mp41isomavc1
    creation_time   : 2021-10-25T10:44:24.000000Z
  Duration: 00:00:35.01, start: 0.000000, bitrate: 24883 kb/s
  Stream #0:0[0x1](und): Video: h264 (High) (avc1 / 0x31637661), yuv420p(tv, bt709, progressive), 3840x2160, 24629 kb/s, 29.97 fps, 29.97 tbr, 30k tbn (default)
      Metadata:
        creation_time   : 2021-10-25T10:44:24.000000Z
        handler_name    : L-SMASH Video Handler
        vendor_id       : [0][0][0][0]
        encoder         : AVC Coding
  Stream #0:1[0x2](und): Audio: aac (LC) (mp4a / 0x6134706D), 48000 Hz, stereo, fltp, 253 kb/s (default)
      Metadata:
        creation_time   : 2021-10-25T10:44:24.000000Z
        handler_name    : L-SMASH Audio Handler
        vendor_id       : [0][0][0][0]
[21:10:13] scan: decoding previews for title 1
[21:10:13] scan: audio 0x1: aac, rate=48000Hz, bitrate=253375 Unknown (AAC LC, 2.0 ch, 253 kbps)
[21:10:15] scan: 10 previews, 3840x2160, 29.970 fps, autocrop = 0/0/0/0, aspect 16:9, PAR 1:1, color profile: 1-1-1, chroma location: left
[21:10:15] libhb: scan thread found 1 valid title(s)
[21:10:15] Starting Task: Analysis Pass
[21:10:15] job configuration:
[21:10:15]  * source
[21:10:15]    + /mnt/iMac/DaVinci Resolve/Project Backups/Chemistry PBL for CT3 2025.dra/MediaFiles/Chem PBL CT3 2025/10020440-uhd_3840_2160_30fps.mp4
[21:10:15]    + title 1, chapter(s) 1 to 1
[21:10:15]    + container: mov,mp4,m4a,3gp,3g2,mj2
[21:10:15]    + data rate: 24883 kbps
[21:10:15]  * destination
[21:10:15]    + /mnt/iMac/DaVinci Resolve/IICAQM/10020440-uhd_3840_2160_30fps.mkv
[21:10:15]    + container: Matroska (libavformat)
[21:10:15]  * video track
[21:10:15]    + decoder: h264 8-bit (yuv420p)
[21:10:15]      + bitrate 24629 kbps
[21:10:15]    + filters
[21:10:15]      + Comb Detect (mode=3:spatial-metric=2:motion-thresh=3:spatial-thresh=3:filter-mode=2:block-thresh=40:block-width=16:block-height=16)
[21:10:15]      + Decomb (mode=47)
[21:10:15]      + Framerate Shaper (mode=0)
[21:10:15]        + frame rate: same as source (around 29.970 fps)
[21:10:15]      + Crop and Scale (width=1920:height=1080:crop-top=0:crop-bottom=0:crop-left=0:crop-right=0)
[21:10:15]        + source: 3840 * 2160, crop (0/0/0/0): 3840 * 2160, scale: 1920 * 1080
[21:10:15]      + Pad (color=black:top=0:bottom=0:left=0:right=0)
[21:10:15]    + Output geometry
[21:10:15]      + storage dimensions: 1920 x 1080
[21:10:15]      + pixel aspect ratio: 1 : 1
[21:10:15]      + display dimensions: 1920 x 1080
[21:10:15]    + encoder: VP9 (libvpx)
[21:10:15]      + preset:  medium
[21:10:15]      + profile: auto
[21:10:15]      + level:   auto
[21:10:15]      + quality: 22.00 (CQ)
[21:10:15]      + color profile: 1-1-1
[21:10:15]      + color range: tv
[21:10:15]      + chroma location: left
[21:10:15]  * audio track 1
[21:10:15]    + name: Stereo
[21:10:15]    + decoder: Unknown (AAC LC, 2.0 ch, 253 kbps) (track 1, id 0x1)
[21:10:15]      + bitrate: 253 kbps, samplerate: 48000 Hz
[21:10:15]    + mixdown: Stereo
[21:10:15]    + encoder: AAC (libavcodec)
[21:10:15]      + bitrate: 160 kbps, samplerate: 48000 Hz
[21:10:15] sync: expecting 1049 video frames
[21:10:15] encavcodecInit: VP9 encoder
[21:10:15] encavcodec: encoding at CQ 22.00
[21:10:15] encavcodec: encoding with stored aspect 1/1
[21:10:15] sync: first pts video is 0
[21:10:15] sync: Chapter 1 at frame 1 time 0
[21:10:15] sync: first pts audio 0x1 is 0
[21:10:32] reader: done. 1 scr changes
[21:10:34] work: average encoding speed for job is 57.117699 fps
[21:10:34] comb detect: heavy 0 | light 3 | uncombed 1046 | total 1049
[21:10:34] decomb: deinterlaced 0 | blended 3 | unfiltered 1046 | total 1049
[21:10:34] vfr: 1049 frames output, 0 dropped
[21:10:34] vfr: lost time: 0 (0 frames)
[21:10:34] vfr: gained time: 0 (0 frames) (0 not accounted for)
[21:10:34] aac-decoder done: 1641 frames, 0 decoder errors
[21:10:34] h264-decoder done: 1049 frames, 0 decoder errors
[21:10:34] sync: got 1049 frames, 1049 expected
[21:10:34] sync: framerate min 29.970 fps, max 29.971 fps, avg 29.970 fps
[21:10:34] Starting Task: Encoding Pass
[21:10:34] job configuration:
[21:10:34]  * source
[21:10:34]    + /mnt/iMac/DaVinci Resolve/Project Backups/Chemistry PBL for CT3 2025.dra/MediaFiles/Chem PBL CT3 2025/10020440-uhd_3840_2160_30fps.mp4
[21:10:34]    + title 1, chapter(s) 1 to 1
[21:10:34]    + container: mov,mp4,m4a,3gp,3g2,mj2
[21:10:34]    + data rate: 24883 kbps
[21:10:34]  * destination
[21:10:34]    + /mnt/iMac/DaVinci Resolve/IICAQM/10020440-uhd_3840_2160_30fps.mkv
[21:10:34]    + container: Matroska (libavformat)
[21:10:34]  * video track
[21:10:34]    + decoder: h264 8-bit (yuv420p)
[21:10:34]      + bitrate 24629 kbps
[21:10:34]    + filters
[21:10:34]      + Comb Detect (mode=3:spatial-metric=2:motion-thresh=3:spatial-thresh=3:filter-mode=2:block-thresh=40:block-width=16:block-height=16)
[21:10:34]      + Decomb (mode=47)
[21:10:34]      + Framerate Shaper (mode=0)
[21:10:34]        + frame rate: same as source (around 29.970 fps)
[21:10:34]      + Crop and Scale (width=1920:height=1080:crop-top=0:crop-bottom=0:crop-left=0:crop-right=0)
[21:10:34]        + source: 3840 * 2160, crop (0/0/0/0): 3840 * 2160, scale: 1920 * 1080
[21:10:34]      + Pad (color=black:top=0:bottom=0:left=0:right=0)
[21:10:34]    + Output geometry
[21:10:34]      + storage dimensions: 1920 x 1080
[21:10:34]      + pixel aspect ratio: 1 : 1
[21:10:34]      + display dimensions: 1920 x 1080
[21:10:34]    + encoder: VP9 (libvpx)
[21:10:34]      + preset:  medium
[21:10:34]      + profile: auto
[21:10:34]      + level:   auto
[21:10:34]      + quality: 22.00 (CQ)
[21:10:34]      + color profile: 1-1-1
[21:10:34]      + color range: tv
[21:10:34]      + chroma location: left
[21:10:34]  * audio track 1
[21:10:34]    + name: Stereo
[21:10:34]    + decoder: Unknown (AAC LC, 2.0 ch, 253 kbps) (track 1, id 0x1)
[21:10:34]      + bitrate: 253 kbps, samplerate: 48000 Hz
[21:10:34]    + mixdown: Stereo
[21:10:34]    + encoder: AAC (libavcodec)
[21:10:34]      + bitrate: 160 kbps, samplerate: 48000 Hz
[21:10:34] sync: expecting 1049 video frames
[21:10:34] encavcodecInit: VP9 encoder
[21:10:34] encavcodec: encoding at CQ 22.00
[21:10:34] encavcodec: encoding with stored aspect 1/1
[21:10:35] sync: first pts video is 0
[21:10:35] sync: Chapter 1 at frame 1 time 0
[21:10:35] sync: first pts audio 0x1 is 0
[21:13:36] reader: done. 1 scr changes
[21:14:02] work: average encoding speed for job is 5.346741 fps
[21:14:02] comb detect: heavy 0 | light 3 | uncombed 1046 | total 1049
[21:14:02] decomb: deinterlaced 0 | blended 3 | unfiltered 1046 | total 1049
[21:14:02] vfr: 1049 frames output, 0 dropped
[21:14:02] vfr: lost time: 0 (0 frames)
[21:14:02] vfr: gained time: 0 (0 frames) (0 not accounted for)
[21:14:03] aac-decoder done: 1641 frames, 0 decoder errors
[21:14:03] h264-decoder done: 1049 frames, 0 decoder errors
[21:14:03] sync: got 1049 frames, 1049 expected
[21:14:03] sync: framerate min 29.970 fps, max 29.971 fps, avg 29.970 fps
[21:14:05] mux: track 0, 1049 frames, 31299343 bytes, 7146.99 kbps, fifo 512
[21:14:05] mux: track 1, 1642 frames, 9971 bytes, 2.28 kbps, fifo 1024
[21:14:05] Finished work at: Thu Oct 16 21:14:05 2025

[21:14:05] libhb: work result = 0
