Handbrake Version: 20250906052339-dddf75f75-makepkg (2025100401)
[17:13:51] gtkgui: Modified Custom Preset: /Custom/CPU (With FIlters) (VP9)
[17:13:51] Starting work at: Fri Oct 17 17:13:51 2025

[17:13:51] 1 job(s) to process
[17:13:51] json job:
{
    "Audio": {
        "AudioList": [
            {
                "Bitrate": 160,
                "CompressionLevel": -1.0,
                "DRC": 0.0,
                "DitherMethod": "auto",
                "Encoder": "av_aac",
                "Gain": 0.0,
                "Mixdown": "stereo",
                "Name": "Stereo",
                "NormalizeMixLevel": false,
                "PresetEncoder": "av_aac",
                "Quality": -3.0,
                "Samplerate": 0,
                "Track": 0
            }
        ],
        "CopyMask": [
            "copy:aac"
        ],
        "FallbackEncoder": "av_aac"
    },
    "Destination": {
        "AlignAVStart": false,
        "ChapterList": [
            {
                "Duration": {
                    "Hours": 0,
                    "Minutes": 0,
                    "Seconds": 8,
                    "Ticks": 789750
                },
                "Name": ""
            }
        ],
        "ChapterMarkers": false,
        "File": "/mnt/iMac/DaVinci Resolve/IICAQM/857010-hd_1920_1080_30fps.mkv",
        "InlineParameterSets": false,
        "Mux": "mkv",
        "Options": {
            "IpodAtom": false,
            "Optimize": false
        }
    },
    "Filters": {
        "FilterList": [
            {
                "ID": 4,
                "Settings": {
                    "block-height": "16",
                    "block-thresh": "40",
                    "block-width": "16",
                    "filter-mode": "2",
                    "mode": "3",
                    "motion-thresh": "3",
                    "spatial-metric": "2",
                    "spatial-thresh": "3"
                }
            },
            {
                "ID": 6,
                "Settings": {
                    "mode": "15"
                }
            },
            {
                "ID": 11,
                "Settings": {
                    "mode": 0
                }
            },
            {
                "ID": 14,
                "Settings": {
                    "cb-frame-count": 2,
                    "cb-origin-tune": 0.8,
                    "cb-patch-size": 7,
                    "cb-prefilter": 0,
                    "cb-range": 3,
                    "cb-strength": 6.0,
                    "y-frame-count": 2,
                    "y-origin-tune": 0.8,
                    "y-patch-size": 7,
                    "y-prefilter": 0,
                    "y-range": 3,
                    "y-strength": 0.0
                }
            },
            {
                "ID": 20,
                "Settings": {
                    "crop-bottom": 0,
                    "crop-left": 0,
                    "crop-right": 0,
                    "crop-top": 0,
                    "height": 1080,
                    "width": 1920
                }
            },
            {
                "ID": 28,
                "Settings": {
                    "bottom": "0",
                    "color": "black",
                    "left": "0",
                    "right": "0",
                    "top": "0"
                }
            }
        ]
    },
    "Metadata": {
        "CreationTime": "2017-01-08T18:41:45.000000Z"
    },
    "PAR": {
        "Den": 1,
        "Num": 1
    },
    "SequenceID": 0,
    "Source": {
        "Angle": 0,
        "HWDecode": 0,
        "KeepDuplicateTitles": false,
        "Path": "/home/sudar/Downloads/857010-hd_1920_1080_30fps.mp4",
        "Range": {
            "End": 1,
            "Start": 1,
            "Type": "chapter"
        },
        "Title": 1
    },
    "Subtitle": {
        "Search": {
            "Burn": true,
            "Default": false,
            "Enable": false,
            "Forced": false
        },
        "SubtitleList": []
    },
    "Video": {
        "AdapterIndex": -1,
        "AsyncDepth": 0,
        "ChromaLocation": 1,
        "ColorInputFormat": 0,
        "ColorMatrix": 1,
        "ColorOutputFormat": 0,
        "ColorPrimaries": 1,
        "ColorRange": 0,
        "ColorTransfer": 1,
        "Encoder": "VP9",
        "HardwareDecode": 0,
        "Level": "auto",
        "MultiPass": true,
        "Options": "",
        "PasshtruHDRDynamicMetadata": 6,
        "Preset": "medium",
        "Profile": "auto",
        "Quality": 22.0,
        "Tune": "",
        "Turbo": true
    }
}
[17:13:51] CPU: Intel(R) Xeon(R) W-2135 CPU @ 3.70GHz
[17:13:51]  - logical processor count: 12
[17:13:51] Intel Quick Sync Video support: no
[17:13:51] hb_scan: path=/home/sudar/Downloads/857010-hd_1920_1080_30fps.mp4, title_index=1
Input #0, mov,mp4,m4a,3gp,3g2,mj2, from '/home/sudar/Downloads/857010-hd_1920_1080_30fps.mp4':
  Metadata:
    major_brand     : mp42
    minor_version   : 0
    compatible_brands: mp42mp41isomavc1
    creation_time   : 2017-01-08T18:41:45.000000Z
  Duration: 00:00:08.78, start: 0.000000, bitrate: 3192 kb/s
  Stream #0:0[0x1](und): Video: h264 (High) (avc1 / 0x31637661), yuv420p(tv, bt709, progressive), 1920x1080 [SAR 1:1 DAR 16:9], 2930 kb/s, 29.97 fps, 29.97 tbr, 30k tbn (default)
      Metadata:
        creation_time   : 2017-01-08T18:41:45.000000Z
        handler_name    : L-SMASH Video Handler
        vendor_id       : [0][0][0][0]
        encoder         : AVC Coding
  Stream #0:1[0x2](und): Audio: aac (LC) (mp4a / 0x6134706D), 48000 Hz, stereo, fltp, 255 kb/s (default)
      Metadata:
        creation_time   : 2017-01-08T18:41:45.000000Z
        handler_name    : L-SMASH Audio Handler
        vendor_id       : [0][0][0][0]
[17:13:51] scan: decoding previews for title 1
[17:13:51] scan: audio 0x1: aac, rate=48000Hz, bitrate=255999 Unknown (AAC LC, 2.0 ch, 255 kbps)
[17:13:51] using container PAR 1:1
[17:13:51] scan: 10 previews, 1920x1080, 29.970 fps, autocrop = 0/0/0/0, aspect 16:9, PAR 1:1, color profile: 1-1-1, chroma location: left
[17:13:51] libhb: scan thread found 1 valid title(s)
[17:13:51] Starting Task: Analysis Pass
[17:13:51] work: skipping crop/scale filter
[17:13:51] NLMeans using SSE2 optimizations
[17:13:51] NLMeans using 12 threads
[17:13:51] job configuration:
[17:13:51]  * source
[17:13:51]    + /home/sudar/Downloads/857010-hd_1920_1080_30fps.mp4
[17:13:51]    + title 1, chapter(s) 1 to 1
[17:13:51]    + container: mov,mp4,m4a,3gp,3g2,mj2
[17:13:51]    + data rate: 3192 kbps
[17:13:51]  * destination
[17:13:51]    + /mnt/iMac/DaVinci Resolve/IICAQM/857010-hd_1920_1080_30fps.mkv
[17:13:51]    + container: Matroska (libavformat)
[17:13:51]  * video track
[17:13:51]    + decoder: h264 8-bit (yuv420p)
[17:13:51]      + bitrate 2930 kbps
[17:13:51]    + filters
[17:13:51]      + Comb Detect (mode=3:spatial-metric=2:motion-thresh=3:spatial-thresh=3:filter-mode=2:block-thresh=40:block-width=16:block-height=16)
[17:13:51]      + Decomb (mode=47)
[17:13:51]      + Framerate Shaper (mode=0)
[17:13:51]        + frame rate: same as source (around 29.970 fps)
[17:13:51]      + Denoise (nlmeans) (y-strength=0:y-origin-tune=0.8:y-patch-size=7:y-range=3:y-frame-count=2:y-prefilter=0:cb-strength=6:cb-origin-tune=0.8:cb-patch-size=7:cb-range=3:cb-frame-count=2:cb-prefilter=0)
[17:13:51]      + Pad (color=black:top=0:bottom=0:left=0:right=0)
[17:13:51]    + Output geometry
[17:13:51]      + storage dimensions: 1920 x 1080
[17:13:51]      + pixel aspect ratio: 1 : 1
[17:13:51]      + display dimensions: 1920 x 1080
[17:13:51]    + encoder: VP9 (libvpx)
[17:13:51]      + preset:  medium
[17:13:51]      + profile: auto
[17:13:51]      + level:   auto
[17:13:51]      + quality: 22.00 (CQ)
[17:13:51]      + color profile: 1-1-1
[17:13:51]      + color range: tv
[17:13:51]      + chroma location: left
[17:13:51]  * audio track 1
[17:13:51]    + name: Stereo
[17:13:51]    + decoder: Unknown (AAC LC, 2.0 ch, 255 kbps) (track 1, id 0x1)
[17:13:51]      + bitrate: 255 kbps, samplerate: 48000 Hz
[17:13:51]    + mixdown: Stereo
[17:13:51]    + encoder: AAC (libavcodec)
[17:13:51]      + bitrate: 160 kbps, samplerate: 48000 Hz
[17:13:51] sync: expecting 262 video frames
[17:13:51] encavcodecInit: VP9 encoder
[17:13:51] encavcodec: encoding at CQ 22.00
[17:13:51] encavcodec: encoding with stored aspect 1/1
[17:13:51] sync: first pts video is 0
[17:13:51] sync: Chapter 1 at frame 1 time 0
[17:13:51] sync: first pts audio 0x1 is 0
[17:13:55] reader: done. 1 scr changes
[17:13:58] work: average encoding speed for job is 47.019867 fps
[17:13:59] comb detect: heavy 0 | light 0 | uncombed 263 | total 263
[17:13:59] decomb: deinterlaced 0 | blended 0 | unfiltered 263 | total 263
[17:13:59] vfr: 263 frames output, 0 dropped
[17:13:59] vfr: lost time: 0 (0 frames)
[17:13:59] vfr: gained time: 0 (0 frames) (0 not accounted for)
[17:13:59] aac-decoder done: 410 frames, 0 decoder errors
[17:13:59] h264-decoder done: 263 frames, 0 decoder errors
[17:13:59] sync: got 263 frames, 262 expected
[17:13:59] sync: framerate min 29.970 fps, max 29.972 fps, avg 29.970 fps
[17:13:59] Starting Task: Encoding Pass
[17:13:59] work: skipping crop/scale filter
[17:13:59] NLMeans using SSE2 optimizations
[17:13:59] NLMeans using 12 threads
[17:13:59] job configuration:
[17:13:59]  * source
[17:13:59]    + /home/sudar/Downloads/857010-hd_1920_1080_30fps.mp4
[17:13:59]    + title 1, chapter(s) 1 to 1
[17:13:59]    + container: mov,mp4,m4a,3gp,3g2,mj2
[17:13:59]    + data rate: 3192 kbps
[17:13:59]  * destination
[17:13:59]    + /mnt/iMac/DaVinci Resolve/IICAQM/857010-hd_1920_1080_30fps.mkv
[17:13:59]    + container: Matroska (libavformat)
[17:13:59]  * video track
[17:13:59]    + decoder: h264 8-bit (yuv420p)
[17:13:59]      + bitrate 2930 kbps
[17:13:59]    + filters
[17:13:59]      + Comb Detect (mode=3:spatial-metric=2:motion-thresh=3:spatial-thresh=3:filter-mode=2:block-thresh=40:block-width=16:block-height=16)
[17:13:59]      + Decomb (mode=47)
[17:13:59]      + Framerate Shaper (mode=0)
[17:13:59]        + frame rate: same as source (around 29.970 fps)
[17:13:59]      + Denoise (nlmeans) (y-strength=0:y-origin-tune=0.8:y-patch-size=7:y-range=3:y-frame-count=2:y-prefilter=0:cb-strength=6:cb-origin-tune=0.8:cb-patch-size=7:cb-range=3:cb-frame-count=2:cb-prefilter=0)
[17:13:59]      + Pad (color=black:top=0:bottom=0:left=0:right=0)
[17:13:59]    + Output geometry
[17:13:59]      + storage dimensions: 1920 x 1080
[17:13:59]      + pixel aspect ratio: 1 : 1
[17:13:59]      + display dimensions: 1920 x 1080
[17:13:59]    + encoder: VP9 (libvpx)
[17:13:59]      + preset:  medium
[17:13:59]      + profile: auto
[17:13:59]      + level:   auto
[17:13:59]      + quality: 22.00 (CQ)
[17:13:59]      + color profile: 1-1-1
[17:13:59]      + color range: tv
[17:13:59]      + chroma location: left
[17:13:59]  * audio track 1
[17:13:59]    + name: Stereo
[17:13:59]    + decoder: Unknown (AAC LC, 2.0 ch, 255 kbps) (track 1, id 0x1)
[17:13:59]      + bitrate: 255 kbps, samplerate: 48000 Hz
[17:13:59]    + mixdown: Stereo
[17:13:59]    + encoder: AAC (libavcodec)
[17:13:59]      + bitrate: 160 kbps, samplerate: 48000 Hz
[17:13:59] sync: expecting 263 video frames
[17:13:59] encavcodecInit: VP9 encoder
[17:13:59] encavcodec: encoding at CQ 22.00
[17:13:59] encavcodec: encoding with stored aspect 1/1
[17:13:59] sync: first pts video is 0
[17:13:59] sync: Chapter 1 at frame 1 time 0
[17:13:59] sync: first pts audio 0x1 is 0
[17:14:15] reader: done. 1 scr changes
[17:14:37] work: average encoding speed for job is 10.477409 fps
[17:14:37] comb detect: heavy 0 | light 0 | uncombed 263 | total 263
[17:14:37] decomb: deinterlaced 0 | blended 0 | unfiltered 263 | total 263
[17:14:37] vfr: 263 frames output, 0 dropped
[17:14:37] vfr: lost time: 0 (0 frames)
[17:14:37] vfr: gained time: 0 (0 frames) (0 not accounted for)
[17:14:37] aac-decoder done: 410 frames, 0 decoder errors
[17:14:37] h264-decoder done: 263 frames, 0 decoder errors
[17:14:37] sync: got 263 frames, 263 expected
[17:14:37] sync: framerate min 29.970 fps, max 29.972 fps, avg 29.970 fps
[17:14:37] mux: track 0, 263 frames, 1190738 bytes, 1081.41 kbps, fifo 512
[17:14:37] mux: track 1, 411 frames, 2500 bytes, 2.27 kbps, fifo 512
[17:14:37] Finished work at: Fri Oct 17 17:14:37 2025

[17:14:37] libhb: work result = 0
