Handbrake Version: 20250906052339-dddf75f75-makepkg (2025100401)
[22:15:46] gtkgui: Preset: /General/Fast 1080p30
[22:15:46] Starting work at: Tue Oct 28 22:15:46 2025

[22:15:46] 1 job(s) to process
[22:15:46] json job:
{
    "Audio": {
        "AudioList": [
            {
                "Bitrate": 160,
                "DRC": 0.0,
                "Encoder": "av_aac",
                "Gain": 0.0,
                "Mixdown": "mono",
                "Name": "Mono",
                "Quality": -3.0,
                "Samplerate": 0,
                "Track": 0
            }
        ],
        "CopyMask": [
            "copy:aac"
        ],
        "FallbackEncoder": "av_aac"
    },
    "Destination": {
        "AlignAVStart": true,
        "ChapterList": [
            {
                "Duration": {
                    "Hours": 0,
                    "Minutes": 1,
                    "Seconds": 0,
                    "Ticks": 5478750
                },
                "Name": ""
            }
        ],
        "ChapterMarkers": false,
        "File": "/mnt/iMac/Backed Up/School/IGCSE/General/IICAQMFinal.mp4",
        "InlineParameterSets": false,
        "Mux": "m4v",
        "Options": {
            "IpodAtom": false,
            "Optimize": false
        }
    },
    "Filters": {
        "FilterList": [
            {
                "ID": 4,
                "Settings": {
                    "block-height": "16",
                    "block-thresh": "40",
                    "block-width": "16",
                    "filter-mode": "2",
                    "mode": "3",
                    "motion-thresh": "1",
                    "spatial-metric": "2",
                    "spatial-thresh": "1"
                }
            },
            {
                "ID": 6,
                "Settings": {
                    "mode": "7"
                }
            },
            {
                "ID": 11,
                "Settings": {
                    "mode": 2,
                    "rate": "27000000/900000"
                }
            },
            {
                "ID": 20,
                "Settings": {
                    "crop-bottom": 0,
                    "crop-left": 0,
                    "crop-right": 0,
                    "crop-top": 0,
                    "height": 1080,
                    "width": 1920
                }
            }
        ]
    },
    "Metadata": {
        "CreationTime": "2025-10-28T16:37:44.000000Z"
    },
    "PAR": {
        "Den": 1,
        "Num": 1
    },
    "SequenceID": 0,
    "Source": {
        "Angle": 0,
        "HWDecode": 0,
        "KeepDuplicateTitles": false,
        "Path": "/mnt/iMac/DaVinci Resolve/IICAQM/Exports/IICAQMFinalVersion1.mkv",
        "Range": {
            "End": 1,
            "Start": 1,
            "Type": "chapter"
        },
        "Title": 1
    },
    "Subtitle": {
        "Search": {
            "Burn": true,
            "Default": false,
            "Enable": false,
            "Forced": false
        },
        "SubtitleList": []
    },
    "Video": {
        "AdapterIndex": -1,
        "AsyncDepth": 0,
        "ChromaLocation": 0,
        "ColorInputFormat": 0,
        "ColorMatrix": 1,
        "ColorOutputFormat": 0,
        "ColorPrimaries": 1,
        "ColorRange": 1,
        "ColorTransfer": 1,
        "Encoder": "x264",
        "HardwareDecode": 0,
        "Level": "4.0",
        "MultiPass": false,
        "Options": "",
        "PasshtruHDRDynamicMetadata": 6,
        "Preset": "fast",
        "Profile": "main",
        "Quality": 22.0,
        "Tune": "",
        "Turbo": false
    }
}
[22:15:46] CPU: Intel(R) Xeon(R) W-2135 CPU @ 3.70GHz
[22:15:46]  - logical processor count: 12
[22:15:46] Intel Quick Sync Video support: no
[22:15:46] hb_scan: path=/mnt/iMac/DaVinci Resolve/IICAQM/Exports/IICAQMFinalVersion1.mkv, title_index=1
Input #0, matroska,webm, from '/mnt/iMac/DaVinci Resolve/IICAQM/Exports/IICAQMFinalVersion1.mkv':
  Metadata:
    TIMECODE        : 01:00:00:00
    creation_time   : 2025-10-28T16:37:44.000000Z
    ENCODER         : Lavf60.3.100
  Duration: 00:01:00.88, start: 0.000000, bitrate: 102567 kb/s
  Stream #0:0: Video: prores (Standard) (apcn / 0x6E637061), yuv422p10le(tv, bt709, progressive), 1920x1080, 24 fps, 24 tbr, 1k tbn
      Metadata:
        ENCODER         : Apple ProRes 422
        DURATION        : 00:01:00.875000000
  Stream #0:1: Audio: flac, 48000 Hz, mono, s32 (24 bit) (default)
      Metadata:
        DURATION        : 00:01:00.875000000
[22:16:00] scan: decoding previews for title 1
[22:16:02] scan: audio 0x1: flac, rate=48000Hz, bitrate=1 Unknown (FLAC, 1.0 ch)
[22:16:07] scan: 10 previews, 1920x1080, 24.000 fps, autocrop = 0/0/0/0, aspect 16:9, PAR 1:1, color profile: 1-1-1, chroma location: unspecified
[22:16:07] libhb: scan thread found 1 valid title(s)
[22:16:07] Starting Task: Encoding Pass
[22:16:07] work: skipping crop/scale filter
[22:16:07] job configuration:
[22:16:07]  * source
[22:16:07]    + /mnt/iMac/DaVinci Resolve/IICAQM/Exports/IICAQMFinalVersion1.mkv
[22:16:07]    + title 1, chapter(s) 1 to 1
[22:16:07]    + container: matroska,webm
[22:16:07]    + data rate: 102567 kbps
[22:16:07]  * destination
[22:16:07]    + /mnt/iMac/Backed Up/School/IGCSE/General/IICAQMFinal.mp4
[22:16:07]    + container: MPEG-4 (libavformat)
[22:16:07]      + align initial A/V stream timestamps
[22:16:07]  * video track
[22:16:07]    + decoder: prores 10-bit (yuv422p10le)
[22:16:07]    + filters
[22:16:07]      + Comb Detect (mode=3:spatial-metric=2:motion-thresh=1:spatial-thresh=1:filter-mode=2:block-thresh=40:block-width=16:block-height=16)
[22:16:07]      + Decomb (mode=39)
[22:16:07]      + Framerate Shaper (mode=2:rate=27000000/900000)
[22:16:07]        + frame rate: 24.000 fps -> peak rate limited to 30.000 fps
[22:16:07]      + Format (format=yuv420p)
[22:16:07]    + Output geometry
[22:16:07]      + storage dimensions: 1920 x 1080
[22:16:07]      + pixel aspect ratio: 1 : 1
[22:16:07]      + display dimensions: 1920 x 1080
[22:16:07]    + encoder: H.264 (libx264)
[22:16:07]      + preset:  fast
[22:16:07]      + profile: main
[22:16:07]      + level:   4.0
[22:16:07]      + quality: 22.00 (RF)
[22:16:07]      + color profile: 1-1-1
[22:16:07]      + color range: tv
[22:16:07]      + chroma location: unspecified
[22:16:07]  * audio track 1
[22:16:07]    + name: Mono
[22:16:07]    + decoder: Unknown (FLAC, 1.0 ch) (track 1, id 0x1)
[22:16:07]      + samplerate: 48000 Hz
[22:16:07]    + mixdown: Mono
[22:16:07]    + encoder: AAC (libavcodec)
[22:16:07]      + bitrate: 160 kbps, samplerate: 48000 Hz
[22:16:08] sync: expecting 1461 video frames
[22:16:08] encx264: min-keyint: 24, keyint: 240
[22:16:08] encx264: encoding at constant RF 22.000000
[22:16:08] encx264: unparsed options: level=4.0:ref=2:8x8dct=0:weightp=1:subme=6:vbv-bufsize=25000:vbv-maxrate=20000:rc-lookahead=30
x264 [info]: using SAR=1/1
x264 [info]: using cpu capabilities: MMX2 SSE2Fast SSSE3 SSE4.2 AVX FMA3 BMI2 AVX2 AVX512
x264 [info]: profile Main, level 4.0, 4:2:0, 8-bit
[22:16:08] sync: first pts video is 0
[22:16:08] sync: Chapter 1 at frame 1 time 0
[22:16:10] sync: first pts audio 0x1 is 0
[22:16:57] reader: done. 1 scr changes
[22:16:58] work: average encoding speed for job is 28.642565 fps
[22:16:59] comb detect: heavy 75 | light 196 | uncombed 1190 | total 1461
[22:16:59] decomb: deinterlaced 75 | blended 196 | unfiltered 1190 | total 1461
[22:16:59] vfr: 1461 frames output, 0 dropped and 0 duped for CFR/PFR
[22:16:59] vfr: lost time: 0 (0 frames)
[22:16:59] vfr: gained time: 0 (0 frames) (0 not accounted for)
[22:16:59] flac-decoder done: 635 frames, 0 decoder errors
[22:16:59] prores-decoder done: 1461 frames, 0 decoder errors
[22:16:59] sync: got 1461 frames, 1461 expected
[22:16:59] sync: framerate min 24.000 fps, max 24.000 fps, avg 24.000 fps
x264 [info]: frame I:18    Avg QP:17.05  size:115912
x264 [info]: frame P:507   Avg QP:22.43  size: 61353
x264 [info]: frame B:936   Avg QP:24.39  size: 18936
x264 [info]: consecutive B-frames: 11.0%  7.1% 11.3% 70.6%
x264 [info]: mb I  I16..4: 49.7%  0.0% 50.3%
x264 [info]: mb P  I16..4: 11.4%  0.0% 15.3%  P16..4: 29.3% 11.8%  6.8%  0.0%  0.0%    skip:25.4%
x264 [info]: mb B  I16..4:  5.0%  0.0%  3.2%  B16..8: 18.1%  6.3%  0.8%  direct:12.2%  skip:54.2%  L0:41.0% L1:42.1% BI:16.9%
x264 [info]: coded y,uvDC,uvAC intra: 47.4% 60.8% 21.8% inter: 14.1% 22.8% 0.9%
x264 [info]: i16 v,h,dc,p: 43% 25% 12% 20%
x264 [info]: i4 v,h,dc,ddl,ddr,vr,hd,vl,hu: 22% 21% 16%  7%  8%  7%  7%  6%  6%
x264 [info]: i8c dc,h,v,p: 56% 19% 17%  7%
x264 [info]: Weighted P-Frames: Y:15.4% UV:12.2%
x264 [info]: ref P L0: 74.7% 25.3%
x264 [info]: ref B L0: 85.9% 14.1%
x264 [info]: ref B L1: 96.3%  3.7%
x264 [info]: kb/s:6691.34
[22:17:00] mux: track 0, 1461 frames, 50916171 bytes, 6686.67 kbps, fifo 1024
[22:17:00] mux: track 1, 2854 frames, 1153369 bytes, 151.47 kbps, fifo 2048
[22:17:00] Finished work at: Tue Oct 28 22:17:00 2025

[22:17:00] libhb: work result = 0
