Handbrake Version: 20250906052339-dddf75f75-makepkg (2025100401)
[21:19:00] gtkgui: Custom Preset: /Custom/CPU (With FIlters) (VP9)
[21:19:00] Starting work at: Thu Oct 16 21:19:00 2025

[21:19:00] 1 job(s) to process
[21:19:00] json job:
{
    "Audio": {
        "AudioList": [
            {
                "Bitrate": 160,
                "CompressionLevel": -1.0,
                "DRC": 0.0,
                "DitherMethod": "auto",
                "Encoder": "av_aac",
                "Gain": 0.0,
                "Mixdown": "stereo",
                "Name": "Stereo",
                "NormalizeMixLevel": false,
                "PresetEncoder": "av_aac",
                "Quality": -3.0,
                "Samplerate": 0,
                "Track": 0
            }
        ],
        "CopyMask": [
            "copy:aac"
        ],
        "FallbackEncoder": "av_aac"
    },
    "Destination": {
        "AlignAVStart": false,
        "ChapterList": [
            {
                "Duration": {
                    "Hours": 0,
                    "Minutes": 0,
                    "Seconds": 33,
                    "Ticks": 3000899
                },
                "Name": ""
            }
        ],
        "ChapterMarkers": false,
        "File": "/mnt/iMac/DaVinci Resolve/IICAQM/6432890-hd_1920_1080_24fps.mkv",
        "InlineParameterSets": false,
        "Mux": "mkv",
        "Options": {
            "IpodAtom": false,
            "Optimize": false
        }
    },
    "Filters": {
        "FilterList": [
            {
                "ID": 4,
                "Settings": {
                    "block-height": "16",
                    "block-thresh": "40",
                    "block-width": "16",
                    "filter-mode": "2",
                    "mode": "3",
                    "motion-thresh": "3",
                    "spatial-metric": "2",
                    "spatial-thresh": "3"
                }
            },
            {
                "ID": 6,
                "Settings": {
                    "mode": "15"
                }
            },
            {
                "ID": 11,
                "Settings": {
                    "mode": 0
                }
            },
            {
                "ID": 20,
                "Settings": {
                    "crop-bottom": 0,
                    "crop-left": 0,
                    "crop-right": 0,
                    "crop-top": 0,
                    "height": 1080,
                    "width": 1920
                }
            },
            {
                "ID": 28,
                "Settings": {
                    "bottom": "0",
                    "color": "black",
                    "left": "0",
                    "right": "0",
                    "top": "0"
                }
            }
        ]
    },
    "Metadata": {
        "CreationTime": "2021-01-08T01:11:50.000000Z"
    },
    "PAR": {
        "Den": 1,
        "Num": 1
    },
    "SequenceID": 0,
    "Source": {
        "Angle": 0,
        "HWDecode": 0,
        "KeepDuplicateTitles": false,
        "Path": "/home/sudar/Downloads/6432890-hd_1920_1080_24fps.mp4",
        "Range": {
            "End": 1,
            "Start": 1,
            "Type": "chapter"
        },
        "Title": 1
    },
    "Subtitle": {
        "Search": {
            "Burn": true,
            "Default": false,
            "Enable": false,
            "Forced": false
        },
        "SubtitleList": []
    },
    "Video": {
        "AdapterIndex": -1,
        "AsyncDepth": 0,
        "ChromaLocation": 1,
        "ColorInputFormat": 0,
        "ColorMatrix": 1,
        "ColorOutputFormat": 0,
        "ColorPrimaries": 1,
        "ColorRange": 0,
        "ColorTransfer": 1,
        "Encoder": "VP9",
        "HardwareDecode": 0,
        "Level": "auto",
        "MultiPass": true,
        "Options": "",
        "PasshtruHDRDynamicMetadata": 6,
        "Preset": "medium",
        "Profile": "auto",
        "Quality": 22.0,
        "Tune": "",
        "Turbo": true
    }
}
[21:19:00] CPU: Intel(R) Xeon(R) W-2135 CPU @ 3.70GHz
[21:19:00]  - logical processor count: 12
[21:19:00] Intel Quick Sync Video support: no
[21:19:00] hb_scan: path=/home/sudar/Downloads/6432890-hd_1920_1080_24fps.mp4, title_index=1
Input #0, mov,mp4,m4a,3gp,3g2,mj2, from '/home/sudar/Downloads/6432890-hd_1920_1080_24fps.mp4':
  Metadata:
    major_brand     : mp42
    minor_version   : 0
    compatible_brands: mp42mp41isomavc1
    creation_time   : 2021-01-08T01:11:50.000000Z
  Duration: 00:00:33.34, start: 0.000000, bitrate: 3146 kb/s
  Stream #0:0[0x1](und): Video: h264 (High) (avc1 / 0x31637661), yuv420p(tv, bt709, progressive), 1920x1080, 2889 kb/s, 24 fps, 24 tbr, 24 tbn (default)
      Metadata:
        creation_time   : 2021-01-08T01:11:50.000000Z
        handler_name    : L-SMASH Video Handler
        vendor_id       : [0][0][0][0]
        encoder         : AVC Coding
  Stream #0:1[0x2](und): Audio: aac (LC) (mp4a / 0x6134706D), 48000 Hz, stereo, fltp, 253 kb/s (default)
      Metadata:
        creation_time   : 2021-01-08T01:11:50.000000Z
        handler_name    : L-SMASH Audio Handler
        vendor_id       : [0][0][0][0]
[21:19:00] scan: decoding previews for title 1
[21:19:00] scan: audio 0x1: aac, rate=48000Hz, bitrate=253375 Unknown (AAC LC, 2.0 ch, 253 kbps)
[21:19:01] scan: 10 previews, 1920x1080, 24.000 fps, autocrop = 0/0/0/0, aspect 16:9, PAR 1:1, color profile: 1-1-1, chroma location: left
[21:19:01] libhb: scan thread found 1 valid title(s)
[21:19:01] Starting Task: Analysis Pass
[21:19:01] work: skipping crop/scale filter
[21:19:01] job configuration:
[21:19:01]  * source
[21:19:01]    + /home/sudar/Downloads/6432890-hd_1920_1080_24fps.mp4
[21:19:01]    + title 1, chapter(s) 1 to 1
[21:19:01]    + container: mov,mp4,m4a,3gp,3g2,mj2
[21:19:01]    + data rate: 3146 kbps
[21:19:01]  * destination
[21:19:01]    + /mnt/iMac/DaVinci Resolve/IICAQM/6432890-hd_1920_1080_24fps.mkv
[21:19:01]    + container: Matroska (libavformat)
[21:19:01]  * video track
[21:19:01]    + decoder: h264 8-bit (yuv420p)
[21:19:01]      + bitrate 2889 kbps
[21:19:01]    + filters
[21:19:01]      + Comb Detect (mode=3:spatial-metric=2:motion-thresh=3:spatial-thresh=3:filter-mode=2:block-thresh=40:block-width=16:block-height=16)
[21:19:01]      + Decomb (mode=47)
[21:19:01]      + Framerate Shaper (mode=0)
[21:19:01]        + frame rate: same as source (around 24.000 fps)
[21:19:01]      + Pad (color=black:top=0:bottom=0:left=0:right=0)
[21:19:01]    + Output geometry
[21:19:01]      + storage dimensions: 1920 x 1080
[21:19:01]      + pixel aspect ratio: 1 : 1
[21:19:01]      + display dimensions: 1920 x 1080
[21:19:01]    + encoder: VP9 (libvpx)
[21:19:01]      + preset:  medium
[21:19:01]      + profile: auto
[21:19:01]      + level:   auto
[21:19:01]      + quality: 22.00 (CQ)
[21:19:01]      + color profile: 1-1-1
[21:19:01]      + color range: tv
[21:19:01]      + chroma location: left
[21:19:01]  * audio track 1
[21:19:01]    + name: Stereo
[21:19:01]    + decoder: Unknown (AAC LC, 2.0 ch, 253 kbps) (track 1, id 0x1)
[21:19:01]      + bitrate: 253 kbps, samplerate: 48000 Hz
[21:19:01]    + mixdown: Stereo
[21:19:01]    + encoder: AAC (libavcodec)
[21:19:01]      + bitrate: 160 kbps, samplerate: 48000 Hz
[21:19:01] sync: expecting 800 video frames
[21:19:01] encavcodecInit: VP9 encoder
[21:19:01] encavcodec: encoding at CQ 22.00
[21:19:01] encavcodec: encoding with stored aspect 1/1
[21:19:01] sync: first pts video is 0
[21:19:01] sync: Chapter 1 at frame 1 time 0
[21:19:01] sync: first pts audio 0x1 is 0
[21:19:10] reader: done. 1 scr changes
[21:19:12] work: average encoding speed for job is 76.695518 fps
[21:19:12] comb detect: heavy 0 | light 4 | uncombed 796 | total 800
[21:19:12] decomb: deinterlaced 0 | blended 4 | unfiltered 796 | total 800
[21:19:12] vfr: 800 frames output, 0 dropped
[21:19:12] vfr: lost time: 0 (0 frames)
[21:19:12] vfr: gained time: 0 (0 frames) (0 not accounted for)
[21:19:12] aac-decoder done: 1563 frames, 0 decoder errors
[21:19:12] h264-decoder done: 800 frames, 0 decoder errors
[21:19:12] sync: got 800 frames, 800 expected
[21:19:12] sync: framerate min 24.000 fps, max 24.000 fps, avg 24.000 fps
[21:19:12] Starting Task: Encoding Pass
[21:19:12] work: skipping crop/scale filter
[21:19:12] job configuration:
[21:19:12]  * source
[21:19:12]    + /home/sudar/Downloads/6432890-hd_1920_1080_24fps.mp4
[21:19:12]    + title 1, chapter(s) 1 to 1
[21:19:12]    + container: mov,mp4,m4a,3gp,3g2,mj2
[21:19:12]    + data rate: 3146 kbps
[21:19:12]  * destination
[21:19:12]    + /mnt/iMac/DaVinci Resolve/IICAQM/6432890-hd_1920_1080_24fps.mkv
[21:19:12]    + container: Matroska (libavformat)
[21:19:12]  * video track
[21:19:12]    + decoder: h264 8-bit (yuv420p)
[21:19:12]      + bitrate 2889 kbps
[21:19:12]    + filters
[21:19:12]      + Comb Detect (mode=3:spatial-metric=2:motion-thresh=3:spatial-thresh=3:filter-mode=2:block-thresh=40:block-width=16:block-height=16)
[21:19:12]      + Decomb (mode=47)
[21:19:12]      + Framerate Shaper (mode=0)
[21:19:12]        + frame rate: same as source (around 24.000 fps)
[21:19:12]      + Pad (color=black:top=0:bottom=0:left=0:right=0)
[21:19:12]    + Output geometry
[21:19:12]      + storage dimensions: 1920 x 1080
[21:19:12]      + pixel aspect ratio: 1 : 1
[21:19:12]      + display dimensions: 1920 x 1080
[21:19:12]    + encoder: VP9 (libvpx)
[21:19:12]      + preset:  medium
[21:19:12]      + profile: auto
[21:19:12]      + level:   auto
[21:19:12]      + quality: 22.00 (CQ)
[21:19:12]      + color profile: 1-1-1
[21:19:12]      + color range: tv
[21:19:12]      + chroma location: left
[21:19:12]  * audio track 1
[21:19:12]    + name: Stereo
[21:19:12]    + decoder: Unknown (AAC LC, 2.0 ch, 253 kbps) (track 1, id 0x1)
[21:19:12]      + bitrate: 253 kbps, samplerate: 48000 Hz
[21:19:12]    + mixdown: Stereo
[21:19:12]    + encoder: AAC (libavcodec)
[21:19:12]      + bitrate: 160 kbps, samplerate: 48000 Hz
[21:19:12] sync: expecting 800 video frames
[21:19:12] encavcodecInit: VP9 encoder
[21:19:12] encavcodec: encoding at CQ 22.00
[21:19:12] encavcodec: encoding with stored aspect 1/1
[21:19:12] sync: first pts video is 0
[21:19:12] sync: Chapter 1 at frame 1 time 0
[21:19:12] sync: first pts audio 0x1 is 0
[21:20:40] reader: done. 1 scr changes
[21:20:58] work: average encoding speed for job is 8.172935 fps
[21:20:58] comb detect: heavy 0 | light 4 | uncombed 796 | total 800
[21:20:58] decomb: deinterlaced 0 | blended 4 | unfiltered 796 | total 800
[21:20:58] vfr: 800 frames output, 0 dropped
[21:20:58] vfr: lost time: 0 (0 frames)
[21:20:58] vfr: gained time: 0 (0 frames) (0 not accounted for)
[21:20:58] aac-decoder done: 1563 frames, 0 decoder errors
[21:20:58] h264-decoder done: 800 frames, 0 decoder errors
[21:20:58] sync: got 800 frames, 800 expected
[21:20:58] sync: framerate min 24.000 fps, max 24.000 fps, avg 24.000 fps
[21:20:59] mux: track 0, 800 frames, 4929747 bytes, 1181.66 kbps, fifo 1024
[21:20:59] mux: track 1, 1564 frames, 9503 bytes, 2.28 kbps, fifo 2048
[21:20:59] Finished work at: Thu Oct 16 21:20:59 2025

[21:20:59] libhb: work result = 0
