Handbrake Version: 20250906052339-dddf75f75-makepkg (2025100401)
[06:35:30] gtkgui: Modified Preset: /Hardware/H.265 NVENC 1080p
[06:35:30] Starting work at: Thu Oct 23 06:35:30 2025

[06:35:30] 1 job(s) to process
[06:35:30] json job:
{
    "Audio": {
        "AudioList": [
            {
                "Bitrate": 160,
                "DRC": 0.0,
                "Encoder": "av_aac",
                "Gain": 0.0,
                "Mixdown": "mono",
                "Name": "Mono",
                "Quality": -3.0,
                "Samplerate": 0,
                "Track": 0
            },
            {
                "Bitrate": 160,
                "DRC": 0.0,
                "Encoder": "av_aac",
                "Gain": 0.0,
                "Mixdown": "mono",
                "Name": "Mono",
                "Quality": -3.0,
                "Samplerate": 0,
                "Track": 1
            },
            {
                "Bitrate": 160,
                "DRC": 0.0,
                "Encoder": "av_aac",
                "Gain": 0.0,
                "Mixdown": "stereo",
                "Name": "Stereo",
                "Quality": -3.0,
                "Samplerate": 0,
                "Track": 2
            }
        ],
        "CopyMask": [
            "copy:aac"
        ],
        "FallbackEncoder": "none"
    },
    "Destination": {
        "AlignAVStart": false,
        "ChapterList": [
            {
                "Duration": {
                    "Hours": 0,
                    "Minutes": 1,
                    "Seconds": 0,
                    "Ticks": 5478750
                },
                "Name": ""
            }
        ],
        "ChapterMarkers": false,
        "File": "/mnt/iMac/Backed Up/School/IGCSE/General/IICAQMFinal.mp4",
        "InlineParameterSets": false,
        "Mux": "m4v",
        "Options": {
            "IpodAtom": false,
            "Optimize": false
        }
    },
    "Filters": {
        "FilterList": [
            {
                "ID": 11,
                "Settings": {
                    "mode": 0
                }
            },
            {
                "ID": 20,
                "Settings": {
                    "crop-bottom": 0,
                    "crop-left": 0,
                    "crop-right": 0,
                    "crop-top": 0,
                    "height": 1080,
                    "width": 1920
                }
            }
        ]
    },
    "Metadata": {
        "CreationTime": "2025-10-23T00:54:08.000000Z"
    },
    "PAR": {
        "Den": 1,
        "Num": 1
    },
    "SequenceID": 0,
    "Source": {
        "Angle": 0,
        "HWDecode": 0,
        "KeepDuplicateTitles": false,
        "Path": "/mnt/iMac/DaVinci Resolve/IICAQM/Exports/IICAQMFinalVersion2.mkv",
        "Range": {
            "End": 1,
            "Start": 1,
            "Type": "chapter"
        },
        "Title": 1
    },
    "Subtitle": {
        "Search": {
            "Burn": true,
            "Default": false,
            "Enable": false,
            "Forced": false
        },
        "SubtitleList": []
    },
    "Video": {
        "AdapterIndex": -1,
        "AsyncDepth": 0,
        "ChromaLocation": 0,
        "ColorInputFormat": 0,
        "ColorMatrix": 1,
        "ColorOutputFormat": 0,
        "ColorPrimaries": 1,
        "ColorRange": 1,
        "ColorTransfer": 1,
        "Encoder": "nvenc_h264",
        "HardwareDecode": 0,
        "Level": "auto",
        "MultiPass": false,
        "Options": "",
        "PasshtruHDRDynamicMetadata": 6,
        "Preset": "medium",
        "Profile": "auto",
        "Quality": 16.0,
        "Tune": "",
        "Turbo": false
    }
}
[06:35:30] CPU: Intel(R) Xeon(R) W-2135 CPU @ 3.70GHz
[06:35:30]  - logical processor count: 12
[06:35:30] Intel Quick Sync Video support: no
[06:35:30] hb_scan: path=/mnt/iMac/DaVinci Resolve/IICAQM/Exports/IICAQMFinalVersion2.mkv, title_index=1
Input #0, matroska,webm, from '/mnt/iMac/DaVinci Resolve/IICAQM/Exports/IICAQMFinalVersion2.mkv':
  Metadata:
    TIMECODE        : 01:00:00:00
    creation_time   : 2025-10-23T00:54:08.000000Z
    ENCODER         : Lavf60.3.100
  Duration: 00:01:00.88, start: 0.000000, bitrate: 102901 kb/s
  Stream #0:0: Video: prores (Standard) (apcn / 0x6E637061), yuv422p10le(tv, bt709, progressive), 1920x1080, 24 fps, 24 tbr, 1k tbn
      Metadata:
        ENCODER         : Apple ProRes 422
        DURATION        : 00:01:00.875000000
  Stream #0:1: Audio: flac, 48000 Hz, mono, s32 (24 bit) (default)
      Metadata:
        DURATION        : 00:01:00.875000000
  Stream #0:2: Audio: flac, 48000 Hz, mono, s32 (24 bit) (default)
      Metadata:
        DURATION        : 00:01:00.875000000
  Stream #0:3: Audio: flac, 48000 Hz, stereo, s32 (24 bit) (default)
      Metadata:
        DURATION        : 00:01:00.875000000
[06:35:30] scan: decoding previews for title 1
[06:35:30] scan: audio 0x1: flac, rate=48000Hz, bitrate=1 Unknown (FLAC, 1.0 ch)
[06:35:30] scan: audio 0x2: flac, rate=48000Hz, bitrate=1 Unknown (FLAC, 1.0 ch)
[06:35:30] scan: audio 0x3: flac, rate=48000Hz, bitrate=1 Unknown (FLAC, 2.0 ch)
[06:35:40] scan: 10 previews, 1920x1080, 24.000 fps, autocrop = 0/0/0/0, aspect 16:9, PAR 1:1, color profile: 1-1-1, chroma location: unspecified
[06:35:40] libhb: scan thread found 1 valid title(s)
[06:35:40] Starting Task: Encoding Pass
[06:35:40] work: skipping crop/scale filter
[06:35:40] job configuration:
[06:35:40]  * source
[06:35:40]    + /mnt/iMac/DaVinci Resolve/IICAQM/Exports/IICAQMFinalVersion2.mkv
[06:35:40]    + title 1, chapter(s) 1 to 1
[06:35:40]    + container: matroska,webm
[06:35:40]    + data rate: 102901 kbps
[06:35:40]  * destination
[06:35:40]    + /mnt/iMac/Backed Up/School/IGCSE/General/IICAQMFinal.mp4
[06:35:40]    + container: MPEG-4 (libavformat)
[06:35:40]  * video track
[06:35:40]    + decoder: prores 10-bit (yuv422p10le)
[06:35:40]    + filters
[06:35:40]      + Framerate Shaper (mode=0)
[06:35:40]        + frame rate: same as source (around 24.000 fps)
[06:35:40]      + Format (format=yuv420p)
[06:35:40]    + Output geometry
[06:35:40]      + storage dimensions: 1920 x 1080
[06:35:40]      + pixel aspect ratio: 1 : 1
[06:35:40]      + display dimensions: 1920 x 1080
[06:35:40]    + encoder: H.264 (NVEnc)
[06:35:40]      + preset:  medium
[06:35:40]      + profile: auto
[06:35:40]      + level:   auto
[06:35:40]      + quality: 16.00 (CQ)
[06:35:40]      + color profile: 1-1-1
[06:35:40]      + color range: tv
[06:35:40]      + chroma location: unspecified
[06:35:40]  * audio track 1
[06:35:40]    + name: Mono
[06:35:40]    + decoder: Unknown (FLAC, 1.0 ch) (track 1, id 0x1)
[06:35:40]      + samplerate: 48000 Hz
[06:35:40]    + mixdown: Mono
[06:35:40]    + encoder: AAC (libavcodec)
[06:35:40]      + bitrate: 160 kbps, samplerate: 48000 Hz
[06:35:40]  * audio track 2
[06:35:40]    + name: Mono
[06:35:40]    + decoder: Unknown (FLAC, 1.0 ch) (track 2, id 0x2)
[06:35:40]      + samplerate: 48000 Hz
[06:35:40]    + mixdown: Mono
[06:35:40]    + encoder: AAC (libavcodec)
[06:35:40]      + bitrate: 160 kbps, samplerate: 48000 Hz
[06:35:40]  * audio track 3
[06:35:40]    + name: Stereo
[06:35:40]    + decoder: Unknown (FLAC, 2.0 ch) (track 3, id 0x3)
[06:35:40]      + samplerate: 48000 Hz
[06:35:40]    + mixdown: Stereo
[06:35:40]    + encoder: AAC (libavcodec)
[06:35:40]      + bitrate: 160 kbps, samplerate: 48000 Hz
[06:35:41] sync: expecting 1461 video frames
[06:35:41] encavcodecInit: H.264 (Nvidia NVENC)
[06:35:41] encavcodec: encoding at rc=vbr, 16.00
[06:35:41] encavcodec: encoding with stored aspect 1/1
[06:35:41] encavcodecInit: Unknown avcodec option s12m_tc
[06:35:43] sync: first pts video is 0
[06:35:43] sync: Chapter 1 at frame 1 time 0
[06:35:45] sync: first pts audio 0x1 is 0
[06:35:45] sync: first pts audio 0x2 is 0
[06:35:45] sync: first pts audio 0x3 is 0
[06:37:34] reader: done. 1 scr changes
[06:37:35] work: average encoding speed for job is 12.538734 fps
[06:37:35] vfr: 1461 frames output, 0 dropped
[06:37:35] vfr: lost time: 0 (0 frames)
[06:37:35] vfr: gained time: 0 (0 frames) (0 not accounted for)
[06:37:35] flac-decoder done: 635 frames, 0 decoder errors
[06:37:35] flac-decoder done: 635 frames, 0 decoder errors
[06:37:35] flac-decoder done: 635 frames, 0 decoder errors
[06:37:35] prores-decoder done: 1461 frames, 0 decoder errors
[06:37:35] sync: got 1461 frames, 1461 expected
[06:37:35] sync: framerate min 24.000 fps, max 24.000 fps, avg 24.000 fps
[06:37:37] mux: track 0, 1461 frames, 110508739 bytes, 14512.78 kbps, fifo 256
[06:37:37] mux: track 1, 2854 frames, 822660 bytes, 108.04 kbps, fifo 512
[06:37:37] mux: track 2, 2854 frames, 1021846 bytes, 134.20 kbps, fifo 512
[06:37:37] mux: track 3, 2854 frames, 114550 bytes, 15.04 kbps, fifo 512
[06:37:37] Finished work at: Thu Oct 23 06:37:37 2025

[06:37:37] libhb: work result = 0
