Handbrake Version: 20250906052339-dddf75f75-makepkg (2025100401)
[18:35:37] gtkgui: Modified Custom Preset: /Custom/CPU (With FIlters)
[18:35:37] Starting work at: Mon Oct  6 18:35:37 2025

[18:35:37] 1 job(s) to process
[18:35:37] json job:
{
    "Audio": {
        "AudioList": [],
        "CopyMask": [],
        "FallbackEncoder": 0
    },
    "Destination": {
        "AlignAVStart": false,
        "ChapterList": [
            {
                "Duration": {
                    "Hours": 0,
                    "Minutes": 7,
                    "Seconds": 56,
                    "Ticks": 42800760
                },
                "Name": "We Found a Loophole to Survive the End of the Universe"
            },
            {
                "Duration": {
                    "Hours": 0,
                    "Minutes": 0,
                    "Seconds": 1,
                    "Ticks": 90000
                },
                "Name": "[SponsorBlock]: Highlight"
            },
            {
                "Duration": {
                    "Hours": 0,
                    "Minutes": 2,
                    "Seconds": 42,
                    "Ticks": 14608558
                },
                "Name": "We Found a Loophole to Survive the End of the Universe"
            }
        ],
        "ChapterMarkers": true,
        "File": "/home/sudar/Videos/HandBrake/H264.mkv",
        "InlineParameterSets": false,
        "Mux": "mkv",
        "Options": {
            "IpodAtom": false,
            "Optimize": false
        }
    },
    "Filters": {
        "FilterList": [
            {
                "ID": 3,
                "Settings": {
                    "plane": "0",
                    "skip-bottom": "4",
                    "skip-left": "1",
                    "skip-right": "1",
                    "skip-top": "4"
                }
            },
            {
                "ID": 4,
                "Settings": {
                    "block-height": "16",
                    "block-thresh": "40",
                    "block-width": "16",
                    "filter-mode": "2",
                    "mode": "3",
                    "motion-thresh": "1",
                    "spatial-metric": "2",
                    "spatial-thresh": "1"
                }
            },
            {
                "ID": 6,
                "Settings": {
                    "mode": "15"
                }
            },
            {
                "ID": 11,
                "Settings": {
                    "mode": 0
                }
            },
            {
                "ID": 12,
                "Settings": {
                    "strength": "weak",
                    "thresh": "50"
                }
            },
            {
                "ID": 14,
                "Settings": {
                    "cb-frame-count": 1,
                    "cb-origin-tune": 0.7,
                    "cb-patch-size": 7,
                    "cb-prefilter": 0,
                    "cb-range": 5,
                    "cb-strength": 6.0,
                    "y-frame-count": 2,
                    "y-origin-tune": 0.8,
                    "y-patch-size": 7,
                    "y-prefilter": 0,
                    "y-range": 3,
                    "y-strength": 6.0
                }
            },
            {
                "ID": 15,
                "Settings": {
                    "cb-size": 7,
                    "cb-strength": 0.4
                }
            },
            {
                "ID": 20,
                "Settings": {
                    "crop-bottom": 0,
                    "crop-left": 0,
                    "crop-right": 0,
                    "crop-top": 0,
                    "height": 144,
                    "width": 256
                }
            },
            {
                "ID": 22,
                "Settings": {
                    "cb-kernel": "isolap",
                    "cb-strength": 0.2,
                    "y-kernel": "isolap",
                    "y-strength": 0.2
                }
            },
            {
                "ID": 30,
                "Settings": {
                    "desat": "0",
                    "matrix": "bt2020ncl",
                    "primaries": "bt2020",
                    "tonemap": "hable",
                    "transfer": "bt2020-10"
                }
            }
        ]
    },
    "Metadata": {},
    "PAR": {
        "Den": 1,
        "Num": 1
    },
    "SequenceID": 0,
    "Source": {
        "Angle": 0,
        "HWDecode": 0,
        "KeepDuplicateTitles": false,
        "Path": "/home/sudar/Videos/YouTube/H264.mp4",
        "Range": {
            "End": 3,
            "Start": 1,
            "Type": "chapter"
        },
        "Title": 1
    },
    "Subtitle": {
        "Search": {
            "Burn": true,
            "Default": false,
            "Enable": false,
            "Forced": false
        },
        "SubtitleList": []
    },
    "Video": {
        "AdapterIndex": -1,
        "AsyncDepth": 0,
        "ChromaLocation": 1,
        "ColorInputFormat": 0,
        "ColorMatrix": 1,
        "ColorOutputFormat": 0,
        "ColorPrimaries": 1,
        "ColorRange": 0,
        "ColorTransfer": 1,
        "Encoder": "ffv1",
        "HardwareDecode": 0,
        "Level": "3",
        "MultiPass": true,
        "Options": "",
        "PasshtruHDRDynamicMetadata": 6,
        "Preset": "preservation",
        "Profile": "auto",
        "Quality": 0.0,
        "Tune": "",
        "Turbo": true
    }
}
[18:35:37] CPU: Intel(R) Xeon(R) W-2135 CPU @ 3.70GHz
[18:35:37]  - logical processor count: 12
[18:35:37] Intel Quick Sync Video support: no
[18:35:37] hb_scan: path=/home/sudar/Videos/YouTube/H264.mp4, title_index=1
Input #0, mov,mp4,m4a,3gp,3g2,mj2, from '/home/sudar/Videos/YouTube/H264.mp4':
  Metadata:
    major_brand     : isom
    minor_version   : 512
    compatible_brands: isomiso2avc1mp41
    encoder         : Lavf61.7.100
  Duration: 00:10:38.88, start: 0.000000, bitrate: 53 kb/s
  Chapters:
    Chapter #0:0: start 0.000000, end 475.564000
      Metadata:
        title           : We Found a Loophole to Survive the End of the Universe
    Chapter #0:1: start 475.564000, end 476.564000
      Metadata:
        title           : [SponsorBlock]: Highlight
    Chapter #0:2: start 476.564000, end 638.834000
      Metadata:
        title           : We Found a Loophole to Survive the End of the Universe
  Stream #0:0[0x1](und): Video: h264 (Main) (avc1 / 0x31637661), yuv420p(tv, bt709, progressive), 256x144 [SAR 1:1 DAR 16:9], 51 kb/s, 30.12 fps, 30 tbr, 15360 tbn (default)
      Metadata:
        handler_name    : ISO Media file produced by Google Inc.
        vendor_id       : [0][0][0][0]
  Stream #0:1[0x2](eng): Data: bin_data (text / 0x74786574), 0 kb/s
      Metadata:
        handler_name    : SubtitleHandler
[18:35:37] scan: decoding previews for title 1
[18:35:37] using container PAR 1:1
[18:35:37] scan: 10 previews, 256x144, 30.115 fps, autocrop = 0/0/0/0, aspect 16:9, PAR 1:1, color profile: 1-1-1, chroma location: left
[18:35:37] libhb: scan thread found 1 valid title(s)
[18:35:37] Starting Task: Analysis Pass
[18:35:37] work: skipping crop/scale filter
[18:35:37] NLMeans using SSE2 optimizations
[18:35:37] NLMeans using 12 threads
[18:35:37] job configuration:
[18:35:37]  * source
[18:35:37]    + /home/sudar/Videos/YouTube/H264.mp4
[18:35:37]    + title 1, chapter(s) 1 to 3
[18:35:37]    + container: mov,mp4,m4a,3gp,3g2,mj2
[18:35:37]    + data rate: 53 kbps
[18:35:37]  * destination
[18:35:37]    + /home/sudar/Videos/HandBrake/H264.mkv
[18:35:37]    + container: Matroska (libavformat)
[18:35:37]      + chapter markers
[18:35:37]  * video track
[18:35:37]    + decoder: h264 8-bit (yuv420p)
[18:35:37]      + bitrate 51 kbps
[18:35:37]    + filters
[18:35:37]      + Detelecine (pullup) (skip-left=1:skip-right=1:skip-top=4:skip-bottom=4:plane=0)
[18:35:37]      + Comb Detect (mode=3:spatial-metric=2:motion-thresh=1:spatial-thresh=1:filter-mode=2:block-thresh=40:block-width=16:block-height=16)
[18:35:37]      + Decomb (mode=47)
[18:35:37]      + Framerate Shaper (mode=0)
[18:35:37]        + frame rate: same as source (around 30.115 fps)
[18:35:37]      + Deblock (strength=weak:thresh=50)
[18:35:37]      + Denoise (nlmeans) (y-strength=6:y-origin-tune=0.8:y-patch-size=7:y-range=3:y-frame-count=2:y-prefilter=0:cb-strength=6:cb-origin-tune=0.7:cb-patch-size=7:cb-range=5:cb-frame-count=1:cb-prefilter=0)
[18:35:37]      + Chroma Smooth (cb-strength=0.4:cb-size=7)
[18:35:37]      + Sharpen (lapsharp) (y-strength=0.2:y-kernel=isolap:cb-strength=0.2:cb-kernel=isolap)
[18:35:37]      + Colorspace (primaries=bt2020:transfer=bt2020-10:matrix=bt2020ncl:tonemap=hable:desat=0)
[18:35:37]    + Output geometry
[18:35:37]      + storage dimensions: 256 x 144
[18:35:37]      + pixel aspect ratio: 1 : 1
[18:35:37]      + display dimensions: 256 x 144
[18:35:37]    + encoder: FFV1 (libavcodec)
[18:35:37]      + preset:  preservation
[18:35:37]      + profile: auto
[18:35:37]      + level:   3
[18:35:37]      + quality: 0.00 (QP)
[18:35:37]      + color profile: 9-14-9
[18:35:37]      + color range: tv
[18:35:37]      + chroma location: left
[18:35:37] sync: expecting 19240 video frames
[18:35:37] encavcodecInit: FFV1 (libavcodec)
[18:35:37] encavcodec: truncating framerate 9000000 / 298853
[18:35:37] encavcodec: encoding at constant quantizer 0
[18:35:37] encavcodec: encoding with stored aspect 1/1
[18:35:37] sync: first pts video is 0
[18:35:37] sync: "We Found a Loophole to Survive the End of the Universe" (1) at frame 1 time 0
[18:35:58] sync: "[SponsorBlock]: Highlight" (2) at frame 14343 time 42804330
[18:35:58] sync: "We Found a Loophole to Survive the End of the Universe" (3) at frame 14372 time 42891330
[18:36:05] reader: done. 1 scr changes
[18:36:05] work: average encoding speed for job is 686.788025 fps
[18:36:05] comb detect: heavy 41 | light 73 | uncombed 18875 | total 18989
[18:36:05] decomb: deinterlaced 41 | blended 73 | unfiltered 18875 | total 18989
[18:36:05] vfr: 18987 frames output, 2 dropped
[18:36:05] vfr: lost time: 758909 (0 frames)
[18:36:05] vfr: gained time: 758909 (996 frames) (0 not accounted for)
[18:36:05] h264-decoder done: 19240 frames, 0 decoder errors
[18:36:05] sync: got 19240 frames, 19240 expected
[18:36:05] sync: framerate min 10.000 fps, max 18000.000 fps, avg 30.113 fps
[18:36:05] Starting Task: Encoding Pass
[18:36:05] work: skipping crop/scale filter
[18:36:05] NLMeans using SSE2 optimizations
[18:36:05] NLMeans using 12 threads
[18:36:05] work: correcting framerate, 27000000/896559 -> 27000000/900900
[18:36:05] job configuration:
[18:36:05]  * source
[18:36:05]    + /home/sudar/Videos/YouTube/H264.mp4
[18:36:05]    + title 1, chapter(s) 1 to 3
[18:36:05]    + container: mov,mp4,m4a,3gp,3g2,mj2
[18:36:05]    + data rate: 53 kbps
[18:36:05]  * destination
[18:36:05]    + /home/sudar/Videos/HandBrake/H264.mkv
[18:36:05]    + container: Matroska (libavformat)
[18:36:05]      + chapter markers
[18:36:05]  * video track
[18:36:05]    + decoder: h264 8-bit (yuv420p)
[18:36:05]      + bitrate 51 kbps
[18:36:05]    + filters
[18:36:05]      + Detelecine (pullup) (skip-left=1:skip-right=1:skip-top=4:skip-bottom=4:plane=0)
[18:36:05]      + Comb Detect (mode=3:spatial-metric=2:motion-thresh=1:spatial-thresh=1:filter-mode=2:block-thresh=40:block-width=16:block-height=16)
[18:36:05]      + Decomb (mode=47)
[18:36:05]      + Framerate Shaper (mode=0)
[18:36:05]        + frame rate: same as source (around 30.115 fps)
[18:36:05]      + Deblock (strength=weak:thresh=50)
[18:36:05]      + Denoise (nlmeans) (y-strength=6:y-origin-tune=0.8:y-patch-size=7:y-range=3:y-frame-count=2:y-prefilter=0:cb-strength=6:cb-origin-tune=0.7:cb-patch-size=7:cb-range=5:cb-frame-count=1:cb-prefilter=0)
[18:36:05]      + Chroma Smooth (cb-strength=0.4:cb-size=7)
[18:36:05]      + Sharpen (lapsharp) (y-strength=0.2:y-kernel=isolap:cb-strength=0.2:cb-kernel=isolap)
[18:36:05]      + Colorspace (primaries=bt2020:transfer=bt2020-10:matrix=bt2020ncl:tonemap=hable:desat=0)
[18:36:05]    + Output geometry
[18:36:05]      + storage dimensions: 256 x 144
[18:36:05]      + pixel aspect ratio: 1 : 1
[18:36:05]      + display dimensions: 256 x 144
[18:36:05]    + encoder: FFV1 (libavcodec)
[18:36:05]      + preset:  preservation
[18:36:05]      + profile: auto
[18:36:05]      + level:   3
[18:36:05]      + quality: 0.00 (QP)
[18:36:05]      + color profile: 9-14-9
[18:36:05]      + color range: tv
[18:36:05]      + chroma location: left
[18:36:05] sync: expecting 19240 video frames
[18:36:05] encavcodecInit: FFV1 (libavcodec)
[18:36:05] encavcodec: encoding at constant quantizer 0
[18:36:05] encavcodec: encoding with stored aspect 1/1
[18:36:06] sync: first pts video is 0
[18:36:06] sync: "We Found a Loophole to Survive the End of the Universe" (1) at frame 1 time 0
[18:36:25] sync: "[SponsorBlock]: Highlight" (2) at frame 14343 time 42804330
[18:36:25] sync: "We Found a Loophole to Survive the End of the Universe" (3) at frame 14372 time 42891330
[18:36:32] reader: done. 1 scr changes
[18:36:32] work: average encoding speed for job is 737.765991 fps
[18:36:32] comb detect: heavy 41 | light 73 | uncombed 18875 | total 18989
[18:36:32] decomb: deinterlaced 41 | blended 73 | unfiltered 18875 | total 18989
[18:36:32] vfr: 18987 frames output, 2 dropped
[18:36:32] vfr: lost time: 758909 (0 frames)
[18:36:32] vfr: gained time: 758909 (996 frames) (0 not accounted for)
[18:36:32] h264-decoder done: 19240 frames, 0 decoder errors
[18:36:32] sync: got 19240 frames, 19240 expected
[18:36:32] sync: framerate min 10.000 fps, max 18000.000 fps, avg 30.113 fps
[18:36:32] mux: track 0, 18987 frames, 223800818 bytes, 2802.16 kbps, fifo 2048
[18:36:32] Finished work at: Mon Oct  6 18:36:32 2025

[18:36:32] libhb: work result = 0
