Handbrake Version: 20250906052339-dddf75f75-makepkg (2025100401)
[18:37:48] gtkgui: Modified Custom Preset: /Custom/CPU (With FIlters)
[18:37:48] Starting work at: Mon Oct  6 18:37:48 2025

[18:37:48] 1 job(s) to process
[18:37:48] json job:
{
    "Audio": {
        "AudioList": [],
        "CopyMask": [],
        "FallbackEncoder": 0
    },
    "Destination": {
        "AlignAVStart": false,
        "ChapterList": [
            {
                "Duration": {
                    "Hours": 0,
                    "Minutes": 7,
                    "Seconds": 56,
                    "Ticks": 42800760
                },
                "Name": "We Found a Loophole to Survive the End of the Universe"
            },
            {
                "Duration": {
                    "Hours": 0,
                    "Minutes": 0,
                    "Seconds": 1,
                    "Ticks": 90000
                },
                "Name": "[SponsorBlock]: Highlight"
            },
            {
                "Duration": {
                    "Hours": 0,
                    "Minutes": 2,
                    "Seconds": 42,
                    "Ticks": 14608558
                },
                "Name": "We Found a Loophole to Survive the End of the Universe"
            }
        ],
        "ChapterMarkers": true,
        "File": "/home/sudar/Videos/HandBrake/H264.mkv",
        "InlineParameterSets": false,
        "Mux": "mkv",
        "Options": {
            "IpodAtom": false,
            "Optimize": false
        }
    },
    "Filters": {
        "FilterList": [
            {
                "ID": 3,
                "Settings": {
                    "plane": "0",
                    "skip-bottom": "4",
                    "skip-left": "1",
                    "skip-right": "1",
                    "skip-top": "4"
                }
            },
            {
                "ID": 4,
                "Settings": {
                    "block-height": "16",
                    "block-thresh": "40",
                    "block-width": "16",
                    "filter-mode": "2",
                    "mode": "3",
                    "motion-thresh": "3",
                    "spatial-metric": "2",
                    "spatial-thresh": "3"
                }
            },
            {
                "ID": 6,
                "Settings": {
                    "mode": "15"
                }
            },
            {
                "ID": 11,
                "Settings": {
                    "mode": 0
                }
            },
            {
                "ID": 12,
                "Settings": {
                    "strength": "weak",
                    "thresh": "20"
                }
            },
            {
                "ID": 14,
                "Settings": {
                    "cb-frame-count": 1,
                    "cb-origin-tune": 0.9,
                    "cb-patch-size": 7,
                    "cb-prefilter": 0,
                    "cb-range": 5,
                    "cb-strength": 2.4,
                    "y-frame-count": 2,
                    "y-origin-tune": 0.9,
                    "y-patch-size": 7,
                    "y-prefilter": 0,
                    "y-range": 3,
                    "y-strength": 1.5
                }
            },
            {
                "ID": 15,
                "Settings": {
                    "cb-size": 7,
                    "cb-strength": 0.4
                }
            },
            {
                "ID": 20,
                "Settings": {
                    "crop-bottom": 0,
                    "crop-left": 0,
                    "crop-right": 0,
                    "crop-top": 0,
                    "height": 144,
                    "width": 256
                }
            },
            {
                "ID": 22,
                "Settings": {
                    "cb-kernel": "isolap",
                    "cb-strength": 0.05,
                    "y-kernel": "isolap",
                    "y-strength": 0.05
                }
            },
            {
                "ID": 30,
                "Settings": {
                    "desat": "0",
                    "matrix": "bt2020ncl",
                    "primaries": "bt2020",
                    "tonemap": "hable",
                    "transfer": "bt2020-10"
                }
            }
        ]
    },
    "Metadata": {},
    "PAR": {
        "Den": 1,
        "Num": 1
    },
    "SequenceID": 0,
    "Source": {
        "Angle": 0,
        "HWDecode": 0,
        "KeepDuplicateTitles": false,
        "Path": "/home/sudar/Videos/YouTube/H264.mp4",
        "Range": {
            "End": 3,
            "Start": 1,
            "Type": "chapter"
        },
        "Title": 1
    },
    "Subtitle": {
        "Search": {
            "Burn": true,
            "Default": false,
            "Enable": false,
            "Forced": false
        },
        "SubtitleList": []
    },
    "Video": {
        "AdapterIndex": -1,
        "AsyncDepth": 0,
        "ChromaLocation": 1,
        "ColorInputFormat": 0,
        "ColorMatrix": 1,
        "ColorOutputFormat": 0,
        "ColorPrimaries": 1,
        "ColorRange": 0,
        "ColorTransfer": 1,
        "Encoder": "ffv1",
        "HardwareDecode": 0,
        "Level": "3",
        "MultiPass": true,
        "Options": "",
        "PasshtruHDRDynamicMetadata": 6,
        "Preset": "preservation",
        "Profile": "auto",
        "Quality": 0.0,
        "Tune": "",
        "Turbo": true
    }
}
[18:37:48] CPU: Intel(R) Xeon(R) W-2135 CPU @ 3.70GHz
[18:37:48]  - logical processor count: 12
[18:37:48] Intel Quick Sync Video support: no
[18:37:48] hb_scan: path=/home/sudar/Videos/YouTube/H264.mp4, title_index=1
Input #0, mov,mp4,m4a,3gp,3g2,mj2, from '/home/sudar/Videos/YouTube/H264.mp4':
  Metadata:
    major_brand     : isom
    minor_version   : 512
    compatible_brands: isomiso2avc1mp41
    encoder         : Lavf61.7.100
  Duration: 00:10:38.88, start: 0.000000, bitrate: 53 kb/s
  Chapters:
    Chapter #0:0: start 0.000000, end 475.564000
      Metadata:
        title           : We Found a Loophole to Survive the End of the Universe
    Chapter #0:1: start 475.564000, end 476.564000
      Metadata:
        title           : [SponsorBlock]: Highlight
    Chapter #0:2: start 476.564000, end 638.834000
      Metadata:
        title           : We Found a Loophole to Survive the End of the Universe
  Stream #0:0[0x1](und): Video: h264 (Main) (avc1 / 0x31637661), yuv420p(tv, bt709, progressive), 256x144 [SAR 1:1 DAR 16:9], 51 kb/s, 30.12 fps, 30 tbr, 15360 tbn (default)
      Metadata:
        handler_name    : ISO Media file produced by Google Inc.
        vendor_id       : [0][0][0][0]
  Stream #0:1[0x2](eng): Data: bin_data (text / 0x74786574), 0 kb/s
      Metadata:
        handler_name    : SubtitleHandler
[18:37:48] scan: decoding previews for title 1
[18:37:49] using container PAR 1:1
[18:37:49] scan: 10 previews, 256x144, 30.115 fps, autocrop = 0/0/0/0, aspect 16:9, PAR 1:1, color profile: 1-1-1, chroma location: left
[18:37:49] libhb: scan thread found 1 valid title(s)
[18:37:49] Starting Task: Analysis Pass
[18:37:49] work: skipping crop/scale filter
[18:37:49] NLMeans using SSE2 optimizations
[18:37:49] NLMeans using 12 threads
[18:37:49] job configuration:
[18:37:49]  * source
[18:37:49]    + /home/sudar/Videos/YouTube/H264.mp4
[18:37:49]    + title 1, chapter(s) 1 to 3
[18:37:49]    + container: mov,mp4,m4a,3gp,3g2,mj2
[18:37:49]    + data rate: 53 kbps
[18:37:49]  * destination
[18:37:49]    + /home/sudar/Videos/HandBrake/H264.mkv
[18:37:49]    + container: Matroska (libavformat)
[18:37:49]      + chapter markers
[18:37:49]  * video track
[18:37:49]    + decoder: h264 8-bit (yuv420p)
[18:37:49]      + bitrate 51 kbps
[18:37:49]    + filters
[18:37:49]      + Detelecine (pullup) (skip-left=1:skip-right=1:skip-top=4:skip-bottom=4:plane=0)
[18:37:49]      + Comb Detect (mode=3:spatial-metric=2:motion-thresh=3:spatial-thresh=3:filter-mode=2:block-thresh=40:block-width=16:block-height=16)
[18:37:49]      + Decomb (mode=47)
[18:37:49]      + Framerate Shaper (mode=0)
[18:37:49]        + frame rate: same as source (around 30.115 fps)
[18:37:49]      + Deblock (strength=weak:thresh=20)
[18:37:49]      + Denoise (nlmeans) (y-strength=1.5:y-origin-tune=0.9:y-patch-size=7:y-range=3:y-frame-count=2:y-prefilter=0:cb-strength=2.4:cb-origin-tune=0.9:cb-patch-size=7:cb-range=5:cb-frame-count=1:cb-prefilter=0)
[18:37:49]      + Chroma Smooth (cb-strength=0.4:cb-size=7)
[18:37:49]      + Sharpen (lapsharp) (y-strength=0.05:y-kernel=isolap:cb-strength=0.05:cb-kernel=isolap)
[18:37:49]      + Colorspace (primaries=bt2020:transfer=bt2020-10:matrix=bt2020ncl:tonemap=hable:desat=0)
[18:37:49]    + Output geometry
[18:37:49]      + storage dimensions: 256 x 144
[18:37:49]      + pixel aspect ratio: 1 : 1
[18:37:49]      + display dimensions: 256 x 144
[18:37:49]    + encoder: FFV1 (libavcodec)
[18:37:49]      + preset:  preservation
[18:37:49]      + profile: auto
[18:37:49]      + level:   3
[18:37:49]      + quality: 0.00 (QP)
[18:37:49]      + color profile: 9-14-9
[18:37:49]      + color range: tv
[18:37:49]      + chroma location: left
[18:37:49] sync: expecting 19240 video frames
[18:37:49] encavcodecInit: FFV1 (libavcodec)
[18:37:49] encavcodec: truncating framerate 9000000 / 298853
[18:37:49] encavcodec: encoding at constant quantizer 0
[18:37:49] encavcodec: encoding with stored aspect 1/1
[18:37:49] sync: first pts video is 0
[18:37:49] sync: "We Found a Loophole to Survive the End of the Universe" (1) at frame 1 time 0
[18:37:57] work: average encoding speed for job is 733.267456 fps
[18:37:57] comb detect: heavy 0 | light 6 | uncombed 6055 | total 6061
[18:37:57] decomb: deinterlaced 0 | blended 6 | unfiltered 6050 | total 6056
[18:37:57] vfr: 6051 frames output, 2 dropped
[18:37:57] vfr: lost time: 287966 (0 frames)
[18:37:57] vfr: gained time: 287966 (376 frames) (0 not accounted for)
[18:37:57] h264-decoder done: 6202 frames, 0 decoder errors
[18:37:57] sync: got 6165 frames, 19240 expected
[18:37:57] sync: framerate min 30.000 fps, max 30.115 fps, avg 30.002 fps
[18:37:57] Finished work at: Mon Oct  6 18:37:57 2025

[18:37:57] libhb: work result = 1
