Handbrake Version: 20250906052339-dddf75f75-makepkg (2025100401)

(fr.handbrake.ghb:5): GLib-GIO-CRITICAL **: 16:02:58.696: g_bus_watch_name_on_connection: assertion 'G_IS_DBUS_CONNECTION (connection)' failed

(fr.handbrake.ghb:5): GLib-GIO-CRITICAL **: 16:02:58.696: g_dbus_connection_signal_subscribe: assertion 'G_IS_DBUS_CONNECTION (connection)' failed

(fr.handbrake.ghb:5): GLib-GIO-CRITICAL **: 16:02:58.696: g_dbus_connection_call_internal: assertion 'G_IS_DBUS_CONNECTION (connection)' failed
[16:02:58] gtkgui: Custom Preset: /Custom/CPU (With FIlters) (VP9)
[16:02:58] Starting work at: Fri Oct 17 16:02:58 2025

[16:02:58] 1 job(s) to process
[16:02:58] json job:
{
    "Audio": {
        "AudioList": [],
        "CopyMask": [],
        "FallbackEncoder": 0
    },
    "Destination": {
        "AlignAVStart": false,
        "ChapterList": [
            {
                "Duration": {
                    "Hours": 0,
                    "Minutes": 0,
                    "Seconds": 30,
                    "Ticks": 2735732
                },
                "Name": ""
            }
        ],
        "ChapterMarkers": false,
        "File": "/mnt/iMac/DaVinci Resolve/IICAQM/6854091-hd_1920_1080_30fps (1).mkv",
        "InlineParameterSets": false,
        "Mux": "mkv",
        "Options": {
            "IpodAtom": false,
            "Optimize": false
        }
    },
    "Filters": {
        "FilterList": [
            {
                "ID": 4,
                "Settings": {
                    "block-height": "16",
                    "block-thresh": "40",
                    "block-width": "16",
                    "filter-mode": "2",
                    "mode": "3",
                    "motion-thresh": "3",
                    "spatial-metric": "2",
                    "spatial-thresh": "3"
                }
            },
            {
                "ID": 6,
                "Settings": {
                    "mode": "15"
                }
            },
            {
                "ID": 11,
                "Settings": {
                    "mode": 0
                }
            },
            {
                "ID": 20,
                "Settings": {
                    "crop-bottom": 0,
                    "crop-left": 0,
                    "crop-right": 0,
                    "crop-top": 0,
                    "height": 1080,
                    "width": 1920
                }
            },
            {
                "ID": 28,
                "Settings": {
                    "bottom": "0",
                    "color": "black",
                    "left": "0",
                    "right": "0",
                    "top": "0"
                }
            }
        ]
    },
    "Metadata": {
        "CreationTime": "2021-02-17T14:31:27.000000Z"
    },
    "PAR": {
        "Den": 1,
        "Num": 1
    },
    "SequenceID": 0,
    "Source": {
        "Angle": 0,
        "HWDecode": 0,
        "KeepDuplicateTitles": false,
        "Path": "/home/sudar/Downloads/6854091-hd_1920_1080_30fps.mp4",
        "Range": {
            "End": 1,
            "Start": 1,
            "Type": "chapter"
        },
        "Title": 7
    },
    "Subtitle": {
        "Search": {
            "Burn": true,
            "Default": false,
            "Enable": false,
            "Forced": false
        },
        "SubtitleList": []
    },
    "Video": {
        "AdapterIndex": -1,
        "AsyncDepth": 0,
        "ChromaLocation": 1,
        "ColorInputFormat": 0,
        "ColorMatrix": 1,
        "ColorOutputFormat": 0,
        "ColorPrimaries": 1,
        "ColorRange": 0,
        "ColorTransfer": 1,
        "Encoder": "VP9",
        "HardwareDecode": 0,
        "Level": "auto",
        "MultiPass": true,
        "Options": "",
        "PasshtruHDRDynamicMetadata": 6,
        "Preset": "medium",
        "Profile": "auto",
        "Quality": 22.0,
        "Tune": "",
        "Turbo": true
    }
}
[16:02:58] CPU: Intel(R) Xeon(R) W-2135 CPU @ 3.70GHz
[16:02:58]  - logical processor count: 12
[16:02:58] Intel Quick Sync Video support: no
[16:02:58] hb_scan: path=/home/sudar/Downloads/6854091-hd_1920_1080_30fps.mp4, title_index=7
Input #0, mov,mp4,m4a,3gp,3g2,mj2, from '/home/sudar/Downloads/6854091-hd_1920_1080_30fps.mp4':
  Metadata:
    major_brand     : mp42
    minor_version   : 0
    compatible_brands: mp42mp41isomavc1
    creation_time   : 2021-02-17T14:31:27.000000Z
  Duration: 00:00:30.40, start: 0.000000, bitrate: 2827 kb/s
  Stream #0:0[0x1](und): Video: h264 (High) (avc1 / 0x31637661), yuv420p(tv, bt709, progressive), 1280x720, 2823 kb/s, 29.97 fps, 29.97 tbr, 30k tbn (default)
      Metadata:
        creation_time   : 2021-02-17T14:31:27.000000Z
        handler_name    : L-SMASH Video Handler
        vendor_id       : [0][0][0][0]
        encoder         : AVC Coding
[16:02:58] scan: decoding previews for title 7
[16:02:58] scan: 10 previews, 1280x720, 29.970 fps, autocrop = 0/0/0/0, aspect 16:9, PAR 1:1, color profile: 1-1-1, chroma location: left
[16:02:58] libhb: scan thread found 1 valid title(s)
[16:02:58] Starting Task: Analysis Pass
[16:02:58] job configuration:
[16:02:58]  * source
[16:02:58]    + /home/sudar/Downloads/6854091-hd_1920_1080_30fps.mp4
[16:02:58]    + title 7, chapter(s) 1 to 1
[16:02:58]    + container: mov,mp4,m4a,3gp,3g2,mj2
[16:02:58]    + data rate: 2827 kbps
[16:02:58]  * destination
[16:02:58]    + /mnt/iMac/DaVinci Resolve/IICAQM/6854091-hd_1920_1080_30fps (1).mkv
[16:02:58]    + container: Matroska (libavformat)
[16:02:58]  * video track
[16:02:58]    + decoder: h264 8-bit (yuv420p)
[16:02:58]      + bitrate 2823 kbps
[16:02:58]    + filters
[16:02:58]      + Comb Detect (mode=3:spatial-metric=2:motion-thresh=3:spatial-thresh=3:filter-mode=2:block-thresh=40:block-width=16:block-height=16)
[16:02:58]      + Decomb (mode=47)
[16:02:58]      + Framerate Shaper (mode=0)
[16:02:58]        + frame rate: same as source (around 29.970 fps)
[16:02:58]      + Crop and Scale (width=1920:height=1080:crop-top=0:crop-bottom=0:crop-left=0:crop-right=0)
[16:02:58]        + source: 1280 * 720, crop (0/0/0/0): 1280 * 720, scale: 1920 * 1080
[16:02:58]      + Pad (color=black:top=0:bottom=0:left=0:right=0)
[16:02:58]    + Output geometry
[16:02:58]      + storage dimensions: 1920 x 1080
[16:02:58]      + pixel aspect ratio: 1 : 1
[16:02:58]      + display dimensions: 1920 x 1080
[16:02:58]    + encoder: VP9 (libvpx)
[16:02:58]      + preset:  medium
[16:02:58]      + profile: auto
[16:02:58]      + level:   auto
[16:02:58]      + quality: 22.00 (CQ)
[16:02:58]      + color profile: 1-1-1
[16:02:58]      + color range: tv
[16:02:58]      + chroma location: left
[16:02:59] sync: expecting 910 video frames
[16:02:59] encavcodecInit: VP9 encoder
[16:02:59] encavcodec: encoding at CQ 22.00
[16:02:59] encavcodec: encoding with stored aspect 1/1
[16:02:59] sync: first pts video is 0
[16:02:59] sync: Chapter 1 at frame 1 time 0
[16:03:08] reader: done. 1 scr changes
[16:03:09] work: average encoding speed for job is 93.551003 fps
[16:03:09] comb detect: heavy 0 | light 1 | uncombed 910 | total 911
[16:03:09] decomb: deinterlaced 0 | blended 1 | unfiltered 910 | total 911
[16:03:09] vfr: 911 frames output, 0 dropped
[16:03:09] vfr: lost time: 0 (0 frames)
[16:03:09] vfr: gained time: 0 (0 frames) (0 not accounted for)
[16:03:09] h264-decoder done: 911 frames, 0 decoder errors
[16:03:09] sync: got 911 frames, 910 expected
[16:03:09] sync: framerate min 29.970 fps, max 29.970 fps, avg 29.970 fps
[16:03:09] Starting Task: Encoding Pass
[16:03:09] job configuration:
[16:03:09]  * source
[16:03:09]    + /home/sudar/Downloads/6854091-hd_1920_1080_30fps.mp4
[16:03:09]    + title 7, chapter(s) 1 to 1
[16:03:09]    + container: mov,mp4,m4a,3gp,3g2,mj2
[16:03:09]    + data rate: 2827 kbps
[16:03:09]  * destination
[16:03:09]    + /mnt/iMac/DaVinci Resolve/IICAQM/6854091-hd_1920_1080_30fps (1).mkv
[16:03:09]    + container: Matroska (libavformat)
[16:03:09]  * video track
[16:03:09]    + decoder: h264 8-bit (yuv420p)
[16:03:09]      + bitrate 2823 kbps
[16:03:09]    + filters
[16:03:09]      + Comb Detect (mode=3:spatial-metric=2:motion-thresh=3:spatial-thresh=3:filter-mode=2:block-thresh=40:block-width=16:block-height=16)
[16:03:09]      + Decomb (mode=47)
[16:03:09]      + Framerate Shaper (mode=0)
[16:03:09]        + frame rate: same as source (around 29.970 fps)
[16:03:09]      + Crop and Scale (width=1920:height=1080:crop-top=0:crop-bottom=0:crop-left=0:crop-right=0)
[16:03:09]        + source: 1280 * 720, crop (0/0/0/0): 1280 * 720, scale: 1920 * 1080
[16:03:09]      + Pad (color=black:top=0:bottom=0:left=0:right=0)
[16:03:09]    + Output geometry
[16:03:09]      + storage dimensions: 1920 x 1080
[16:03:09]      + pixel aspect ratio: 1 : 1
[16:03:09]      + display dimensions: 1920 x 1080
[16:03:09]    + encoder: VP9 (libvpx)
[16:03:09]      + preset:  medium
[16:03:09]      + profile: auto
[16:03:09]      + level:   auto
[16:03:09]      + quality: 22.00 (CQ)
[16:03:09]      + color profile: 1-1-1
[16:03:09]      + color range: tv
[16:03:09]      + chroma location: left
[16:03:09] sync: expecting 911 video frames
[16:03:09] encavcodecInit: VP9 encoder
[16:03:09] encavcodec: encoding at CQ 22.00
[16:03:09] encavcodec: encoding with stored aspect 1/1
[16:03:09] sync: first pts video is 0
[16:03:09] sync: Chapter 1 at frame 1 time 0
[16:05:10] reader: done. 1 scr changes
[16:05:28] work: average encoding speed for job is 7.009123 fps
[16:05:28] comb detect: heavy 0 | light 1 | uncombed 910 | total 911
[16:05:28] decomb: deinterlaced 0 | blended 1 | unfiltered 910 | total 911
[16:05:28] vfr: 911 frames output, 0 dropped
[16:05:28] vfr: lost time: 0 (0 frames)
[16:05:28] vfr: gained time: 0 (0 frames) (0 not accounted for)
[16:05:28] h264-decoder done: 911 frames, 0 decoder errors
[16:05:28] sync: got 911 frames, 911 expected
[16:05:28] sync: framerate min 29.970 fps, max 29.970 fps, avg 29.970 fps
[16:05:30] mux: track 0, 911 frames, 15073141 bytes, 3962.65 kbps, fifo 1024
[16:05:30] Finished work at: Fri Oct 17 16:05:30 2025

[16:05:30] libhb: work result = 0
