Handbrake Version: 20250906052339-dddf75f75-makepkg (2025100401)
[20:51:26] gtkgui: Custom Preset: /Custom/CPU (With FIlters) (VP9)
[20:51:26] Starting work at: Thu Oct 16 20:51:26 2025

[20:51:26] 1 job(s) to process
[20:51:26] json job:
{
    "Audio": {
        "AudioList": [
            {
                "Bitrate": 160,
                "CompressionLevel": -1.0,
                "DRC": 0.0,
                "DitherMethod": "auto",
                "Encoder": "av_aac",
                "Gain": 0.0,
                "Mixdown": "stereo",
                "Name": "Stereo",
                "NormalizeMixLevel": false,
                "PresetEncoder": "av_aac",
                "Quality": -3.0,
                "Samplerate": 0,
                "Track": 0
            }
        ],
        "CopyMask": [
            "copy:aac"
        ],
        "FallbackEncoder": "av_aac"
    },
    "Destination": {
        "AlignAVStart": false,
        "ChapterList": [
            {
                "Duration": {
                    "Hours": 0,
                    "Minutes": 0,
                    "Seconds": 33,
                    "Ticks": 3037349
                },
                "Name": ""
            }
        ],
        "ChapterMarkers": false,
        "File": "/mnt/iMac/DaVinci Resolve/IICAQM/4884642-hd_1920_1080_30fps.mkv",
        "InlineParameterSets": false,
        "Mux": "mkv",
        "Options": {
            "IpodAtom": false,
            "Optimize": false
        }
    },
    "Filters": {
        "FilterList": [
            {
                "ID": 4,
                "Settings": {
                    "block-height": "16",
                    "block-thresh": "40",
                    "block-width": "16",
                    "filter-mode": "2",
                    "mode": "3",
                    "motion-thresh": "3",
                    "spatial-metric": "2",
                    "spatial-thresh": "3"
                }
            },
            {
                "ID": 6,
                "Settings": {
                    "mode": "15"
                }
            },
            {
                "ID": 11,
                "Settings": {
                    "mode": 0
                }
            },
            {
                "ID": 20,
                "Settings": {
                    "crop-bottom": 0,
                    "crop-left": 0,
                    "crop-right": 0,
                    "crop-top": 0,
                    "height": 1080,
                    "width": 1920
                }
            },
            {
                "ID": 28,
                "Settings": {
                    "bottom": "0",
                    "color": "black",
                    "left": "0",
                    "right": "0",
                    "top": "0"
                }
            }
        ]
    },
    "Metadata": {
        "CreationTime": "2020-07-16T23:51:38.000000Z"
    },
    "PAR": {
        "Den": 1,
        "Num": 1
    },
    "SequenceID": 0,
    "Source": {
        "Angle": 0,
        "HWDecode": 0,
        "KeepDuplicateTitles": false,
        "Path": "/home/sudar/Downloads/4884642-hd_1920_1080_30fps.mp4",
        "Range": {
            "End": 1,
            "Start": 1,
            "Type": "chapter"
        },
        "Title": 1
    },
    "Subtitle": {
        "Search": {
            "Burn": true,
            "Default": false,
            "Enable": false,
            "Forced": false
        },
        "SubtitleList": []
    },
    "Video": {
        "AdapterIndex": -1,
        "AsyncDepth": 0,
        "ChromaLocation": 1,
        "ColorInputFormat": 0,
        "ColorMatrix": 1,
        "ColorOutputFormat": 0,
        "ColorPrimaries": 1,
        "ColorRange": 0,
        "ColorTransfer": 1,
        "Encoder": "VP9",
        "HardwareDecode": 0,
        "Level": "auto",
        "MultiPass": true,
        "Options": "",
        "PasshtruHDRDynamicMetadata": 6,
        "Preset": "medium",
        "Profile": "auto",
        "Quality": 22.0,
        "Tune": "",
        "Turbo": true
    }
}
[20:51:26] CPU: Intel(R) Xeon(R) W-2135 CPU @ 3.70GHz
[20:51:26]  - logical processor count: 12
[20:51:26] Intel Quick Sync Video support: no
[20:51:26] hb_scan: path=/home/sudar/Downloads/4884642-hd_1920_1080_30fps.mp4, title_index=1
Input #0, mov,mp4,m4a,3gp,3g2,mj2, from '/home/sudar/Downloads/4884642-hd_1920_1080_30fps.mp4':
  Metadata:
    major_brand     : mp42
    minor_version   : 0
    compatible_brands: mp42mp41isomavc1
    creation_time   : 2020-07-16T23:51:38.000000Z
  Duration: 00:00:33.75, start: 0.000000, bitrate: 5859 kb/s
  Stream #0:0[0x1](und): Video: h264 (High) (avc1 / 0x31637661), yuv420p(tv, bt709, progressive), 1920x1080, 5603 kb/s, 29.97 fps, 29.97 tbr, 30k tbn (default)
      Metadata:
        creation_time   : 2020-07-16T23:51:38.000000Z
        handler_name    : L-SMASH Video Handler
        vendor_id       : [0][0][0][0]
        encoder         : AVC Coding
  Stream #0:1[0x2](und): Audio: aac (LC) (mp4a / 0x6134706D), 48000 Hz, stereo, fltp, 253 kb/s (default)
      Metadata:
        creation_time   : 2020-07-16T23:51:38.000000Z
        handler_name    : L-SMASH Audio Handler
        vendor_id       : [0][0][0][0]
[20:51:26] scan: decoding previews for title 1
[20:51:27] scan: audio 0x1: aac, rate=48000Hz, bitrate=253375 Unknown (AAC LC, 2.0 ch, 253 kbps)
[20:51:27] scan: 10 previews, 1920x1080, 29.970 fps, autocrop = 0/0/0/0, aspect 16:9, PAR 1:1, color profile: 1-1-1, chroma location: left
[20:51:27] Title is likely interlaced or telecined (10 out of 10 previews). You should do something about that.
[20:51:27] libhb: scan thread found 1 valid title(s)
[20:51:27] Starting Task: Analysis Pass
[20:51:27] work: skipping crop/scale filter
[20:51:27] job configuration:
[20:51:27]  * source
[20:51:27]    + /home/sudar/Downloads/4884642-hd_1920_1080_30fps.mp4
[20:51:27]    + title 1, chapter(s) 1 to 1
[20:51:27]    + container: mov,mp4,m4a,3gp,3g2,mj2
[20:51:27]    + data rate: 5859 kbps
[20:51:27]  * destination
[20:51:27]    + /mnt/iMac/DaVinci Resolve/IICAQM/4884642-hd_1920_1080_30fps.mkv
[20:51:27]    + container: Matroska (libavformat)
[20:51:27]  * video track
[20:51:27]    + decoder: h264 8-bit (yuv420p)
[20:51:27]      + bitrate 5603 kbps
[20:51:27]    + filters
[20:51:27]      + Comb Detect (mode=3:spatial-metric=2:motion-thresh=3:spatial-thresh=3:filter-mode=2:block-thresh=40:block-width=16:block-height=16)
[20:51:27]      + Decomb (mode=47)
[20:51:27]      + Framerate Shaper (mode=0)
[20:51:27]        + frame rate: same as source (around 29.970 fps)
[20:51:27]      + Pad (color=black:top=0:bottom=0:left=0:right=0)
[20:51:27]    + Output geometry
[20:51:27]      + storage dimensions: 1920 x 1080
[20:51:27]      + pixel aspect ratio: 1 : 1
[20:51:27]      + display dimensions: 1920 x 1080
[20:51:27]    + encoder: VP9 (libvpx)
[20:51:27]      + preset:  medium
[20:51:27]      + profile: auto
[20:51:27]      + level:   auto
[20:51:27]      + quality: 22.00 (CQ)
[20:51:27]      + color profile: 1-1-1
[20:51:27]      + color range: tv
[20:51:27]      + chroma location: left
[20:51:27]  * audio track 1
[20:51:27]    + name: Stereo
[20:51:27]    + decoder: Unknown (AAC LC, 2.0 ch, 253 kbps) (track 1, id 0x1)
[20:51:27]      + bitrate: 253 kbps, samplerate: 48000 Hz
[20:51:27]    + mixdown: Stereo
[20:51:27]    + encoder: AAC (libavcodec)
[20:51:27]      + bitrate: 160 kbps, samplerate: 48000 Hz
[20:51:27] sync: expecting 1011 video frames
[20:51:27] encavcodecInit: VP9 encoder
[20:51:27] encavcodec: encoding at CQ 22.00
[20:51:27] encavcodec: encoding with stored aspect 1/1
[20:51:27] sync: first pts video is 0
[20:51:27] sync: Chapter 1 at frame 1 time 0
[20:51:27] sync: first pts audio 0x1 is 0
[20:51:38] reader: done. 1 scr changes
[20:51:39] work: average encoding speed for job is 91.915497 fps
[20:51:39] comb detect: heavy 0 | light 1 | uncombed 1010 | total 1011
[20:51:39] decomb: deinterlaced 0 | blended 1 | unfiltered 1010 | total 1011
[20:51:39] vfr: 1011 frames output, 0 dropped
[20:51:39] vfr: lost time: 0 (0 frames)
[20:51:39] vfr: gained time: 0 (0 frames) (0 not accounted for)
[20:51:39] aac-decoder done: 1582 frames, 0 decoder errors
[20:51:39] h264-decoder done: 1011 frames, 0 decoder errors
[20:51:39] sync: got 1011 frames, 1011 expected
[20:51:39] sync: framerate min 29.970 fps, max 29.970 fps, avg 29.970 fps
[20:51:39] Starting Task: Encoding Pass
[20:51:39] work: skipping crop/scale filter
[20:51:39] job configuration:
[20:51:39]  * source
[20:51:39]    + /home/sudar/Downloads/4884642-hd_1920_1080_30fps.mp4
[20:51:39]    + title 1, chapter(s) 1 to 1
[20:51:39]    + container: mov,mp4,m4a,3gp,3g2,mj2
[20:51:39]    + data rate: 5859 kbps
[20:51:39]  * destination
[20:51:39]    + /mnt/iMac/DaVinci Resolve/IICAQM/4884642-hd_1920_1080_30fps.mkv
[20:51:39]    + container: Matroska (libavformat)
[20:51:39]  * video track
[20:51:39]    + decoder: h264 8-bit (yuv420p)
[20:51:39]      + bitrate 5603 kbps
[20:51:39]    + filters
[20:51:39]      + Comb Detect (mode=3:spatial-metric=2:motion-thresh=3:spatial-thresh=3:filter-mode=2:block-thresh=40:block-width=16:block-height=16)
[20:51:39]      + Decomb (mode=47)
[20:51:39]      + Framerate Shaper (mode=0)
[20:51:39]        + frame rate: same as source (around 29.970 fps)
[20:51:39]      + Pad (color=black:top=0:bottom=0:left=0:right=0)
[20:51:39]    + Output geometry
[20:51:39]      + storage dimensions: 1920 x 1080
[20:51:39]      + pixel aspect ratio: 1 : 1
[20:51:39]      + display dimensions: 1920 x 1080
[20:51:39]    + encoder: VP9 (libvpx)
[20:51:39]      + preset:  medium
[20:51:39]      + profile: auto
[20:51:39]      + level:   auto
[20:51:39]      + quality: 22.00 (CQ)
[20:51:39]      + color profile: 1-1-1
[20:51:39]      + color range: tv
[20:51:39]      + chroma location: left
[20:51:39]  * audio track 1
[20:51:39]    + name: Stereo
[20:51:39]    + decoder: Unknown (AAC LC, 2.0 ch, 253 kbps) (track 1, id 0x1)
[20:51:39]      + bitrate: 253 kbps, samplerate: 48000 Hz
[20:51:39]    + mixdown: Stereo
[20:51:39]    + encoder: AAC (libavcodec)
[20:51:39]      + bitrate: 160 kbps, samplerate: 48000 Hz
[20:51:39] sync: expecting 1011 video frames
[20:51:39] encavcodecInit: VP9 encoder
[20:51:39] encavcodec: encoding at CQ 22.00
[20:51:39] encavcodec: encoding with stored aspect 1/1
[20:51:39] sync: first pts video is 0
[20:51:39] sync: Chapter 1 at frame 1 time 0
[20:51:39] sync: first pts audio 0x1 is 0
[20:54:36] reader: done. 1 scr changes
[20:55:04] work: average encoding speed for job is 5.282297 fps
[20:55:04] comb detect: heavy 0 | light 1 | uncombed 1010 | total 1011
[20:55:04] decomb: deinterlaced 0 | blended 1 | unfiltered 1010 | total 1011
[20:55:04] vfr: 1011 frames output, 0 dropped
[20:55:04] vfr: lost time: 0 (0 frames)
[20:55:04] vfr: gained time: 0 (0 frames) (0 not accounted for)
[20:55:04] aac-decoder done: 1582 frames, 0 decoder errors
[20:55:04] h264-decoder done: 1011 frames, 0 decoder errors
[20:55:04] sync: got 1011 frames, 1011 expected
[20:55:04] sync: framerate min 29.970 fps, max 29.970 fps, avg 29.970 fps
[20:55:07] mux: track 0, 1011 frames, 39874099 bytes, 9446.86 kbps, fifo 512
[20:55:07] mux: track 1, 1583 frames, 9617 bytes, 2.28 kbps, fifo 1024
[20:55:07] Finished work at: Thu Oct 16 20:55:07 2025

[20:55:07] libhb: work result = 0
