Handbrake Version: 20250906052339-dddf75f75-makepkg (2025100401)

(fr.handbrake.ghb:5): GLib-GIO-CRITICAL **: 11:50:18.421: g_bus_watch_name_on_connection: assertion 'G_IS_DBUS_CONNECTION (connection)' failed

(fr.handbrake.ghb:5): GLib-GIO-CRITICAL **: 11:50:18.421: g_dbus_connection_signal_subscribe: assertion 'G_IS_DBUS_CONNECTION (connection)' failed

(fr.handbrake.ghb:5): GLib-GIO-CRITICAL **: 11:50:18.421: g_dbus_connection_call_internal: assertion 'G_IS_DBUS_CONNECTION (connection)' failed
[11:50:18] gtkgui: Custom Preset: /Custom/CPU (With FIlters) (VP9)
[11:50:18] Starting work at: Fri Oct 17 11:50:18 2025

[11:50:18] 1 job(s) to process
[11:50:18] json job:
{
    "Audio": {
        "AudioList": [],
        "CopyMask": [],
        "FallbackEncoder": 0
    },
    "Destination": {
        "AlignAVStart": false,
        "ChapterList": [
            {
                "Duration": {
                    "Hours": 0,
                    "Minutes": 0,
                    "Seconds": 11,
                    "Ticks": 1019999
                },
                "Name": ""
            }
        ],
        "ChapterMarkers": false,
        "File": "/mnt/iMac/DaVinci Resolve/IICAQM/1106642_1080p_4k_3840x2160.mkv",
        "InlineParameterSets": false,
        "Mux": "mkv",
        "Options": {
            "IpodAtom": false,
            "Optimize": false
        }
    },
    "Filters": {
        "FilterList": [
            {
                "ID": 4,
                "Settings": {
                    "block-height": "16",
                    "block-thresh": "40",
                    "block-width": "16",
                    "filter-mode": "2",
                    "mode": "3",
                    "motion-thresh": "3",
                    "spatial-metric": "2",
                    "spatial-thresh": "3"
                }
            },
            {
                "ID": 6,
                "Settings": {
                    "mode": "15"
                }
            },
            {
                "ID": 11,
                "Settings": {
                    "mode": 0
                }
            },
            {
                "ID": 20,
                "Settings": {
                    "crop-bottom": 0,
                    "crop-left": 0,
                    "crop-right": 0,
                    "crop-top": 0,
                    "height": 1080,
                    "width": 1920
                }
            },
            {
                "ID": 28,
                "Settings": {
                    "bottom": "0",
                    "color": "black",
                    "left": "0",
                    "right": "0",
                    "top": "0"
                }
            }
        ]
    },
    "Metadata": {},
    "PAR": {
        "Den": 1,
        "Num": 1
    },
    "SequenceID": 0,
    "Source": {
        "Angle": 0,
        "HWDecode": 0,
        "KeepDuplicateTitles": false,
        "Path": "/home/sudar/Downloads/1106642_1080p_4k_3840x2160.mp4",
        "Range": {
            "End": 1,
            "Start": 1,
            "Type": "chapter"
        },
        "Title": 7
    },
    "Subtitle": {
        "Search": {
            "Burn": true,
            "Default": false,
            "Enable": false,
            "Forced": false
        },
        "SubtitleList": []
    },
    "Video": {
        "AdapterIndex": -1,
        "AsyncDepth": 0,
        "ChromaLocation": 1,
        "ColorInputFormat": 0,
        "ColorMatrix": 1,
        "ColorOutputFormat": 0,
        "ColorPrimaries": 1,
        "ColorRange": 0,
        "ColorTransfer": 1,
        "Encoder": "VP9",
        "HardwareDecode": 0,
        "Level": "auto",
        "MultiPass": true,
        "Options": "",
        "PasshtruHDRDynamicMetadata": 6,
        "Preset": "medium",
        "Profile": "auto",
        "Quality": 22.0,
        "Tune": "",
        "Turbo": true
    }
}
[11:50:18] CPU: Intel(R) Xeon(R) W-2135 CPU @ 3.70GHz
[11:50:18]  - logical processor count: 12
[11:50:18] Intel Quick Sync Video support: no
[11:50:18] hb_scan: path=/home/sudar/Downloads/1106642_1080p_4k_3840x2160.mp4, title_index=7
Input #0, mov,mp4,m4a,3gp,3g2,mj2, from '/home/sudar/Downloads/1106642_1080p_4k_3840x2160.mp4':
  Metadata:
    major_brand     : isom
    minor_version   : 512
    compatible_brands: isomiso2avc1mp41
    encoder         : Lavf58.45.100
  Duration: 00:00:11.33, start: 0.000000, bitrate: 25557 kb/s
  Stream #0:0[0x1](eng): Video: h264 (High) (avc1 / 0x31637661), yuv420p(progressive), 3840x2160 [SAR 1:1 DAR 16:9], 25550 kb/s, 60 fps, 60 tbr, 15360 tbn (default)
      Metadata:
        handler_name    : Apple Video Media Handler
        vendor_id       : [0][0][0][0]
        timecode        : 00:13:28:59
  Stream #0:1[0x2](eng): Data: none (tmcd / 0x64636D74), 0 kb/s
      Metadata:
        handler_name    : Apple Video Media Handler
        timecode        : 00:13:28:59
[11:50:18] scan: decoding previews for title 7
[11:50:20] using container PAR 1:1
[11:50:20] scan: 10 previews, 3840x2160, 60.000 fps, autocrop = 0/0/0/0, aspect 16:9, PAR 1:1, color profile: 1-1-1, chroma location: left
[11:50:20] libhb: scan thread found 1 valid title(s)
[11:50:20] Starting Task: Analysis Pass
[11:50:20] job configuration:
[11:50:20]  * source
[11:50:20]    + /home/sudar/Downloads/1106642_1080p_4k_3840x2160.mp4
[11:50:20]    + title 7, chapter(s) 1 to 1
[11:50:20]    + container: mov,mp4,m4a,3gp,3g2,mj2
[11:50:20]    + data rate: 25557 kbps
[11:50:20]  * destination
[11:50:20]    + /mnt/iMac/DaVinci Resolve/IICAQM/1106642_1080p_4k_3840x2160.mkv
[11:50:20]    + container: Matroska (libavformat)
[11:50:20]  * video track
[11:50:20]    + decoder: h264 8-bit (yuv420p)
[11:50:20]      + bitrate 25550 kbps
[11:50:20]    + filters
[11:50:20]      + Comb Detect (mode=3:spatial-metric=2:motion-thresh=3:spatial-thresh=3:filter-mode=2:block-thresh=40:block-width=16:block-height=16)
[11:50:20]      + Decomb (mode=47)
[11:50:20]      + Framerate Shaper (mode=0)
[11:50:20]        + frame rate: same as source (around 60.000 fps)
[11:50:20]      + Crop and Scale (width=1920:height=1080:crop-top=0:crop-bottom=0:crop-left=0:crop-right=0)
[11:50:20]        + source: 3840 * 2160, crop (0/0/0/0): 3840 * 2160, scale: 1920 * 1080
[11:50:20]      + Pad (color=black:top=0:bottom=0:left=0:right=0)
[11:50:20]    + Output geometry
[11:50:20]      + storage dimensions: 1920 x 1080
[11:50:20]      + pixel aspect ratio: 1 : 1
[11:50:20]      + display dimensions: 1920 x 1080
[11:50:20]    + encoder: VP9 (libvpx)
[11:50:20]      + preset:  medium
[11:50:20]      + profile: auto
[11:50:20]      + level:   auto
[11:50:20]      + quality: 22.00 (CQ)
[11:50:20]      + color profile: 1-1-1
[11:50:20]      + color range: tv
[11:50:20]      + chroma location: left
[11:50:20] sync: expecting 679 video frames
[11:50:20] encavcodecInit: VP9 encoder
[11:50:20] encavcodec: encoding at CQ 22.00
[11:50:20] encavcodec: encoding with stored aspect 1/1
[11:50:20] sync: first pts video is 0
[11:50:20] sync: Chapter 1 at frame 1 time 0
[11:50:31] reader: done. 1 scr changes
[11:50:33] work: average encoding speed for job is 54.283440 fps
[11:50:33] comb detect: heavy 0 | light 1 | uncombed 679 | total 680
[11:50:33] decomb: deinterlaced 0 | blended 1 | unfiltered 679 | total 680
[11:50:33] vfr: 680 frames output, 0 dropped
[11:50:33] vfr: lost time: 0 (0 frames)
[11:50:33] vfr: gained time: 0 (0 frames) (0 not accounted for)
[11:50:33] h264-decoder done: 680 frames, 0 decoder errors
[11:50:33] sync: got 680 frames, 679 expected
[11:50:33] sync: framerate min 60.000 fps, max 60.000 fps, avg 60.000 fps
[11:50:33] Starting Task: Encoding Pass
[11:50:33] job configuration:
[11:50:33]  * source
[11:50:33]    + /home/sudar/Downloads/1106642_1080p_4k_3840x2160.mp4
[11:50:33]    + title 7, chapter(s) 1 to 1
[11:50:33]    + container: mov,mp4,m4a,3gp,3g2,mj2
[11:50:33]    + data rate: 25557 kbps
[11:50:33]  * destination
[11:50:33]    + /mnt/iMac/DaVinci Resolve/IICAQM/1106642_1080p_4k_3840x2160.mkv
[11:50:33]    + container: Matroska (libavformat)
[11:50:33]  * video track
[11:50:33]    + decoder: h264 8-bit (yuv420p)
[11:50:33]      + bitrate 25550 kbps
[11:50:33]    + filters
[11:50:33]      + Comb Detect (mode=3:spatial-metric=2:motion-thresh=3:spatial-thresh=3:filter-mode=2:block-thresh=40:block-width=16:block-height=16)
[11:50:33]      + Decomb (mode=47)
[11:50:33]      + Framerate Shaper (mode=0)
[11:50:33]        + frame rate: same as source (around 60.000 fps)
[11:50:33]      + Crop and Scale (width=1920:height=1080:crop-top=0:crop-bottom=0:crop-left=0:crop-right=0)
[11:50:33]        + source: 3840 * 2160, crop (0/0/0/0): 3840 * 2160, scale: 1920 * 1080
[11:50:33]      + Pad (color=black:top=0:bottom=0:left=0:right=0)
[11:50:33]    + Output geometry
[11:50:33]      + storage dimensions: 1920 x 1080
[11:50:33]      + pixel aspect ratio: 1 : 1
[11:50:33]      + display dimensions: 1920 x 1080
[11:50:33]    + encoder: VP9 (libvpx)
[11:50:33]      + preset:  medium
[11:50:33]      + profile: auto
[11:50:33]      + level:   auto
[11:50:33]      + quality: 22.00 (CQ)
[11:50:33]      + color profile: 1-1-1
[11:50:33]      + color range: tv
[11:50:33]      + chroma location: left
[11:50:33] sync: expecting 680 video frames
[11:50:33] encavcodecInit: VP9 encoder
[11:50:33] encavcodec: encoding at CQ 22.00
[11:50:33] encavcodec: encoding with stored aspect 1/1
[11:50:33] sync: first pts video is 0
[11:50:33] sync: Chapter 1 at frame 1 time 0
[11:52:11] reader: done. 1 scr changes
[11:52:34] work: average encoding speed for job is 6.301493 fps
[11:52:34] comb detect: heavy 0 | light 1 | uncombed 679 | total 680
[11:52:34] decomb: deinterlaced 0 | blended 1 | unfiltered 679 | total 680
[11:52:34] vfr: 680 frames output, 0 dropped
[11:52:34] vfr: lost time: 0 (0 frames)
[11:52:34] vfr: gained time: 0 (0 frames) (0 not accounted for)
[11:52:34] h264-decoder done: 680 frames, 0 decoder errors
[11:52:34] sync: got 680 frames, 680 expected
[11:52:34] sync: framerate min 60.000 fps, max 60.000 fps, avg 60.000 fps
[11:52:37] mux: track 0, 680 frames, 9094212 bytes, 6410.02 kbps, fifo 1024
[11:52:37] Finished work at: Fri Oct 17 11:52:37 2025

[11:52:37] libhb: work result = 0
