Handbrake Version: 20250906052339-dddf75f75-makepkg (2025100401)

(fr.handbrake.ghb:5): GLib-GIO-CRITICAL **: 17:16:16.415: g_bus_watch_name_on_connection: assertion 'G_IS_DBUS_CONNECTION (connection)' failed

(fr.handbrake.ghb:5): GLib-GIO-CRITICAL **: 17:16:16.415: g_dbus_connection_signal_subscribe: assertion 'G_IS_DBUS_CONNECTION (connection)' failed

(fr.handbrake.ghb:5): GLib-GIO-CRITICAL **: 17:16:16.415: g_dbus_connection_call_internal: assertion 'G_IS_DBUS_CONNECTION (connection)' failed
[17:16:16] gtkgui: Modified Custom Preset: /Custom/CPU (With FIlters) (VP9)
[17:16:16] Starting work at: Fri Oct 17 17:16:16 2025

[17:16:16] 1 job(s) to process
[17:16:16] json job:
{
    "Audio": {
        "AudioList": [],
        "CopyMask": [],
        "FallbackEncoder": 0
    },
    "Destination": {
        "AlignAVStart": false,
        "ChapterList": [
            {
                "Duration": {
                    "Hours": 0,
                    "Minutes": 0,
                    "Seconds": 15,
                    "Ticks": 1429427
                },
                "Name": ""
            }
        ],
        "ChapterMarkers": false,
        "File": "/mnt/iMac/DaVinci Resolve/IICAQM/6522668-hd_1920_1080_30fps.mkv",
        "InlineParameterSets": false,
        "Mux": "mkv",
        "Options": {
            "IpodAtom": false,
            "Optimize": false
        }
    },
    "Filters": {
        "FilterList": [
            {
                "ID": 4,
                "Settings": {
                    "block-height": "16",
                    "block-thresh": "40",
                    "block-width": "16",
                    "filter-mode": "2",
                    "mode": "3",
                    "motion-thresh": "3",
                    "spatial-metric": "2",
                    "spatial-thresh": "3"
                }
            },
            {
                "ID": 6,
                "Settings": {
                    "mode": "15"
                }
            },
            {
                "ID": 11,
                "Settings": {
                    "mode": 0
                }
            },
            {
                "ID": 14,
                "Settings": {
                    "cb-frame-count": 2,
                    "cb-origin-tune": 0.8,
                    "cb-patch-size": 7,
                    "cb-prefilter": 0,
                    "cb-range": 3,
                    "cb-strength": 6.0,
                    "y-frame-count": 2,
                    "y-origin-tune": 0.8,
                    "y-patch-size": 7,
                    "y-prefilter": 0,
                    "y-range": 3,
                    "y-strength": 0.0
                }
            },
            {
                "ID": 20,
                "Settings": {
                    "crop-bottom": 0,
                    "crop-left": 0,
                    "crop-right": 0,
                    "crop-top": 0,
                    "height": 1080,
                    "width": 1920
                }
            },
            {
                "ID": 28,
                "Settings": {
                    "bottom": "0",
                    "color": "black",
                    "left": "0",
                    "right": "0",
                    "top": "0"
                }
            }
        ]
    },
    "Metadata": {
        "CreationTime": "2021-01-17T12:15:28.000000Z"
    },
    "PAR": {
        "Den": 1,
        "Num": 1
    },
    "SequenceID": 0,
    "Source": {
        "Angle": 0,
        "HWDecode": 0,
        "KeepDuplicateTitles": false,
        "Path": "/home/sudar/Downloads/6522668-hd_1920_1080_30fps.mp4",
        "Range": {
            "End": 1,
            "Start": 1,
            "Type": "chapter"
        },
        "Title": 4
    },
    "Subtitle": {
        "Search": {
            "Burn": true,
            "Default": false,
            "Enable": false,
            "Forced": false
        },
        "SubtitleList": []
    },
    "Video": {
        "AdapterIndex": -1,
        "AsyncDepth": 0,
        "ChromaLocation": 1,
        "ColorInputFormat": 0,
        "ColorMatrix": 1,
        "ColorOutputFormat": 0,
        "ColorPrimaries": 1,
        "ColorRange": 0,
        "ColorTransfer": 1,
        "Encoder": "VP9",
        "HardwareDecode": 0,
        "Level": "auto",
        "MultiPass": true,
        "Options": "",
        "PasshtruHDRDynamicMetadata": 6,
        "Preset": "medium",
        "Profile": "auto",
        "Quality": 22.0,
        "Tune": "",
        "Turbo": true
    }
}
[17:16:16] CPU: Intel(R) Xeon(R) W-2135 CPU @ 3.70GHz
[17:16:16]  - logical processor count: 12
[17:16:16] Intel Quick Sync Video support: no
[17:16:16] hb_scan: path=/home/sudar/Downloads/6522668-hd_1920_1080_30fps.mp4, title_index=4
Input #0, mov,mp4,m4a,3gp,3g2,mj2, from '/home/sudar/Downloads/6522668-hd_1920_1080_30fps.mp4':
  Metadata:
    major_brand     : mp42
    minor_version   : 0
    compatible_brands: mp42mp41isomavc1
    creation_time   : 2021-01-17T12:15:28.000000Z
  Duration: 00:00:15.88, start: 0.000000, bitrate: 5001 kb/s
  Stream #0:0[0x1](und): Video: h264 (High) (avc1 / 0x31637661), yuv420p(tv, bt709, progressive), 1920x1080, 4998 kb/s, 29.97 fps, 29.97 tbr, 30k tbn (default)
      Metadata:
        creation_time   : 2021-01-17T12:15:28.000000Z
        handler_name    : L-SMASH Video Handler
        vendor_id       : [0][0][0][0]
        encoder         : AVC Coding
[17:16:16] scan: decoding previews for title 4
[17:16:16] scan: 10 previews, 1920x1080, 29.970 fps, autocrop = 0/0/0/0, aspect 16:9, PAR 1:1, color profile: 1-1-1, chroma location: left
[17:16:16] libhb: scan thread found 1 valid title(s)
[17:16:17] Starting Task: Analysis Pass
[17:16:17] work: skipping crop/scale filter
[17:16:17] NLMeans using SSE2 optimizations
[17:16:17] NLMeans using 12 threads
[17:16:17] job configuration:
[17:16:17]  * source
[17:16:17]    + /home/sudar/Downloads/6522668-hd_1920_1080_30fps.mp4
[17:16:17]    + title 4, chapter(s) 1 to 1
[17:16:17]    + container: mov,mp4,m4a,3gp,3g2,mj2
[17:16:17]    + data rate: 5001 kbps
[17:16:17]  * destination
[17:16:17]    + /mnt/iMac/DaVinci Resolve/IICAQM/6522668-hd_1920_1080_30fps.mkv
[17:16:17]    + container: Matroska (libavformat)
[17:16:17]  * video track
[17:16:17]    + decoder: h264 8-bit (yuv420p)
[17:16:17]      + bitrate 4998 kbps
[17:16:17]    + filters
[17:16:17]      + Comb Detect (mode=3:spatial-metric=2:motion-thresh=3:spatial-thresh=3:filter-mode=2:block-thresh=40:block-width=16:block-height=16)
[17:16:17]      + Decomb (mode=47)
[17:16:17]      + Framerate Shaper (mode=0)
[17:16:17]        + frame rate: same as source (around 29.970 fps)
[17:16:17]      + Denoise (nlmeans) (y-strength=0:y-origin-tune=0.8:y-patch-size=7:y-range=3:y-frame-count=2:y-prefilter=0:cb-strength=6:cb-origin-tune=0.8:cb-patch-size=7:cb-range=3:cb-frame-count=2:cb-prefilter=0)
[17:16:17]      + Pad (color=black:top=0:bottom=0:left=0:right=0)
[17:16:17]    + Output geometry
[17:16:17]      + storage dimensions: 1920 x 1080
[17:16:17]      + pixel aspect ratio: 1 : 1
[17:16:17]      + display dimensions: 1920 x 1080
[17:16:17]    + encoder: VP9 (libvpx)
[17:16:17]      + preset:  medium
[17:16:17]      + profile: auto
[17:16:17]      + level:   auto
[17:16:17]      + quality: 22.00 (CQ)
[17:16:17]      + color profile: 1-1-1
[17:16:17]      + color range: tv
[17:16:17]      + chroma location: left
[17:16:17] sync: expecting 475 video frames
[17:16:17] encavcodecInit: VP9 encoder
[17:16:17] encavcodec: encoding at CQ 22.00
[17:16:17] encavcodec: encoding with stored aspect 1/1
[17:16:17] sync: first pts video is 0
[17:16:17] sync: Chapter 1 at frame 1 time 0
[17:16:28] reader: done. 1 scr changes
[17:16:31] work: average encoding speed for job is 38.416344 fps
[17:16:31] comb detect: heavy 1 | light 28 | uncombed 447 | total 476
[17:16:31] decomb: deinterlaced 1 | blended 28 | unfiltered 447 | total 476
[17:16:31] vfr: 476 frames output, 0 dropped
[17:16:31] vfr: lost time: 0 (0 frames)
[17:16:31] vfr: gained time: 0 (0 frames) (0 not accounted for)
[17:16:31] h264-decoder done: 476 frames, 0 decoder errors
[17:16:31] sync: got 476 frames, 475 expected
[17:16:31] sync: framerate min 29.970 fps, max 29.970 fps, avg 29.970 fps
[17:16:31] Starting Task: Encoding Pass
[17:16:31] work: skipping crop/scale filter
[17:16:31] NLMeans using SSE2 optimizations
[17:16:31] NLMeans using 12 threads
[17:16:31] job configuration:
[17:16:31]  * source
[17:16:31]    + /home/sudar/Downloads/6522668-hd_1920_1080_30fps.mp4
[17:16:31]    + title 4, chapter(s) 1 to 1
[17:16:31]    + container: mov,mp4,m4a,3gp,3g2,mj2
[17:16:31]    + data rate: 5001 kbps
[17:16:31]  * destination
[17:16:31]    + /mnt/iMac/DaVinci Resolve/IICAQM/6522668-hd_1920_1080_30fps.mkv
[17:16:31]    + container: Matroska (libavformat)
[17:16:31]  * video track
[17:16:31]    + decoder: h264 8-bit (yuv420p)
[17:16:31]      + bitrate 4998 kbps
[17:16:31]    + filters
[17:16:31]      + Comb Detect (mode=3:spatial-metric=2:motion-thresh=3:spatial-thresh=3:filter-mode=2:block-thresh=40:block-width=16:block-height=16)
[17:16:31]      + Decomb (mode=47)
[17:16:31]      + Framerate Shaper (mode=0)
[17:16:31]        + frame rate: same as source (around 29.970 fps)
[17:16:31]      + Denoise (nlmeans) (y-strength=0:y-origin-tune=0.8:y-patch-size=7:y-range=3:y-frame-count=2:y-prefilter=0:cb-strength=6:cb-origin-tune=0.8:cb-patch-size=7:cb-range=3:cb-frame-count=2:cb-prefilter=0)
[17:16:31]      + Pad (color=black:top=0:bottom=0:left=0:right=0)
[17:16:31]    + Output geometry
[17:16:31]      + storage dimensions: 1920 x 1080
[17:16:31]      + pixel aspect ratio: 1 : 1
[17:16:31]      + display dimensions: 1920 x 1080
[17:16:31]    + encoder: VP9 (libvpx)
[17:16:31]      + preset:  medium
[17:16:31]      + profile: auto
[17:16:31]      + level:   auto
[17:16:31]      + quality: 22.00 (CQ)
[17:16:31]      + color profile: 1-1-1
[17:16:31]      + color range: tv
[17:16:31]      + chroma location: left
[17:16:31] sync: expecting 476 video frames
[17:16:31] encavcodecInit: VP9 encoder
[17:16:31] encavcodec: encoding at CQ 22.00
[17:16:31] encavcodec: encoding with stored aspect 1/1
[17:16:31] sync: first pts video is 0
[17:16:31] sync: Chapter 1 at frame 1 time 0
[17:17:48] reader: done. 1 scr changes
[17:18:20] work: average encoding speed for job is 5.287267 fps
[17:18:20] comb detect: heavy 1 | light 28 | uncombed 447 | total 476
[17:18:21] decomb: deinterlaced 1 | blended 28 | unfiltered 447 | total 476
[17:18:21] vfr: 476 frames output, 0 dropped
[17:18:21] vfr: lost time: 0 (0 frames)
[17:18:21] vfr: gained time: 0 (0 frames) (0 not accounted for)
[17:18:21] h264-decoder done: 476 frames, 0 decoder errors
[17:18:21] sync: got 476 frames, 476 expected
[17:18:21] sync: framerate min 29.970 fps, max 29.970 fps, avg 29.970 fps
[17:18:23] mux: track 0, 476 frames, 13286865 bytes, 6678.54 kbps, fifo 512
[17:18:23] Finished work at: Fri Oct 17 17:18:23 2025

[17:18:23] libhb: work result = 0
