Handbrake Version: 20250906052339-dddf75f75-makepkg (2025100401)
[18:17:05] gtkgui: Preset: /General/Fast 1080p30
[18:17:05] Starting work at: Sat Oct 25 18:17:05 2025

[18:17:05] 1 job(s) to process
[18:17:05] json job:
{
    "Audio": {
        "AudioList": [
            {
                "Bitrate": 160,
                "DRC": 0.0,
                "Encoder": "av_aac",
                "Gain": 0.0,
                "Mixdown": "mono",
                "Name": "Mono",
                "Quality": -3.0,
                "Samplerate": 0,
                "Track": 0
            },
            {
                "Bitrate": 160,
                "DRC": 0.0,
                "Encoder": "av_aac",
                "Gain": 0.0,
                "Mixdown": "mono",
                "Name": "Mono",
                "Quality": -3.0,
                "Samplerate": 0,
                "Track": 1
            },
            {
                "Bitrate": 160,
                "DRC": 0.0,
                "Encoder": "av_aac",
                "Gain": 0.0,
                "Mixdown": "mono",
                "Name": "Mono",
                "Quality": -3.0,
                "Samplerate": 0,
                "Track": 2
            },
            {
                "Bitrate": 160,
                "DRC": 0.0,
                "Encoder": "av_aac",
                "Gain": 0.0,
                "Mixdown": "mono",
                "Name": "Mono",
                "Quality": -3.0,
                "Samplerate": 0,
                "Track": 3
            }
        ],
        "CopyMask": [
            "copy:aac"
        ],
        "FallbackEncoder": "av_aac"
    },
    "Destination": {
        "AlignAVStart": true,
        "ChapterList": [
            {
                "Duration": {
                    "Hours": 0,
                    "Minutes": 1,
                    "Seconds": 0,
                    "Ticks": 5478750
                },
                "Name": ""
            }
        ],
        "ChapterMarkers": false,
        "File": "/mnt/iMac/Backed Up/School/IGCSE/General/IICAQMFinal.mp4",
        "InlineParameterSets": false,
        "Mux": "m4v",
        "Options": {
            "IpodAtom": false,
            "Optimize": false
        }
    },
    "Filters": {
        "FilterList": [
            {
                "ID": 4,
                "Settings": {
                    "block-height": "16",
                    "block-thresh": "40",
                    "block-width": "16",
                    "filter-mode": "2",
                    "mode": "3",
                    "motion-thresh": "1",
                    "spatial-metric": "2",
                    "spatial-thresh": "1"
                }
            },
            {
                "ID": 6,
                "Settings": {
                    "mode": "7"
                }
            },
            {
                "ID": 11,
                "Settings": {
                    "mode": 2,
                    "rate": "27000000/900000"
                }
            },
            {
                "ID": 20,
                "Settings": {
                    "crop-bottom": 0,
                    "crop-left": 0,
                    "crop-right": 0,
                    "crop-top": 0,
                    "height": 1080,
                    "width": 1920
                }
            }
        ]
    },
    "Metadata": {
        "CreationTime": "2025-10-25T12:36:51.000000Z"
    },
    "PAR": {
        "Den": 1,
        "Num": 1
    },
    "SequenceID": 0,
    "Source": {
        "Angle": 0,
        "HWDecode": 0,
        "KeepDuplicateTitles": false,
        "Path": "/mnt/iMac/DaVinci Resolve/IICAQM/Exports/IICAQMFinalVersion4.mkv",
        "Range": {
            "End": 1,
            "Start": 1,
            "Type": "chapter"
        },
        "Title": 1
    },
    "Subtitle": {
        "Search": {
            "Burn": true,
            "Default": false,
            "Enable": false,
            "Forced": false
        },
        "SubtitleList": []
    },
    "Video": {
        "AdapterIndex": -1,
        "AsyncDepth": 0,
        "ChromaLocation": 0,
        "ColorInputFormat": 0,
        "ColorMatrix": 1,
        "ColorOutputFormat": 0,
        "ColorPrimaries": 1,
        "ColorRange": 1,
        "ColorTransfer": 1,
        "Encoder": "x264",
        "HardwareDecode": 0,
        "Level": "4.0",
        "MultiPass": false,
        "Options": "",
        "PasshtruHDRDynamicMetadata": 6,
        "Preset": "fast",
        "Profile": "main",
        "Quality": 22.0,
        "Tune": "",
        "Turbo": false
    }
}
[18:17:05] CPU: Intel(R) Xeon(R) W-2135 CPU @ 3.70GHz
[18:17:05]  - logical processor count: 12
[18:17:05] Intel Quick Sync Video support: no
[18:17:05] hb_scan: path=/mnt/iMac/DaVinci Resolve/IICAQM/Exports/IICAQMFinalVersion4.mkv, title_index=1
Input #0, matroska,webm, from '/mnt/iMac/DaVinci Resolve/IICAQM/Exports/IICAQMFinalVersion4.mkv':
  Metadata:
    TIMECODE        : 01:00:00:00
    creation_time   : 2025-10-25T12:36:51.000000Z
    ENCODER         : Lavf60.3.100
  Duration: 00:01:00.88, start: 0.000000, bitrate: 108085 kb/s
  Stream #0:0: Video: prores (Standard) (apcn / 0x6E637061), yuv422p10le(tv, bt709, progressive), 1920x1080, 24 fps, 24 tbr, 1k tbn
      Metadata:
        ENCODER         : Apple ProRes 422
        DURATION        : 00:01:00.875000000
  Stream #0:1: Audio: pcm_f32le, 48000 Hz, 1 channels, flt, 1536 kb/s (default)
      Metadata:
        DURATION        : 00:01:00.875000000
  Stream #0:2: Audio: pcm_f32le, 48000 Hz, 1 channels, flt, 1536 kb/s (default)
      Metadata:
        DURATION        : 00:01:00.875000000
  Stream #0:3: Audio: pcm_f32le, 48000 Hz, 1 channels, flt, 1536 kb/s (default)
      Metadata:
        DURATION        : 00:01:00.875000000
  Stream #0:4: Audio: pcm_f32le, 48000 Hz, 1 channels, flt, 1536 kb/s (default)
      Metadata:
        DURATION        : 00:01:00.875000000
[18:17:05] scan: decoding previews for title 1
[18:17:05] scan: audio 0x1: pcm_f32le, rate=48000Hz, bitrate=1536000 Unknown (pcm_f32le, 1.0 ch, 1536 kbps)
[18:17:05] scan: audio 0x2: pcm_f32le, rate=48000Hz, bitrate=1536000 Unknown (pcm_f32le, 1.0 ch, 1536 kbps)
[18:17:05] scan: audio 0x3: pcm_f32le, rate=48000Hz, bitrate=1536000 Unknown (pcm_f32le, 1.0 ch, 1536 kbps)
[18:17:05] scan: audio 0x4: pcm_f32le, rate=48000Hz, bitrate=1536000 Unknown (pcm_f32le, 1.0 ch, 1536 kbps)
[18:17:14] scan: 10 previews, 1920x1080, 24.000 fps, autocrop = 0/0/0/0, aspect 16:9, PAR 1:1, color profile: 1-1-1, chroma location: unspecified
[18:17:14] libhb: scan thread found 1 valid title(s)
[18:17:14] Starting Task: Encoding Pass
[18:17:14] work: skipping crop/scale filter
[18:17:14] job configuration:
[18:17:14]  * source
[18:17:14]    + /mnt/iMac/DaVinci Resolve/IICAQM/Exports/IICAQMFinalVersion4.mkv
[18:17:14]    + title 1, chapter(s) 1 to 1
[18:17:14]    + container: matroska,webm
[18:17:14]    + data rate: 108085 kbps
[18:17:14]  * destination
[18:17:14]    + /mnt/iMac/Backed Up/School/IGCSE/General/IICAQMFinal.mp4
[18:17:14]    + container: MPEG-4 (libavformat)
[18:17:14]      + align initial A/V stream timestamps
[18:17:14]  * video track
[18:17:14]    + decoder: prores 10-bit (yuv422p10le)
[18:17:14]    + filters
[18:17:14]      + Comb Detect (mode=3:spatial-metric=2:motion-thresh=1:spatial-thresh=1:filter-mode=2:block-thresh=40:block-width=16:block-height=16)
[18:17:14]      + Decomb (mode=39)
[18:17:14]      + Framerate Shaper (mode=2:rate=27000000/900000)
[18:17:14]        + frame rate: 24.000 fps -> peak rate limited to 30.000 fps
[18:17:14]      + Format (format=yuv420p)
[18:17:14]    + Output geometry
[18:17:14]      + storage dimensions: 1920 x 1080
[18:17:14]      + pixel aspect ratio: 1 : 1
[18:17:14]      + display dimensions: 1920 x 1080
[18:17:14]    + encoder: H.264 (libx264)
[18:17:14]      + preset:  fast
[18:17:14]      + profile: main
[18:17:14]      + level:   4.0
[18:17:14]      + quality: 22.00 (RF)
[18:17:14]      + color profile: 1-1-1
[18:17:14]      + color range: tv
[18:17:14]      + chroma location: unspecified
[18:17:14]  * audio track 1
[18:17:14]    + name: Mono
[18:17:14]    + decoder: Unknown (pcm_f32le, 1.0 ch, 1536 kbps) (track 1, id 0x1)
[18:17:14]      + bitrate: 1536 kbps, samplerate: 48000 Hz
[18:17:14]    + mixdown: Mono
[18:17:14]    + encoder: AAC (libavcodec)
[18:17:14]      + bitrate: 160 kbps, samplerate: 48000 Hz
[18:17:14]  * audio track 2
[18:17:14]    + name: Mono
[18:17:14]    + decoder: Unknown (pcm_f32le, 1.0 ch, 1536 kbps) (track 2, id 0x2)
[18:17:14]      + bitrate: 1536 kbps, samplerate: 48000 Hz
[18:17:14]    + mixdown: Mono
[18:17:14]    + encoder: AAC (libavcodec)
[18:17:14]      + bitrate: 160 kbps, samplerate: 48000 Hz
[18:17:14]  * audio track 3
[18:17:14]    + name: Mono
[18:17:14]    + decoder: Unknown (pcm_f32le, 1.0 ch, 1536 kbps) (track 3, id 0x3)
[18:17:14]      + bitrate: 1536 kbps, samplerate: 48000 Hz
[18:17:14]    + mixdown: Mono
[18:17:14]    + encoder: AAC (libavcodec)
[18:17:14]      + bitrate: 160 kbps, samplerate: 48000 Hz
[18:17:14]  * audio track 4
[18:17:14]    + name: Mono
[18:17:14]    + decoder: Unknown (pcm_f32le, 1.0 ch, 1536 kbps) (track 4, id 0x4)
[18:17:14]      + bitrate: 1536 kbps, samplerate: 48000 Hz
[18:17:14]    + mixdown: Mono
[18:17:14]    + encoder: AAC (libavcodec)
[18:17:14]      + bitrate: 160 kbps, samplerate: 48000 Hz
[18:17:15] sync: expecting 1461 video frames
[18:17:15] encx264: min-keyint: 24, keyint: 240
[18:17:15] encx264: encoding at constant RF 22.000000
[18:17:15] encx264: unparsed options: level=4.0:ref=2:8x8dct=0:weightp=1:subme=6:vbv-bufsize=25000:vbv-maxrate=20000:rc-lookahead=30
x264 [info]: using SAR=1/1
x264 [info]: using cpu capabilities: MMX2 SSE2Fast SSSE3 SSE4.2 AVX FMA3 BMI2 AVX2 AVX512
x264 [info]: profile Main, level 4.0, 4:2:0, 8-bit
[18:17:15] sync: first pts video is 0
[18:17:15] sync: Chapter 1 at frame 1 time 0
[18:17:15] sync: first pts audio 0x1 is 0
[18:17:15] sync: first pts audio 0x2 is 0
[18:17:15] sync: first pts audio 0x3 is 0
[18:17:15] sync: first pts audio 0x4 is 0
[18:19:00] reader: done. 1 scr changes
[18:19:01] work: average encoding speed for job is 13.380363 fps
[18:19:01] comb detect: heavy 75 | light 196 | uncombed 1190 | total 1461
[18:19:01] decomb: deinterlaced 75 | blended 196 | unfiltered 1190 | total 1461
[18:19:01] vfr: 1461 frames output, 0 dropped and 0 duped for CFR/PFR
[18:19:01] vfr: lost time: 0 (0 frames)
[18:19:01] vfr: gained time: 0 (0 frames) (0 not accounted for)
[18:19:01] pcm_f32le-decoder done: 1461 frames, 0 decoder errors
[18:19:01] pcm_f32le-decoder done: 1461 frames, 0 decoder errors
[18:19:01] pcm_f32le-decoder done: 1461 frames, 0 decoder errors
[18:19:01] pcm_f32le-decoder done: 1461 frames, 0 decoder errors
[18:19:01] prores-decoder done: 1461 frames, 0 decoder errors
[18:19:01] sync: got 1461 frames, 1461 expected
[18:19:01] sync: framerate min 24.000 fps, max 24.000 fps, avg 24.000 fps
x264 [info]: frame I:18    Avg QP:17.03  size:115889
x264 [info]: frame P:508   Avg QP:22.46  size: 60952
x264 [info]: frame B:935   Avg QP:24.42  size: 18649
x264 [info]: consecutive B-frames: 11.1%  6.8% 11.7% 70.4%
x264 [info]: mb I  I16..4: 49.7%  0.0% 50.3%
x264 [info]: mb P  I16..4: 11.4%  0.0% 15.3%  P16..4: 29.3% 11.8%  6.8%  0.0%  0.0%    skip:25.4%
x264 [info]: mb B  I16..4:  5.0%  0.0%  3.2%  B16..8: 18.2%  6.3%  0.8%  direct:12.2%  skip:54.4%  L0:41.1% L1:42.2% BI:16.7%
x264 [info]: coded y,uvDC,uvAC intra: 47.1% 60.6% 21.6% inter: 14.0% 22.7% 0.9%
x264 [info]: i16 v,h,dc,p: 43% 25% 12% 20%
x264 [info]: i4 v,h,dc,ddl,ddr,vr,hd,vl,hu: 22% 21% 16%  7%  8%  7%  7%  6%  6%
x264 [info]: i8c dc,h,v,p: 57% 19% 17%  7%
x264 [info]: Weighted P-Frames: Y:15.2% UV:12.2%
x264 [info]: ref P L0: 74.7% 25.3%
x264 [info]: ref B L0: 85.8% 14.2%
x264 [info]: ref B L1: 96.4%  3.6%
x264 [info]: kb/s:6634.76
[18:19:04] mux: track 0, 1461 frames, 50485639 bytes, 6630.12 kbps, fifo 1024
[18:19:04] mux: track 1, 2854 frames, 822694 bytes, 108.04 kbps, fifo 2048
[18:19:04] mux: track 2, 2854 frames, 1016744 bytes, 133.53 kbps, fifo 2048
[18:19:04] mux: track 3, 2854 frames, 93781 bytes, 12.32 kbps, fifo 2048
[18:19:04] mux: track 4, 2854 frames, 96279 bytes, 12.64 kbps, fifo 2048
[18:19:04] Finished work at: Sat Oct 25 18:19:04 2025

[18:19:04] libhb: work result = 0
