Handbrake Version: 20250906052339-dddf75f75-makepkg (2025100401)

(fr.handbrake.ghb:5): GLib-GIO-CRITICAL **: 17:39:00.197: g_bus_watch_name_on_connection: assertion 'G_IS_DBUS_CONNECTION (connection)' failed

(fr.handbrake.ghb:5): GLib-GIO-CRITICAL **: 17:39:00.197: g_dbus_connection_signal_subscribe: assertion 'G_IS_DBUS_CONNECTION (connection)' failed

(fr.handbrake.ghb:5): GLib-GIO-CRITICAL **: 17:39:00.198: g_dbus_connection_call_internal: assertion 'G_IS_DBUS_CONNECTION (connection)' failed
[17:39:00] gtkgui: Custom Preset: /Custom/CPU (With FIlters) (VP9)
[17:39:00] Starting work at: Fri Oct 17 17:39:00 2025

[17:39:00] 1 job(s) to process
[17:39:00] json job:
{
    "Audio": {
        "AudioList": [],
        "CopyMask": [],
        "FallbackEncoder": 0
    },
    "Destination": {
        "AlignAVStart": false,
        "ChapterList": [
            {
                "Duration": {
                    "Hours": 0,
                    "Minutes": 0,
                    "Seconds": 15,
                    "Ticks": 1414800
                },
                "Name": ""
            }
        ],
        "ChapterMarkers": false,
        "File": "/mnt/iMac/DaVinci Resolve/IICAQM/4790123_Man_Adult_1920x1080.mkv",
        "InlineParameterSets": false,
        "Mux": "mkv",
        "Options": {
            "IpodAtom": false,
            "Optimize": false
        }
    },
    "Filters": {
        "FilterList": [
            {
                "ID": 4,
                "Settings": {
                    "block-height": "16",
                    "block-thresh": "40",
                    "block-width": "16",
                    "filter-mode": "2",
                    "mode": "3",
                    "motion-thresh": "3",
                    "spatial-metric": "2",
                    "spatial-thresh": "3"
                }
            },
            {
                "ID": 6,
                "Settings": {
                    "mode": "15"
                }
            },
            {
                "ID": 11,
                "Settings": {
                    "mode": 0
                }
            },
            {
                "ID": 20,
                "Settings": {
                    "crop-bottom": 0,
                    "crop-left": 0,
                    "crop-right": 0,
                    "crop-top": 0,
                    "height": 1080,
                    "width": 1920
                }
            },
            {
                "ID": 28,
                "Settings": {
                    "bottom": "0",
                    "color": "black",
                    "left": "0",
                    "right": "0",
                    "top": "0"
                }
            }
        ]
    },
    "Metadata": {},
    "PAR": {
        "Den": 1,
        "Num": 1
    },
    "SequenceID": 0,
    "Source": {
        "Angle": 0,
        "HWDecode": 0,
        "KeepDuplicateTitles": false,
        "Path": "/home/sudar/Downloads/4790123_Man_Adult_1920x1080.mp4",
        "Range": {
            "End": 1,
            "Start": 1,
            "Type": "chapter"
        },
        "Title": 4
    },
    "Subtitle": {
        "Search": {
            "Burn": true,
            "Default": false,
            "Enable": false,
            "Forced": false
        },
        "SubtitleList": []
    },
    "Video": {
        "AdapterIndex": -1,
        "AsyncDepth": 0,
        "ChromaLocation": 1,
        "ColorInputFormat": 0,
        "ColorMatrix": 1,
        "ColorOutputFormat": 0,
        "ColorPrimaries": 1,
        "ColorRange": 0,
        "ColorTransfer": 1,
        "Encoder": "VP9",
        "HardwareDecode": 0,
        "Level": "auto",
        "MultiPass": true,
        "Options": "",
        "PasshtruHDRDynamicMetadata": 6,
        "Preset": "medium",
        "Profile": "auto",
        "Quality": 22.0,
        "Tune": "",
        "Turbo": true
    }
}
[17:39:00] CPU: Intel(R) Xeon(R) W-2135 CPU @ 3.70GHz
[17:39:00]  - logical processor count: 12
[17:39:00] Intel Quick Sync Video support: no
[17:39:00] hb_scan: path=/home/sudar/Downloads/4790123_Man_Adult_1920x1080.mp4, title_index=4
Input #0, mov,mp4,m4a,3gp,3g2,mj2, from '/home/sudar/Downloads/4790123_Man_Adult_1920x1080.mp4':
  Metadata:
    major_brand     : isom
    minor_version   : 512
    compatible_brands: isomiso2avc1mp41
    encoder         : Lavf58.45.100
  Duration: 00:00:15.72, start: 0.000000, bitrate: 11696 kb/s
  Stream #0:0[0x1](eng): Video: h264 (High) (avc1 / 0x31637661), yuv420p(progressive), 1920x1080 [SAR 1:1 DAR 16:9], 11693 kb/s, 25 fps, 25 tbr, 12800 tbn (default)
      Metadata:
        vendor_id       : [0][0][0][0]
        timecode        : 00:05:22:24
  Stream #0:1[0x2](eng): Data: none (tmcd / 0x64636D74), 0 kb/s
      Metadata:
        timecode        : 00:05:22:24
[17:39:00] scan: decoding previews for title 4
[17:39:01] using container PAR 1:1
[17:39:01] scan: 10 previews, 1920x1080, 25.000 fps, autocrop = 0/0/0/0, aspect 16:9, PAR 1:1, color profile: 1-1-1, chroma location: left
[17:39:01] libhb: scan thread found 1 valid title(s)
[17:39:01] Starting Task: Analysis Pass
[17:39:01] work: skipping crop/scale filter
[17:39:01] job configuration:
[17:39:01]  * source
[17:39:01]    + /home/sudar/Downloads/4790123_Man_Adult_1920x1080.mp4
[17:39:01]    + title 4, chapter(s) 1 to 1
[17:39:01]    + container: mov,mp4,m4a,3gp,3g2,mj2
[17:39:01]    + data rate: 11696 kbps
[17:39:01]  * destination
[17:39:01]    + /mnt/iMac/DaVinci Resolve/IICAQM/4790123_Man_Adult_1920x1080.mkv
[17:39:01]    + container: Matroska (libavformat)
[17:39:01]  * video track
[17:39:01]    + decoder: h264 8-bit (yuv420p)
[17:39:01]      + bitrate 11693 kbps
[17:39:01]    + filters
[17:39:01]      + Comb Detect (mode=3:spatial-metric=2:motion-thresh=3:spatial-thresh=3:filter-mode=2:block-thresh=40:block-width=16:block-height=16)
[17:39:01]      + Decomb (mode=47)
[17:39:01]      + Framerate Shaper (mode=0)
[17:39:01]        + frame rate: same as source (around 25.000 fps)
[17:39:01]      + Pad (color=black:top=0:bottom=0:left=0:right=0)
[17:39:01]    + Output geometry
[17:39:01]      + storage dimensions: 1920 x 1080
[17:39:01]      + pixel aspect ratio: 1 : 1
[17:39:01]      + display dimensions: 1920 x 1080
[17:39:01]    + encoder: VP9 (libvpx)
[17:39:01]      + preset:  medium
[17:39:01]      + profile: auto
[17:39:01]      + level:   auto
[17:39:01]      + quality: 22.00 (CQ)
[17:39:01]      + color profile: 1-1-1
[17:39:01]      + color range: tv
[17:39:01]      + chroma location: left
[17:39:01] sync: expecting 393 video frames
[17:39:01] encavcodecInit: VP9 encoder
[17:39:01] encavcodec: encoding at CQ 22.00
[17:39:01] encavcodec: encoding with stored aspect 1/1
[17:39:01] sync: first pts video is 0
[17:39:01] sync: Chapter 1 at frame 1 time 0
[17:39:05] reader: done. 1 scr changes
[17:39:06] work: average encoding speed for job is 0.000000 fps
[17:39:06] comb detect: heavy 0 | light 0 | uncombed 393 | total 393
[17:39:06] decomb: deinterlaced 0 | blended 0 | unfiltered 393 | total 393
[17:39:06] vfr: 393 frames output, 0 dropped
[17:39:06] vfr: lost time: 0 (0 frames)
[17:39:06] vfr: gained time: 0 (0 frames) (0 not accounted for)
[17:39:06] h264-decoder done: 393 frames, 0 decoder errors
[17:39:06] sync: got 393 frames, 393 expected
[17:39:06] sync: framerate min 25.000 fps, max 25.000 fps, avg 25.000 fps
[17:39:06] Starting Task: Encoding Pass
[17:39:06] work: skipping crop/scale filter
[17:39:06] job configuration:
[17:39:06]  * source
[17:39:06]    + /home/sudar/Downloads/4790123_Man_Adult_1920x1080.mp4
[17:39:06]    + title 4, chapter(s) 1 to 1
[17:39:06]    + container: mov,mp4,m4a,3gp,3g2,mj2
[17:39:06]    + data rate: 11696 kbps
[17:39:06]  * destination
[17:39:06]    + /mnt/iMac/DaVinci Resolve/IICAQM/4790123_Man_Adult_1920x1080.mkv
[17:39:06]    + container: Matroska (libavformat)
[17:39:06]  * video track
[17:39:06]    + decoder: h264 8-bit (yuv420p)
[17:39:06]      + bitrate 11693 kbps
[17:39:06]    + filters
[17:39:06]      + Comb Detect (mode=3:spatial-metric=2:motion-thresh=3:spatial-thresh=3:filter-mode=2:block-thresh=40:block-width=16:block-height=16)
[17:39:06]      + Decomb (mode=47)
[17:39:06]      + Framerate Shaper (mode=0)
[17:39:06]        + frame rate: same as source (around 25.000 fps)
[17:39:06]      + Pad (color=black:top=0:bottom=0:left=0:right=0)
[17:39:06]    + Output geometry
[17:39:06]      + storage dimensions: 1920 x 1080
[17:39:06]      + pixel aspect ratio: 1 : 1
[17:39:06]      + display dimensions: 1920 x 1080
[17:39:06]    + encoder: VP9 (libvpx)
[17:39:06]      + preset:  medium
[17:39:06]      + profile: auto
[17:39:06]      + level:   auto
[17:39:06]      + quality: 22.00 (CQ)
[17:39:06]      + color profile: 1-1-1
[17:39:06]      + color range: tv
[17:39:06]      + chroma location: left
[17:39:06] sync: expecting 393 video frames
[17:39:06] encavcodecInit: VP9 encoder
[17:39:06] encavcodec: encoding at CQ 22.00
[17:39:06] encavcodec: encoding with stored aspect 1/1
[17:39:06] sync: first pts video is 0
[17:39:06] sync: Chapter 1 at frame 1 time 0
[17:40:09] reader: done. 1 scr changes
[17:40:39] work: average encoding speed for job is 5.199380 fps
[17:40:39] comb detect: heavy 0 | light 0 | uncombed 393 | total 393
[17:40:39] decomb: deinterlaced 0 | blended 0 | unfiltered 393 | total 393
[17:40:39] vfr: 393 frames output, 0 dropped
[17:40:39] vfr: lost time: 0 (0 frames)
[17:40:39] vfr: gained time: 0 (0 frames) (0 not accounted for)
[17:40:39] h264-decoder done: 393 frames, 0 decoder errors
[17:40:39] sync: got 393 frames, 393 expected
[17:40:39] sync: framerate min 25.000 fps, max 25.000 fps, avg 25.000 fps
[17:40:41] mux: track 0, 393 frames, 20788356 bytes, 10552.46 kbps, fifo 256
[17:40:41] Finished work at: Fri Oct 17 17:40:41 2025

[17:40:41] libhb: work result = 0
