Handbrake Version: 20250906052339-dddf75f75-makepkg (2025100401)

(fr.handbrake.ghb:5): GLib-GIO-CRITICAL **: 18:04:37.423: g_bus_watch_name_on_connection: assertion 'G_IS_DBUS_CONNECTION (connection)' failed

(fr.handbrake.ghb:5): GLib-GIO-CRITICAL **: 18:04:37.423: g_dbus_connection_signal_subscribe: assertion 'G_IS_DBUS_CONNECTION (connection)' failed

(fr.handbrake.ghb:5): GLib-GIO-CRITICAL **: 18:04:37.423: g_dbus_connection_call_internal: assertion 'G_IS_DBUS_CONNECTION (connection)' failed
[18:04:37] gtkgui: Modified Custom Preset: /Custom/CPU (With FIlters) (VP9)
[18:04:37] Starting work at: Fri Oct 17 18:04:37 2025

[18:04:37] 1 job(s) to process
[18:04:37] json job:
{
    "Audio": {
        "AudioList": [
            {
                "Bitrate": 160,
                "CompressionLevel": -1.0,
                "DRC": 0.0,
                "DitherMethod": "auto",
                "Encoder": "av_aac",
                "Gain": 0.0,
                "Mixdown": "stereo",
                "Name": "Stereo",
                "NormalizeMixLevel": false,
                "PresetEncoder": "av_aac",
                "Quality": -3.0,
                "Samplerate": 0,
                "Track": 0
            }
        ],
        "CopyMask": [
            "copy:aac"
        ],
        "FallbackEncoder": "av_aac"
    },
    "Destination": {
        "AlignAVStart": false,
        "ChapterList": [
            {
                "Duration": {
                    "Hours": 0,
                    "Minutes": 0,
                    "Seconds": 20,
                    "Ticks": 1848899
                },
                "Name": ""
            }
        ],
        "ChapterMarkers": false,
        "File": "/mnt/iMac/DaVinci Resolve/IICAQM/2711092-hd_1920_1080_24fps.mkv",
        "InlineParameterSets": false,
        "Mux": "mkv",
        "Options": {
            "IpodAtom": false,
            "Optimize": false
        }
    },
    "Filters": {
        "FilterList": [
            {
                "ID": 4,
                "Settings": {
                    "block-height": "16",
                    "block-thresh": "40",
                    "block-width": "16",
                    "filter-mode": "2",
                    "mode": "3",
                    "motion-thresh": "3",
                    "spatial-metric": "2",
                    "spatial-thresh": "3"
                }
            },
            {
                "ID": 6,
                "Settings": {
                    "mode": "15"
                }
            },
            {
                "ID": 11,
                "Settings": {
                    "mode": 0
                }
            },
            {
                "ID": 20,
                "Settings": {
                    "crop-bottom": 0,
                    "crop-left": 0,
                    "crop-right": 0,
                    "crop-top": 0,
                    "height": 1080,
                    "width": 1920
                }
            },
            {
                "ID": 28,
                "Settings": {
                    "bottom": "0",
                    "color": "black",
                    "left": "0",
                    "right": "0",
                    "top": "0"
                }
            }
        ]
    },
    "Metadata": {
        "CreationTime": "2019-07-26T03:53:27.000000Z"
    },
    "PAR": {
        "Den": 1,
        "Num": 1
    },
    "SequenceID": 0,
    "Source": {
        "Angle": 0,
        "HWDecode": 0,
        "KeepDuplicateTitles": false,
        "Path": "/home/sudar/Downloads/2711092-hd_1920_1080_24fps.mp4",
        "Range": {
            "End": 1,
            "Start": 1,
            "Type": "chapter"
        },
        "Title": 2
    },
    "Subtitle": {
        "Search": {
            "Burn": true,
            "Default": false,
            "Enable": false,
            "Forced": false
        },
        "SubtitleList": []
    },
    "Video": {
        "AdapterIndex": -1,
        "AsyncDepth": 0,
        "ChromaLocation": 1,
        "ColorInputFormat": 0,
        "ColorMatrix": 1,
        "ColorOutputFormat": 0,
        "ColorPrimaries": 1,
        "ColorRange": 0,
        "ColorTransfer": 1,
        "Encoder": "VP9",
        "HardwareDecode": 0,
        "Level": "auto",
        "MultiPass": true,
        "Options": "",
        "PasshtruHDRDynamicMetadata": 6,
        "Preset": "medium",
        "Profile": "auto",
        "Quality": 22.0,
        "Tune": "",
        "Turbo": true
    }
}
[18:04:37] CPU: Intel(R) Xeon(R) W-2135 CPU @ 3.70GHz
[18:04:37]  - logical processor count: 12
[18:04:37] Intel Quick Sync Video support: no
[18:04:37] hb_scan: path=/home/sudar/Downloads/2711092-hd_1920_1080_24fps.mp4, title_index=2
Input #0, mov,mp4,m4a,3gp,3g2,mj2, from '/home/sudar/Downloads/2711092-hd_1920_1080_24fps.mp4':
  Metadata:
    major_brand     : mp42
    minor_version   : 0
    compatible_brands: mp42mp41isomavc1
    creation_time   : 2019-07-26T03:53:27.000000Z
  Duration: 00:00:20.54, start: 0.000000, bitrate: 5147 kb/s
  Stream #0:0[0x1](und): Video: h264 (High) (avc1 / 0x31637661), yuv420p(tv, bt709, progressive), 1920x1080, 4889 kb/s, 24 fps, 24 tbr, 24 tbn (default)
      Metadata:
        creation_time   : 2019-07-26T03:53:27.000000Z
        handler_name    : L-SMASH Video Handler
        vendor_id       : [0][0][0][0]
        encoder         : AVC Coding
  Stream #0:1[0x2](und): Audio: aac (LC) (mp4a / 0x6134706D), 48000 Hz, stereo, fltp, 253 kb/s (default)
      Metadata:
        creation_time   : 2019-07-26T03:53:27.000000Z
        handler_name    : L-SMASH Audio Handler
        vendor_id       : [0][0][0][0]
[18:04:37] scan: decoding previews for title 2
[18:04:37] scan: audio 0x1: aac, rate=48000Hz, bitrate=253375 Unknown (AAC LC, 2.0 ch, 253 kbps)
[18:04:37] scan: 10 previews, 1920x1080, 24.000 fps, autocrop = 0/0/0/0, aspect 16:9, PAR 1:1, color profile: 1-1-1, chroma location: left
[18:04:37] libhb: scan thread found 1 valid title(s)
[18:04:37] Starting Task: Analysis Pass
[18:04:37] work: skipping crop/scale filter
[18:04:37] job configuration:
[18:04:37]  * source
[18:04:37]    + /home/sudar/Downloads/2711092-hd_1920_1080_24fps.mp4
[18:04:37]    + title 2, chapter(s) 1 to 1
[18:04:37]    + container: mov,mp4,m4a,3gp,3g2,mj2
[18:04:37]    + data rate: 5147 kbps
[18:04:37]  * destination
[18:04:37]    + /mnt/iMac/DaVinci Resolve/IICAQM/2711092-hd_1920_1080_24fps.mkv
[18:04:37]    + container: Matroska (libavformat)
[18:04:37]  * video track
[18:04:37]    + decoder: h264 8-bit (yuv420p)
[18:04:37]      + bitrate 4889 kbps
[18:04:37]    + filters
[18:04:37]      + Comb Detect (mode=3:spatial-metric=2:motion-thresh=3:spatial-thresh=3:filter-mode=2:block-thresh=40:block-width=16:block-height=16)
[18:04:37]      + Decomb (mode=47)
[18:04:37]      + Framerate Shaper (mode=0)
[18:04:37]        + frame rate: same as source (around 24.000 fps)
[18:04:37]      + Pad (color=black:top=0:bottom=0:left=0:right=0)
[18:04:37]    + Output geometry
[18:04:37]      + storage dimensions: 1920 x 1080
[18:04:37]      + pixel aspect ratio: 1 : 1
[18:04:37]      + display dimensions: 1920 x 1080
[18:04:37]    + encoder: VP9 (libvpx)
[18:04:37]      + preset:  medium
[18:04:37]      + profile: auto
[18:04:37]      + level:   auto
[18:04:37]      + quality: 22.00 (CQ)
[18:04:37]      + color profile: 1-1-1
[18:04:37]      + color range: tv
[18:04:37]      + chroma location: left
[18:04:37]  * audio track 1
[18:04:37]    + name: Stereo
[18:04:37]    + decoder: Unknown (AAC LC, 2.0 ch, 253 kbps) (track 1, id 0x1)
[18:04:37]      + bitrate: 253 kbps, samplerate: 48000 Hz
[18:04:37]    + mixdown: Stereo
[18:04:37]    + encoder: AAC (libavcodec)
[18:04:37]      + bitrate: 160 kbps, samplerate: 48000 Hz
[18:04:37] sync: expecting 493 video frames
[18:04:37] encavcodecInit: VP9 encoder
[18:04:37] encavcodec: encoding at CQ 22.00
[18:04:37] encavcodec: encoding with stored aspect 1/1
[18:04:38] sync: first pts video is 0
[18:04:38] sync: Chapter 1 at frame 1 time 0
[18:04:38] sync: first pts audio 0x1 is 0
[18:04:44] reader: done. 1 scr changes
[18:04:46] work: average encoding speed for job is 59.514172 fps
[18:04:46] comb detect: heavy 0 | light 6 | uncombed 487 | total 493
[18:04:46] decomb: deinterlaced 0 | blended 6 | unfiltered 487 | total 493
[18:04:46] vfr: 493 frames output, 0 dropped
[18:04:46] vfr: lost time: 0 (0 frames)
[18:04:46] vfr: gained time: 0 (0 frames) (0 not accounted for)
[18:04:46] aac-decoder done: 963 frames, 0 decoder errors
[18:04:46] h264-decoder done: 493 frames, 0 decoder errors
[18:04:46] sync: got 493 frames, 493 expected
[18:04:46] sync: framerate min 24.000 fps, max 24.000 fps, avg 24.000 fps
[18:04:47] Starting Task: Encoding Pass
[18:04:47] work: skipping crop/scale filter
[18:04:47] job configuration:
[18:04:47]  * source
[18:04:47]    + /home/sudar/Downloads/2711092-hd_1920_1080_24fps.mp4
[18:04:47]    + title 2, chapter(s) 1 to 1
[18:04:47]    + container: mov,mp4,m4a,3gp,3g2,mj2
[18:04:47]    + data rate: 5147 kbps
[18:04:47]  * destination
[18:04:47]    + /mnt/iMac/DaVinci Resolve/IICAQM/2711092-hd_1920_1080_24fps.mkv
[18:04:47]    + container: Matroska (libavformat)
[18:04:47]  * video track
[18:04:47]    + decoder: h264 8-bit (yuv420p)
[18:04:47]      + bitrate 4889 kbps
[18:04:47]    + filters
[18:04:47]      + Comb Detect (mode=3:spatial-metric=2:motion-thresh=3:spatial-thresh=3:filter-mode=2:block-thresh=40:block-width=16:block-height=16)
[18:04:47]      + Decomb (mode=47)
[18:04:47]      + Framerate Shaper (mode=0)
[18:04:47]        + frame rate: same as source (around 24.000 fps)
[18:04:47]      + Pad (color=black:top=0:bottom=0:left=0:right=0)
[18:04:47]    + Output geometry
[18:04:47]      + storage dimensions: 1920 x 1080
[18:04:47]      + pixel aspect ratio: 1 : 1
[18:04:47]      + display dimensions: 1920 x 1080
[18:04:47]    + encoder: VP9 (libvpx)
[18:04:47]      + preset:  medium
[18:04:47]      + profile: auto
[18:04:47]      + level:   auto
[18:04:47]      + quality: 22.00 (CQ)
[18:04:47]      + color profile: 1-1-1
[18:04:47]      + color range: tv
[18:04:47]      + chroma location: left
[18:04:47]  * audio track 1
[18:04:47]    + name: Stereo
[18:04:47]    + decoder: Unknown (AAC LC, 2.0 ch, 253 kbps) (track 1, id 0x1)
[18:04:47]      + bitrate: 253 kbps, samplerate: 48000 Hz
[18:04:47]    + mixdown: Stereo
[18:04:47]    + encoder: AAC (libavcodec)
[18:04:47]      + bitrate: 160 kbps, samplerate: 48000 Hz
[18:04:47] sync: expecting 493 video frames
[18:04:47] encavcodecInit: VP9 encoder
[18:04:47] encavcodec: encoding at CQ 22.00
[18:04:47] encavcodec: encoding with stored aspect 1/1
[18:04:47] sync: first pts video is 0
[18:04:47] sync: Chapter 1 at frame 1 time 0
[18:04:47] sync: first pts audio 0x1 is 0
[18:07:10] reader: done. 1 scr changes
[18:07:53] work: average encoding speed for job is 2.937878 fps
[18:07:53] comb detect: heavy 0 | light 6 | uncombed 487 | total 493
[18:07:53] decomb: deinterlaced 0 | blended 6 | unfiltered 487 | total 493
[18:07:53] vfr: 493 frames output, 0 dropped
[18:07:53] vfr: lost time: 0 (0 frames)
[18:07:53] vfr: gained time: 0 (0 frames) (0 not accounted for)
[18:07:53] aac-decoder done: 963 frames, 0 decoder errors
[18:07:53] h264-decoder done: 493 frames, 0 decoder errors
[18:07:53] sync: got 493 frames, 493 expected
[18:07:53] sync: framerate min 24.000 fps, max 24.000 fps, avg 24.000 fps
[18:07:55] mux: track 0, 493 frames, 92409438 bytes, 35916.22 kbps, fifo 128
[18:07:55] mux: track 1, 964 frames, 5852 bytes, 2.27 kbps, fifo 512
[18:07:55] Finished work at: Fri Oct 17 18:07:55 2025

[18:07:55] libhb: work result = 0
