Handbrake Version: 20250906052339-dddf75f75-makepkg (2025100401)
[20:20:36] gtkgui: Modified Custom Preset: /Custom/CPU (With FIlters)
[20:20:36] Starting work at: Thu Oct 16 20:20:36 2025

[20:20:36] 1 job(s) to process
[20:20:36] json job:
{
    "Audio": {
        "AudioList": [
            {
                "Bitrate": 160,
                "CompressionLevel": -1.0,
                "DRC": 0.0,
                "DitherMethod": "auto",
                "Encoder": "av_aac",
                "Gain": 0.0,
                "Mixdown": "stereo",
                "Name": "Stereo",
                "NormalizeMixLevel": false,
                "PresetEncoder": "av_aac",
                "Quality": -3.0,
                "Samplerate": 0,
                "Track": 0
            }
        ],
        "CopyMask": [
            "copy:aac"
        ],
        "FallbackEncoder": "av_aac"
    },
    "Destination": {
        "AlignAVStart": false,
        "ChapterList": [
            {
                "Duration": {
                    "Hours": 0,
                    "Minutes": 0,
                    "Seconds": 27,
                    "Ticks": 2453699
                },
                "Name": ""
            }
        ],
        "ChapterMarkers": false,
        "File": "/home/sudar/Videos/HandBrake/IdlingCarExhaust.mkv",
        "InlineParameterSets": false,
        "Mux": "mkv",
        "Options": {
            "IpodAtom": false,
            "Optimize": false
        }
    },
    "Filters": {
        "FilterList": [
            {
                "ID": 4,
                "Settings": {
                    "block-height": "16",
                    "block-thresh": "40",
                    "block-width": "16",
                    "filter-mode": "2",
                    "mode": "3",
                    "motion-thresh": "3",
                    "spatial-metric": "2",
                    "spatial-thresh": "3"
                }
            },
            {
                "ID": 6,
                "Settings": {
                    "mode": "15"
                }
            },
            {
                "ID": 11,
                "Settings": {
                    "mode": 0
                }
            },
            {
                "ID": 20,
                "Settings": {
                    "crop-bottom": 0,
                    "crop-left": 0,
                    "crop-right": 0,
                    "crop-top": 0,
                    "height": 1080,
                    "width": 1920
                }
            },
            {
                "ID": 28,
                "Settings": {
                    "bottom": "0",
                    "color": "black",
                    "left": "0",
                    "right": "0",
                    "top": "0"
                }
            }
        ]
    },
    "Metadata": {
        "CreationTime": "2020-12-11T17:54:58.000000Z"
    },
    "PAR": {
        "Den": 1,
        "Num": 1
    },
    "SequenceID": 0,
    "Source": {
        "Angle": 0,
        "HWDecode": 0,
        "KeepDuplicateTitles": false,
        "Path": "/home/sudar/Downloads/6160044-hd_1920_1080_24fps.mp4",
        "Range": {
            "End": 1,
            "Start": 1,
            "Type": "chapter"
        },
        "Title": 1
    },
    "Subtitle": {
        "Search": {
            "Burn": true,
            "Default": false,
            "Enable": false,
            "Forced": false
        },
        "SubtitleList": []
    },
    "Video": {
        "AdapterIndex": -1,
        "AsyncDepth": 0,
        "ChromaLocation": 1,
        "ColorInputFormat": 0,
        "ColorMatrix": 1,
        "ColorOutputFormat": 0,
        "ColorPrimaries": 1,
        "ColorRange": 0,
        "ColorTransfer": 1,
        "Encoder": "svt_av1",
        "HardwareDecode": 0,
        "Level": "auto",
        "MultiPass": true,
        "Options": "",
        "PasshtruHDRDynamicMetadata": 6,
        "Preset": "-1",
        "Profile": "auto",
        "Quality": 1.0,
        "Tune": "vq",
        "Turbo": true
    }
}
[20:20:36] CPU: Intel(R) Xeon(R) W-2135 CPU @ 3.70GHz
[20:20:36]  - logical processor count: 12
[20:20:36] Intel Quick Sync Video support: no
[20:20:36] hb_scan: path=/home/sudar/Downloads/6160044-hd_1920_1080_24fps.mp4, title_index=1
Input #0, mov,mp4,m4a,3gp,3g2,mj2, from '/home/sudar/Downloads/6160044-hd_1920_1080_24fps.mp4':
  Metadata:
    major_brand     : mp42
    minor_version   : 0
    compatible_brands: mp42mp41isomavc1
    creation_time   : 2020-12-11T17:54:58.000000Z
  Duration: 00:00:27.26, start: 0.000000, bitrate: 4417 kb/s
  Stream #0:0[0x1](und): Video: h264 (High) (avc1 / 0x31637661), yuv420p(tv, bt709, progressive), 1920x1080, 4162 kb/s, 24 fps, 24 tbr, 24 tbn (default)
      Metadata:
        creation_time   : 2020-12-11T17:54:58.000000Z
        handler_name    : L-SMASH Video Handler
        vendor_id       : [0][0][0][0]
        encoder         : AVC Coding
  Stream #0:1[0x2](und): Audio: aac (LC) (mp4a / 0x6134706D), 48000 Hz, stereo, fltp, 253 kb/s (default)
      Metadata:
        creation_time   : 2020-12-11T17:54:58.000000Z
        handler_name    : L-SMASH Audio Handler
        vendor_id       : [0][0][0][0]
[20:20:36] scan: decoding previews for title 1
[20:20:36] scan: audio 0x1: aac, rate=48000Hz, bitrate=253375 Unknown (AAC LC, 2.0 ch, 253 kbps)
[20:20:37] scan: 10 previews, 1920x1080, 24.000 fps, autocrop = 0/0/0/0, aspect 16:9, PAR 1:1, color profile: 1-1-1, chroma location: left
[20:20:37] libhb: scan thread found 1 valid title(s)
[20:20:37] Starting Task: Encoding Pass
[20:20:37] work: skipping crop/scale filter
[20:20:37] job configuration:
[20:20:37]  * source
[20:20:37]    + /home/sudar/Downloads/6160044-hd_1920_1080_24fps.mp4
[20:20:37]    + title 1, chapter(s) 1 to 1
[20:20:37]    + container: mov,mp4,m4a,3gp,3g2,mj2
[20:20:37]    + data rate: 4417 kbps
[20:20:37]  * destination
[20:20:37]    + /home/sudar/Videos/HandBrake/IdlingCarExhaust.mkv
[20:20:37]    + container: Matroska (libavformat)
[20:20:37]  * video track
[20:20:37]    + decoder: h264 8-bit (yuv420p)
[20:20:37]      + bitrate 4162 kbps
[20:20:37]    + filters
[20:20:37]      + Comb Detect (mode=3:spatial-metric=2:motion-thresh=3:spatial-thresh=3:filter-mode=2:block-thresh=40:block-width=16:block-height=16)
[20:20:37]      + Decomb (mode=47)
[20:20:37]      + Framerate Shaper (mode=0)
[20:20:37]        + frame rate: same as source (around 24.000 fps)
[20:20:37]      + Pad (color=black:top=0:bottom=0:left=0:right=0)
[20:20:37]    + Output geometry
[20:20:37]      + storage dimensions: 1920 x 1080
[20:20:37]      + pixel aspect ratio: 1 : 1
[20:20:37]      + display dimensions: 1920 x 1080
[20:20:37]    + encoder: AV1 (SVT)
[20:20:37]      + preset:  -1
[20:20:37]      + tune:    vq
[20:20:37]      + profile: auto
[20:20:37]      + level:   auto
[20:20:37]      + quality: 1.00 (RF)
[20:20:37]      + color profile: 1-1-1
[20:20:37]      + color range: tv
[20:20:37]      + chroma location: left
[20:20:37]  * audio track 1
[20:20:37]    + name: Stereo
[20:20:37]    + decoder: Unknown (AAC LC, 2.0 ch, 253 kbps) (track 1, id 0x1)
[20:20:37]      + bitrate: 253 kbps, samplerate: 48000 Hz
[20:20:37]    + mixdown: Stereo
[20:20:37]    + encoder: AAC (libavcodec)
[20:20:37]      + bitrate: 160 kbps, samplerate: 48000 Hz
[20:20:37] sync: expecting 654 video frames
Svt[info]: -------------------------------------------
Svt[info]: SVT [version]:	SVT-AV1 Encoder Lib v3.1.2
Svt[info]: SVT [build]  :	GCC 15.2.1 20250813	 64 bit
Svt[info]: -------------------------------------------
Svt[info]: Level of Parallelism: 5
Svt[info]: Number of PPCS 140
Svt[info]: [asm level on system : up to avx512]
Svt[info]: [asm level selected : up to avx512]
Svt[info]: -------------------------------------------
Svt[info]: SVT [config]: main profile	tier (auto)	level (auto)
Svt[info]: SVT [config]: width / height / fps numerator / fps denominator 		: 1920 / 1080 / 24 / 1
Svt[info]: SVT [config]: bit-depth / color format 					: 8 / YUV420
Svt[info]: SVT [config]: preset / tune / pred struct 					: -1 / VQ / random access
Svt[info]: SVT [config]: gop size / mini-gop size / key-frame type 			: 246 / 32 / key frame
Svt[info]: SVT [config]: BRC mode / rate factor 					: CRF / 1 
Svt[info]: SVT [config]: AQ mode / Variance Boost 					: 2 / 0
Svt[info]: SVT [config]: sharpness / luminance-based QP bias 				: 0 / 0
Svt[info]: -------------------------------------------
[20:20:37] sync: first pts video is 0
[20:20:37] sync: Chapter 1 at frame 1 time 0
[20:20:37] sync: first pts audio 0x1 is 0
[20:31:54] work: average encoding speed for job is 0.372477 fps
[20:31:54] comb detect: heavy 0 | light 0 | uncombed 235 | total 235
[20:31:54] decomb: deinterlaced 0 | blended 0 | unfiltered 226 | total 226
[20:31:54] vfr: 218 frames output, 0 dropped
[20:31:54] vfr: lost time: 0 (0 frames)
[20:31:54] vfr: gained time: 0 (0 frames) (0 not accounted for)
