Handbrake Version: 20250906052339-dddf75f75-makepkg (2025100401)
[17:46:41] gtkgui: Modified Custom Preset: /Custom/CPU (With FIlters) (VP9)
[17:46:41] Starting work at: Fri Oct 17 17:46:41 2025

[17:46:41] 1 job(s) to process
[17:46:41] json job:
{
    "Audio": {
        "AudioList": [],
        "CopyMask": [],
        "FallbackEncoder": 0
    },
    "Destination": {
        "AlignAVStart": false,
        "ChapterList": [
            {
                "Duration": {
                    "Hours": 0,
                    "Minutes": 0,
                    "Seconds": 17,
                    "Ticks": 1544400
                },
                "Name": ""
            }
        ],
        "ChapterMarkers": false,
        "File": "/mnt/iMac/DaVinci Resolve/IICAQM/6591442-hd_2048_1080_25fps.mkv",
        "InlineParameterSets": false,
        "Mux": "mkv",
        "Options": {
            "IpodAtom": false,
            "Optimize": false
        }
    },
    "Filters": {
        "FilterList": [
            {
                "ID": 4,
                "Settings": {
                    "block-height": "16",
                    "block-thresh": "40",
                    "block-width": "16",
                    "filter-mode": "2",
                    "mode": "3",
                    "motion-thresh": "3",
                    "spatial-metric": "2",
                    "spatial-thresh": "3"
                }
            },
            {
                "ID": 6,
                "Settings": {
                    "mode": "15"
                }
            },
            {
                "ID": 11,
                "Settings": {
                    "mode": 0
                }
            },
            {
                "ID": 20,
                "Settings": {
                    "crop-bottom": 0,
                    "crop-left": 0,
                    "crop-right": 0,
                    "crop-top": 0,
                    "height": 1080,
                    "width": 1920
                }
            },
            {
                "ID": 28,
                "Settings": {
                    "bottom": "0",
                    "color": "black",
                    "left": "0",
                    "right": "0",
                    "top": "0"
                }
            }
        ]
    },
    "Metadata": {
        "CreationTime": "2021-01-25T05:55:47.000000Z"
    },
    "PAR": {
        "Den": 1,
        "Num": 1
    },
    "SequenceID": 0,
    "Source": {
        "Angle": 0,
        "HWDecode": 0,
        "KeepDuplicateTitles": false,
        "Path": "/home/sudar/Downloads/6591442-hd_2048_1080_25fps.mp4",
        "Range": {
            "End": 1,
            "Start": 1,
            "Type": "chapter"
        },
        "Title": 1
    },
    "Subtitle": {
        "Search": {
            "Burn": true,
            "Default": false,
            "Enable": false,
            "Forced": false
        },
        "SubtitleList": []
    },
    "Video": {
        "AdapterIndex": -1,
        "AsyncDepth": 0,
        "ChromaLocation": 1,
        "ColorInputFormat": 0,
        "ColorMatrix": 1,
        "ColorOutputFormat": 0,
        "ColorPrimaries": 1,
        "ColorRange": 0,
        "ColorTransfer": 1,
        "Encoder": "VP9",
        "HardwareDecode": 0,
        "Level": "auto",
        "MultiPass": true,
        "Options": "",
        "PasshtruHDRDynamicMetadata": 6,
        "Preset": "medium",
        "Profile": "auto",
        "Quality": 22.0,
        "Tune": "",
        "Turbo": true
    }
}
[17:46:41] CPU: Intel(R) Xeon(R) W-2135 CPU @ 3.70GHz
[17:46:41]  - logical processor count: 12
[17:46:41] Intel Quick Sync Video support: no
[17:46:41] hb_scan: path=/home/sudar/Downloads/6591442-hd_2048_1080_25fps.mp4, title_index=1
Input #0, mov,mp4,m4a,3gp,3g2,mj2, from '/home/sudar/Downloads/6591442-hd_2048_1080_25fps.mp4':
  Metadata:
    major_brand     : mp42
    minor_version   : 0
    compatible_brands: mp42mp41isomavc1
    creation_time   : 2021-01-25T05:55:47.000000Z
  Duration: 00:00:17.16, start: 0.000000, bitrate: 2961 kb/s
  Stream #0:0[0x1](und): Video: h264 (High) (avc1 / 0x31637661), yuv420p(tv, bt709, progressive), 2048x1080, 2958 kb/s, 25 fps, 25 tbr, 25 tbn (default)
      Metadata:
        creation_time   : 2021-01-25T05:55:47.000000Z
        handler_name    : L-SMASH Video Handler
        vendor_id       : [0][0][0][0]
        encoder         : AVC Coding
[17:46:41] scan: decoding previews for title 1
[17:46:41] scan: 10 previews, 2048x1080, 25.000 fps, autocrop = 0/0/0/0, aspect 1.90:1, PAR 1:1, color profile: 1-1-1, chroma location: left
[17:46:41] libhb: scan thread found 1 valid title(s)
[17:46:42] Starting Task: Analysis Pass
[17:46:42] job configuration:
[17:46:42]  * source
[17:46:42]    + /home/sudar/Downloads/6591442-hd_2048_1080_25fps.mp4
[17:46:42]    + title 1, chapter(s) 1 to 1
[17:46:42]    + container: mov,mp4,m4a,3gp,3g2,mj2
[17:46:42]    + data rate: 2961 kbps
[17:46:42]  * destination
[17:46:42]    + /mnt/iMac/DaVinci Resolve/IICAQM/6591442-hd_2048_1080_25fps.mkv
[17:46:42]    + container: Matroska (libavformat)
[17:46:42]  * video track
[17:46:42]    + decoder: h264 8-bit (yuv420p)
[17:46:42]      + bitrate 2958 kbps
[17:46:42]    + filters
[17:46:42]      + Comb Detect (mode=3:spatial-metric=2:motion-thresh=3:spatial-thresh=3:filter-mode=2:block-thresh=40:block-width=16:block-height=16)
[17:46:42]      + Decomb (mode=47)
[17:46:42]      + Framerate Shaper (mode=0)
[17:46:42]        + frame rate: same as source (around 25.000 fps)
[17:46:42]      + Crop and Scale (width=1920:height=1080:crop-top=0:crop-bottom=0:crop-left=0:crop-right=0)
[17:46:42]        + source: 2048 * 1080, crop (0/0/0/0): 2048 * 1080, scale: 1920 * 1080
[17:46:42]      + Pad (color=black:top=0:bottom=0:left=0:right=0)
[17:46:42]    + Output geometry
[17:46:42]      + storage dimensions: 1920 x 1080
[17:46:42]      + pixel aspect ratio: 1 : 1
[17:46:42]      + display dimensions: 1920 x 1080
[17:46:42]    + encoder: VP9 (libvpx)
[17:46:42]      + preset:  medium
[17:46:42]      + profile: auto
[17:46:42]      + level:   auto
[17:46:42]      + quality: 22.00 (CQ)
[17:46:42]      + color profile: 1-1-1
[17:46:42]      + color range: tv
[17:46:42]      + chroma location: left
[17:46:42] sync: expecting 429 video frames
[17:46:42] encavcodecInit: VP9 encoder
[17:46:42] encavcodec: encoding at CQ 22.00
[17:46:42] encavcodec: encoding with stored aspect 1/1
[17:46:42] sync: first pts video is 0
[17:46:42] sync: Chapter 1 at frame 1 time 0
[17:46:47] reader: done. 1 scr changes
[17:46:48] work: average encoding speed for job is 70.411545 fps
[17:46:48] comb detect: heavy 0 | light 0 | uncombed 429 | total 429
[17:46:48] decomb: deinterlaced 0 | blended 0 | unfiltered 429 | total 429
[17:46:48] vfr: 429 frames output, 0 dropped
[17:46:48] vfr: lost time: 0 (0 frames)
[17:46:48] vfr: gained time: 0 (0 frames) (0 not accounted for)
[17:46:48] h264-decoder done: 429 frames, 0 decoder errors
[17:46:48] sync: got 429 frames, 429 expected
[17:46:48] sync: framerate min 25.000 fps, max 25.000 fps, avg 25.000 fps
[17:46:48] Starting Task: Encoding Pass
[17:46:48] job configuration:
[17:46:48]  * source
[17:46:48]    + /home/sudar/Downloads/6591442-hd_2048_1080_25fps.mp4
[17:46:48]    + title 1, chapter(s) 1 to 1
[17:46:48]    + container: mov,mp4,m4a,3gp,3g2,mj2
[17:46:48]    + data rate: 2961 kbps
[17:46:48]  * destination
[17:46:48]    + /mnt/iMac/DaVinci Resolve/IICAQM/6591442-hd_2048_1080_25fps.mkv
[17:46:48]    + container: Matroska (libavformat)
[17:46:48]  * video track
[17:46:48]    + decoder: h264 8-bit (yuv420p)
[17:46:48]      + bitrate 2958 kbps
[17:46:48]    + filters
[17:46:48]      + Comb Detect (mode=3:spatial-metric=2:motion-thresh=3:spatial-thresh=3:filter-mode=2:block-thresh=40:block-width=16:block-height=16)
[17:46:48]      + Decomb (mode=47)
[17:46:48]      + Framerate Shaper (mode=0)
[17:46:48]        + frame rate: same as source (around 25.000 fps)
[17:46:48]      + Crop and Scale (width=1920:height=1080:crop-top=0:crop-bottom=0:crop-left=0:crop-right=0)
[17:46:48]        + source: 2048 * 1080, crop (0/0/0/0): 2048 * 1080, scale: 1920 * 1080
[17:46:48]      + Pad (color=black:top=0:bottom=0:left=0:right=0)
[17:46:48]    + Output geometry
[17:46:48]      + storage dimensions: 1920 x 1080
[17:46:48]      + pixel aspect ratio: 1 : 1
[17:46:48]      + display dimensions: 1920 x 1080
[17:46:48]    + encoder: VP9 (libvpx)
[17:46:48]      + preset:  medium
[17:46:48]      + profile: auto
[17:46:48]      + level:   auto
[17:46:48]      + quality: 22.00 (CQ)
[17:46:48]      + color profile: 1-1-1
[17:46:48]      + color range: tv
[17:46:48]      + chroma location: left
[17:46:48] sync: expecting 429 video frames
[17:46:48] encavcodecInit: VP9 encoder
[17:46:48] encavcodec: encoding at CQ 22.00
[17:46:48] encavcodec: encoding with stored aspect 1/1
[17:46:48] sync: first pts video is 0
[17:46:48] sync: Chapter 1 at frame 1 time 0
[17:46:58] reader: done. 1 scr changes
[17:46:58] work: average encoding speed for job is 15.027601 fps
[17:46:58] comb detect: heavy 0 | light 0 | uncombed 113 | total 113
[17:46:58] decomb: deinterlaced 0 | blended 0 | unfiltered 104 | total 104
[17:46:58] vfr: 96 frames output, 0 dropped
[17:46:58] vfr: lost time: 0 (0 frames)
[17:46:58] vfr: gained time: 0 (0 frames) (0 not accounted for)
[17:46:58] h264-decoder done: 183 frames, 0 decoder errors
[17:46:58] sync: got 163 frames, 429 expected
[17:46:58] sync: framerate min 25.000 fps, max 25.000 fps, avg 25.000 fps
[17:46:58] mux: track 0, 60 frames, 388508 bytes, 1273.80 kbps, fifo 64
[17:46:58] Finished work at: Fri Oct 17 17:46:58 2025

[17:46:58] libhb: work result = 1
