Handbrake Version: 20250906052339-dddf75f75-makepkg (2025100401)

(fr.handbrake.ghb:5): GLib-GIO-CRITICAL **: 15:59:18.249: g_bus_watch_name_on_connection: assertion 'G_IS_DBUS_CONNECTION (connection)' failed

(fr.handbrake.ghb:5): GLib-GIO-CRITICAL **: 15:59:18.249: g_dbus_connection_signal_subscribe: assertion 'G_IS_DBUS_CONNECTION (connection)' failed

(fr.handbrake.ghb:5): GLib-GIO-CRITICAL **: 15:59:18.249: g_dbus_connection_call_internal: assertion 'G_IS_DBUS_CONNECTION (connection)' failed
[15:59:18] gtkgui: Custom Preset: /Custom/CPU (With FIlters) (VP9)
[15:59:18] Starting work at: Fri Oct 17 15:59:18 2025

[15:59:18] 1 job(s) to process
[15:59:18] json job:
{
    "Audio": {
        "AudioList": [],
        "CopyMask": [],
        "FallbackEncoder": 0
    },
    "Destination": {
        "AlignAVStart": false,
        "ChapterList": [
            {
                "Duration": {
                    "Hours": 0,
                    "Minutes": 0,
                    "Seconds": 11,
                    "Ticks": 1072071
                },
                "Name": ""
            }
        ],
        "ChapterMarkers": false,
        "File": "/mnt/iMac/DaVinci Resolve/IICAQM/13149683_1920_1080_30fps.mkv",
        "InlineParameterSets": false,
        "Mux": "mkv",
        "Options": {
            "IpodAtom": false,
            "Optimize": false
        }
    },
    "Filters": {
        "FilterList": [
            {
                "ID": 4,
                "Settings": {
                    "block-height": "16",
                    "block-thresh": "40",
                    "block-width": "16",
                    "filter-mode": "2",
                    "mode": "3",
                    "motion-thresh": "3",
                    "spatial-metric": "2",
                    "spatial-thresh": "3"
                }
            },
            {
                "ID": 6,
                "Settings": {
                    "mode": "15"
                }
            },
            {
                "ID": 11,
                "Settings": {
                    "mode": 0
                }
            },
            {
                "ID": 20,
                "Settings": {
                    "crop-bottom": 0,
                    "crop-left": 0,
                    "crop-right": 0,
                    "crop-top": 0,
                    "height": 1080,
                    "width": 1920
                }
            },
            {
                "ID": 28,
                "Settings": {
                    "bottom": "0",
                    "color": "black",
                    "left": "0",
                    "right": "0",
                    "top": "0"
                }
            }
        ]
    },
    "Metadata": {},
    "PAR": {
        "Den": 1,
        "Num": 1
    },
    "SequenceID": 0,
    "Source": {
        "Angle": 0,
        "HWDecode": 0,
        "KeepDuplicateTitles": false,
        "Path": "/home/sudar/Downloads/13149683_1920_1080_30fps.mp4",
        "Range": {
            "End": 1,
            "Start": 1,
            "Type": "chapter"
        },
        "Title": 3
    },
    "Subtitle": {
        "Search": {
            "Burn": true,
            "Default": false,
            "Enable": false,
            "Forced": false
        },
        "SubtitleList": []
    },
    "Video": {
        "AdapterIndex": -1,
        "AsyncDepth": 0,
        "ChromaLocation": 1,
        "ColorInputFormat": 0,
        "ColorMatrix": 1,
        "ColorOutputFormat": 0,
        "ColorPrimaries": 1,
        "ColorRange": 0,
        "ColorTransfer": 1,
        "Encoder": "VP9",
        "HardwareDecode": 0,
        "Level": "auto",
        "MultiPass": true,
        "Options": "",
        "PasshtruHDRDynamicMetadata": 6,
        "Preset": "medium",
        "Profile": "auto",
        "Quality": 22.0,
        "Tune": "",
        "Turbo": true
    }
}
[15:59:18] CPU: Intel(R) Xeon(R) W-2135 CPU @ 3.70GHz
[15:59:18]  - logical processor count: 12
[15:59:18] Intel Quick Sync Video support: no
[15:59:18] hb_scan: path=/home/sudar/Downloads/13149683_1920_1080_30fps.mp4, title_index=3
Input #0, mov,mp4,m4a,3gp,3g2,mj2, from '/home/sudar/Downloads/13149683_1920_1080_30fps.mp4':
  Metadata:
    major_brand     : iso5
    minor_version   : 512
    compatible_brands: iso5iso6mp41
    encoder         : Lavf60.16.100
  Duration: 00:00:11.91, start: 0.000000, bitrate: 2975 kb/s
  Stream #0:0[0x1](und): Video: h264 (High) (avc1 / 0x31637661), yuv420p(tv, bt709, progressive), 1920x1080 [SAR 1:1 DAR 16:9], 2972 kb/s, 29.97 fps, 29.97 tbr, 30k tbn (default)
      Metadata:
        handler_name    : VideoHandler
        vendor_id       : [0][0][0][0]
        encoder         : Lavc60.31.102 libx264
        timecode        : 01:00:10:03
  Stream #0:1[0x2](eng): Data: none (tmcd / 0x64636D74), 0 kb/s
      Metadata:
        handler_name    : VideoHandler
        timecode        : 01:00:10:03
[15:59:18] scan: decoding previews for title 3
[15:59:18] using container PAR 1:1
[15:59:18] scan: 10 previews, 1920x1080, 29.970 fps, autocrop = 0/0/0/0, aspect 16:9, PAR 1:1, color profile: 1-1-1, chroma location: left
[15:59:18] libhb: scan thread found 1 valid title(s)
[15:59:18] Starting Task: Analysis Pass
[15:59:18] work: skipping crop/scale filter
[15:59:18] job configuration:
[15:59:18]  * source
[15:59:18]    + /home/sudar/Downloads/13149683_1920_1080_30fps.mp4
[15:59:18]    + title 3, chapter(s) 1 to 1
[15:59:18]    + container: mov,mp4,m4a,3gp,3g2,mj2
[15:59:18]    + data rate: 2975 kbps
[15:59:18]  * destination
[15:59:18]    + /mnt/iMac/DaVinci Resolve/IICAQM/13149683_1920_1080_30fps.mkv
[15:59:18]    + container: Matroska (libavformat)
[15:59:18]  * video track
[15:59:18]    + decoder: h264 8-bit (yuv420p)
[15:59:18]      + bitrate 2972 kbps
[15:59:18]    + filters
[15:59:18]      + Comb Detect (mode=3:spatial-metric=2:motion-thresh=3:spatial-thresh=3:filter-mode=2:block-thresh=40:block-width=16:block-height=16)
[15:59:18]      + Decomb (mode=47)
[15:59:18]      + Framerate Shaper (mode=0)
[15:59:18]        + frame rate: same as source (around 29.970 fps)
[15:59:18]      + Pad (color=black:top=0:bottom=0:left=0:right=0)
[15:59:18]    + Output geometry
[15:59:18]      + storage dimensions: 1920 x 1080
[15:59:18]      + pixel aspect ratio: 1 : 1
[15:59:18]      + display dimensions: 1920 x 1080
[15:59:18]    + encoder: VP9 (libvpx)
[15:59:18]      + preset:  medium
[15:59:18]      + profile: auto
[15:59:18]      + level:   auto
[15:59:18]      + quality: 22.00 (CQ)
[15:59:18]      + color profile: 1-1-1
[15:59:18]      + color range: tv
[15:59:18]      + chroma location: left
[15:59:18] sync: expecting 357 video frames
[15:59:18] encavcodecInit: VP9 encoder
[15:59:18] encavcodec: encoding at CQ 22.00
[15:59:18] encavcodec: encoding with stored aspect 1/1
[15:59:18] sync: first pts video is 0
[15:59:18] sync: Chapter 1 at frame 1 time 0
[15:59:21] reader: done. 1 scr changes
[15:59:21] work: average encoding speed for job is 0.000000 fps
[15:59:22] comb detect: heavy 0 | light 0 | uncombed 357 | total 357
[15:59:22] decomb: deinterlaced 0 | blended 0 | unfiltered 357 | total 357
[15:59:22] vfr: 357 frames output, 0 dropped
[15:59:22] vfr: lost time: 0 (0 frames)
[15:59:22] vfr: gained time: 0 (0 frames) (0 not accounted for)
[15:59:22] h264-decoder done: 357 frames, 0 decoder errors
[15:59:22] sync: got 357 frames, 357 expected
[15:59:22] sync: framerate min 29.970 fps, max 29.970 fps, avg 29.970 fps
[15:59:22] Starting Task: Encoding Pass
[15:59:22] work: skipping crop/scale filter
[15:59:22] job configuration:
[15:59:22]  * source
[15:59:22]    + /home/sudar/Downloads/13149683_1920_1080_30fps.mp4
[15:59:22]    + title 3, chapter(s) 1 to 1
[15:59:22]    + container: mov,mp4,m4a,3gp,3g2,mj2
[15:59:22]    + data rate: 2975 kbps
[15:59:22]  * destination
[15:59:22]    + /mnt/iMac/DaVinci Resolve/IICAQM/13149683_1920_1080_30fps.mkv
[15:59:22]    + container: Matroska (libavformat)
[15:59:22]  * video track
[15:59:22]    + decoder: h264 8-bit (yuv420p)
[15:59:22]      + bitrate 2972 kbps
[15:59:22]    + filters
[15:59:22]      + Comb Detect (mode=3:spatial-metric=2:motion-thresh=3:spatial-thresh=3:filter-mode=2:block-thresh=40:block-width=16:block-height=16)
[15:59:22]      + Decomb (mode=47)
[15:59:22]      + Framerate Shaper (mode=0)
[15:59:22]        + frame rate: same as source (around 29.970 fps)
[15:59:22]      + Pad (color=black:top=0:bottom=0:left=0:right=0)
[15:59:22]    + Output geometry
[15:59:22]      + storage dimensions: 1920 x 1080
[15:59:22]      + pixel aspect ratio: 1 : 1
[15:59:22]      + display dimensions: 1920 x 1080
[15:59:22]    + encoder: VP9 (libvpx)
[15:59:22]      + preset:  medium
[15:59:22]      + profile: auto
[15:59:22]      + level:   auto
[15:59:22]      + quality: 22.00 (CQ)
[15:59:22]      + color profile: 1-1-1
[15:59:22]      + color range: tv
[15:59:22]      + chroma location: left
[15:59:22] sync: expecting 357 video frames
[15:59:22] encavcodecInit: VP9 encoder
[15:59:22] encavcodec: encoding at CQ 22.00
[15:59:22] encavcodec: encoding with stored aspect 1/1
[15:59:22] sync: first pts video is 0
[15:59:22] sync: Chapter 1 at frame 1 time 0
[15:59:48] reader: done. 1 scr changes
[16:00:02] work: average encoding speed for job is 10.777867 fps
[16:00:02] comb detect: heavy 0 | light 0 | uncombed 357 | total 357
[16:00:02] decomb: deinterlaced 0 | blended 0 | unfiltered 357 | total 357
[16:00:02] vfr: 357 frames output, 0 dropped
[16:00:02] vfr: lost time: 0 (0 frames)
[16:00:02] vfr: gained time: 0 (0 frames) (0 not accounted for)
[16:00:03] h264-decoder done: 357 frames, 0 decoder errors
[16:00:03] sync: got 357 frames, 357 expected
[16:00:03] sync: framerate min 29.970 fps, max 29.970 fps, avg 29.970 fps
[16:00:03] mux: track 0, 357 frames, 2690550 bytes, 1801.92 kbps, fifo 512
[16:00:03] Finished work at: Fri Oct 17 16:00:03 2025

[16:00:03] libhb: work result = 0
