Handbrake Version: 20250906052339-dddf75f75-makepkg (2025100401)

(fr.handbrake.ghb:5): GLib-GIO-CRITICAL **: 11:44:12.714: g_bus_watch_name_on_connection: assertion 'G_IS_DBUS_CONNECTION (connection)' failed

(fr.handbrake.ghb:5): GLib-GIO-CRITICAL **: 11:44:12.714: g_dbus_connection_signal_subscribe: assertion 'G_IS_DBUS_CONNECTION (connection)' failed

(fr.handbrake.ghb:5): GLib-GIO-CRITICAL **: 11:44:12.714: g_dbus_connection_call_internal: assertion 'G_IS_DBUS_CONNECTION (connection)' failed
[11:44:12] gtkgui: Custom Preset: /Custom/CPU (With FIlters) (VP9)
[11:44:12] Starting work at: Fri Oct 17 11:44:12 2025

[11:44:12] 1 job(s) to process
[11:44:12] json job:
{
    "Audio": {
        "AudioList": [
            {
                "Bitrate": 160,
                "CompressionLevel": -1.0,
                "DRC": 0.0,
                "DitherMethod": "auto",
                "Encoder": "av_aac",
                "Gain": 0.0,
                "Mixdown": "stereo",
                "Name": "Stereo",
                "NormalizeMixLevel": false,
                "PresetEncoder": "av_aac",
                "Quality": -3.0,
                "Samplerate": 0,
                "Track": 0
            }
        ],
        "CopyMask": [
            "copy:aac"
        ],
        "FallbackEncoder": "av_aac"
    },
    "Destination": {
        "AlignAVStart": false,
        "ChapterList": [
            {
                "Duration": {
                    "Hours": 0,
                    "Minutes": 0,
                    "Seconds": 40,
                    "Ticks": 3655649
                },
                "Name": ""
            }
        ],
        "ChapterMarkers": false,
        "File": "/mnt/iMac/DaVinci Resolve/IICAQM/79911-570708342_small.mkv",
        "InlineParameterSets": false,
        "Mux": "mkv",
        "Options": {
            "IpodAtom": false,
            "Optimize": false
        }
    },
    "Filters": {
        "FilterList": [
            {
                "ID": 4,
                "Settings": {
                    "block-height": "16",
                    "block-thresh": "40",
                    "block-width": "16",
                    "filter-mode": "2",
                    "mode": "3",
                    "motion-thresh": "3",
                    "spatial-metric": "2",
                    "spatial-thresh": "3"
                }
            },
            {
                "ID": 6,
                "Settings": {
                    "mode": "15"
                }
            },
            {
                "ID": 11,
                "Settings": {
                    "mode": 0
                }
            },
            {
                "ID": 20,
                "Settings": {
                    "crop-bottom": 0,
                    "crop-left": 0,
                    "crop-right": 0,
                    "crop-top": 0,
                    "height": 1080,
                    "width": 1920
                }
            },
            {
                "ID": 28,
                "Settings": {
                    "bottom": "0",
                    "color": "black",
                    "left": "0",
                    "right": "0",
                    "top": "0"
                }
            }
        ]
    },
    "Metadata": {
        "CreationTime": "2021-07-03T18:32:10.000000Z"
    },
    "PAR": {
        "Den": 1,
        "Num": 1
    },
    "SequenceID": 0,
    "Source": {
        "Angle": 0,
        "HWDecode": 0,
        "KeepDuplicateTitles": false,
        "Path": "/home/sudar/Downloads/79911-570708342_small.mp4",
        "Range": {
            "End": 1,
            "Start": 1,
            "Type": "chapter"
        },
        "Title": 4
    },
    "Subtitle": {
        "Search": {
            "Burn": true,
            "Default": false,
            "Enable": false,
            "Forced": false
        },
        "SubtitleList": []
    },
    "Video": {
        "AdapterIndex": -1,
        "AsyncDepth": 0,
        "ChromaLocation": 1,
        "ColorInputFormat": 0,
        "ColorMatrix": 1,
        "ColorOutputFormat": 0,
        "ColorPrimaries": 1,
        "ColorRange": 0,
        "ColorTransfer": 1,
        "Encoder": "VP9",
        "HardwareDecode": 0,
        "Level": "auto",
        "MultiPass": true,
        "Options": "",
        "PasshtruHDRDynamicMetadata": 6,
        "Preset": "medium",
        "Profile": "auto",
        "Quality": 22.0,
        "Tune": "",
        "Turbo": true
    }
}
[11:44:12] CPU: Intel(R) Xeon(R) W-2135 CPU @ 3.70GHz
[11:44:12]  - logical processor count: 12
[11:44:12] Intel Quick Sync Video support: no
[11:44:12] hb_scan: path=/home/sudar/Downloads/79911-570708342_small.mp4, title_index=4
Input #0, mov,mp4,m4a,3gp,3g2,mj2, from '/home/sudar/Downloads/79911-570708342_small.mp4':
  Metadata:
    major_brand     : mp42
    minor_version   : 0
    compatible_brands: mp42mp41isomavc1
    creation_time   : 2021-07-03T18:32:10.000000Z
  Duration: 00:00:40.62, start: 0.000000, bitrate: 2321 kb/s
  Stream #0:0[0x1](und): Video: h264 (High) (avc1 / 0x31637661), yuv420p(tv, bt709, progressive), 1920x1080, 2064 kb/s, 25 fps, 25 tbr, 25 tbn (default)
      Metadata:
        creation_time   : 2021-07-03T18:32:10.000000Z
        handler_name    : L-SMASH Video Handler
        vendor_id       : [0][0][0][0]
        encoder         : AVC Coding
  Stream #0:1[0x2](und): Audio: aac (LC) (mp4a / 0x6134706D), 48000 Hz, stereo, fltp, 253 kb/s (default)
      Metadata:
        creation_time   : 2021-07-03T18:32:10.000000Z
        handler_name    : L-SMASH Audio Handler
        vendor_id       : [0][0][0][0]
[11:44:12] scan: decoding previews for title 4
[11:44:12] scan: audio 0x1: aac, rate=48000Hz, bitrate=253374 Unknown (AAC LC, 2.0 ch, 253 kbps)
[11:44:13] scan: 10 previews, 1920x1080, 25.000 fps, autocrop = 0/0/0/0, aspect 16:9, PAR 1:1, color profile: 1-1-1, chroma location: left
[11:44:13] libhb: scan thread found 1 valid title(s)
[11:44:13] Starting Task: Analysis Pass
[11:44:13] work: skipping crop/scale filter
[11:44:13] job configuration:
[11:44:13]  * source
[11:44:13]    + /home/sudar/Downloads/79911-570708342_small.mp4
[11:44:13]    + title 4, chapter(s) 1 to 1
[11:44:13]    + container: mov,mp4,m4a,3gp,3g2,mj2
[11:44:13]    + data rate: 2321 kbps
[11:44:13]  * destination
[11:44:13]    + /mnt/iMac/DaVinci Resolve/IICAQM/79911-570708342_small.mkv
[11:44:13]    + container: Matroska (libavformat)
[11:44:13]  * video track
[11:44:13]    + decoder: h264 8-bit (yuv420p)
[11:44:13]      + bitrate 2064 kbps
[11:44:13]    + filters
[11:44:13]      + Comb Detect (mode=3:spatial-metric=2:motion-thresh=3:spatial-thresh=3:filter-mode=2:block-thresh=40:block-width=16:block-height=16)
[11:44:13]      + Decomb (mode=47)
[11:44:13]      + Framerate Shaper (mode=0)
[11:44:13]        + frame rate: same as source (around 25.000 fps)
[11:44:13]      + Pad (color=black:top=0:bottom=0:left=0:right=0)
[11:44:13]    + Output geometry
[11:44:13]      + storage dimensions: 1920 x 1080
[11:44:13]      + pixel aspect ratio: 1 : 1
[11:44:13]      + display dimensions: 1920 x 1080
[11:44:13]    + encoder: VP9 (libvpx)
[11:44:13]      + preset:  medium
[11:44:13]      + profile: auto
[11:44:13]      + level:   auto
[11:44:13]      + quality: 22.00 (CQ)
[11:44:13]      + color profile: 1-1-1
[11:44:13]      + color range: tv
[11:44:13]      + chroma location: left
[11:44:13]  * audio track 1
[11:44:13]    + name: Stereo
[11:44:13]    + decoder: Unknown (AAC LC, 2.0 ch, 253 kbps) (track 1, id 0x1)
[11:44:13]      + bitrate: 253 kbps, samplerate: 48000 Hz
[11:44:13]    + mixdown: Stereo
[11:44:13]    + encoder: AAC (libavcodec)
[11:44:13]      + bitrate: 160 kbps, samplerate: 48000 Hz
[11:44:13] sync: expecting 1015 video frames
[11:44:13] encavcodecInit: VP9 encoder
[11:44:13] encavcodec: encoding at CQ 22.00
[11:44:13] encavcodec: encoding with stored aspect 1/1
[11:44:13] sync: first pts video is 0
[11:44:13] sync: Chapter 1 at frame 1 time 0
[11:44:13] sync: first pts audio 0x1 is 0
[11:44:20] reader: done. 1 scr changes
[11:44:21] work: average encoding speed for job is 129.212723 fps
[11:44:21] comb detect: heavy 0 | light 0 | uncombed 1015 | total 1015
[11:44:21] decomb: deinterlaced 0 | blended 0 | unfiltered 1015 | total 1015
[11:44:21] vfr: 1015 frames output, 0 dropped
[11:44:21] vfr: lost time: 0 (0 frames)
[11:44:21] vfr: gained time: 0 (0 frames) (0 not accounted for)
[11:44:21] aac-decoder done: 1904 frames, 0 decoder errors
[11:44:21] h264-decoder done: 1015 frames, 0 decoder errors
[11:44:21] sync: got 1015 frames, 1015 expected
[11:44:21] sync: framerate min 25.000 fps, max 25.000 fps, avg 25.000 fps
[11:44:21] Starting Task: Encoding Pass
[11:44:21] work: skipping crop/scale filter
[11:44:21] job configuration:
[11:44:21]  * source
[11:44:21]    + /home/sudar/Downloads/79911-570708342_small.mp4
[11:44:21]    + title 4, chapter(s) 1 to 1
[11:44:21]    + container: mov,mp4,m4a,3gp,3g2,mj2
[11:44:21]    + data rate: 2321 kbps
[11:44:21]  * destination
[11:44:21]    + /mnt/iMac/DaVinci Resolve/IICAQM/79911-570708342_small.mkv
[11:44:21]    + container: Matroska (libavformat)
[11:44:21]  * video track
[11:44:21]    + decoder: h264 8-bit (yuv420p)
[11:44:21]      + bitrate 2064 kbps
[11:44:21]    + filters
[11:44:21]      + Comb Detect (mode=3:spatial-metric=2:motion-thresh=3:spatial-thresh=3:filter-mode=2:block-thresh=40:block-width=16:block-height=16)
[11:44:21]      + Decomb (mode=47)
[11:44:21]      + Framerate Shaper (mode=0)
[11:44:21]        + frame rate: same as source (around 25.000 fps)
[11:44:21]      + Pad (color=black:top=0:bottom=0:left=0:right=0)
[11:44:21]    + Output geometry
[11:44:21]      + storage dimensions: 1920 x 1080
[11:44:21]      + pixel aspect ratio: 1 : 1
[11:44:21]      + display dimensions: 1920 x 1080
[11:44:21]    + encoder: VP9 (libvpx)
[11:44:21]      + preset:  medium
[11:44:21]      + profile: auto
[11:44:21]      + level:   auto
[11:44:21]      + quality: 22.00 (CQ)
[11:44:21]      + color profile: 1-1-1
[11:44:21]      + color range: tv
[11:44:21]      + chroma location: left
[11:44:21]  * audio track 1
[11:44:21]    + name: Stereo
[11:44:21]    + decoder: Unknown (AAC LC, 2.0 ch, 253 kbps) (track 1, id 0x1)
[11:44:21]      + bitrate: 253 kbps, samplerate: 48000 Hz
[11:44:21]    + mixdown: Stereo
[11:44:21]    + encoder: AAC (libavcodec)
[11:44:21]      + bitrate: 160 kbps, samplerate: 48000 Hz
[11:44:21] sync: expecting 1015 video frames
[11:44:21] encavcodecInit: VP9 encoder
[11:44:21] encavcodec: encoding at CQ 22.00
[11:44:21] encavcodec: encoding with stored aspect 1/1
[11:44:21] sync: first pts video is 0
[11:44:21] sync: Chapter 1 at frame 1 time 0
[11:44:21] sync: first pts audio 0x1 is 0
[11:45:57] reader: done. 1 scr changes
[11:46:12] work: average encoding speed for job is 9.748966 fps
[11:46:12] comb detect: heavy 0 | light 0 | uncombed 1015 | total 1015
[11:46:12] decomb: deinterlaced 0 | blended 0 | unfiltered 1015 | total 1015
[11:46:12] vfr: 1015 frames output, 0 dropped
[11:46:12] vfr: lost time: 0 (0 frames)
[11:46:12] vfr: gained time: 0 (0 frames) (0 not accounted for)
[11:46:12] aac-decoder done: 1904 frames, 0 decoder errors
[11:46:12] h264-decoder done: 1015 frames, 0 decoder errors
[11:46:12] sync: got 1015 frames, 1015 expected
[11:46:12] sync: framerate min 25.000 fps, max 25.000 fps, avg 25.000 fps
[11:46:14] mux: track 0, 1015 frames, 4470170 bytes, 879.95 kbps, fifo 1024
[11:46:14] mux: track 1, 1905 frames, 11566 bytes, 2.28 kbps, fifo 2048
[11:46:14] Finished work at: Fri Oct 17 11:46:14 2025

[11:46:14] libhb: work result = 0
